pixar001 /gpfs/milgram/data/PartlyCloudy/ /gpfs/milgram/scratch60/turk-browne/aa2842/scratch60/derivatives
/usr/local/miniconda/lib/python3.7/site-packages/bids/layout/validation.py:46: UserWarning: The ability to pass arguments to BIDSLayout that control indexing is likely to be removed in future; possibly as early as PyBIDS 0.14. This includes the `config_filename`, `ignore`, `force_index`, and `index_metadata` arguments. The recommended usage pattern is to initialize a new BIDSLayoutIndexer with these arguments, and pass it to the BIDSLayout via the `indexer` argument.
  warnings.warn("The ability to pass arguments to BIDSLayout that control "
You are using fMRIPrep-20.2.1, and a newer version of fMRIPrep is available: 23.2.2.
Please check out our documentation about how and when to upgrade:
https://fmriprep.readthedocs.io/en/latest/faq.html#upgrading
WARNING: Version 20.2.1 of fMRIPrep (current) has been FLAGGED
(reason: Functional outputs in standard space can be wrong depending on the original data's orientation headers - see https://github.com/nipreps/fmriprep/issues/2307).
That means some severe flaw was found in it and we strongly
discourage its usage.
240516-13:36:06,901 nipype.workflow WARNING:
	 Previous output generated by version 0+unknown found.
240516-13:36:42,858 nipype.workflow IMPORTANT:
	 
    Running fMRIPREP version 20.2.1:
      * BIDS dataset path: /gpfs/milgram/data/PartlyCloudy.
      * Participant list: ['pixar001'].
      * Run identifier: 20240516-133030_4353407a-8ce2-4659-a47d-fbd71e0e6b5a.
      * Output spaces: MNI152Lin:res-native.
      * Pre-run FreeSurfer's SUBJECTS_DIR: /gpfs/milgram/scratch60/turk-browne/aa2842/scratch60/derivatives/freesurfer.
240516-13:36:51,173 nipype.workflow INFO:
	 No single-band-reference found for sub-pixar001_task-pixar_bold.nii.gz.
240516-13:36:54,860 nipype.workflow INFO:
	 fMRIPrep workflow graph with 365 nodes built successfully.
240516-13:37:05,710 nipype.workflow IMPORTANT:
	 fMRIPrep started!
240516-13:37:15,377 nipype.workflow INFO:
	 [Node] Setting-up "fmriprep_wf.single_subject_pixar001_wf.anat_preproc_wf.fs_isrunning" in "/gpfs/milgram/scratch60/turk-browne/aa2842/scratch60/workdir/fmriprep_wf/single_subject_pixar001_wf/anat_preproc_wf/fs_isrunning".
240516-13:37:15,379 nipype.workflow INFO:
	 [Node] Outdated cache found for "fmriprep_wf.single_subject_pixar001_wf.anat_preproc_wf.fs_isrunning".
240516-13:37:15,414 nipype.workflow INFO:
	 [Node] Running "fs_isrunning" ("nipype.interfaces.utility.wrappers.Function")
240516-13:37:15,433 nipype.workflow INFO:
	 [Node] Finished "fmriprep_wf.single_subject_pixar001_wf.anat_preproc_wf.fs_isrunning".
240516-13:37:24,819 nipype.workflow INFO:
	 [Node] Setting-up "fmriprep_wf.single_subject_pixar001_wf.anat_preproc_wf.surface_recon_wf.autorecon1" in "/gpfs/milgram/scratch60/turk-browne/aa2842/scratch60/workdir/fmriprep_wf/single_subject_pixar001_wf/anat_preproc_wf/surface_recon_wf/autorecon1".
240516-13:37:24,838 nipype.interface INFO:
	 recon-all complete : Not running
240516-13:37:24,838 nipype.workflow INFO:
	 [Node] Running "autorecon1" ("smriprep.interfaces.freesurfer.ReconAll"), a CommandLine Interface with command:
echo recon-all: nothing to do
240516-13:37:24,840 nipype.interface INFO:
	 recon-all complete : Not running
240516-13:37:24,929 nipype.workflow INFO:
	 [Node] Finished "fmriprep_wf.single_subject_pixar001_wf.anat_preproc_wf.surface_recon_wf.autorecon1".
240516-13:37:32,642 nipype.workflow INFO:
	 [Node] Setting-up "fmriprep_wf.single_subject_pixar001_wf.anat_preproc_wf.brain_extraction_wf.norm" in "/gpfs/milgram/scratch60/turk-browne/aa2842/scratch60/workdir/fmriprep_wf/single_subject_pixar001_wf/anat_preproc_wf/brain_extraction_wf/norm".
240516-13:37:32,669 nipype.workflow INFO:
	 [Node] Running "norm" ("niworkflows.interfaces.fixes.FixHeaderRegistration"), a CommandLine Interface with command:
antsRegistration --collapse-output-transforms 1 --dimensionality 3 --float 1 --initial-moving-transform [ /gpfs/milgram/scratch60/turk-browne/aa2842/scratch60/workdir/fmriprep_wf/single_subject_pixar001_wf/anat_preproc_wf/brain_extraction_wf/init_aff/initialization.mat, 0 ] --initialize-transforms-per-stage 0 --interpolation LanczosWindowedSinc --output [ anat_to_template, anat_to_template_Warped.nii.gz ] --transform Rigid[ 0.1 ] --metric MI[ /home/aa2842/.cache/templateflow/tpl-OASIS30ANTs/tpl-OASIS30ANTs_res-01_T1w.nii.gz, /gpfs/milgram/scratch60/turk-browne/aa2842/scratch60/workdir/fmriprep_wf/single_subject_pixar001_wf/anat_preproc_wf/brain_extraction_wf/inu_n4/mapflow/_inu_n40/sub-pixar001_T1w_maths_corrected.nii.gz, 1, 32, Regular, 0.25 ] --convergence [ 1000x500x250x100, 1e-08, 10 ] --smoothing-sigmas 4.0x2.0x1.0x0.0vox --shrink-factors 8x4x2x1 --use-histogram-matching 1 --masks [ /home/aa2842/.cache/templateflow/tpl-OASIS30ANTs/tpl-OASIS30ANTs_res-01_desc-BrainCerebellumExtraction_mask.nii.gz, NULL ] --transform Affine[ 0.1 ] --metric MI[ /home/aa2842/.cache/templateflow/tpl-OASIS30ANTs/tpl-OASIS30ANTs_res-01_T1w.nii.gz, /gpfs/milgram/scratch60/turk-browne/aa2842/scratch60/workdir/fmriprep_wf/single_subject_pixar001_wf/anat_preproc_wf/brain_extraction_wf/inu_n4/mapflow/_inu_n40/sub-pixar001_T1w_maths_corrected.nii.gz, 1, 32, Regular, 0.25 ] --convergence [ 1000x500x250x100, 1e-08, 10 ] --smoothing-sigmas 4.0x2.0x1.0x0.0vox --shrink-factors 8x4x2x1 --use-histogram-matching 1 --masks [ /home/aa2842/.cache/templateflow/tpl-OASIS30ANTs/tpl-OASIS30ANTs_res-01_desc-BrainCerebellumExtraction_mask.nii.gz, NULL ] --transform SyN[ 0.1, 3.0, 0.0 ] --metric CC[ /home/aa2842/.cache/templateflow/tpl-OASIS30ANTs/tpl-OASIS30ANTs_res-01_T1w.nii.gz, /gpfs/milgram/scratch60/turk-browne/aa2842/scratch60/workdir/fmriprep_wf/single_subject_pixar001_wf/anat_preproc_wf/brain_extraction_wf/inu_n4/mapflow/_inu_n40/sub-pixar001_T1w_maths_corrected.nii.gz, 0.5, 4, None, 1 ] --metric CC[ /gpfs/milgram/scratch60/turk-browne/aa2842/scratch60/workdir/fmriprep_wf/single_subject_pixar001_wf/anat_preproc_wf/brain_extraction_wf/lap_tmpl/tpl-OASIS30ANTs_res-01_T1w_maths.nii.gz, /gpfs/milgram/scratch60/turk-browne/aa2842/scratch60/workdir/fmriprep_wf/single_subject_pixar001_wf/anat_preproc_wf/brain_extraction_wf/lap_target/sub-pixar001_T1w_maths_corrected_maths.nii.gz, 0.5, 4, None, 1 ] --convergence [ 50x10x0, 1e-09, 15 ] --smoothing-sigmas 2.0x1.0x0.0vox --shrink-factors 4x2x1 --use-histogram-matching 1 --masks [ /home/aa2842/.cache/templateflow/tpl-OASIS30ANTs/tpl-OASIS30ANTs_res-01_desc-BrainCerebellumExtraction_mask.nii.gz, NULL ] -v --winsorize-image-intensities [ 0.025, 0.975 ]  --write-composite-transform 0
240516-13:43:46,753 nipype.workflow INFO:
	 [Node] Finished "fmriprep_wf.single_subject_pixar001_wf.anat_preproc_wf.brain_extraction_wf.norm".
240516-13:43:49,25 nipype.workflow INFO:
	 [Node] Setting-up "fmriprep_wf.single_subject_pixar001_wf.anat_preproc_wf.brain_extraction_wf.map_brainmask" in "/gpfs/milgram/scratch60/turk-browne/aa2842/scratch60/workdir/fmriprep_wf/single_subject_pixar001_wf/anat_preproc_wf/brain_extraction_wf/map_brainmask".
240516-13:43:49,31 nipype.workflow INFO:
	 [Node] Setting-up "fmriprep_wf.single_subject_pixar001_wf.anat_preproc_wf.brain_extraction_wf.map_wmmask" in "/gpfs/milgram/scratch60/turk-browne/aa2842/scratch60/workdir/fmriprep_wf/single_subject_pixar001_wf/anat_preproc_wf/brain_extraction_wf/map_wmmask".
240516-13:43:49,36 nipype.workflow INFO:
	 [Node] Running "map_brainmask" ("niworkflows.interfaces.fixes.FixHeaderApplyTransforms"), a CommandLine Interface with command:
antsApplyTransforms --default-value 0 --float 0 --input /home/aa2842/.cache/templateflow/tpl-OASIS30ANTs/tpl-OASIS30ANTs_res-01_label-brain_probseg.nii.gz --interpolation Gaussian --output tpl-OASIS30ANTs_res-01_label-brain_probseg_trans.nii.gz --reference-image /gpfs/milgram/data/PartlyCloudy/sub-pixar001/anat/sub-pixar001_T1w.nii.gz --transform [ /gpfs/milgram/scratch60/turk-browne/aa2842/scratch60/workdir/fmriprep_wf/single_subject_pixar001_wf/anat_preproc_wf/brain_extraction_wf/norm/anat_to_template0GenericAffine.mat, 1 ] --transform /gpfs/milgram/scratch60/turk-browne/aa2842/scratch60/workdir/fmriprep_wf/single_subject_pixar001_wf/anat_preproc_wf/brain_extraction_wf/norm/anat_to_template1InverseWarp.nii.gz
240516-13:43:49,43 nipype.workflow INFO:
	 [Node] Running "map_wmmask" ("niworkflows.interfaces.fixes.FixHeaderApplyTransforms"), a CommandLine Interface with command:
antsApplyTransforms --default-value 0 --float 0 --input /gpfs/milgram/scratch60/turk-browne/aa2842/scratch60/workdir/fmriprep_wf/single_subject_pixar001_wf/anat_preproc_wf/brain_extraction_wf/full_wm/summap.nii.gz --interpolation Gaussian --output summap_trans.nii.gz --reference-image /gpfs/milgram/data/PartlyCloudy/sub-pixar001/anat/sub-pixar001_T1w.nii.gz --transform [ /gpfs/milgram/scratch60/turk-browne/aa2842/scratch60/workdir/fmriprep_wf/single_subject_pixar001_wf/anat_preproc_wf/brain_extraction_wf/norm/anat_to_template0GenericAffine.mat, 1 ] --transform /gpfs/milgram/scratch60/turk-browne/aa2842/scratch60/workdir/fmriprep_wf/single_subject_pixar001_wf/anat_preproc_wf/brain_extraction_wf/norm/anat_to_template1InverseWarp.nii.gz
240516-13:44:03,916 nipype.workflow INFO:
	 [Node] Finished "fmriprep_wf.single_subject_pixar001_wf.anat_preproc_wf.brain_extraction_wf.map_brainmask".
240516-13:44:04,143 nipype.workflow INFO:
	 [Node] Finished "fmriprep_wf.single_subject_pixar001_wf.anat_preproc_wf.brain_extraction_wf.map_wmmask".
240516-13:44:04,380 nipype.workflow INFO:
	 [Node] Setting-up "fmriprep_wf.single_subject_pixar001_wf.anat_preproc_wf.brain_extraction_wf.thr_brainmask" in "/gpfs/milgram/scratch60/turk-browne/aa2842/scratch60/workdir/fmriprep_wf/single_subject_pixar001_wf/anat_preproc_wf/brain_extraction_wf/thr_brainmask".
240516-13:44:04,381 nipype.workflow INFO:
	 [Node] Setting-up "fmriprep_wf.single_subject_pixar001_wf.anat_preproc_wf.brain_extraction_wf.inu_n4_final" in "/gpfs/milgram/scratch60/turk-browne/aa2842/scratch60/workdir/fmriprep_wf/single_subject_pixar001_wf/anat_preproc_wf/brain_extraction_wf/inu_n4_final".
240516-13:44:04,386 nipype.workflow INFO:
	 [Node] Setting-up "_inu_n4_final0" in "/gpfs/milgram/scratch60/turk-browne/aa2842/scratch60/workdir/fmriprep_wf/single_subject_pixar001_wf/anat_preproc_wf/brain_extraction_wf/inu_n4_final/mapflow/_inu_n4_final0".
240516-13:44:04,389 nipype.workflow INFO:
	 [Node] Running "_inu_n4_final0" ("nipype.interfaces.ants.segmentation.N4BiasFieldCorrection"), a CommandLine Interface with command:
N4BiasFieldCorrection --bspline-fitting [ 200 ] -d 3 --input-image /gpfs/milgram/data/PartlyCloudy/sub-pixar001/anat/sub-pixar001_T1w.nii.gz --convergence [ 50x50x50x50x50, 1e-07 ] --output [ sub-pixar001_T1w_corrected.nii.gz, sub-pixar001_T1w_bias.nii.gz ] -r --shrink-factor 4 --weight-image /gpfs/milgram/scratch60/turk-browne/aa2842/scratch60/workdir/fmriprep_wf/single_subject_pixar001_wf/anat_preproc_wf/brain_extraction_wf/map_wmmask/summap_trans.nii.gz
240516-13:44:05,214 nipype.workflow INFO:
	 [Node] Running "thr_brainmask" ("nipype.interfaces.ants.utils.ThresholdImage"), a CommandLine Interface with command:
ThresholdImage 3 /gpfs/milgram/scratch60/turk-browne/aa2842/scratch60/workdir/fmriprep_wf/single_subject_pixar001_wf/anat_preproc_wf/brain_extraction_wf/map_brainmask/tpl-OASIS30ANTs_res-01_label-brain_probseg_trans.nii.gz tpl-OASIS30ANTs_res-01_label-brain_probseg_trans_resampled.nii.gz 0.500000 1.000000 1.000000 0.000000
240516-13:44:05,935 nipype.workflow INFO:
	 [Node] Finished "fmriprep_wf.single_subject_pixar001_wf.anat_preproc_wf.brain_extraction_wf.thr_brainmask".
240516-13:44:06,375 nipype.workflow INFO:
	 [Node] Setting-up "fmriprep_wf.single_subject_pixar001_wf.anat_preproc_wf.brain_extraction_wf.atropos_wf.dil_brainmask" in "/gpfs/milgram/scratch60/turk-browne/aa2842/scratch60/workdir/fmriprep_wf/single_subject_pixar001_wf/anat_preproc_wf/brain_extraction_wf/atropos_wf/dil_brainmask".
240516-13:44:06,377 nipype.workflow INFO:
	 [Node] Setting-up "fmriprep_wf.single_subject_pixar001_wf.anat_preproc_wf.brain_extraction_wf.atropos_wf.03_pad_mask" in "/gpfs/milgram/scratch60/turk-browne/aa2842/scratch60/workdir/fmriprep_wf/single_subject_pixar001_wf/anat_preproc_wf/brain_extraction_wf/atropos_wf/03_pad_mask".
240516-13:44:06,380 nipype.workflow INFO:
	 [Node] Running "dil_brainmask" ("nipype.interfaces.ants.utils.ImageMath"), a CommandLine Interface with command:
ImageMath 3 tpl-OASIS30ANTs_res-01_label-brain_probseg_trans_resampled_maths.nii.gz MD /gpfs/milgram/scratch60/turk-browne/aa2842/scratch60/workdir/fmriprep_wf/single_subject_pixar001_wf/anat_preproc_wf/brain_extraction_wf/thr_brainmask/tpl-OASIS30ANTs_res-01_label-brain_probseg_trans_resampled.nii.gz 2
240516-13:44:06,382 nipype.workflow INFO:
	 [Node] Running "03_pad_mask" ("nipype.interfaces.ants.utils.ImageMath"), a CommandLine Interface with command:
ImageMath 3 tpl-OASIS30ANTs_res-01_label-brain_probseg_trans_resampled_maths.nii.gz PadImage /gpfs/milgram/scratch60/turk-browne/aa2842/scratch60/workdir/fmriprep_wf/single_subject_pixar001_wf/anat_preproc_wf/brain_extraction_wf/thr_brainmask/tpl-OASIS30ANTs_res-01_label-brain_probseg_trans_resampled.nii.gz 10
240516-13:44:06,955 nipype.workflow INFO:
	 [Node] Finished "fmriprep_wf.single_subject_pixar001_wf.anat_preproc_wf.brain_extraction_wf.atropos_wf.03_pad_mask".
240516-13:44:07,209 nipype.workflow INFO:
	 [Node] Finished "fmriprep_wf.single_subject_pixar001_wf.anat_preproc_wf.brain_extraction_wf.atropos_wf.dil_brainmask".
240516-13:44:08,374 nipype.workflow INFO:
	 [Node] Setting-up "fmriprep_wf.single_subject_pixar001_wf.anat_preproc_wf.brain_extraction_wf.atropos_wf.get_brainmask" in "/gpfs/milgram/scratch60/turk-browne/aa2842/scratch60/workdir/fmriprep_wf/single_subject_pixar001_wf/anat_preproc_wf/brain_extraction_wf/atropos_wf/get_brainmask".
240516-13:44:08,392 nipype.workflow INFO:
	 [Node] Running "get_brainmask" ("nipype.interfaces.ants.utils.ImageMath"), a CommandLine Interface with command:
ImageMath 3 tpl-OASIS30ANTs_res-01_label-brain_probseg_trans_resampled_maths_maths.nii.gz GetLargestComponent /gpfs/milgram/scratch60/turk-browne/aa2842/scratch60/workdir/fmriprep_wf/single_subject_pixar001_wf/anat_preproc_wf/brain_extraction_wf/atropos_wf/dil_brainmask/tpl-OASIS30ANTs_res-01_label-brain_probseg_trans_resampled_maths.nii.gz
240516-13:44:08,999 nipype.workflow INFO:
	 [Node] Finished "fmriprep_wf.single_subject_pixar001_wf.anat_preproc_wf.brain_extraction_wf.atropos_wf.get_brainmask".
240516-13:44:12,172 nipype.workflow INFO:
	 [Node] Finished "_inu_n4_final0".
240516-13:44:12,183 nipype.workflow INFO:
	 [Node] Finished "fmriprep_wf.single_subject_pixar001_wf.anat_preproc_wf.brain_extraction_wf.inu_n4_final".
240516-13:44:12,380 nipype.workflow INFO:
	 [Node] Setting-up "fmriprep_wf.single_subject_pixar001_wf.anat_preproc_wf.brain_extraction_wf.atropos_wf.01_atropos" in "/gpfs/milgram/scratch60/turk-browne/aa2842/scratch60/workdir/fmriprep_wf/single_subject_pixar001_wf/anat_preproc_wf/brain_extraction_wf/atropos_wf/01_atropos".
240516-13:44:12,385 nipype.workflow INFO:
	 [Node] Running "01_atropos" ("nipype.interfaces.ants.segmentation.Atropos"), a CommandLine Interface with command:
Atropos --image-dimensionality 3 --initialization KMeans[3] --intensity-image /gpfs/milgram/scratch60/turk-browne/aa2842/scratch60/workdir/fmriprep_wf/single_subject_pixar001_wf/anat_preproc_wf/brain_extraction_wf/inu_n4_final/mapflow/_inu_n4_final0/sub-pixar001_T1w_corrected.nii.gz --likelihood-model Gaussian --mask-image /gpfs/milgram/scratch60/turk-browne/aa2842/scratch60/workdir/fmriprep_wf/single_subject_pixar001_wf/anat_preproc_wf/brain_extraction_wf/atropos_wf/get_brainmask/tpl-OASIS30ANTs_res-01_label-brain_probseg_trans_resampled_maths_maths.nii.gz --mrf [0.1,1x1x1] --convergence [3,0] --output [sub-pixar001_T1w_corrected_labeled.nii.gz,POSTERIOR_%02d.nii.gz] --use-random-seed 1
240516-13:44:13,185 nipype.workflow INFO:
	 [Node] Setting-up "fmriprep_wf.single_subject_pixar001_wf.anat_preproc_wf.brain_extraction_wf.apply_mask" in "/gpfs/milgram/scratch60/turk-browne/aa2842/scratch60/workdir/fmriprep_wf/single_subject_pixar001_wf/anat_preproc_wf/brain_extraction_wf/apply_mask".
240516-13:44:13,189 nipype.workflow INFO:
	 [Node] Setting-up "_apply_mask0" in "/gpfs/milgram/scratch60/turk-browne/aa2842/scratch60/workdir/fmriprep_wf/single_subject_pixar001_wf/anat_preproc_wf/brain_extraction_wf/apply_mask/mapflow/_apply_mask0".
240516-13:44:13,192 nipype.workflow INFO:
	 [Node] Running "_apply_mask0" ("niworkflows.interfaces.nibabel.ApplyMask")
240516-13:44:13,669 nipype.workflow INFO:
	 [Node] Finished "_apply_mask0".
240516-13:44:13,671 nipype.workflow INFO:
	 [Node] Finished "fmriprep_wf.single_subject_pixar001_wf.anat_preproc_wf.brain_extraction_wf.apply_mask".
240516-13:44:42,630 nipype.workflow INFO:
	 [Node] Finished "fmriprep_wf.single_subject_pixar001_wf.anat_preproc_wf.brain_extraction_wf.atropos_wf.01_atropos".
240516-13:44:44,519 nipype.workflow INFO:
	 [Node] Setting-up "fmriprep_wf.single_subject_pixar001_wf.anat_preproc_wf.brain_extraction_wf.atropos_wf.02_pad_segm" in "/gpfs/milgram/scratch60/turk-browne/aa2842/scratch60/workdir/fmriprep_wf/single_subject_pixar001_wf/anat_preproc_wf/brain_extraction_wf/atropos_wf/02_pad_segm".
240516-13:44:44,523 nipype.workflow INFO:
	 [Node] Running "02_pad_segm" ("nipype.interfaces.ants.utils.ImageMath"), a CommandLine Interface with command:
ImageMath 3 sub-pixar001_T1w_corrected_labeled_maths.nii.gz PadImage /gpfs/milgram/scratch60/turk-browne/aa2842/scratch60/workdir/fmriprep_wf/single_subject_pixar001_wf/anat_preproc_wf/brain_extraction_wf/atropos_wf/01_atropos/sub-pixar001_T1w_corrected_labeled.nii.gz 10
240516-13:44:44,989 nipype.workflow INFO:
	 [Node] Finished "fmriprep_wf.single_subject_pixar001_wf.anat_preproc_wf.brain_extraction_wf.atropos_wf.02_pad_segm".
240516-13:44:47,709 nipype.workflow INFO:
	 [Node] Setting-up "fmriprep_wf.single_subject_pixar001_wf.anat_preproc_wf.brain_extraction_wf.atropos_wf.04_sel_labels" in "/gpfs/milgram/scratch60/turk-browne/aa2842/scratch60/workdir/fmriprep_wf/single_subject_pixar001_wf/anat_preproc_wf/brain_extraction_wf/atropos_wf/04_sel_labels".
240516-13:44:47,778 nipype.workflow INFO:
	 [Node] Running "04_sel_labels" ("nipype.interfaces.utility.wrappers.Function")
240516-13:44:47,973 nipype.workflow INFO:
	 [Node] Finished "fmriprep_wf.single_subject_pixar001_wf.anat_preproc_wf.brain_extraction_wf.atropos_wf.04_sel_labels".
240516-13:44:48,456 nipype.workflow INFO:
	 [Node] Setting-up "fmriprep_wf.single_subject_pixar001_wf.anat_preproc_wf.brain_extraction_wf.atropos_wf.05_get_wm" in "/gpfs/milgram/scratch60/turk-browne/aa2842/scratch60/workdir/fmriprep_wf/single_subject_pixar001_wf/anat_preproc_wf/brain_extraction_wf/atropos_wf/05_get_wm".
240516-13:44:48,460 nipype.workflow INFO:
	 [Node] Running "05_get_wm" ("nipype.interfaces.ants.utils.ImageMath"), a CommandLine Interface with command:
ImageMath 3 sub-pixar001_T1w_corrected_labeled_maths_class-03_maths.nii.gz GetLargestComponent /gpfs/milgram/scratch60/turk-browne/aa2842/scratch60/workdir/fmriprep_wf/single_subject_pixar001_wf/anat_preproc_wf/brain_extraction_wf/atropos_wf/04_sel_labels/sub-pixar001_T1w_corrected_labeled_maths_class-03.nii.gz
240516-13:44:48,523 nipype.workflow INFO:
	 [Node] Setting-up "fmriprep_wf.single_subject_pixar001_wf.anat_preproc_wf.brain_extraction_wf.atropos_wf.10_me_csf" in "/gpfs/milgram/scratch60/turk-browne/aa2842/scratch60/workdir/fmriprep_wf/single_subject_pixar001_wf/anat_preproc_wf/brain_extraction_wf/atropos_wf/10_me_csf".
240516-13:44:48,524 nipype.workflow INFO:
	 [Node] Setting-up "fmriprep_wf.single_subject_pixar001_wf.anat_preproc_wf.brain_extraction_wf.atropos_wf.27_depad_csf" in "/gpfs/milgram/scratch60/turk-browne/aa2842/scratch60/workdir/fmriprep_wf/single_subject_pixar001_wf/anat_preproc_wf/brain_extraction_wf/atropos_wf/27_depad_csf".
240516-13:44:48,524 nipype.workflow INFO:
	 [Node] Setting-up "fmriprep_wf.single_subject_pixar001_wf.anat_preproc_wf.brain_extraction_wf.atropos_wf.06_get_gm" in "/gpfs/milgram/scratch60/turk-browne/aa2842/scratch60/workdir/fmriprep_wf/single_subject_pixar001_wf/anat_preproc_wf/brain_extraction_wf/atropos_wf/06_get_gm".
240516-13:44:48,528 nipype.workflow INFO:
	 [Node] Running "10_me_csf" ("nipype.interfaces.ants.utils.ImageMath"), a CommandLine Interface with command:
ImageMath 3 sub-pixar001_T1w_corrected_labeled_maths_class-01_maths.nii.gz ME /gpfs/milgram/scratch60/turk-browne/aa2842/scratch60/workdir/fmriprep_wf/single_subject_pixar001_wf/anat_preproc_wf/brain_extraction_wf/atropos_wf/04_sel_labels/sub-pixar001_T1w_corrected_labeled_maths_class-01.nii.gz 10
240516-13:44:48,528 nipype.workflow INFO:
	 [Node] Running "27_depad_csf" ("nipype.interfaces.ants.utils.ImageMath"), a CommandLine Interface with command:
ImageMath 3 sub-pixar001_T1w_corrected_labeled_maths_class-01_maths.nii.gz PadImage /gpfs/milgram/scratch60/turk-browne/aa2842/scratch60/workdir/fmriprep_wf/single_subject_pixar001_wf/anat_preproc_wf/brain_extraction_wf/atropos_wf/04_sel_labels/sub-pixar001_T1w_corrected_labeled_maths_class-01.nii.gz -10
240516-13:44:48,529 nipype.workflow INFO:
	 [Node] Running "06_get_gm" ("nipype.interfaces.ants.utils.ImageMath"), a CommandLine Interface with command:
ImageMath 3 sub-pixar001_T1w_corrected_labeled_maths_class-02_maths.nii.gz GetLargestComponent /gpfs/milgram/scratch60/turk-browne/aa2842/scratch60/workdir/fmriprep_wf/single_subject_pixar001_wf/anat_preproc_wf/brain_extraction_wf/atropos_wf/04_sel_labels/sub-pixar001_T1w_corrected_labeled_maths_class-02.nii.gz
240516-13:44:48,858 nipype.workflow INFO:
	 [Node] Finished "fmriprep_wf.single_subject_pixar001_wf.anat_preproc_wf.brain_extraction_wf.atropos_wf.27_depad_csf".
240516-13:44:49,329 nipype.workflow INFO:
	 [Node] Finished "fmriprep_wf.single_subject_pixar001_wf.anat_preproc_wf.brain_extraction_wf.atropos_wf.05_get_wm".
240516-13:44:49,371 nipype.workflow INFO:
	 [Node] Finished "fmriprep_wf.single_subject_pixar001_wf.anat_preproc_wf.brain_extraction_wf.atropos_wf.06_get_gm".
240516-13:44:50,410 nipype.workflow INFO:
	 [Node] Finished "fmriprep_wf.single_subject_pixar001_wf.anat_preproc_wf.brain_extraction_wf.atropos_wf.10_me_csf".
240516-13:44:50,783 nipype.workflow INFO:
	 [Node] Setting-up "fmriprep_wf.single_subject_pixar001_wf.anat_preproc_wf.brain_extraction_wf.atropos_wf.07_fill_gm" in "/gpfs/milgram/scratch60/turk-browne/aa2842/scratch60/workdir/fmriprep_wf/single_subject_pixar001_wf/anat_preproc_wf/brain_extraction_wf/atropos_wf/07_fill_gm".
240516-13:44:50,784 nipype.workflow INFO:
	 [Node] Setting-up "fmriprep_wf.single_subject_pixar001_wf.anat_preproc_wf.brain_extraction_wf.atropos_wf.09_relabel_wm" in "/gpfs/milgram/scratch60/turk-browne/aa2842/scratch60/workdir/fmriprep_wf/single_subject_pixar001_wf/anat_preproc_wf/brain_extraction_wf/atropos_wf/09_relabel_wm".
240516-13:44:50,788 nipype.workflow INFO:
	 [Node] Running "07_fill_gm" ("nipype.interfaces.ants.utils.ImageMath"), a CommandLine Interface with command:
ImageMath 3 sub-pixar001_T1w_corrected_labeled_maths_class-02_maths_maths.nii.gz FillHoles /gpfs/milgram/scratch60/turk-browne/aa2842/scratch60/workdir/fmriprep_wf/single_subject_pixar001_wf/anat_preproc_wf/brain_extraction_wf/atropos_wf/06_get_gm/sub-pixar001_T1w_corrected_labeled_maths_class-02_maths.nii.gz 2
240516-13:44:50,788 nipype.workflow INFO:
	 [Node] Running "09_relabel_wm" ("nipype.interfaces.ants.utils.MultiplyImages"), a CommandLine Interface with command:
MultiplyImages 3 /gpfs/milgram/scratch60/turk-browne/aa2842/scratch60/workdir/fmriprep_wf/single_subject_pixar001_wf/anat_preproc_wf/brain_extraction_wf/atropos_wf/05_get_wm/sub-pixar001_T1w_corrected_labeled_maths_class-03_maths.nii.gz 3.0 09_relabel_wm.nii.gz
240516-13:44:51,290 nipype.workflow INFO:
	 [Node] Finished "fmriprep_wf.single_subject_pixar001_wf.anat_preproc_wf.brain_extraction_wf.atropos_wf.09_relabel_wm".
240516-13:44:52,354 nipype.workflow INFO:
	 [Node] Setting-up "fmriprep_wf.single_subject_pixar001_wf.anat_preproc_wf.brain_extraction_wf.atropos_wf.apply_wm_prior" in "/gpfs/milgram/scratch60/turk-browne/aa2842/scratch60/workdir/fmriprep_wf/single_subject_pixar001_wf/anat_preproc_wf/brain_extraction_wf/atropos_wf/apply_wm_prior".
240516-13:44:52,354 nipype.workflow INFO:
	 [Node] Setting-up "fmriprep_wf.single_subject_pixar001_wf.anat_preproc_wf.brain_extraction_wf.atropos_wf.26_depad_wm" in "/gpfs/milgram/scratch60/turk-browne/aa2842/scratch60/workdir/fmriprep_wf/single_subject_pixar001_wf/anat_preproc_wf/brain_extraction_wf/atropos_wf/26_depad_wm".
240516-13:44:52,358 nipype.workflow INFO:
	 [Node] Running "apply_wm_prior" ("nipype.interfaces.utility.wrappers.Function")
240516-13:44:52,358 nipype.workflow INFO:
	 [Node] Running "26_depad_wm" ("nipype.interfaces.ants.utils.ImageMath"), a CommandLine Interface with command:
ImageMath 3 09_relabel_wm_maths.nii.gz PadImage /gpfs/milgram/scratch60/turk-browne/aa2842/scratch60/workdir/fmriprep_wf/single_subject_pixar001_wf/anat_preproc_wf/brain_extraction_wf/atropos_wf/09_relabel_wm/09_relabel_wm.nii.gz -10
240516-13:44:52,779 nipype.workflow INFO:
	 [Node] Finished "fmriprep_wf.single_subject_pixar001_wf.anat_preproc_wf.brain_extraction_wf.atropos_wf.26_depad_wm".
240516-13:44:52,942 nipype.workflow INFO:
	 [Node] Finished "fmriprep_wf.single_subject_pixar001_wf.anat_preproc_wf.brain_extraction_wf.atropos_wf.apply_wm_prior".
240516-13:44:54,357 nipype.workflow INFO:
	 [Node] Setting-up "fmriprep_wf.single_subject_pixar001_wf.anat_preproc_wf.brain_extraction_wf.atropos_wf.inu_n4_final" in "/gpfs/milgram/scratch60/turk-browne/aa2842/scratch60/workdir/fmriprep_wf/single_subject_pixar001_wf/anat_preproc_wf/brain_extraction_wf/atropos_wf/inu_n4_final".
240516-13:44:54,365 nipype.workflow INFO:
	 [Node] Setting-up "_inu_n4_final0" in "/gpfs/milgram/scratch60/turk-browne/aa2842/scratch60/workdir/fmriprep_wf/single_subject_pixar001_wf/anat_preproc_wf/brain_extraction_wf/atropos_wf/inu_n4_final/mapflow/_inu_n4_final0".
240516-13:44:54,368 nipype.workflow INFO:
	 [Node] Running "_inu_n4_final0" ("nipype.interfaces.ants.segmentation.N4BiasFieldCorrection"), a CommandLine Interface with command:
N4BiasFieldCorrection --bspline-fitting [ 200 ] -d 3 --input-image /gpfs/milgram/data/PartlyCloudy/sub-pixar001/anat/sub-pixar001_T1w.nii.gz --convergence [ 50x50x50x50x50, 1e-07 ] --output [ sub-pixar001_T1w_corrected.nii.gz, sub-pixar001_T1w_bias.nii.gz ] -r --shrink-factor 4 --weight-image /gpfs/milgram/scratch60/turk-browne/aa2842/scratch60/workdir/fmriprep_wf/single_subject_pixar001_wf/anat_preproc_wf/brain_extraction_wf/atropos_wf/apply_wm_prior/prodmap.nii.gz
240516-13:44:56,181 nipype.workflow INFO:
	 [Node] Finished "fmriprep_wf.single_subject_pixar001_wf.anat_preproc_wf.brain_extraction_wf.atropos_wf.07_fill_gm".
240516-13:44:56,358 nipype.workflow INFO:
	 [Node] Setting-up "fmriprep_wf.single_subject_pixar001_wf.anat_preproc_wf.brain_extraction_wf.atropos_wf.08_mult_gm" in "/gpfs/milgram/scratch60/turk-browne/aa2842/scratch60/workdir/fmriprep_wf/single_subject_pixar001_wf/anat_preproc_wf/brain_extraction_wf/atropos_wf/08_mult_gm".
240516-13:44:56,363 nipype.workflow INFO:
	 [Node] Running "08_mult_gm" ("nipype.interfaces.ants.utils.MultiplyImages"), a CommandLine Interface with command:
MultiplyImages 3 /gpfs/milgram/scratch60/turk-browne/aa2842/scratch60/workdir/fmriprep_wf/single_subject_pixar001_wf/anat_preproc_wf/brain_extraction_wf/atropos_wf/06_get_gm/sub-pixar001_T1w_corrected_labeled_maths_class-02_maths.nii.gz /gpfs/milgram/scratch60/turk-browne/aa2842/scratch60/workdir/fmriprep_wf/single_subject_pixar001_wf/anat_preproc_wf/brain_extraction_wf/atropos_wf/07_fill_gm/sub-pixar001_T1w_corrected_labeled_maths_class-02_maths_maths.nii.gz 08_mult_gm.nii.gz
240516-13:44:56,836 nipype.workflow INFO:
	 [Node] Finished "fmriprep_wf.single_subject_pixar001_wf.anat_preproc_wf.brain_extraction_wf.atropos_wf.08_mult_gm".
240516-13:44:58,358 nipype.workflow INFO:
	 [Node] Setting-up "fmriprep_wf.single_subject_pixar001_wf.anat_preproc_wf.brain_extraction_wf.atropos_wf.11_add_gm" in "/gpfs/milgram/scratch60/turk-browne/aa2842/scratch60/workdir/fmriprep_wf/single_subject_pixar001_wf/anat_preproc_wf/brain_extraction_wf/atropos_wf/11_add_gm".
240516-13:44:58,362 nipype.workflow INFO:
	 [Node] Running "11_add_gm" ("nipype.interfaces.ants.utils.ImageMath"), a CommandLine Interface with command:
ImageMath 3 08_mult_gm_maths.nii.gz addtozero /gpfs/milgram/scratch60/turk-browne/aa2842/scratch60/workdir/fmriprep_wf/single_subject_pixar001_wf/anat_preproc_wf/brain_extraction_wf/atropos_wf/08_mult_gm/08_mult_gm.nii.gz /gpfs/milgram/scratch60/turk-browne/aa2842/scratch60/workdir/fmriprep_wf/single_subject_pixar001_wf/anat_preproc_wf/brain_extraction_wf/atropos_wf/10_me_csf/sub-pixar001_T1w_corrected_labeled_maths_class-01_maths.nii.gz
240516-13:45:00,538 nipype.workflow INFO:
	 [Node] Finished "fmriprep_wf.single_subject_pixar001_wf.anat_preproc_wf.brain_extraction_wf.atropos_wf.11_add_gm".
240516-13:45:01,909 nipype.workflow INFO:
	 [Node] Finished "_inu_n4_final0".
240516-13:45:01,920 nipype.workflow INFO:
	 [Node] Finished "fmriprep_wf.single_subject_pixar001_wf.anat_preproc_wf.brain_extraction_wf.atropos_wf.inu_n4_final".
240516-13:45:02,362 nipype.workflow INFO:
	 [Node] Setting-up "fmriprep_wf.single_subject_pixar001_wf.anat_preproc_wf.brain_extraction_wf.atropos_wf.12_relabel_gm" in "/gpfs/milgram/scratch60/turk-browne/aa2842/scratch60/workdir/fmriprep_wf/single_subject_pixar001_wf/anat_preproc_wf/brain_extraction_wf/atropos_wf/12_relabel_gm".
240516-13:45:02,366 nipype.workflow INFO:
	 [Node] Running "12_relabel_gm" ("nipype.interfaces.ants.utils.MultiplyImages"), a CommandLine Interface with command:
MultiplyImages 3 /gpfs/milgram/scratch60/turk-browne/aa2842/scratch60/workdir/fmriprep_wf/single_subject_pixar001_wf/anat_preproc_wf/brain_extraction_wf/atropos_wf/11_add_gm/08_mult_gm_maths.nii.gz 2.0 12_relabel_gm.nii.gz
240516-13:45:02,745 nipype.workflow INFO:
	 [Node] Finished "fmriprep_wf.single_subject_pixar001_wf.anat_preproc_wf.brain_extraction_wf.atropos_wf.12_relabel_gm".
240516-13:45:04,363 nipype.workflow INFO:
	 [Node] Setting-up "fmriprep_wf.single_subject_pixar001_wf.anat_preproc_wf.brain_extraction_wf.atropos_wf.25_depad_gm" in "/gpfs/milgram/scratch60/turk-browne/aa2842/scratch60/workdir/fmriprep_wf/single_subject_pixar001_wf/anat_preproc_wf/brain_extraction_wf/atropos_wf/25_depad_gm".
240516-13:45:04,363 nipype.workflow INFO:
	 [Node] Setting-up "fmriprep_wf.single_subject_pixar001_wf.anat_preproc_wf.brain_extraction_wf.atropos_wf.13_add_gm_wm" in "/gpfs/milgram/scratch60/turk-browne/aa2842/scratch60/workdir/fmriprep_wf/single_subject_pixar001_wf/anat_preproc_wf/brain_extraction_wf/atropos_wf/13_add_gm_wm".
240516-13:45:04,369 nipype.workflow INFO:
	 [Node] Running "25_depad_gm" ("nipype.interfaces.ants.utils.ImageMath"), a CommandLine Interface with command:
ImageMath 3 12_relabel_gm_maths.nii.gz PadImage /gpfs/milgram/scratch60/turk-browne/aa2842/scratch60/workdir/fmriprep_wf/single_subject_pixar001_wf/anat_preproc_wf/brain_extraction_wf/atropos_wf/12_relabel_gm/12_relabel_gm.nii.gz -10
240516-13:45:04,371 nipype.workflow INFO:
	 [Node] Running "13_add_gm_wm" ("nipype.interfaces.ants.utils.ImageMath"), a CommandLine Interface with command:
ImageMath 3 09_relabel_wm_maths.nii.gz addtozero /gpfs/milgram/scratch60/turk-browne/aa2842/scratch60/workdir/fmriprep_wf/single_subject_pixar001_wf/anat_preproc_wf/brain_extraction_wf/atropos_wf/09_relabel_wm/09_relabel_wm.nii.gz /gpfs/milgram/scratch60/turk-browne/aa2842/scratch60/workdir/fmriprep_wf/single_subject_pixar001_wf/anat_preproc_wf/brain_extraction_wf/atropos_wf/12_relabel_gm/12_relabel_gm.nii.gz
240516-13:45:04,902 nipype.workflow INFO:
	 [Node] Finished "fmriprep_wf.single_subject_pixar001_wf.anat_preproc_wf.brain_extraction_wf.atropos_wf.25_depad_gm".
240516-13:45:06,366 nipype.workflow INFO:
	 [Node] Setting-up "fmriprep_wf.single_subject_pixar001_wf.anat_preproc_wf.brain_extraction_wf.atropos_wf.merge_tpms" in "/gpfs/milgram/scratch60/turk-browne/aa2842/scratch60/workdir/fmriprep_wf/single_subject_pixar001_wf/anat_preproc_wf/brain_extraction_wf/atropos_wf/merge_tpms".
240516-13:45:06,371 nipype.workflow INFO:
	 [Node] Running "merge_tpms" ("nipype.interfaces.utility.base.Merge")
240516-13:45:06,374 nipype.workflow INFO:
	 [Node] Finished "fmriprep_wf.single_subject_pixar001_wf.anat_preproc_wf.brain_extraction_wf.atropos_wf.merge_tpms".
240516-13:45:06,600 nipype.workflow INFO:
	 [Node] Finished "fmriprep_wf.single_subject_pixar001_wf.anat_preproc_wf.brain_extraction_wf.atropos_wf.13_add_gm_wm".
240516-13:45:08,368 nipype.workflow INFO:
	 [Node] Setting-up "fmriprep_wf.single_subject_pixar001_wf.anat_preproc_wf.brain_extraction_wf.atropos_wf.24_depad_segm" in "/gpfs/milgram/scratch60/turk-browne/aa2842/scratch60/workdir/fmriprep_wf/single_subject_pixar001_wf/anat_preproc_wf/brain_extraction_wf/atropos_wf/24_depad_segm".
240516-13:45:08,368 nipype.workflow INFO:
	 [Node] Setting-up "fmriprep_wf.single_subject_pixar001_wf.anat_preproc_wf.brain_extraction_wf.atropos_wf.14_sel_labels2" in "/gpfs/milgram/scratch60/turk-browne/aa2842/scratch60/workdir/fmriprep_wf/single_subject_pixar001_wf/anat_preproc_wf/brain_extraction_wf/atropos_wf/14_sel_labels2".
240516-13:45:08,371 nipype.workflow INFO:
	 [Node] Running "14_sel_labels2" ("nipype.interfaces.utility.wrappers.Function")
240516-13:45:08,372 nipype.workflow INFO:
	 [Node] Running "24_depad_segm" ("nipype.interfaces.ants.utils.ImageMath"), a CommandLine Interface with command:
ImageMath 3 09_relabel_wm_maths_maths.nii.gz PadImage /gpfs/milgram/scratch60/turk-browne/aa2842/scratch60/workdir/fmriprep_wf/single_subject_pixar001_wf/anat_preproc_wf/brain_extraction_wf/atropos_wf/13_add_gm_wm/09_relabel_wm_maths.nii.gz -10
240516-13:45:08,497 nipype.workflow INFO:
	 [Node] Finished "fmriprep_wf.single_subject_pixar001_wf.anat_preproc_wf.brain_extraction_wf.atropos_wf.14_sel_labels2".
240516-13:45:08,818 nipype.workflow INFO:
	 [Node] Finished "fmriprep_wf.single_subject_pixar001_wf.anat_preproc_wf.brain_extraction_wf.atropos_wf.24_depad_segm".
240516-13:45:10,370 nipype.workflow INFO:
	 [Node] Setting-up "fmriprep_wf.single_subject_pixar001_wf.anat_preproc_wf.brain_extraction_wf.atropos_wf.15_add_7" in "/gpfs/milgram/scratch60/turk-browne/aa2842/scratch60/workdir/fmriprep_wf/single_subject_pixar001_wf/anat_preproc_wf/brain_extraction_wf/atropos_wf/15_add_7".
240516-13:45:10,374 nipype.workflow INFO:
	 [Node] Running "15_add_7" ("nipype.interfaces.ants.utils.ImageMath"), a CommandLine Interface with command:
ImageMath 3 09_relabel_wm_maths_class-03_maths.nii.gz addtozero /gpfs/milgram/scratch60/turk-browne/aa2842/scratch60/workdir/fmriprep_wf/single_subject_pixar001_wf/anat_preproc_wf/brain_extraction_wf/atropos_wf/14_sel_labels2/09_relabel_wm_maths_class-03.nii.gz /gpfs/milgram/scratch60/turk-browne/aa2842/scratch60/workdir/fmriprep_wf/single_subject_pixar001_wf/anat_preproc_wf/brain_extraction_wf/atropos_wf/14_sel_labels2/09_relabel_wm_maths_class-02.nii.gz
240516-13:45:12,423 nipype.workflow INFO:
	 [Node] Finished "fmriprep_wf.single_subject_pixar001_wf.anat_preproc_wf.brain_extraction_wf.atropos_wf.15_add_7".
240516-13:45:14,373 nipype.workflow INFO:
	 [Node] Setting-up "fmriprep_wf.single_subject_pixar001_wf.anat_preproc_wf.brain_extraction_wf.atropos_wf.16_me_7" in "/gpfs/milgram/scratch60/turk-browne/aa2842/scratch60/workdir/fmriprep_wf/single_subject_pixar001_wf/anat_preproc_wf/brain_extraction_wf/atropos_wf/16_me_7".
240516-13:45:14,378 nipype.workflow INFO:
	 [Node] Running "16_me_7" ("nipype.interfaces.ants.utils.ImageMath"), a CommandLine Interface with command:
ImageMath 3 09_relabel_wm_maths_class-03_maths_maths.nii.gz ME /gpfs/milgram/scratch60/turk-browne/aa2842/scratch60/workdir/fmriprep_wf/single_subject_pixar001_wf/anat_preproc_wf/brain_extraction_wf/atropos_wf/15_add_7/09_relabel_wm_maths_class-03_maths.nii.gz 2
240516-13:45:15,513 nipype.workflow INFO:
	 [Node] Finished "fmriprep_wf.single_subject_pixar001_wf.anat_preproc_wf.brain_extraction_wf.atropos_wf.16_me_7".
240516-13:45:16,375 nipype.workflow INFO:
	 [Node] Setting-up "fmriprep_wf.single_subject_pixar001_wf.anat_preproc_wf.brain_extraction_wf.atropos_wf.17_comp_7" in "/gpfs/milgram/scratch60/turk-browne/aa2842/scratch60/workdir/fmriprep_wf/single_subject_pixar001_wf/anat_preproc_wf/brain_extraction_wf/atropos_wf/17_comp_7".
240516-13:45:16,379 nipype.workflow INFO:
	 [Node] Running "17_comp_7" ("nipype.interfaces.ants.utils.ImageMath"), a CommandLine Interface with command:
ImageMath 3 09_relabel_wm_maths_class-03_maths_maths_maths.nii.gz GetLargestComponent /gpfs/milgram/scratch60/turk-browne/aa2842/scratch60/workdir/fmriprep_wf/single_subject_pixar001_wf/anat_preproc_wf/brain_extraction_wf/atropos_wf/16_me_7/09_relabel_wm_maths_class-03_maths_maths.nii.gz
240516-13:45:17,154 nipype.workflow INFO:
	 [Node] Finished "fmriprep_wf.single_subject_pixar001_wf.anat_preproc_wf.brain_extraction_wf.atropos_wf.17_comp_7".
240516-13:45:18,377 nipype.workflow INFO:
	 [Node] Setting-up "fmriprep_wf.single_subject_pixar001_wf.anat_preproc_wf.brain_extraction_wf.atropos_wf.18_md_7" in "/gpfs/milgram/scratch60/turk-browne/aa2842/scratch60/workdir/fmriprep_wf/single_subject_pixar001_wf/anat_preproc_wf/brain_extraction_wf/atropos_wf/18_md_7".
240516-13:45:18,381 nipype.workflow INFO:
	 [Node] Running "18_md_7" ("nipype.interfaces.ants.utils.ImageMath"), a CommandLine Interface with command:
ImageMath 3 09_relabel_wm_maths_class-03_maths_maths_maths_maths.nii.gz MD /gpfs/milgram/scratch60/turk-browne/aa2842/scratch60/workdir/fmriprep_wf/single_subject_pixar001_wf/anat_preproc_wf/brain_extraction_wf/atropos_wf/17_comp_7/09_relabel_wm_maths_class-03_maths_maths_maths.nii.gz 4
240516-13:45:19,225 nipype.workflow INFO:
	 [Node] Finished "fmriprep_wf.single_subject_pixar001_wf.anat_preproc_wf.brain_extraction_wf.atropos_wf.18_md_7".
240516-13:45:20,379 nipype.workflow INFO:
	 [Node] Setting-up "fmriprep_wf.single_subject_pixar001_wf.anat_preproc_wf.brain_extraction_wf.atropos_wf.19_fill_7" in "/gpfs/milgram/scratch60/turk-browne/aa2842/scratch60/workdir/fmriprep_wf/single_subject_pixar001_wf/anat_preproc_wf/brain_extraction_wf/atropos_wf/19_fill_7".
240516-13:45:20,383 nipype.workflow INFO:
	 [Node] Running "19_fill_7" ("nipype.interfaces.ants.utils.ImageMath"), a CommandLine Interface with command:
ImageMath 3 09_relabel_wm_maths_class-03_maths_maths_maths_maths_maths.nii.gz FillHoles /gpfs/milgram/scratch60/turk-browne/aa2842/scratch60/workdir/fmriprep_wf/single_subject_pixar001_wf/anat_preproc_wf/brain_extraction_wf/atropos_wf/18_md_7/09_relabel_wm_maths_class-03_maths_maths_maths_maths.nii.gz 2
240516-13:45:25,255 nipype.workflow INFO:
	 [Node] Finished "fmriprep_wf.single_subject_pixar001_wf.anat_preproc_wf.brain_extraction_wf.atropos_wf.19_fill_7".
240516-13:45:26,384 nipype.workflow INFO:
	 [Node] Setting-up "fmriprep_wf.single_subject_pixar001_wf.anat_preproc_wf.brain_extraction_wf.atropos_wf.20_add_7_2" in "/gpfs/milgram/scratch60/turk-browne/aa2842/scratch60/workdir/fmriprep_wf/single_subject_pixar001_wf/anat_preproc_wf/brain_extraction_wf/atropos_wf/20_add_7_2".
240516-13:45:26,389 nipype.workflow INFO:
	 [Node] Running "20_add_7_2" ("nipype.interfaces.ants.utils.ImageMath"), a CommandLine Interface with command:
ImageMath 3 09_relabel_wm_maths_class-03_maths_maths_maths_maths_maths_maths.nii.gz addtozero /gpfs/milgram/scratch60/turk-browne/aa2842/scratch60/workdir/fmriprep_wf/single_subject_pixar001_wf/anat_preproc_wf/brain_extraction_wf/atropos_wf/19_fill_7/09_relabel_wm_maths_class-03_maths_maths_maths_maths_maths.nii.gz /gpfs/milgram/scratch60/turk-browne/aa2842/scratch60/workdir/fmriprep_wf/single_subject_pixar001_wf/anat_preproc_wf/brain_extraction_wf/atropos_wf/03_pad_mask/tpl-OASIS30ANTs_res-01_label-brain_probseg_trans_resampled_maths.nii.gz
240516-13:45:28,526 nipype.workflow INFO:
	 [Node] Finished "fmriprep_wf.single_subject_pixar001_wf.anat_preproc_wf.brain_extraction_wf.atropos_wf.20_add_7_2".
240516-13:45:30,388 nipype.workflow INFO:
	 [Node] Setting-up "fmriprep_wf.single_subject_pixar001_wf.anat_preproc_wf.brain_extraction_wf.atropos_wf.21_md_7_2" in "/gpfs/milgram/scratch60/turk-browne/aa2842/scratch60/workdir/fmriprep_wf/single_subject_pixar001_wf/anat_preproc_wf/brain_extraction_wf/atropos_wf/21_md_7_2".
240516-13:45:30,393 nipype.workflow INFO:
	 [Node] Running "21_md_7_2" ("nipype.interfaces.ants.utils.ImageMath"), a CommandLine Interface with command:
ImageMath 3 09_relabel_wm_maths_class-03_maths_maths_maths_maths_maths_maths_maths.nii.gz MD /gpfs/milgram/scratch60/turk-browne/aa2842/scratch60/workdir/fmriprep_wf/single_subject_pixar001_wf/anat_preproc_wf/brain_extraction_wf/atropos_wf/20_add_7_2/09_relabel_wm_maths_class-03_maths_maths_maths_maths_maths_maths.nii.gz 5
240516-13:45:31,187 nipype.workflow INFO:
	 [Node] Finished "fmriprep_wf.single_subject_pixar001_wf.anat_preproc_wf.brain_extraction_wf.atropos_wf.21_md_7_2".
240516-13:45:32,391 nipype.workflow INFO:
	 [Node] Setting-up "fmriprep_wf.single_subject_pixar001_wf.anat_preproc_wf.brain_extraction_wf.atropos_wf.22_me_7_2" in "/gpfs/milgram/scratch60/turk-browne/aa2842/scratch60/workdir/fmriprep_wf/single_subject_pixar001_wf/anat_preproc_wf/brain_extraction_wf/atropos_wf/22_me_7_2".
240516-13:45:32,395 nipype.workflow INFO:
	 [Node] Running "22_me_7_2" ("nipype.interfaces.ants.utils.ImageMath"), a CommandLine Interface with command:
ImageMath 3 09_relabel_wm_maths_class-03_maths_maths_maths_maths_maths_maths_maths_maths.nii.gz ME /gpfs/milgram/scratch60/turk-browne/aa2842/scratch60/workdir/fmriprep_wf/single_subject_pixar001_wf/anat_preproc_wf/brain_extraction_wf/atropos_wf/21_md_7_2/09_relabel_wm_maths_class-03_maths_maths_maths_maths_maths_maths_maths.nii.gz 5
240516-13:45:33,545 nipype.workflow INFO:
	 [Node] Finished "fmriprep_wf.single_subject_pixar001_wf.anat_preproc_wf.brain_extraction_wf.atropos_wf.22_me_7_2".
240516-13:45:34,393 nipype.workflow INFO:
	 [Node] Setting-up "fmriprep_wf.single_subject_pixar001_wf.anat_preproc_wf.brain_extraction_wf.atropos_wf.23_depad_mask" in "/gpfs/milgram/scratch60/turk-browne/aa2842/scratch60/workdir/fmriprep_wf/single_subject_pixar001_wf/anat_preproc_wf/brain_extraction_wf/atropos_wf/23_depad_mask".
240516-13:45:34,397 nipype.workflow INFO:
	 [Node] Running "23_depad_mask" ("nipype.interfaces.ants.utils.ImageMath"), a CommandLine Interface with command:
ImageMath 3 09_relabel_wm_maths_class-03_maths_maths_maths_maths_maths_maths_maths_maths_maths.nii.gz PadImage /gpfs/milgram/scratch60/turk-browne/aa2842/scratch60/workdir/fmriprep_wf/single_subject_pixar001_wf/anat_preproc_wf/brain_extraction_wf/atropos_wf/22_me_7_2/09_relabel_wm_maths_class-03_maths_maths_maths_maths_maths_maths_maths_maths.nii.gz -10
240516-13:45:34,707 nipype.workflow INFO:
	 [Node] Finished "fmriprep_wf.single_subject_pixar001_wf.anat_preproc_wf.brain_extraction_wf.atropos_wf.23_depad_mask".
240516-13:45:36,394 nipype.workflow INFO:
	 [Node] Setting-up "fmriprep_wf.single_subject_pixar001_wf.anat_preproc_wf.brain_extraction_wf.atropos_wf.msk_conform" in "/gpfs/milgram/scratch60/turk-browne/aa2842/scratch60/workdir/fmriprep_wf/single_subject_pixar001_wf/anat_preproc_wf/brain_extraction_wf/atropos_wf/msk_conform".
240516-13:45:37,58 nipype.workflow INFO:
	 [Node] Running "msk_conform" ("nipype.interfaces.utility.wrappers.Function")
240516-13:45:37,193 nipype.workflow INFO:
	 [Node] Finished "fmriprep_wf.single_subject_pixar001_wf.anat_preproc_wf.brain_extraction_wf.atropos_wf.msk_conform".
240516-13:45:41,664 nipype.workflow INFO:
	 [Node] Setting-up "fmriprep_wf.single_subject_pixar001_wf.anat_preproc_wf.anat_norm_wf.trunc_mov" in "/gpfs/milgram/scratch60/turk-browne/aa2842/scratch60/workdir/fmriprep_wf/single_subject_pixar001_wf/anat_preproc_wf/anat_norm_wf/_template_MNI152Lin/trunc_mov".
240516-13:45:41,664 nipype.workflow INFO:
	 [Node] Setting-up "fmriprep_wf.single_subject_pixar001_wf.anat_preproc_wf.anat_norm_wf.trunc_mov" in "/gpfs/milgram/scratch60/turk-browne/aa2842/scratch60/workdir/fmriprep_wf/single_subject_pixar001_wf/anat_preproc_wf/anat_norm_wf/_template_MNI152NLin2009cAsym/trunc_mov".
240516-13:45:41,669 nipype.workflow INFO:
	 [Node] Running "trunc_mov" ("nipype.interfaces.ants.utils.ImageMath"), a CommandLine Interface with command:
ImageMath 3 sub-pixar001_T1w_corrected_xform_maths.nii.gz TruncateImageIntensity /gpfs/milgram/scratch60/turk-browne/aa2842/scratch60/workdir/fmriprep_wf/single_subject_pixar001_wf/anat_preproc_wf/brain_extraction_wf/atropos_wf/copy_xform/sub-pixar001_T1w_corrected_xform.nii.gz 0.01 0.999 256
240516-13:45:42,325 nipype.workflow INFO:
	 [Node] Setting-up "fmriprep_wf.single_subject_pixar001_wf.anat_preproc_wf.anat_derivatives_wf.gen_ref" in "/gpfs/milgram/scratch60/turk-browne/aa2842/scratch60/workdir/fmriprep_wf/single_subject_pixar001_wf/anat_preproc_wf/anat_derivatives_wf/_in_tuple_MNI152Lin.resnative/gen_ref".
240516-13:45:42,329 nipype.workflow INFO:
	 [Node] Running "trunc_mov" ("nipype.interfaces.ants.utils.ImageMath"), a CommandLine Interface with command:
ImageMath 3 sub-pixar001_T1w_corrected_xform_maths.nii.gz TruncateImageIntensity /gpfs/milgram/scratch60/turk-browne/aa2842/scratch60/workdir/fmriprep_wf/single_subject_pixar001_wf/anat_preproc_wf/brain_extraction_wf/atropos_wf/copy_xform/sub-pixar001_T1w_corrected_xform.nii.gz 0.01 0.999 256
240516-13:45:42,500 nipype.workflow INFO:
	 [Node] Running "gen_ref" ("niworkflows.interfaces.utils.GenerateSamplingReference")
240516-13:45:43,385 nipype.workflow INFO:
	 [Node] Finished "fmriprep_wf.single_subject_pixar001_wf.anat_preproc_wf.anat_derivatives_wf.gen_ref".
240516-13:45:44,351 nipype.workflow INFO:
	 [Node] Finished "fmriprep_wf.single_subject_pixar001_wf.anat_preproc_wf.anat_norm_wf.trunc_mov".
240516-13:45:44,826 nipype.workflow INFO:
	 [Node] Setting-up "fmriprep_wf.single_subject_pixar001_wf.anat_preproc_wf.brain_extraction_wf.atropos_wf.apply_mask" in "/gpfs/milgram/scratch60/turk-browne/aa2842/scratch60/workdir/fmriprep_wf/single_subject_pixar001_wf/anat_preproc_wf/brain_extraction_wf/atropos_wf/apply_mask".
240516-13:45:44,831 nipype.workflow INFO:
	 [Node] Setting-up "_apply_mask0" in "/gpfs/milgram/scratch60/turk-browne/aa2842/scratch60/workdir/fmriprep_wf/single_subject_pixar001_wf/anat_preproc_wf/brain_extraction_wf/atropos_wf/apply_mask/mapflow/_apply_mask0".
240516-13:45:44,833 nipype.workflow INFO:
	 [Node] Running "_apply_mask0" ("niworkflows.interfaces.nibabel.ApplyMask")
240516-13:45:45,14 nipype.workflow INFO:
	 [Node] Finished "fmriprep_wf.single_subject_pixar001_wf.anat_preproc_wf.anat_norm_wf.trunc_mov".
240516-13:45:45,328 nipype.workflow INFO:
	 [Node] Finished "_apply_mask0".
240516-13:45:45,329 nipype.workflow INFO:
	 [Node] Finished "fmriprep_wf.single_subject_pixar001_wf.anat_preproc_wf.brain_extraction_wf.atropos_wf.apply_mask".
240516-13:45:46,982 nipype.workflow INFO:
	 [Node] Setting-up "fmriprep_wf.single_subject_pixar001_wf.anat_preproc_wf.surface_recon_wf.skull_strip_extern" in "/gpfs/milgram/scratch60/turk-browne/aa2842/scratch60/workdir/fmriprep_wf/single_subject_pixar001_wf/anat_preproc_wf/surface_recon_wf/skull_strip_extern".
240516-13:45:47,216 nipype.workflow INFO:
	 [Node] Running "skull_strip_extern" ("niworkflows.interfaces.freesurfer.FSInjectBrainExtracted")
240516-13:45:48,201 nipype.workflow INFO:
	 [Node] Finished "fmriprep_wf.single_subject_pixar001_wf.anat_preproc_wf.surface_recon_wf.skull_strip_extern".
240516-13:45:51,77 nipype.workflow INFO:
	 [Node] Setting-up "fmriprep_wf.single_subject_pixar001_wf.anat_preproc_wf.surface_recon_wf.autorecon_resume_wf.autorecon2_vol" in "/gpfs/milgram/scratch60/turk-browne/aa2842/scratch60/workdir/fmriprep_wf/single_subject_pixar001_wf/anat_preproc_wf/surface_recon_wf/autorecon_resume_wf/autorecon2_vol".
240516-13:45:51,223 nipype.interface INFO:
	 resume recon-all : recon-all -autorecon2-volonly -openmp 8 -subjid sub-pixar001 -sd /gpfs/milgram/scratch60/turk-browne/aa2842/scratch60/derivatives/freesurfer 
240516-13:45:51,224 nipype.workflow INFO:
	 [Node] Running "autorecon2_vol" ("smriprep.interfaces.freesurfer.ReconAll"), a CommandLine Interface with command:
recon-all -autorecon2-volonly -openmp 8 -subjid sub-pixar001 -sd /gpfs/milgram/scratch60/turk-browne/aa2842/scratch60/derivatives/freesurfer 
240516-13:45:51,225 nipype.interface INFO:
	 resume recon-all : recon-all -autorecon2-volonly -openmp 8 -subjid sub-pixar001 -sd /gpfs/milgram/scratch60/turk-browne/aa2842/scratch60/derivatives/freesurfer 
240516-15:37:42,580 nipype.workflow INFO:
	 [Node] Finished "fmriprep_wf.single_subject_pixar001_wf.anat_preproc_wf.surface_recon_wf.autorecon_resume_wf.autorecon2_vol".
240516-15:37:44,810 nipype.workflow INFO:
	 [Node] Setting-up "_autorecon_surfs0" in "/gpfs/milgram/scratch60/turk-browne/aa2842/scratch60/workdir/fmriprep_wf/single_subject_pixar001_wf/anat_preproc_wf/surface_recon_wf/autorecon_resume_wf/autorecon_surfs/mapflow/_autorecon_surfs0".
240516-15:37:44,815 nipype.interface INFO:
	 resume recon-all : recon-all -autorecon-hemi lh -noparcstats -noparcstats2 -noparcstats3 -nohyporelabel -nobalabels -openmp 8 -subjid sub-pixar001 -sd /gpfs/milgram/scratch60/turk-browne/aa2842/scratch60/derivatives/freesurfer 
240516-15:37:44,815 nipype.workflow INFO:
	 [Node] Running "_autorecon_surfs0" ("smriprep.interfaces.freesurfer.ReconAll"), a CommandLine Interface with command:
recon-all -autorecon-hemi lh -noparcstats -noparcstats2 -noparcstats3 -nohyporelabel -nobalabels -openmp 8 -subjid sub-pixar001 -sd /gpfs/milgram/scratch60/turk-browne/aa2842/scratch60/derivatives/freesurfer 
240516-15:37:44,816 nipype.interface INFO:
	 resume recon-all : recon-all -autorecon-hemi lh -noparcstats -noparcstats2 -noparcstats3 -nohyporelabel -nobalabels -openmp 8 -subjid sub-pixar001 -sd /gpfs/milgram/scratch60/turk-browne/aa2842/scratch60/derivatives/freesurfer 
240516-15:37:45,590 nipype.workflow INFO:
	 [Node] Setting-up "_autorecon_surfs1" in "/gpfs/milgram/scratch60/turk-browne/aa2842/scratch60/workdir/fmriprep_wf/single_subject_pixar001_wf/anat_preproc_wf/surface_recon_wf/autorecon_resume_wf/autorecon_surfs/mapflow/_autorecon_surfs1".
240516-15:37:45,594 nipype.interface INFO:
	 resume recon-all : recon-all -autorecon-hemi rh -noparcstats -noparcstats2 -noparcstats3 -nohyporelabel -nobalabels -openmp 8 -subjid sub-pixar001 -sd /gpfs/milgram/scratch60/turk-browne/aa2842/scratch60/derivatives/freesurfer 
240516-15:37:45,595 nipype.workflow INFO:
	 [Node] Running "_autorecon_surfs1" ("smriprep.interfaces.freesurfer.ReconAll"), a CommandLine Interface with command:
recon-all -autorecon-hemi rh -noparcstats -noparcstats2 -noparcstats3 -nohyporelabel -nobalabels -openmp 8 -subjid sub-pixar001 -sd /gpfs/milgram/scratch60/turk-browne/aa2842/scratch60/derivatives/freesurfer 
240516-15:37:45,596 nipype.interface INFO:
	 resume recon-all : recon-all -autorecon-hemi rh -noparcstats -noparcstats2 -noparcstats3 -nohyporelabel -nobalabels -openmp 8 -subjid sub-pixar001 -sd /gpfs/milgram/scratch60/turk-browne/aa2842/scratch60/derivatives/freesurfer 
240516-16:47:23,62 nipype.workflow INFO:
	 [Node] Finished "_autorecon_surfs1".
240516-16:54:16,892 nipype.workflow INFO:
	 [Node] Finished "_autorecon_surfs0".
240516-16:54:18,233 nipype.workflow INFO:
	 [Node] Setting-up "fmriprep_wf.single_subject_pixar001_wf.anat_preproc_wf.surface_recon_wf.autorecon_resume_wf.autorecon_surfs" in "/gpfs/milgram/scratch60/turk-browne/aa2842/scratch60/workdir/fmriprep_wf/single_subject_pixar001_wf/anat_preproc_wf/surface_recon_wf/autorecon_resume_wf/autorecon_surfs".
240516-16:54:18,238 nipype.workflow INFO:
	 [Node] Setting-up "_autorecon_surfs0" in "/gpfs/milgram/scratch60/turk-browne/aa2842/scratch60/workdir/fmriprep_wf/single_subject_pixar001_wf/anat_preproc_wf/surface_recon_wf/autorecon_resume_wf/autorecon_surfs/mapflow/_autorecon_surfs0".
240516-16:54:18,242 nipype.interface INFO:
	 recon-all complete : Not running
240516-16:54:18,242 nipype.workflow INFO:
	 [Node] Running "_autorecon_surfs0" ("smriprep.interfaces.freesurfer.ReconAll"), a CommandLine Interface with command:
echo recon-all: nothing to do
240516-16:54:18,244 nipype.interface INFO:
	 recon-all complete : Not running
240516-16:54:18,316 nipype.workflow INFO:
	 [Node] Finished "_autorecon_surfs0".
240516-16:54:18,319 nipype.workflow INFO:
	 [Node] Setting-up "_autorecon_surfs1" in "/gpfs/milgram/scratch60/turk-browne/aa2842/scratch60/workdir/fmriprep_wf/single_subject_pixar001_wf/anat_preproc_wf/surface_recon_wf/autorecon_resume_wf/autorecon_surfs/mapflow/_autorecon_surfs1".
240516-16:54:18,323 nipype.interface INFO:
	 recon-all complete : Not running
240516-16:54:18,323 nipype.workflow INFO:
	 [Node] Running "_autorecon_surfs1" ("smriprep.interfaces.freesurfer.ReconAll"), a CommandLine Interface with command:
echo recon-all: nothing to do
240516-16:54:18,325 nipype.interface INFO:
	 recon-all complete : Not running
240516-16:54:18,383 nipype.workflow INFO:
	 [Node] Finished "_autorecon_surfs1".
240516-16:54:18,386 nipype.workflow INFO:
	 [Node] Finished "fmriprep_wf.single_subject_pixar001_wf.anat_preproc_wf.surface_recon_wf.autorecon_resume_wf.autorecon_surfs".
240516-16:54:19,590 nipype.workflow INFO:
	 [Node] Setting-up "fmriprep_wf.single_subject_pixar001_wf.anat_preproc_wf.surface_recon_wf.autorecon_resume_wf.cortribbon" in "/gpfs/milgram/scratch60/turk-browne/aa2842/scratch60/workdir/fmriprep_wf/single_subject_pixar001_wf/anat_preproc_wf/surface_recon_wf/autorecon_resume_wf/cortribbon".
240516-16:54:19,641 nipype.interface INFO:
	 resume recon-all : recon-all -parallel -subjid sub-pixar001 -sd /gpfs/milgram/scratch60/turk-browne/aa2842/scratch60/derivatives/freesurfer -cortribbon
240516-16:54:19,642 nipype.workflow INFO:
	 [Node] Running "cortribbon" ("smriprep.interfaces.freesurfer.ReconAll"), a CommandLine Interface with command:
recon-all -parallel -subjid sub-pixar001 -sd /gpfs/milgram/scratch60/turk-browne/aa2842/scratch60/derivatives/freesurfer -cortribbon
240516-16:54:19,642 nipype.interface INFO:
	 resume recon-all : recon-all -parallel -subjid sub-pixar001 -sd /gpfs/milgram/scratch60/turk-browne/aa2842/scratch60/derivatives/freesurfer -cortribbon
240516-17:01:02,656 nipype.workflow INFO:
	 [Node] Finished "fmriprep_wf.single_subject_pixar001_wf.anat_preproc_wf.surface_recon_wf.autorecon_resume_wf.cortribbon".
240516-17:01:05,984 nipype.workflow INFO:
	 [Node] Setting-up "_parcstats0" in "/gpfs/milgram/scratch60/turk-browne/aa2842/scratch60/workdir/fmriprep_wf/single_subject_pixar001_wf/anat_preproc_wf/surface_recon_wf/autorecon_resume_wf/parcstats/mapflow/_parcstats0".
240516-17:01:05,985 nipype.workflow INFO:
	 [Node] Setting-up "_parcstats1" in "/gpfs/milgram/scratch60/turk-browne/aa2842/scratch60/workdir/fmriprep_wf/single_subject_pixar001_wf/anat_preproc_wf/surface_recon_wf/autorecon_resume_wf/parcstats/mapflow/_parcstats1".
240516-17:01:05,989 nipype.interface INFO:
	 resume recon-all : recon-all -autorecon-hemi lh -nohyporelabel -openmp 8 -subjid sub-pixar001 -sd /gpfs/milgram/scratch60/turk-browne/aa2842/scratch60/derivatives/freesurfer -notessellate -nosmooth1 -noinflate1 -noqsphere -nofix -nowhite -nosmooth2 -noinflate2 -nocurvHK -nocurvstats -nosphere -nosurfreg -nojacobian_white -noavgcurv -nocortparc -nopial -nocortparc2 -nocortparc3 -nopctsurfcon
240516-17:01:05,989 nipype.workflow INFO:
	 [Node] Running "_parcstats0" ("smriprep.interfaces.freesurfer.ReconAll"), a CommandLine Interface with command:
recon-all -autorecon-hemi lh -nohyporelabel -openmp 8 -subjid sub-pixar001 -sd /gpfs/milgram/scratch60/turk-browne/aa2842/scratch60/derivatives/freesurfer -notessellate -nosmooth1 -noinflate1 -noqsphere -nofix -nowhite -nosmooth2 -noinflate2 -nocurvHK -nocurvstats -nosphere -nosurfreg -nojacobian_white -noavgcurv -nocortparc -nopial -nocortparc2 -nocortparc3 -nopctsurfcon
240516-17:01:05,989 nipype.interface INFO:
	 resume recon-all : recon-all -autorecon-hemi rh -nohyporelabel -openmp 8 -subjid sub-pixar001 -sd /gpfs/milgram/scratch60/turk-browne/aa2842/scratch60/derivatives/freesurfer -notessellate -nosmooth1 -noinflate1 -noqsphere -nofix -nowhite -nosmooth2 -noinflate2 -nocurvHK -nocurvstats -nosphere -nosurfreg -nojacobian_white -noavgcurv -nocortparc -nopial -nocortparc2 -nocortparc3 -nopctsurfcon
240516-17:01:05,989 nipype.workflow INFO:
	 [Node] Running "_parcstats1" ("smriprep.interfaces.freesurfer.ReconAll"), a CommandLine Interface with command:
recon-all -autorecon-hemi rh -nohyporelabel -openmp 8 -subjid sub-pixar001 -sd /gpfs/milgram/scratch60/turk-browne/aa2842/scratch60/derivatives/freesurfer -notessellate -nosmooth1 -noinflate1 -noqsphere -nofix -nowhite -nosmooth2 -noinflate2 -nocurvHK -nocurvstats -nosphere -nosurfreg -nojacobian_white -noavgcurv -nocortparc -nopial -nocortparc2 -nocortparc3 -nopctsurfcon
240516-17:01:05,990 nipype.interface INFO:
	 resume recon-all : recon-all -autorecon-hemi lh -nohyporelabel -openmp 8 -subjid sub-pixar001 -sd /gpfs/milgram/scratch60/turk-browne/aa2842/scratch60/derivatives/freesurfer -notessellate -nosmooth1 -noinflate1 -noqsphere -nofix -nowhite -nosmooth2 -noinflate2 -nocurvHK -nocurvstats -nosphere -nosurfreg -nojacobian_white -noavgcurv -nocortparc -nopial -nocortparc2 -nocortparc3 -nopctsurfcon
240516-17:01:05,991 nipype.interface INFO:
	 resume recon-all : recon-all -autorecon-hemi rh -nohyporelabel -openmp 8 -subjid sub-pixar001 -sd /gpfs/milgram/scratch60/turk-browne/aa2842/scratch60/derivatives/freesurfer -notessellate -nosmooth1 -noinflate1 -noqsphere -nofix -nowhite -nosmooth2 -noinflate2 -nocurvHK -nocurvstats -nosphere -nosurfreg -nojacobian_white -noavgcurv -nocortparc -nopial -nocortparc2 -nocortparc3 -nopctsurfcon
240516-17:05:35,337 nipype.workflow INFO:
	 [Node] Finished "_parcstats0".
240516-17:05:47,423 nipype.workflow INFO:
	 [Node] Finished "_parcstats1".
240516-17:05:48,272 nipype.workflow INFO:
	 [Node] Setting-up "fmriprep_wf.single_subject_pixar001_wf.anat_preproc_wf.surface_recon_wf.autorecon_resume_wf.parcstats" in "/gpfs/milgram/scratch60/turk-browne/aa2842/scratch60/workdir/fmriprep_wf/single_subject_pixar001_wf/anat_preproc_wf/surface_recon_wf/autorecon_resume_wf/parcstats".
240516-17:05:48,278 nipype.workflow INFO:
	 [Node] Setting-up "_parcstats0" in "/gpfs/milgram/scratch60/turk-browne/aa2842/scratch60/workdir/fmriprep_wf/single_subject_pixar001_wf/anat_preproc_wf/surface_recon_wf/autorecon_resume_wf/parcstats/mapflow/_parcstats0".
240516-17:05:48,282 nipype.interface INFO:
	 recon-all complete : Not running
240516-17:05:48,282 nipype.workflow INFO:
	 [Node] Running "_parcstats0" ("smriprep.interfaces.freesurfer.ReconAll"), a CommandLine Interface with command:
echo recon-all: nothing to do
240516-17:05:48,284 nipype.interface INFO:
	 recon-all complete : Not running
240516-17:05:48,353 nipype.workflow INFO:
	 [Node] Finished "_parcstats0".
240516-17:05:48,355 nipype.workflow INFO:
	 [Node] Setting-up "_parcstats1" in "/gpfs/milgram/scratch60/turk-browne/aa2842/scratch60/workdir/fmriprep_wf/single_subject_pixar001_wf/anat_preproc_wf/surface_recon_wf/autorecon_resume_wf/parcstats/mapflow/_parcstats1".
240516-17:05:48,359 nipype.interface INFO:
	 recon-all complete : Not running
240516-17:05:48,360 nipype.workflow INFO:
	 [Node] Running "_parcstats1" ("smriprep.interfaces.freesurfer.ReconAll"), a CommandLine Interface with command:
echo recon-all: nothing to do
240516-17:05:48,361 nipype.interface INFO:
	 recon-all complete : Not running
240516-17:05:48,415 nipype.workflow INFO:
	 [Node] Finished "_parcstats1".
240516-17:05:48,418 nipype.workflow INFO:
	 [Node] Finished "fmriprep_wf.single_subject_pixar001_wf.anat_preproc_wf.surface_recon_wf.autorecon_resume_wf.parcstats".
240516-17:05:50,906 nipype.workflow INFO:
	 [Node] Setting-up "fmriprep_wf.single_subject_pixar001_wf.anat_preproc_wf.surface_recon_wf.autorecon_resume_wf.autorecon3" in "/gpfs/milgram/scratch60/turk-browne/aa2842/scratch60/workdir/fmriprep_wf/single_subject_pixar001_wf/anat_preproc_wf/surface_recon_wf/autorecon_resume_wf/autorecon3".
240516-17:05:50,911 nipype.interface INFO:
	 resume recon-all : recon-all -autorecon3 -openmp 8 -subjid sub-pixar001 -sd /gpfs/milgram/scratch60/turk-browne/aa2842/scratch60/derivatives/freesurfer -nosphere -nosurfreg -nojacobian_white -noavgcurv -nocortparc -nopial -noparcstats -nocortparc2 -noparcstats2 -nocortparc3 -noparcstats3 -nopctsurfcon -nocortribbon -nobalabels
240516-17:05:50,912 nipype.workflow INFO:
	 [Node] Running "autorecon3" ("smriprep.interfaces.freesurfer.ReconAll"), a CommandLine Interface with command:
recon-all -autorecon3 -openmp 8 -subjid sub-pixar001 -sd /gpfs/milgram/scratch60/turk-browne/aa2842/scratch60/derivatives/freesurfer -nosphere -nosurfreg -nojacobian_white -noavgcurv -nocortparc -nopial -noparcstats -nocortparc2 -noparcstats2 -nocortparc3 -noparcstats3 -nopctsurfcon -nocortribbon -nobalabels
240516-17:05:50,913 nipype.interface INFO:
	 resume recon-all : recon-all -autorecon3 -openmp 8 -subjid sub-pixar001 -sd /gpfs/milgram/scratch60/turk-browne/aa2842/scratch60/derivatives/freesurfer -nosphere -nosurfreg -nojacobian_white -noavgcurv -nocortparc -nopial -noparcstats -nocortparc2 -noparcstats2 -nocortparc3 -noparcstats3 -nopctsurfcon -nocortribbon -nobalabels
240516-17:18:32,346 nipype.workflow INFO:
	 [Node] Finished "fmriprep_wf.single_subject_pixar001_wf.anat_preproc_wf.surface_recon_wf.autorecon_resume_wf.autorecon3".
240516-17:18:32,875 nipype.workflow INFO:
	 [Node] Setting-up "fmriprep_wf.single_subject_pixar001_wf.anat_preproc_wf.surface_recon_wf.segs_to_native_aparc_aseg.fs_datasource" in "/gpfs/milgram/scratch60/turk-browne/aa2842/scratch60/workdir/fmriprep_wf/single_subject_pixar001_wf/anat_preproc_wf/surface_recon_wf/segs_to_native_aparc_aseg/fs_datasource".
240516-17:18:32,875 nipype.workflow INFO:
	 [Node] Setting-up "fmriprep_wf.single_subject_pixar001_wf.anat_preproc_wf.surface_recon_wf.segs_to_native_aseg.fs_datasource" in "/gpfs/milgram/scratch60/turk-browne/aa2842/scratch60/workdir/fmriprep_wf/single_subject_pixar001_wf/anat_preproc_wf/surface_recon_wf/segs_to_native_aseg/fs_datasource".
240516-17:18:32,875 nipype.workflow INFO:
	 [Node] Setting-up "fmriprep_wf.single_subject_pixar001_wf.anat_preproc_wf.surface_recon_wf.gifti_surface_wf.get_surfaces" in "/gpfs/milgram/scratch60/turk-browne/aa2842/scratch60/workdir/fmriprep_wf/single_subject_pixar001_wf/anat_preproc_wf/surface_recon_wf/gifti_surface_wf/get_surfaces".
240516-17:18:32,880 nipype.workflow INFO:
	 [Node] Running "fs_datasource" ("nipype.interfaces.io.FreeSurferSource")
240516-17:18:32,893 nipype.workflow INFO:
	 [Node] Finished "fmriprep_wf.single_subject_pixar001_wf.anat_preproc_wf.surface_recon_wf.segs_to_native_aparc_aseg.fs_datasource".
240516-17:18:32,921 nipype.workflow INFO:
	 [Node] Setting-up "fmriprep_wf.single_subject_pixar001_wf.func_preproc_task_pixar_wf.bold_reg_wf.bbreg_wf.mri_coreg" in "/gpfs/milgram/scratch60/turk-browne/aa2842/scratch60/workdir/fmriprep_wf/single_subject_pixar001_wf/func_preproc_task_pixar_wf/bold_reg_wf/bbreg_wf/mri_coreg".
240516-17:18:33,27 nipype.workflow INFO:
	 [Node] Running "fs_datasource" ("nipype.interfaces.io.FreeSurferSource")
240516-17:18:33,28 nipype.workflow INFO:
	 [Node] Running "get_surfaces" ("nipype.interfaces.io.FreeSurferSource")
240516-17:18:33,40 nipype.workflow INFO:
	 [Node] Finished "fmriprep_wf.single_subject_pixar001_wf.anat_preproc_wf.surface_recon_wf.segs_to_native_aseg.fs_datasource".
240516-17:18:33,41 nipype.workflow INFO:
	 [Node] Finished "fmriprep_wf.single_subject_pixar001_wf.anat_preproc_wf.surface_recon_wf.gifti_surface_wf.get_surfaces".
240516-17:18:33,127 nipype.workflow INFO:
	 [Node] Running "mri_coreg" ("niworkflows.interfaces.freesurfer.PatchedMRICoregRPT"), a CommandLine Interface with command:
mri_coreg --s sub-pixar001 --dof 6 --ftol 1.000000e-04 --linmintol 1.000000e-02 --threads 8 --lta /gpfs/milgram/scratch60/turk-browne/aa2842/scratch60/workdir/fmriprep_wf/single_subject_pixar001_wf/func_preproc_task_pixar_wf/bold_reg_wf/bbreg_wf/mri_coreg/registration.lta --sep 4 --mov /gpfs/milgram/scratch60/turk-browne/aa2842/scratch60/workdir/fmriprep_wf/single_subject_pixar001_wf/func_preproc_task_pixar_wf/bold_reg_wf/bbreg_wf/mri_coreg/uni_xform_masked.nii.gz --sd /gpfs/milgram/scratch60/turk-browne/aa2842/scratch60/derivatives/freesurfer
240516-17:18:33,645 nipype.workflow INFO:
	 [Node] Setting-up "fmriprep_wf.single_subject_pixar001_wf.anat_preproc_wf.anat_reports_wf.recon_report" in "/gpfs/milgram/scratch60/turk-browne/aa2842/scratch60/workdir/fmriprep_wf/single_subject_pixar001_wf/anat_preproc_wf/anat_reports_wf/recon_report".
240516-17:18:33,650 nipype.workflow INFO:
	 [Node] Running "recon_report" ("smriprep.interfaces.reports.FSSurfaceReport")
240516-17:18:34,880 nipype.workflow INFO:
	 [Node] Setting-up "fmriprep_wf.single_subject_pixar001_wf.anat_preproc_wf.surface_recon_wf.segs_to_native_aparc_aseg.resample" in "/gpfs/milgram/scratch60/turk-browne/aa2842/scratch60/workdir/fmriprep_wf/single_subject_pixar001_wf/anat_preproc_wf/surface_recon_wf/segs_to_native_aparc_aseg/resample".
240516-17:18:34,880 nipype.workflow INFO:
	 [Node] Setting-up "fmriprep_wf.single_subject_pixar001_wf.anat_preproc_wf.surface_recon_wf.segs_to_native_aseg.resample" in "/gpfs/milgram/scratch60/turk-browne/aa2842/scratch60/workdir/fmriprep_wf/single_subject_pixar001_wf/anat_preproc_wf/surface_recon_wf/segs_to_native_aseg/resample".
240516-17:18:34,905 nipype.workflow INFO:
	 [Node] Running "resample" ("nipype.interfaces.freesurfer.preprocess.ApplyVolTransform"), a CommandLine Interface with command:
mri_vol2vol --lta /gpfs/milgram/scratch60/turk-browne/aa2842/scratch60/workdir/fmriprep_wf/single_subject_pixar001_wf/anat_preproc_wf/surface_recon_wf/fsnative2t1w_xfm/T1_robustreg.lta --mov /gpfs/milgram/scratch60/turk-browne/aa2842/scratch60/workdir/fmriprep_wf/single_subject_pixar001_wf/anat_preproc_wf/surface_recon_wf/segs_to_native_aseg/resample/aseg.mgz --targ /gpfs/milgram/scratch60/turk-browne/aa2842/scratch60/workdir/fmriprep_wf/single_subject_pixar001_wf/anat_preproc_wf/brain_extraction_wf/atropos_wf/copy_xform/sub-pixar001_T1w_corrected_xform.nii.gz --o seg.nii.gz
240516-17:18:34,995 nipype.workflow INFO:
	 [Node] Running "resample" ("nipype.interfaces.freesurfer.preprocess.ApplyVolTransform"), a CommandLine Interface with command:
mri_vol2vol --lta /gpfs/milgram/scratch60/turk-browne/aa2842/scratch60/workdir/fmriprep_wf/single_subject_pixar001_wf/anat_preproc_wf/surface_recon_wf/fsnative2t1w_xfm/T1_robustreg.lta --mov /gpfs/milgram/scratch60/turk-browne/aa2842/scratch60/workdir/fmriprep_wf/single_subject_pixar001_wf/anat_preproc_wf/surface_recon_wf/segs_to_native_aparc_aseg/resample/aparc+aseg.mgz --targ /gpfs/milgram/scratch60/turk-browne/aa2842/scratch60/workdir/fmriprep_wf/single_subject_pixar001_wf/anat_preproc_wf/brain_extraction_wf/atropos_wf/copy_xform/sub-pixar001_T1w_corrected_xform.nii.gz --o seg.nii.gz
240516-17:18:36,262 nipype.workflow INFO:
	 [Node] Finished "fmriprep_wf.single_subject_pixar001_wf.anat_preproc_wf.surface_recon_wf.segs_to_native_aseg.resample".
240516-17:18:36,266 nipype.workflow INFO:
	 [Node] Finished "fmriprep_wf.single_subject_pixar001_wf.anat_preproc_wf.surface_recon_wf.segs_to_native_aparc_aseg.resample".
240516-17:18:38,178 nipype.interface WARNING:
	 Changing /gpfs/milgram/scratch60/turk-browne/aa2842/scratch60/derivatives/fmriprep/sub-pixar001/anat/sub-pixar001_desc-aparcaseg_dseg.nii.gz dtype from float32 to int16
240516-17:18:40,95 nipype.workflow INFO:
	 [Node] Finished "fmriprep_wf.single_subject_pixar001_wf.anat_preproc_wf.anat_reports_wf.recon_report".
240516-17:18:40,234 nipype.interface WARNING:
	 Changing /gpfs/milgram/scratch60/turk-browne/aa2842/scratch60/derivatives/fmriprep/sub-pixar001/anat/sub-pixar001_desc-aseg_dseg.nii.gz dtype from float32 to int16
240516-17:18:40,435 nipype.workflow INFO:
	 [Node] Setting-up "fmriprep_wf.single_subject_pixar001_wf.anat_preproc_wf.lut_t1w_dseg" in "/gpfs/milgram/scratch60/turk-browne/aa2842/scratch60/workdir/fmriprep_wf/single_subject_pixar001_wf/anat_preproc_wf/lut_t1w_dseg".
240516-17:18:40,445 nipype.workflow INFO:
	 [Node] Running "lut_t1w_dseg" ("nipype.interfaces.utility.wrappers.Function")
240516-17:18:40,501 nipype.workflow INFO:
	 [Node] Setting-up "_midthickness0" in "/gpfs/milgram/scratch60/turk-browne/aa2842/scratch60/workdir/fmriprep_wf/single_subject_pixar001_wf/anat_preproc_wf/surface_recon_wf/gifti_surface_wf/midthickness/mapflow/_midthickness0".
240516-17:18:40,502 nipype.workflow INFO:
	 [Node] Setting-up "fmriprep_wf.single_subject_pixar001_wf.anat_preproc_wf.surface_recon_wf.refine" in "/gpfs/milgram/scratch60/turk-browne/aa2842/scratch60/workdir/fmriprep_wf/single_subject_pixar001_wf/anat_preproc_wf/surface_recon_wf/refine".
240516-17:18:40,506 nipype.workflow INFO:
	 [Node] Running "refine" ("niworkflows.interfaces.freesurfer.RefineBrainMask")
240516-17:18:40,507 nipype.workflow INFO:
	 [Node] Running "_midthickness0" ("niworkflows.interfaces.freesurfer.MakeMidthickness"), a CommandLine Interface with command:
mris_expand -pial /gpfs/milgram/scratch60/turk-browne/aa2842/scratch60/workdir/fmriprep_wf/single_subject_pixar001_wf/anat_preproc_wf/surface_recon_wf/gifti_surface_wf/midthickness/mapflow/_midthickness0/rh.pial -thickness -thickness_name /gpfs/milgram/scratch60/turk-browne/aa2842/scratch60/workdir/fmriprep_wf/single_subject_pixar001_wf/anat_preproc_wf/surface_recon_wf/gifti_surface_wf/midthickness/mapflow/_midthickness0/rh.thickness /gpfs/milgram/scratch60/turk-browne/aa2842/scratch60/workdir/fmriprep_wf/single_subject_pixar001_wf/anat_preproc_wf/surface_recon_wf/gifti_surface_wf/midthickness/mapflow/_midthickness0/rh.smoothwm 0.5 midthickness
240516-17:18:40,549 nipype.workflow INFO:
	 [Node] Setting-up "_midthickness1" in "/gpfs/milgram/scratch60/turk-browne/aa2842/scratch60/workdir/fmriprep_wf/single_subject_pixar001_wf/anat_preproc_wf/surface_recon_wf/gifti_surface_wf/midthickness/mapflow/_midthickness1".
240516-17:18:40,554 nipype.workflow INFO:
	 [Node] Running "_midthickness1" ("niworkflows.interfaces.freesurfer.MakeMidthickness"), a CommandLine Interface with command:
mris_expand -pial /gpfs/milgram/scratch60/turk-browne/aa2842/scratch60/workdir/fmriprep_wf/single_subject_pixar001_wf/anat_preproc_wf/surface_recon_wf/gifti_surface_wf/midthickness/mapflow/_midthickness1/lh.pial -thickness -thickness_name /gpfs/milgram/scratch60/turk-browne/aa2842/scratch60/workdir/fmriprep_wf/single_subject_pixar001_wf/anat_preproc_wf/surface_recon_wf/gifti_surface_wf/midthickness/mapflow/_midthickness1/lh.thickness /gpfs/milgram/scratch60/turk-browne/aa2842/scratch60/workdir/fmriprep_wf/single_subject_pixar001_wf/anat_preproc_wf/surface_recon_wf/gifti_surface_wf/midthickness/mapflow/_midthickness1/lh.smoothwm 0.5 midthickness
240516-17:18:40,618 nipype.workflow INFO:
	 [Node] Finished "fmriprep_wf.single_subject_pixar001_wf.anat_preproc_wf.lut_t1w_dseg".
240516-17:18:44,647 nipype.workflow INFO:
	 [Node] Setting-up "fmriprep_wf.single_subject_pixar001_wf.anat_preproc_wf.split_seg" in "/gpfs/milgram/scratch60/turk-browne/aa2842/scratch60/workdir/fmriprep_wf/single_subject_pixar001_wf/anat_preproc_wf/split_seg".
240516-17:18:44,651 nipype.workflow INFO:
	 [Node] Running "split_seg" ("nipype.interfaces.utility.wrappers.Function")
240516-17:18:44,769 nipype.workflow INFO:
	 [Node] Finished "fmriprep_wf.single_subject_pixar001_wf.anat_preproc_wf.split_seg".
240516-17:18:48,165 nipype.interface WARNING:
	 Changing /gpfs/milgram/scratch60/turk-browne/aa2842/scratch60/derivatives/fmriprep/sub-pixar001/anat/sub-pixar001_label-GM_probseg.nii.gz dtype from uint8 to float32
240516-17:18:49,652 nipype.interface INFO:
	 stdout 2024-05-16T17:18:49.652742:
240516-17:18:49,652 nipype.interface INFO:
	 stdout 2024-05-16T17:18:49.652742:Matrix from LTA:
240516-17:18:49,653 nipype.interface INFO:
	 stdout 2024-05-16T17:18:49.652742: 0.99963  -0.00268   0.02714   6.28061;
240516-17:18:49,653 nipype.interface INFO:
	 stdout 2024-05-16T17:18:49.652742:-0.02722  -0.03483   0.99902  -15.90130;
240516-17:18:49,653 nipype.interface INFO:
	 stdout 2024-05-16T17:18:49.652742:-0.00173  -0.99939  -0.03489   21.40661;
240516-17:18:49,653 nipype.interface INFO:
	 stdout 2024-05-16T17:18:49.652742: 0.00000   0.00000   0.00000   1.00000;
240516-17:18:49,766 nipype.interface WARNING:
	 Changing /gpfs/milgram/scratch60/turk-browne/aa2842/scratch60/derivatives/fmriprep/sub-pixar001/anat/sub-pixar001_label-WM_probseg.nii.gz dtype from uint8 to float32
240516-17:18:49,767 nipype.interface INFO:
	 stdout 2024-05-16T17:18:49.766961:
240516-17:18:49,767 nipype.interface INFO:
	 stdout 2024-05-16T17:18:49.766961:/gpfs/milgram/scratch60/turk-browne/aa2842/scratch60/workdir/fmriprep_wf/single_subject_pixar001_wf/func_preproc_task_pixar_wf/bold_reg_wf/bbreg_wf/mri_coreg/uni_xform_masked.nii.gz /gpfs/milgram/scratch60/turk-browne/aa2842/scratch60/derivatives/freesurfer/sub-pixar001/mri/brainmask.mgz
240516-17:18:49,767 nipype.interface INFO:
	 stdout 2024-05-16T17:18:49.766961:movvol /gpfs/milgram/scratch60/turk-browne/aa2842/scratch60/workdir/fmriprep_wf/single_subject_pixar001_wf/func_preproc_task_pixar_wf/bold_reg_wf/bbreg_wf/mri_coreg/uni_xform_masked.nii.gz
240516-17:18:49,767 nipype.interface INFO:
	 stdout 2024-05-16T17:18:49.766961:targvol /gpfs/milgram/scratch60/turk-browne/aa2842/scratch60/derivatives/freesurfer/sub-pixar001/mri/brainmask.mgz
240516-17:18:49,767 nipype.interface INFO:
	 stdout 2024-05-16T17:18:49.766961:outvol /gpfs/milgram/scratch60/turk-browne/aa2842/scratch60/workdir/fmriprep_wf/single_subject_pixar001_wf/func_preproc_task_pixar_wf/bold_reg_wf/bbreg_wf/mri_coreg/uni_xform_masked_warped.nii.gz
240516-17:18:49,767 nipype.interface INFO:
	 stdout 2024-05-16T17:18:49.766961:regfile /gpfs/milgram/scratch60/turk-browne/aa2842/scratch60/workdir/fmriprep_wf/single_subject_pixar001_wf/func_preproc_task_pixar_wf/bold_reg_wf/bbreg_wf/mri_coreg/registration.lta
240516-17:18:49,767 nipype.interface INFO:
	 stdout 2024-05-16T17:18:49.766961:invert 0
240516-17:18:49,767 nipype.interface INFO:
	 stdout 2024-05-16T17:18:49.766961:tal    0
240516-17:18:49,767 nipype.interface INFO:
	 stdout 2024-05-16T17:18:49.766961:talres 2
240516-17:18:49,767 nipype.interface INFO:
	 stdout 2024-05-16T17:18:49.766961:regheader 0
240516-17:18:49,767 nipype.interface INFO:
	 stdout 2024-05-16T17:18:49.766961:noresample 0
240516-17:18:49,767 nipype.interface INFO:
	 stdout 2024-05-16T17:18:49.766961:interp  nearest (0)
240516-17:18:49,767 nipype.interface INFO:
	 stdout 2024-05-16T17:18:49.766961:precision  float (3)
240516-17:18:49,767 nipype.interface INFO:
	 stdout 2024-05-16T17:18:49.766961:Gdiag_no  -1
240516-17:18:49,767 nipype.interface INFO:
	 stdout 2024-05-16T17:18:49.766961:Synth      0
240516-17:18:49,767 nipype.interface INFO:
	 stdout 2024-05-16T17:18:49.766961:SynthSeed  1716602666
240516-17:18:49,767 nipype.interface INFO:
	 stdout 2024-05-16T17:18:49.766961:
240516-17:18:49,767 nipype.interface INFO:
	 stdout 2024-05-16T17:18:49.766961:Final tkRAS-to-tkRAS Matrix is:
240516-17:18:49,767 nipype.interface INFO:
	 stdout 2024-05-16T17:18:49.766961: 0.99963  -0.00268   0.02714   6.28059;
240516-17:18:49,767 nipype.interface INFO:
	 stdout 2024-05-16T17:18:49.766961:-0.02722  -0.03483   0.99902  -15.90129;
240516-17:18:49,767 nipype.interface INFO:
	 stdout 2024-05-16T17:18:49.766961:-0.00173  -0.99939  -0.03489   21.40660;
240516-17:18:49,767 nipype.interface INFO:
	 stdout 2024-05-16T17:18:49.766961: 0.00000   0.00000   0.00000   1.00000;
240516-17:18:49,767 nipype.interface INFO:
	 stdout 2024-05-16T17:18:49.767679:
240516-17:18:49,767 nipype.interface INFO:
	 stdout 2024-05-16T17:18:49.767679:
240516-17:18:49,767 nipype.interface INFO:
	 stdout 2024-05-16T17:18:49.767679:Vox2Vox Matrix is:
240516-17:18:49,767 nipype.interface INFO:
	 stdout 2024-05-16T17:18:49.767679: 0.33321   0.00905   0.00089  -14.01664;
240516-17:18:49,767 nipype.interface INFO:
	 stdout 2024-05-16T17:18:49.767679:-0.00058  -0.01163   0.33313  -16.21386;
240516-17:18:49,767 nipype.interface INFO:
	 stdout 2024-05-16T17:18:49.767679: 0.00825  -0.30273  -0.01055   50.22652;
240516-17:18:49,767 nipype.interface INFO:
	 stdout 2024-05-16T17:18:49.767679: 0.00000   0.00000   0.00000   1.00000;
240516-17:18:50,83 nipype.interface WARNING:
	 Changing /gpfs/milgram/scratch60/turk-browne/aa2842/scratch60/derivatives/fmriprep/sub-pixar001/anat/sub-pixar001_label-CSF_probseg.nii.gz dtype from uint8 to float32
240516-17:18:50,335 nipype.interface INFO:
	 stdout 2024-05-16T17:18:50.335327:
240516-17:18:50,335 nipype.interface INFO:
	 stdout 2024-05-16T17:18:50.335327:Resampling
240516-17:18:50,335 nipype.interface INFO:
	 stdout 2024-05-16T17:18:50.335327:Output registration matrix is identity
240516-17:18:50,335 nipype.interface INFO:
	 stdout 2024-05-16T17:18:50.335327:
240516-17:18:50,335 nipype.interface INFO:
	 stdout 2024-05-16T17:18:50.335327:mri_vol2vol done
240516-17:18:50,346 nipype.workflow INFO:
	 [Node] Setting-up "fmriprep_wf.single_subject_pixar001_wf.func_preproc_task_pixar_wf.bold_confounds_wf.acc_masks" in "/gpfs/milgram/scratch60/turk-browne/aa2842/scratch60/workdir/fmriprep_wf/single_subject_pixar001_wf/func_preproc_task_pixar_wf/bold_confounds_wf/acc_masks".
240516-17:18:50,479 nipype.workflow INFO:
	 [Node] Running "acc_masks" ("fmriprep.interfaces.confounds.aCompCorMasks")
240516-17:18:52,124 nipype.workflow INFO:
	 [Node] Finished "fmriprep_wf.single_subject_pixar001_wf.func_preproc_task_pixar_wf.bold_confounds_wf.acc_masks".
240516-17:19:02,319 nipype.workflow INFO:
	 [Node] Finished "fmriprep_wf.single_subject_pixar001_wf.func_preproc_task_pixar_wf.bold_reg_wf.bbreg_wf.mri_coreg".
240516-17:19:04,343 nipype.workflow INFO:
	 [Node] Finished "fmriprep_wf.single_subject_pixar001_wf.anat_preproc_wf.surface_recon_wf.refine".
240516-17:19:04,414 nipype.workflow INFO:
	 [Node] Setting-up "fmriprep_wf.single_subject_pixar001_wf.func_preproc_task_pixar_wf.bold_reg_wf.bbreg_wf.bbregister" in "/gpfs/milgram/scratch60/turk-browne/aa2842/scratch60/workdir/fmriprep_wf/single_subject_pixar001_wf/func_preproc_task_pixar_wf/bold_reg_wf/bbreg_wf/bbregister".
240516-17:19:04,421 nipype.workflow INFO:
	 [Node] Running "bbregister" ("niworkflows.interfaces.freesurfer.PatchedBBRegisterRPT"), a CommandLine Interface with command:
bbregister --t2 --6 --init-reg /gpfs/milgram/scratch60/turk-browne/aa2842/scratch60/workdir/fmriprep_wf/single_subject_pixar001_wf/func_preproc_task_pixar_wf/bold_reg_wf/bbreg_wf/mri_coreg/registration.lta --lta /gpfs/milgram/scratch60/turk-browne/aa2842/scratch60/workdir/fmriprep_wf/single_subject_pixar001_wf/func_preproc_task_pixar_wf/bold_reg_wf/bbreg_wf/bbregister/uni_xform_masked_bbreg_sub-pixar001.lta --reg /gpfs/milgram/scratch60/turk-browne/aa2842/scratch60/workdir/fmriprep_wf/single_subject_pixar001_wf/func_preproc_task_pixar_wf/bold_reg_wf/bbreg_wf/bbregister/uni_xform_masked_bbreg_sub-pixar001.dat --o /gpfs/milgram/scratch60/turk-browne/aa2842/scratch60/workdir/fmriprep_wf/single_subject_pixar001_wf/func_preproc_task_pixar_wf/bold_reg_wf/bbreg_wf/bbregister/uni_xform_masked_bbreg.nii.gz --mov /gpfs/milgram/scratch60/turk-browne/aa2842/scratch60/workdir/fmriprep_wf/single_subject_pixar001_wf/func_preproc_task_pixar_wf/bold_reg_wf/bbreg_wf/bbregister/uni_xform_masked.nii.gz --s sub-pixar001
240516-17:19:06,374 nipype.workflow INFO:
	 [Node] Setting-up "fmriprep_wf.single_subject_pixar001_wf.anat_preproc_wf.anat_norm_wf.registration" in "/gpfs/milgram/scratch60/turk-browne/aa2842/scratch60/workdir/fmriprep_wf/single_subject_pixar001_wf/anat_preproc_wf/anat_norm_wf/_template_MNI152Lin/registration".
exception calling callback for <Future at 0x150cfba2c8d0 state=finished raised FileNotFoundError>
concurrent.futures.process._RemoteTraceback: 
"""
Traceback (most recent call last):
  File "/usr/local/miniconda/lib/python3.7/site-packages/nipype/interfaces/base/traits_extension.py", line 129, in validate
    value = Path(value)  # Use pathlib's validation
  File "/usr/local/miniconda/lib/python3.7/pathlib.py", line 994, in __new__
    self = cls._from_parts(args, init=False)
  File "/usr/local/miniconda/lib/python3.7/pathlib.py", line 649, in _from_parts
    drv, root, parts = self._parse_args(args)
  File "/usr/local/miniconda/lib/python3.7/pathlib.py", line 633, in _parse_args
    a = os.fspath(a)
TypeError: expected str, bytes or os.PathLike object, not list

During handling of the above exception, another exception occurred:

Traceback (most recent call last):
  File "/usr/local/miniconda/lib/python3.7/site-packages/nipype/pipeline/plugins/multiproc.py", line 67, in run_node
    result["result"] = node.run(updatehash=updatehash)
  File "/usr/local/miniconda/lib/python3.7/site-packages/nipype/pipeline/engine/nodes.py", line 486, in run
    self._get_hashval()
  File "/usr/local/miniconda/lib/python3.7/site-packages/nipype/pipeline/engine/nodes.py", line 538, in _get_hashval
    self._get_inputs()
  File "/usr/local/miniconda/lib/python3.7/site-packages/nipype/pipeline/engine/nodes.py", line 609, in _get_inputs
    self.set_input(key, deepcopy(output_value))
  File "/usr/local/miniconda/lib/python3.7/site-packages/nipype/pipeline/engine/nodes.py", line 302, in set_input
    setattr(self.inputs, parameter, deepcopy(val))
  File "/usr/local/miniconda/lib/python3.7/site-packages/nipype/interfaces/base/traits_extension.py", line 330, in validate
    value = super(File, self).validate(objekt, name, value, return_pathlike=True)
  File "/usr/local/miniconda/lib/python3.7/site-packages/nipype/interfaces/base/traits_extension.py", line 131, in validate
    self.error(objekt, name, str(value))
  File "/usr/local/miniconda/lib/python3.7/site-packages/traits/trait_handlers.py", line 172, in error
    value )
traits.trait_errors.TraitError: The 'lesion_mask' trait of a _RobustMNINormalizationInputSpec instance must be a pathlike object or string representing an existing file, but a value of "['/gpfs/milgram/data/PartlyCloudy/preprocessed/fmriprep/sub-pixar001/anat/sub-pixar001_T1w_label-aparcaseg_roi.nii.gz', '/gpfs/milgram/data/PartlyCloudy/preprocessed/fmriprep/sub-pixar001/anat/sub-pixar001_T1w_label-aseg_roi.nii.gz', '/gpfs/milgram/data/PartlyCloudy/preprocessed_data/fmriprep/sub-pixar001/anat/sub-pixar001_T1w_label-aparcaseg_roi.nii.gz', '/gpfs/milgram/data/PartlyCloudy/preprocessed_data/fmriprep/sub-pixar001/anat/sub-pixar001_T1w_label-aseg_roi.nii.gz']" <class 'str'> was specified.

Error setting node input:
Node: registration
input: lesion_mask
results_file: /gpfs/milgram/scratch60/turk-browne/aa2842/scratch60/workdir/fmriprep_wf/single_subject_pixar001_wf/bidssrc/result_bidssrc.pklz
value: ['/gpfs/milgram/data/PartlyCloudy/preprocessed/fmriprep/sub-pixar001/anat/sub-pixar001_T1w_label-aparcaseg_roi.nii.gz', '/gpfs/milgram/data/PartlyCloudy/preprocessed/fmriprep/sub-pixar001/anat/sub-pixar001_T1w_label-aseg_roi.nii.gz', '/gpfs/milgram/data/PartlyCloudy/preprocessed_data/fmriprep/sub-pixar001/anat/sub-pixar001_T1w_label-aparcaseg_roi.nii.gz', '/gpfs/milgram/data/PartlyCloudy/preprocessed_data/fmriprep/sub-pixar001/anat/sub-pixar001_T1w_label-aseg_roi.nii.gz']

During handling of the above exception, another exception occurred:

Traceback (most recent call last):
  File "/usr/local/miniconda/lib/python3.7/concurrent/futures/process.py", line 232, in _process_worker
    r = call_item.fn(*call_item.args, **call_item.kwargs)
  File "/usr/local/miniconda/lib/python3.7/site-packages/nipype/pipeline/plugins/multiproc.py", line 70, in run_node
    result["result"] = node.result
  File "/usr/local/miniconda/lib/python3.7/site-packages/nipype/pipeline/engine/nodes.py", line 217, in result
    op.join(self.output_dir(), "result_%s.pklz" % self.name)
  File "/usr/local/miniconda/lib/python3.7/site-packages/nipype/pipeline/engine/utils.py", line 291, in load_resultfile
    raise FileNotFoundError(results_file)
FileNotFoundError: /gpfs/milgram/scratch60/turk-browne/aa2842/scratch60/workdir/fmriprep_wf/single_subject_pixar001_wf/anat_preproc_wf/anat_norm_wf/_template_MNI152Lin/registration/result_registration.pklz
"""

The above exception was the direct cause of the following exception:

Traceback (most recent call last):
  File "/usr/local/miniconda/lib/python3.7/concurrent/futures/_base.py", line 324, in _invoke_callbacks
    callback(self)
  File "/usr/local/miniconda/lib/python3.7/site-packages/nipype/pipeline/plugins/multiproc.py", line 159, in _async_callback
    result = args.result()
  File "/usr/local/miniconda/lib/python3.7/concurrent/futures/_base.py", line 425, in result
    return self.__get_result()
  File "/usr/local/miniconda/lib/python3.7/concurrent/futures/_base.py", line 384, in __get_result
    raise self._exception
FileNotFoundError: /gpfs/milgram/scratch60/turk-browne/aa2842/scratch60/workdir/fmriprep_wf/single_subject_pixar001_wf/anat_preproc_wf/anat_norm_wf/_template_MNI152Lin/registration/result_registration.pklz
240516-17:19:06,823 nipype.workflow INFO:
	 [Node] Setting-up "fmriprep_wf.single_subject_pixar001_wf.anat_preproc_wf.anat_reports_wf.seg_rpt" in "/gpfs/milgram/scratch60/turk-browne/aa2842/scratch60/workdir/fmriprep_wf/single_subject_pixar001_wf/anat_preproc_wf/anat_reports_wf/seg_rpt".
240516-17:19:06,824 nipype.workflow INFO:
	 [Node] Setting-up "fmriprep_wf.single_subject_pixar001_wf.func_preproc_task_pixar_wf.t1w_brain" in "/gpfs/milgram/scratch60/turk-browne/aa2842/scratch60/workdir/fmriprep_wf/single_subject_pixar001_wf/func_preproc_task_pixar_wf/t1w_brain".
240516-17:19:06,825 nipype.workflow INFO:
	 [Node] Setting-up "fmriprep_wf.single_subject_pixar001_wf.anat_preproc_wf.applyrefined" in "/gpfs/milgram/scratch60/turk-browne/aa2842/scratch60/workdir/fmriprep_wf/single_subject_pixar001_wf/anat_preproc_wf/applyrefined".
240516-17:19:06,896 nipype.workflow INFO:
	 [Node] Running "seg_rpt" ("niworkflows.interfaces.masks.ROIsPlot")
240516-17:19:06,916 nipype.workflow INFO:
	 [Node] Running "applyrefined" ("nipype.interfaces.fsl.maths.ApplyMask"), a CommandLine Interface with command:
fslmaths /gpfs/milgram/scratch60/turk-browne/aa2842/scratch60/workdir/fmriprep_wf/single_subject_pixar001_wf/anat_preproc_wf/brain_extraction_wf/atropos_wf/copy_xform/sub-pixar001_T1w_corrected_xform.nii.gz -mas /gpfs/milgram/scratch60/turk-browne/aa2842/scratch60/workdir/fmriprep_wf/single_subject_pixar001_wf/anat_preproc_wf/surface_recon_wf/refine/sub-pixar001_T1w_corrected_xform_rbrainmask.nii.gz /gpfs/milgram/scratch60/turk-browne/aa2842/scratch60/workdir/fmriprep_wf/single_subject_pixar001_wf/anat_preproc_wf/applyrefined/sub-pixar001_T1w_corrected_xform_masked.nii.gz
240516-17:19:07,287 nipype.workflow INFO:
	 [Node] Running "t1w_brain" ("niworkflows.interfaces.nibabel.ApplyMask")
240516-17:19:07,775 nipype.workflow INFO:
	 [Node] Finished "fmriprep_wf.single_subject_pixar001_wf.func_preproc_task_pixar_wf.t1w_brain".
240516-17:19:08,0 nipype.workflow INFO:
	 [Node] Finished "fmriprep_wf.single_subject_pixar001_wf.anat_preproc_wf.applyrefined".
240516-17:19:08,381 nipype.workflow INFO:
	 [Node] Setting-up "fmriprep_wf.single_subject_pixar001_wf.func_preproc_task_pixar_wf.bold_t1_trans_wf.gen_ref" in "/gpfs/milgram/scratch60/turk-browne/aa2842/scratch60/workdir/fmriprep_wf/single_subject_pixar001_wf/func_preproc_task_pixar_wf/bold_t1_trans_wf/gen_ref".
240516-17:19:08,453 nipype.workflow INFO:
	 [Node] Running "gen_ref" ("niworkflows.interfaces.utils.GenerateSamplingReference")
240516-17:19:08,731 nipype.workflow INFO:
	 [Node] Finished "fmriprep_wf.single_subject_pixar001_wf.func_preproc_task_pixar_wf.bold_t1_trans_wf.gen_ref".
240516-17:19:10,381 nipype.workflow INFO:
	 [Node] Setting-up "fmriprep_wf.single_subject_pixar001_wf.func_preproc_task_pixar_wf.bold_t1_trans_wf.aparc_t1w_tfm" in "/gpfs/milgram/scratch60/turk-browne/aa2842/scratch60/workdir/fmriprep_wf/single_subject_pixar001_wf/func_preproc_task_pixar_wf/bold_t1_trans_wf/aparc_t1w_tfm".
240516-17:19:10,381 nipype.workflow INFO:
	 [Node] Setting-up "fmriprep_wf.single_subject_pixar001_wf.func_preproc_task_pixar_wf.bold_t1_trans_wf.aseg_t1w_tfm" in "/gpfs/milgram/scratch60/turk-browne/aa2842/scratch60/workdir/fmriprep_wf/single_subject_pixar001_wf/func_preproc_task_pixar_wf/bold_t1_trans_wf/aseg_t1w_tfm".
240516-17:19:10,386 nipype.workflow INFO:
	 [Node] Running "aparc_t1w_tfm" ("niworkflows.interfaces.fixes.FixHeaderApplyTransforms"), a CommandLine Interface with command:
antsApplyTransforms --default-value 0 --float 0 --input /gpfs/milgram/scratch60/turk-browne/aa2842/scratch60/workdir/fmriprep_wf/single_subject_pixar001_wf/anat_preproc_wf/surface_recon_wf/segs_to_native_aparc_aseg/resample/seg.nii.gz --interpolation MultiLabel --output seg_trans.nii.gz --reference-image /gpfs/milgram/scratch60/turk-browne/aa2842/scratch60/workdir/fmriprep_wf/single_subject_pixar001_wf/func_preproc_task_pixar_wf/bold_t1_trans_wf/gen_ref/sub-pixar001_T1w_corrected_xform_masked_reference.nii.gz --transform identity
240516-17:19:10,386 nipype.workflow INFO:
	 [Node] Running "aseg_t1w_tfm" ("niworkflows.interfaces.fixes.FixHeaderApplyTransforms"), a CommandLine Interface with command:
antsApplyTransforms --default-value 0 --float 0 --input /gpfs/milgram/scratch60/turk-browne/aa2842/scratch60/workdir/fmriprep_wf/single_subject_pixar001_wf/anat_preproc_wf/surface_recon_wf/segs_to_native_aseg/resample/seg.nii.gz --interpolation MultiLabel --output seg_trans.nii.gz --reference-image /gpfs/milgram/scratch60/turk-browne/aa2842/scratch60/workdir/fmriprep_wf/single_subject_pixar001_wf/func_preproc_task_pixar_wf/bold_t1_trans_wf/gen_ref/sub-pixar001_T1w_corrected_xform_masked_reference.nii.gz --transform identity
240516-17:19:12,97 nipype.workflow INFO:
	 [Node] Finished "fmriprep_wf.single_subject_pixar001_wf.anat_preproc_wf.anat_reports_wf.seg_rpt".
240516-17:19:14,420 nipype.workflow INFO:
	 [Node] Finished "fmriprep_wf.single_subject_pixar001_wf.func_preproc_task_pixar_wf.bold_t1_trans_wf.aseg_t1w_tfm".
240516-17:19:14,516 nipype.workflow INFO:
	 [Node] Finished "fmriprep_wf.single_subject_pixar001_wf.func_preproc_task_pixar_wf.bold_t1_trans_wf.aparc_t1w_tfm".
240516-17:19:38,863 nipype.interface INFO:
	 stdout 2024-05-16T17:19:38.863709:
240516-17:19:38,863 nipype.interface INFO:
	 stdout 2024-05-16T17:19:38.863709:Matrix from LTA:
240516-17:19:38,864 nipype.interface INFO:
	 stdout 2024-05-16T17:19:38.863709: 0.99967   0.00912   0.02399   6.54890;
240516-17:19:38,864 nipype.interface INFO:
	 stdout 2024-05-16T17:19:38.863709:-0.02400   0.00076   0.99971  -15.27594;
240516-17:19:38,864 nipype.interface INFO:
	 stdout 2024-05-16T17:19:38.863709: 0.00910  -0.99996   0.00098   23.59744;
240516-17:19:38,864 nipype.interface INFO:
	 stdout 2024-05-16T17:19:38.863709: 0.00000   0.00000   0.00000   1.00000;
240516-17:19:38,977 nipype.interface INFO:
	 stdout 2024-05-16T17:19:38.977907:
240516-17:19:38,977 nipype.interface INFO:
	 stdout 2024-05-16T17:19:38.977907:/gpfs/milgram/scratch60/turk-browne/aa2842/scratch60/workdir/fmriprep_wf/single_subject_pixar001_wf/func_preproc_task_pixar_wf/bold_reg_wf/bbreg_wf/bbregister/uni_xform_masked.nii.gz /gpfs/milgram/scratch60/turk-browne/aa2842/scratch60/derivatives/freesurfer/sub-pixar001/mri/brainmask.mgz
240516-17:19:38,977 nipype.interface INFO:
	 stdout 2024-05-16T17:19:38.977907:movvol /gpfs/milgram/scratch60/turk-browne/aa2842/scratch60/workdir/fmriprep_wf/single_subject_pixar001_wf/func_preproc_task_pixar_wf/bold_reg_wf/bbreg_wf/bbregister/uni_xform_masked.nii.gz
240516-17:19:38,978 nipype.interface INFO:
	 stdout 2024-05-16T17:19:38.977907:targvol /gpfs/milgram/scratch60/turk-browne/aa2842/scratch60/derivatives/freesurfer/sub-pixar001/mri/brainmask.mgz
240516-17:19:38,978 nipype.interface INFO:
	 stdout 2024-05-16T17:19:38.977907:outvol /gpfs/milgram/scratch60/turk-browne/aa2842/scratch60/workdir/fmriprep_wf/single_subject_pixar001_wf/func_preproc_task_pixar_wf/bold_reg_wf/bbreg_wf/bbregister/uni_xform_masked_warped.nii.gz
240516-17:19:38,978 nipype.interface INFO:
	 stdout 2024-05-16T17:19:38.977907:regfile /gpfs/milgram/scratch60/turk-browne/aa2842/scratch60/workdir/fmriprep_wf/single_subject_pixar001_wf/func_preproc_task_pixar_wf/bold_reg_wf/bbreg_wf/bbregister/uni_xform_masked_bbreg_sub-pixar001.lta
240516-17:19:38,978 nipype.interface INFO:
	 stdout 2024-05-16T17:19:38.977907:invert 0
240516-17:19:38,978 nipype.interface INFO:
	 stdout 2024-05-16T17:19:38.977907:tal    0
240516-17:19:38,978 nipype.interface INFO:
	 stdout 2024-05-16T17:19:38.977907:talres 2
240516-17:19:38,978 nipype.interface INFO:
	 stdout 2024-05-16T17:19:38.977907:regheader 0
240516-17:19:38,978 nipype.interface INFO:
	 stdout 2024-05-16T17:19:38.977907:noresample 0
240516-17:19:38,978 nipype.interface INFO:
	 stdout 2024-05-16T17:19:38.977907:interp  nearest (0)
240516-17:19:38,978 nipype.interface INFO:
	 stdout 2024-05-16T17:19:38.977907:precision  float (3)
240516-17:19:38,978 nipype.interface INFO:
	 stdout 2024-05-16T17:19:38.977907:Gdiag_no  -1
240516-17:19:38,978 nipype.interface INFO:
	 stdout 2024-05-16T17:19:38.977907:Synth      0
240516-17:19:38,978 nipype.interface INFO:
	 stdout 2024-05-16T17:19:38.977907:SynthSeed  1716813508
240516-17:19:38,978 nipype.interface INFO:
	 stdout 2024-05-16T17:19:38.977907:
240516-17:19:38,978 nipype.interface INFO:
	 stdout 2024-05-16T17:19:38.977907:Final tkRAS-to-tkRAS Matrix is:
240516-17:19:38,978 nipype.interface INFO:
	 stdout 2024-05-16T17:19:38.977907: 0.99967   0.00912   0.02399   6.54890;
240516-17:19:38,978 nipype.interface INFO:
	 stdout 2024-05-16T17:19:38.977907:-0.02400   0.00076   0.99971  -15.27592;
240516-17:19:38,978 nipype.interface INFO:
	 stdout 2024-05-16T17:19:38.977907: 0.00910  -0.99996   0.00098   23.59744;
240516-17:19:38,988 nipype.interface INFO:
	 stdout 2024-05-16T17:19:38.977907: 0.00000   0.00000   0.00000   1.00000;
240516-17:19:38,988 nipype.interface INFO:
	 stdout 2024-05-16T17:19:38.988881:
240516-17:19:38,988 nipype.interface INFO:
	 stdout 2024-05-16T17:19:38.988881:
240516-17:19:38,988 nipype.interface INFO:
	 stdout 2024-05-16T17:19:38.988881:Vox2Vox Matrix is:
240516-17:19:38,988 nipype.interface INFO:
	 stdout 2024-05-16T17:19:38.988881: 0.33322   0.00800  -0.00304  -13.47016;
240516-17:19:38,988 nipype.interface INFO:
	 stdout 2024-05-16T17:19:38.988881: 0.00303   0.00033   0.33332  -18.96067;
240516-17:19:38,989 nipype.interface INFO:
	 stdout 2024-05-16T17:19:38.988881: 0.00727  -0.30294   0.00023   49.18727;
240516-17:19:38,989 nipype.interface INFO:
	 stdout 2024-05-16T17:19:38.988881: 0.00000   0.00000   0.00000   1.00000;
240516-17:19:39,539 nipype.interface INFO:
	 stdout 2024-05-16T17:19:39.539594:
240516-17:19:39,539 nipype.interface INFO:
	 stdout 2024-05-16T17:19:39.539594:Resampling
240516-17:19:39,539 nipype.interface INFO:
	 stdout 2024-05-16T17:19:39.539594:Output registration matrix is identity
240516-17:19:39,539 nipype.interface INFO:
	 stdout 2024-05-16T17:19:39.539594:
240516-17:19:39,539 nipype.interface INFO:
	 stdout 2024-05-16T17:19:39.539594:mri_vol2vol done
240516-17:19:51,296 nipype.workflow INFO:
	 [Node] Finished "fmriprep_wf.single_subject_pixar001_wf.func_preproc_task_pixar_wf.bold_reg_wf.bbreg_wf.bbregister".
240516-17:19:56,421 nipype.workflow INFO:
	 [Node] Setting-up "_lta_ras2ras1" in "/gpfs/milgram/scratch60/turk-browne/aa2842/scratch60/workdir/fmriprep_wf/single_subject_pixar001_wf/func_preproc_task_pixar_wf/bold_reg_wf/bbreg_wf/lta_ras2ras/mapflow/_lta_ras2ras1".
240516-17:19:56,425 nipype.workflow INFO:
	 [Node] Running "_lta_ras2ras1" ("niworkflows.interfaces.freesurfer.PatchedLTAConvert"), a CommandLine Interface with command:
lta_convert --inlta /gpfs/milgram/scratch60/turk-browne/aa2842/scratch60/workdir/fmriprep_wf/single_subject_pixar001_wf/func_preproc_task_pixar_wf/bold_reg_wf/bbreg_wf/mri_coreg/registration.lta --outlta /gpfs/milgram/scratch60/turk-browne/aa2842/scratch60/workdir/fmriprep_wf/single_subject_pixar001_wf/func_preproc_task_pixar_wf/bold_reg_wf/bbreg_wf/lta_ras2ras/mapflow/_lta_ras2ras1/out.lta
240516-17:19:56,469 nipype.workflow INFO:
	 [Node] Setting-up "_lta_ras2ras0" in "/gpfs/milgram/scratch60/turk-browne/aa2842/scratch60/workdir/fmriprep_wf/single_subject_pixar001_wf/func_preproc_task_pixar_wf/bold_reg_wf/bbreg_wf/lta_ras2ras/mapflow/_lta_ras2ras0".
240516-17:19:56,472 nipype.workflow INFO:
	 [Node] Running "_lta_ras2ras0" ("niworkflows.interfaces.freesurfer.PatchedLTAConvert"), a CommandLine Interface with command:
lta_convert --inlta /gpfs/milgram/scratch60/turk-browne/aa2842/scratch60/workdir/fmriprep_wf/single_subject_pixar001_wf/func_preproc_task_pixar_wf/bold_reg_wf/bbreg_wf/bbregister/uni_xform_masked_bbreg_sub-pixar001.lta --outlta /gpfs/milgram/scratch60/turk-browne/aa2842/scratch60/workdir/fmriprep_wf/single_subject_pixar001_wf/func_preproc_task_pixar_wf/bold_reg_wf/bbreg_wf/lta_ras2ras/mapflow/_lta_ras2ras0/out.lta
240516-17:19:56,496 nipype.workflow INFO:
	 [Node] Finished "_lta_ras2ras1".
240516-17:19:56,548 nipype.workflow INFO:
	 [Node] Finished "_lta_ras2ras0".
240516-17:19:58,424 nipype.workflow INFO:
	 [Node] Setting-up "fmriprep_wf.single_subject_pixar001_wf.func_preproc_task_pixar_wf.bold_reg_wf.bbreg_wf.lta_ras2ras" in "/gpfs/milgram/scratch60/turk-browne/aa2842/scratch60/workdir/fmriprep_wf/single_subject_pixar001_wf/func_preproc_task_pixar_wf/bold_reg_wf/bbreg_wf/lta_ras2ras".
240516-17:19:58,428 nipype.workflow INFO:
	 [Node] Setting-up "_lta_ras2ras0" in "/gpfs/milgram/scratch60/turk-browne/aa2842/scratch60/workdir/fmriprep_wf/single_subject_pixar001_wf/func_preproc_task_pixar_wf/bold_reg_wf/bbreg_wf/lta_ras2ras/mapflow/_lta_ras2ras0".
240516-17:19:58,429 nipype.workflow INFO:
	 [Node] Cached "_lta_ras2ras0" - collecting precomputed outputs
240516-17:19:58,429 nipype.workflow INFO:
	 [Node] "_lta_ras2ras0" found cached.
240516-17:19:58,430 nipype.workflow INFO:
	 [Node] Setting-up "_lta_ras2ras1" in "/gpfs/milgram/scratch60/turk-browne/aa2842/scratch60/workdir/fmriprep_wf/single_subject_pixar001_wf/func_preproc_task_pixar_wf/bold_reg_wf/bbreg_wf/lta_ras2ras/mapflow/_lta_ras2ras1".
240516-17:19:58,431 nipype.workflow INFO:
	 [Node] Cached "_lta_ras2ras1" - collecting precomputed outputs
240516-17:19:58,431 nipype.workflow INFO:
	 [Node] "_lta_ras2ras1" found cached.
240516-17:19:58,432 nipype.workflow INFO:
	 [Node] Finished "fmriprep_wf.single_subject_pixar001_wf.func_preproc_task_pixar_wf.bold_reg_wf.bbreg_wf.lta_ras2ras".
240516-17:20:00,424 nipype.workflow INFO:
	 [Node] Setting-up "fmriprep_wf.single_subject_pixar001_wf.func_preproc_task_pixar_wf.bold_reg_wf.bbreg_wf.compare_transforms" in "/gpfs/milgram/scratch60/turk-browne/aa2842/scratch60/workdir/fmriprep_wf/single_subject_pixar001_wf/func_preproc_task_pixar_wf/bold_reg_wf/bbreg_wf/compare_transforms".
240516-17:20:00,428 nipype.workflow INFO:
	 [Node] Running "compare_transforms" ("nipype.interfaces.utility.wrappers.Function")
240516-17:20:00,452 nipype.workflow INFO:
	 [Node] Finished "fmriprep_wf.single_subject_pixar001_wf.func_preproc_task_pixar_wf.bold_reg_wf.bbreg_wf.compare_transforms".
240516-17:20:06,459 nipype.workflow INFO:
	 [Node] Setting-up "fmriprep_wf.single_subject_pixar001_wf.func_preproc_task_pixar_wf.bold_reg_wf.bbreg_wf.concat_xfm" in "/gpfs/milgram/scratch60/turk-browne/aa2842/scratch60/workdir/fmriprep_wf/single_subject_pixar001_wf/func_preproc_task_pixar_wf/bold_reg_wf/bbreg_wf/concat_xfm".
240516-17:20:06,463 nipype.workflow INFO:
	 [Node] Running "concat_xfm" ("niworkflows.interfaces.nitransforms.ConcatenateXFMs")
240516-17:20:06,470 nipype.workflow INFO:
	 [Node] Finished "fmriprep_wf.single_subject_pixar001_wf.func_preproc_task_pixar_wf.bold_reg_wf.bbreg_wf.concat_xfm".
240516-17:20:08,704 nipype.workflow INFO:
	 [Node] Setting-up "fmriprep_wf.single_subject_pixar001_wf.func_preproc_task_pixar_wf.bold_t1_trans_wf.mask_t1w_tfm" in "/gpfs/milgram/scratch60/turk-browne/aa2842/scratch60/workdir/fmriprep_wf/single_subject_pixar001_wf/func_preproc_task_pixar_wf/bold_t1_trans_wf/mask_t1w_tfm".
240516-17:20:08,740 nipype.workflow INFO:
	 [Node] Running "mask_t1w_tfm" ("niworkflows.interfaces.fixes.FixHeaderApplyTransforms"), a CommandLine Interface with command:
antsApplyTransforms --default-value 0 --float 0 --input /gpfs/milgram/scratch60/turk-browne/aa2842/scratch60/workdir/fmriprep_wf/single_subject_pixar001_wf/func_preproc_task_pixar_wf/initial_boldref_wf/enhance_and_skullstrip_bold_wf/combine_masks/ref_bold_corrected_brain_mask_maths.nii.gz --interpolation MultiLabel --output ref_bold_corrected_brain_mask_maths_trans.nii.gz --reference-image /gpfs/milgram/scratch60/turk-browne/aa2842/scratch60/workdir/fmriprep_wf/single_subject_pixar001_wf/func_preproc_task_pixar_wf/bold_t1_trans_wf/gen_ref/sub-pixar001_T1w_corrected_xform_masked_reference.nii.gz --transform /gpfs/milgram/scratch60/turk-browne/aa2842/scratch60/workdir/fmriprep_wf/single_subject_pixar001_wf/func_preproc_task_pixar_wf/bold_reg_wf/bbreg_wf/concat_xfm/out_fwd.tfm
240516-17:20:09,611 nipype.workflow INFO:
	 [Node] Finished "fmriprep_wf.single_subject_pixar001_wf.func_preproc_task_pixar_wf.bold_t1_trans_wf.mask_t1w_tfm".
240516-17:20:10,433 nipype.workflow INFO:
	 [Node] Setting-up "fmriprep_wf.single_subject_pixar001_wf.func_preproc_task_pixar_wf.bold_t1_trans_wf.bold_reference_wf.enhance_and_skullstrip_bold_wf.pre_mask_dilate" in "/gpfs/milgram/scratch60/turk-browne/aa2842/scratch60/workdir/fmriprep_wf/single_subject_pixar001_wf/func_preproc_task_pixar_wf/bold_t1_trans_wf/bold_reference_wf/enhance_and_skullstrip_bold_wf/pre_mask_dilate".
240516-17:20:10,434 nipype.workflow INFO:
	 [Node] Setting-up "_acc_msk_tfm0" in "/gpfs/milgram/scratch60/turk-browne/aa2842/scratch60/workdir/fmriprep_wf/single_subject_pixar001_wf/func_preproc_task_pixar_wf/bold_confounds_wf/acc_msk_tfm/mapflow/_acc_msk_tfm0".
240516-17:20:10,435 nipype.workflow INFO:
	 [Node] Setting-up "_acc_msk_tfm1" in "/gpfs/milgram/scratch60/turk-browne/aa2842/scratch60/workdir/fmriprep_wf/single_subject_pixar001_wf/func_preproc_task_pixar_wf/bold_confounds_wf/acc_msk_tfm/mapflow/_acc_msk_tfm1".
240516-17:20:10,436 nipype.workflow INFO:
	 [Node] Setting-up "_acc_msk_tfm2" in "/gpfs/milgram/scratch60/turk-browne/aa2842/scratch60/workdir/fmriprep_wf/single_subject_pixar001_wf/func_preproc_task_pixar_wf/bold_confounds_wf/acc_msk_tfm/mapflow/_acc_msk_tfm2".
240516-17:20:10,438 nipype.workflow INFO:
	 [Node] Running "_acc_msk_tfm0" ("niworkflows.interfaces.fixes.FixHeaderApplyTransforms"), a CommandLine Interface with command:
antsApplyTransforms --default-value 0 --float 0 --input /gpfs/milgram/scratch60/turk-browne/aa2842/scratch60/workdir/fmriprep_wf/single_subject_pixar001_wf/func_preproc_task_pixar_wf/bold_confounds_wf/acc_masks/acompcor_csf.nii.gz --interpolation Gaussian --output acompcor_csf_trans.nii.gz --reference-image /gpfs/milgram/scratch60/turk-browne/aa2842/scratch60/workdir/fmriprep_wf/single_subject_pixar001_wf/func_preproc_task_pixar_wf/final_boldref_wf/enhance_and_skullstrip_bold_wf/combine_masks/ref_bold_corrected_brain_mask_maths.nii.gz --transform /gpfs/milgram/scratch60/turk-browne/aa2842/scratch60/workdir/fmriprep_wf/single_subject_pixar001_wf/func_preproc_task_pixar_wf/bold_reg_wf/bbreg_wf/concat_xfm/out_inv.tfm
240516-17:20:10,439 nipype.workflow INFO:
	 [Node] Running "pre_mask_dilate" ("nipype.interfaces.fsl.maths.DilateImage"), a CommandLine Interface with command:
fslmaths -dt char /gpfs/milgram/scratch60/turk-browne/aa2842/scratch60/workdir/fmriprep_wf/single_subject_pixar001_wf/func_preproc_task_pixar_wf/bold_t1_trans_wf/mask_t1w_tfm/ref_bold_corrected_brain_mask_maths_trans.nii.gz -kernel sphere 3.0000 -dilF /gpfs/milgram/scratch60/turk-browne/aa2842/scratch60/workdir/fmriprep_wf/single_subject_pixar001_wf/func_preproc_task_pixar_wf/bold_t1_trans_wf/bold_reference_wf/enhance_and_skullstrip_bold_wf/pre_mask_dilate/ref_bold_corrected_brain_mask_maths_trans_dil.nii.gz
240516-17:20:10,439 nipype.workflow INFO:
	 [Node] Running "_acc_msk_tfm1" ("niworkflows.interfaces.fixes.FixHeaderApplyTransforms"), a CommandLine Interface with command:
antsApplyTransforms --default-value 0 --float 0 --input /gpfs/milgram/scratch60/turk-browne/aa2842/scratch60/workdir/fmriprep_wf/single_subject_pixar001_wf/func_preproc_task_pixar_wf/bold_confounds_wf/acc_masks/acompcor_wm.nii.gz --interpolation Gaussian --output acompcor_wm_trans.nii.gz --reference-image /gpfs/milgram/scratch60/turk-browne/aa2842/scratch60/workdir/fmriprep_wf/single_subject_pixar001_wf/func_preproc_task_pixar_wf/final_boldref_wf/enhance_and_skullstrip_bold_wf/combine_masks/ref_bold_corrected_brain_mask_maths.nii.gz --transform /gpfs/milgram/scratch60/turk-browne/aa2842/scratch60/workdir/fmriprep_wf/single_subject_pixar001_wf/func_preproc_task_pixar_wf/bold_reg_wf/bbreg_wf/concat_xfm/out_inv.tfm
240516-17:20:10,440 nipype.workflow INFO:
	 [Node] Running "_acc_msk_tfm2" ("niworkflows.interfaces.fixes.FixHeaderApplyTransforms"), a CommandLine Interface with command:
antsApplyTransforms --default-value 0 --float 0 --input /gpfs/milgram/scratch60/turk-browne/aa2842/scratch60/workdir/fmriprep_wf/single_subject_pixar001_wf/func_preproc_task_pixar_wf/bold_confounds_wf/acc_masks/acompcor_wmcsf.nii.gz --interpolation Gaussian --output acompcor_wmcsf_trans.nii.gz --reference-image /gpfs/milgram/scratch60/turk-browne/aa2842/scratch60/workdir/fmriprep_wf/single_subject_pixar001_wf/func_preproc_task_pixar_wf/final_boldref_wf/enhance_and_skullstrip_bold_wf/combine_masks/ref_bold_corrected_brain_mask_maths.nii.gz --transform /gpfs/milgram/scratch60/turk-browne/aa2842/scratch60/workdir/fmriprep_wf/single_subject_pixar001_wf/func_preproc_task_pixar_wf/bold_reg_wf/bbreg_wf/concat_xfm/out_inv.tfm
240516-17:20:10,563 nipype.workflow INFO:
	 [Node] Finished "fmriprep_wf.single_subject_pixar001_wf.func_preproc_task_pixar_wf.bold_t1_trans_wf.bold_reference_wf.enhance_and_skullstrip_bold_wf.pre_mask_dilate".
240516-17:20:10,809 nipype.workflow INFO:
	 [Node] Finished "_acc_msk_tfm1".
240516-17:20:10,819 nipype.workflow INFO:
	 [Node] Finished "_acc_msk_tfm2".
240516-17:20:10,856 nipype.workflow INFO:
	 [Node] Finished "_acc_msk_tfm0".
240516-17:20:12,438 nipype.workflow INFO:
	 [Node] Setting-up "fmriprep_wf.single_subject_pixar001_wf.func_preproc_task_pixar_wf.bold_confounds_wf.acc_msk_tfm" in "/gpfs/milgram/scratch60/turk-browne/aa2842/scratch60/workdir/fmriprep_wf/single_subject_pixar001_wf/func_preproc_task_pixar_wf/bold_confounds_wf/acc_msk_tfm".
240516-17:20:12,443 nipype.workflow INFO:
	 [Node] Setting-up "_acc_msk_tfm0" in "/gpfs/milgram/scratch60/turk-browne/aa2842/scratch60/workdir/fmriprep_wf/single_subject_pixar001_wf/func_preproc_task_pixar_wf/bold_confounds_wf/acc_msk_tfm/mapflow/_acc_msk_tfm0".
240516-17:20:12,444 nipype.workflow INFO:
	 [Node] Cached "_acc_msk_tfm0" - collecting precomputed outputs
240516-17:20:12,444 nipype.workflow INFO:
	 [Node] "_acc_msk_tfm0" found cached.
240516-17:20:12,445 nipype.workflow INFO:
	 [Node] Setting-up "_acc_msk_tfm1" in "/gpfs/milgram/scratch60/turk-browne/aa2842/scratch60/workdir/fmriprep_wf/single_subject_pixar001_wf/func_preproc_task_pixar_wf/bold_confounds_wf/acc_msk_tfm/mapflow/_acc_msk_tfm1".
240516-17:20:12,446 nipype.workflow INFO:
	 [Node] Cached "_acc_msk_tfm1" - collecting precomputed outputs
240516-17:20:12,446 nipype.workflow INFO:
	 [Node] "_acc_msk_tfm1" found cached.
240516-17:20:12,447 nipype.workflow INFO:
	 [Node] Setting-up "_acc_msk_tfm2" in "/gpfs/milgram/scratch60/turk-browne/aa2842/scratch60/workdir/fmriprep_wf/single_subject_pixar001_wf/func_preproc_task_pixar_wf/bold_confounds_wf/acc_msk_tfm/mapflow/_acc_msk_tfm2".
240516-17:20:12,448 nipype.workflow INFO:
	 [Node] Cached "_acc_msk_tfm2" - collecting precomputed outputs
240516-17:20:12,448 nipype.workflow INFO:
	 [Node] "_acc_msk_tfm2" found cached.
240516-17:20:12,450 nipype.workflow INFO:
	 [Node] Finished "fmriprep_wf.single_subject_pixar001_wf.func_preproc_task_pixar_wf.bold_confounds_wf.acc_msk_tfm".
240516-17:20:16,439 nipype.workflow INFO:
	 [Node] Setting-up "_acc_msk_brain0" in "/gpfs/milgram/scratch60/turk-browne/aa2842/scratch60/workdir/fmriprep_wf/single_subject_pixar001_wf/func_preproc_task_pixar_wf/bold_confounds_wf/acc_msk_brain/mapflow/_acc_msk_brain0".
240516-17:20:16,439 nipype.workflow INFO:
	 [Node] Setting-up "_acc_msk_brain1" in "/gpfs/milgram/scratch60/turk-browne/aa2842/scratch60/workdir/fmriprep_wf/single_subject_pixar001_wf/func_preproc_task_pixar_wf/bold_confounds_wf/acc_msk_brain/mapflow/_acc_msk_brain1".
240516-17:20:16,441 nipype.workflow INFO:
	 [Node] Setting-up "_acc_msk_brain2" in "/gpfs/milgram/scratch60/turk-browne/aa2842/scratch60/workdir/fmriprep_wf/single_subject_pixar001_wf/func_preproc_task_pixar_wf/bold_confounds_wf/acc_msk_brain/mapflow/_acc_msk_brain2".
240516-17:20:16,442 nipype.workflow INFO:
	 [Node] Running "_acc_msk_brain0" ("niworkflows.interfaces.nibabel.ApplyMask")
240516-17:20:16,442 nipype.workflow INFO:
	 [Node] Running "_acc_msk_brain1" ("niworkflows.interfaces.nibabel.ApplyMask")
240516-17:20:16,444 nipype.workflow INFO:
	 [Node] Running "_acc_msk_brain2" ("niworkflows.interfaces.nibabel.ApplyMask")
240516-17:20:16,471 nipype.workflow INFO:
	 [Node] Finished "_acc_msk_brain2".
240516-17:20:16,472 nipype.workflow INFO:
	 [Node] Finished "_acc_msk_brain1".
240516-17:20:16,478 nipype.workflow INFO:
	 [Node] Finished "_acc_msk_brain0".
240516-17:20:18,444 nipype.workflow INFO:
	 [Node] Setting-up "fmriprep_wf.single_subject_pixar001_wf.func_preproc_task_pixar_wf.bold_confounds_wf.acc_msk_brain" in "/gpfs/milgram/scratch60/turk-browne/aa2842/scratch60/workdir/fmriprep_wf/single_subject_pixar001_wf/func_preproc_task_pixar_wf/bold_confounds_wf/acc_msk_brain".
240516-17:20:18,448 nipype.workflow INFO:
	 [Node] Setting-up "_acc_msk_brain0" in "/gpfs/milgram/scratch60/turk-browne/aa2842/scratch60/workdir/fmriprep_wf/single_subject_pixar001_wf/func_preproc_task_pixar_wf/bold_confounds_wf/acc_msk_brain/mapflow/_acc_msk_brain0".
240516-17:20:18,449 nipype.workflow INFO:
	 [Node] Cached "_acc_msk_brain0" - collecting precomputed outputs
240516-17:20:18,449 nipype.workflow INFO:
	 [Node] "_acc_msk_brain0" found cached.
240516-17:20:18,449 nipype.workflow INFO:
	 [Node] Setting-up "_acc_msk_brain1" in "/gpfs/milgram/scratch60/turk-browne/aa2842/scratch60/workdir/fmriprep_wf/single_subject_pixar001_wf/func_preproc_task_pixar_wf/bold_confounds_wf/acc_msk_brain/mapflow/_acc_msk_brain1".
240516-17:20:18,450 nipype.workflow INFO:
	 [Node] Cached "_acc_msk_brain1" - collecting precomputed outputs
240516-17:20:18,450 nipype.workflow INFO:
	 [Node] "_acc_msk_brain1" found cached.
240516-17:20:18,451 nipype.workflow INFO:
	 [Node] Setting-up "_acc_msk_brain2" in "/gpfs/milgram/scratch60/turk-browne/aa2842/scratch60/workdir/fmriprep_wf/single_subject_pixar001_wf/func_preproc_task_pixar_wf/bold_confounds_wf/acc_msk_brain/mapflow/_acc_msk_brain2".
240516-17:20:18,452 nipype.workflow INFO:
	 [Node] Cached "_acc_msk_brain2" - collecting precomputed outputs
240516-17:20:18,452 nipype.workflow INFO:
	 [Node] "_acc_msk_brain2" found cached.
240516-17:20:18,453 nipype.workflow INFO:
	 [Node] Finished "fmriprep_wf.single_subject_pixar001_wf.func_preproc_task_pixar_wf.bold_confounds_wf.acc_msk_brain".
240516-17:20:22,445 nipype.workflow INFO:
	 [Node] Setting-up "_acc_msk_bin0" in "/gpfs/milgram/scratch60/turk-browne/aa2842/scratch60/workdir/fmriprep_wf/single_subject_pixar001_wf/func_preproc_task_pixar_wf/bold_confounds_wf/acc_msk_bin/mapflow/_acc_msk_bin0".
240516-17:20:22,445 nipype.workflow INFO:
	 [Node] Setting-up "_acc_msk_bin1" in "/gpfs/milgram/scratch60/turk-browne/aa2842/scratch60/workdir/fmriprep_wf/single_subject_pixar001_wf/func_preproc_task_pixar_wf/bold_confounds_wf/acc_msk_bin/mapflow/_acc_msk_bin1".
240516-17:20:22,446 nipype.workflow INFO:
	 [Node] Setting-up "_acc_msk_bin2" in "/gpfs/milgram/scratch60/turk-browne/aa2842/scratch60/workdir/fmriprep_wf/single_subject_pixar001_wf/func_preproc_task_pixar_wf/bold_confounds_wf/acc_msk_bin/mapflow/_acc_msk_bin2".
240516-17:20:22,448 nipype.workflow INFO:
	 [Node] Running "_acc_msk_bin0" ("niworkflows.interfaces.nibabel.Binarize")
240516-17:20:22,449 nipype.workflow INFO:
	 [Node] Running "_acc_msk_bin1" ("niworkflows.interfaces.nibabel.Binarize")
240516-17:20:22,449 nipype.workflow INFO:
	 [Node] Running "_acc_msk_bin2" ("niworkflows.interfaces.nibabel.Binarize")
240516-17:20:22,469 nipype.workflow INFO:
	 [Node] Finished "_acc_msk_bin1".
240516-17:20:22,469 nipype.workflow INFO:
	 [Node] Finished "_acc_msk_bin2".
240516-17:20:22,473 nipype.workflow INFO:
	 [Node] Finished "_acc_msk_bin0".
240516-17:20:24,449 nipype.workflow INFO:
	 [Node] Setting-up "fmriprep_wf.single_subject_pixar001_wf.func_preproc_task_pixar_wf.bold_confounds_wf.acc_msk_bin" in "/gpfs/milgram/scratch60/turk-browne/aa2842/scratch60/workdir/fmriprep_wf/single_subject_pixar001_wf/func_preproc_task_pixar_wf/bold_confounds_wf/acc_msk_bin".
240516-17:20:24,453 nipype.workflow INFO:
	 [Node] Setting-up "_acc_msk_bin0" in "/gpfs/milgram/scratch60/turk-browne/aa2842/scratch60/workdir/fmriprep_wf/single_subject_pixar001_wf/func_preproc_task_pixar_wf/bold_confounds_wf/acc_msk_bin/mapflow/_acc_msk_bin0".
240516-17:20:24,454 nipype.workflow INFO:
	 [Node] Cached "_acc_msk_bin0" - collecting precomputed outputs
240516-17:20:24,454 nipype.workflow INFO:
	 [Node] "_acc_msk_bin0" found cached.
240516-17:20:24,454 nipype.workflow INFO:
	 [Node] Setting-up "_acc_msk_bin1" in "/gpfs/milgram/scratch60/turk-browne/aa2842/scratch60/workdir/fmriprep_wf/single_subject_pixar001_wf/func_preproc_task_pixar_wf/bold_confounds_wf/acc_msk_bin/mapflow/_acc_msk_bin1".
240516-17:20:24,455 nipype.workflow INFO:
	 [Node] Cached "_acc_msk_bin1" - collecting precomputed outputs
240516-17:20:24,455 nipype.workflow INFO:
	 [Node] "_acc_msk_bin1" found cached.
240516-17:20:24,455 nipype.workflow INFO:
	 [Node] Setting-up "_acc_msk_bin2" in "/gpfs/milgram/scratch60/turk-browne/aa2842/scratch60/workdir/fmriprep_wf/single_subject_pixar001_wf/func_preproc_task_pixar_wf/bold_confounds_wf/acc_msk_bin/mapflow/_acc_msk_bin2".
240516-17:20:24,456 nipype.workflow INFO:
	 [Node] Cached "_acc_msk_bin2" - collecting precomputed outputs
240516-17:20:24,456 nipype.workflow INFO:
	 [Node] "_acc_msk_bin2" found cached.
240516-17:20:24,458 nipype.workflow INFO:
	 [Node] Finished "fmriprep_wf.single_subject_pixar001_wf.func_preproc_task_pixar_wf.bold_confounds_wf.acc_msk_bin".
240516-17:20:26,615 nipype.workflow INFO:
	 [Node] Setting-up "fmriprep_wf.single_subject_pixar001_wf.func_preproc_task_pixar_wf.bold_confounds_wf.acompcor" in "/gpfs/milgram/scratch60/turk-browne/aa2842/scratch60/workdir/fmriprep_wf/single_subject_pixar001_wf/func_preproc_task_pixar_wf/bold_confounds_wf/acompcor".
240516-17:20:26,623 nipype.workflow INFO:
	 [Node] Running "acompcor" ("niworkflows.interfaces.patches.RobustACompCor")
240516-17:20:27,387 nipype.workflow INFO:
	 [Node] Finished "fmriprep_wf.single_subject_pixar001_wf.func_preproc_task_pixar_wf.bold_confounds_wf.acompcor".
240516-17:20:28,450 nipype.workflow INFO:
	 [Node] Setting-up "fmriprep_wf.single_subject_pixar001_wf.func_preproc_task_pixar_wf.bold_confounds_wf.rois_plot" in "/gpfs/milgram/scratch60/turk-browne/aa2842/scratch60/workdir/fmriprep_wf/single_subject_pixar001_wf/func_preproc_task_pixar_wf/bold_confounds_wf/rois_plot".
240516-17:20:28,456 nipype.workflow INFO:
	 [Node] Setting-up "fmriprep_wf.single_subject_pixar001_wf.func_preproc_task_pixar_wf.bold_confounds_wf.signals" in "/gpfs/milgram/scratch60/turk-browne/aa2842/scratch60/workdir/fmriprep_wf/single_subject_pixar001_wf/func_preproc_task_pixar_wf/bold_confounds_wf/signals".
240516-17:20:28,457 nipype.workflow INFO:
	 [Node] Running "rois_plot" ("niworkflows.interfaces.masks.ROIsPlot")
240516-17:20:28,475 nipype.workflow INFO:
	 [Node] Running "signals" ("niworkflows.interfaces.images.SignalExtraction")
240516-17:20:28,552 nipype.workflow INFO:
	 [Node] Setting-up "fmriprep_wf.single_subject_pixar001_wf.func_preproc_task_pixar_wf.bold_confounds_wf.acc_metadata_fmt" in "/gpfs/milgram/scratch60/turk-browne/aa2842/scratch60/workdir/fmriprep_wf/single_subject_pixar001_wf/func_preproc_task_pixar_wf/bold_confounds_wf/acc_metadata_fmt".
240516-17:20:28,556 nipype.workflow INFO:
	 [Node] Running "acc_metadata_fmt" ("niworkflows.interfaces.utils.TSV2JSON")
240516-17:20:28,693 nipype.workflow INFO:
	 [Node] Finished "fmriprep_wf.single_subject_pixar001_wf.func_preproc_task_pixar_wf.bold_confounds_wf.acc_metadata_fmt".
240516-17:20:29,24 nipype.workflow INFO:
	 [Node] Finished "fmriprep_wf.single_subject_pixar001_wf.func_preproc_task_pixar_wf.bold_confounds_wf.signals".
240516-17:20:30,459 nipype.workflow INFO:
	 [Node] Setting-up "fmriprep_wf.single_subject_pixar001_wf.func_preproc_task_pixar_wf.bold_confounds_wf.compcor_plot" in "/gpfs/milgram/scratch60/turk-browne/aa2842/scratch60/workdir/fmriprep_wf/single_subject_pixar001_wf/func_preproc_task_pixar_wf/bold_confounds_wf/compcor_plot".
240516-17:20:30,463 nipype.workflow INFO:
	 [Node] Running "compcor_plot" ("niworkflows.interfaces.plotting.CompCorVariancePlot")
240516-17:20:30,752 nipype.workflow INFO:
	 [Node] Finished "fmriprep_wf.single_subject_pixar001_wf.func_preproc_task_pixar_wf.bold_confounds_wf.compcor_plot".
240516-17:20:31,271 nipype.workflow INFO:
	 [Node] Finished "fmriprep_wf.single_subject_pixar001_wf.func_preproc_task_pixar_wf.bold_confounds_wf.rois_plot".
240516-17:20:32,940 nipype.workflow INFO:
	 [Node] Setting-up "fmriprep_wf.single_subject_pixar001_wf.func_preproc_task_pixar_wf.bold_confounds_wf.conf_corr_plot" in "/gpfs/milgram/scratch60/turk-browne/aa2842/scratch60/workdir/fmriprep_wf/single_subject_pixar001_wf/func_preproc_task_pixar_wf/bold_confounds_wf/conf_corr_plot".
240516-17:20:32,940 nipype.workflow INFO:
	 [Node] Setting-up "fmriprep_wf.single_subject_pixar001_wf.func_preproc_task_pixar_wf.bold_confounds_wf.model_expansion" in "/gpfs/milgram/scratch60/turk-browne/aa2842/scratch60/workdir/fmriprep_wf/single_subject_pixar001_wf/func_preproc_task_pixar_wf/bold_confounds_wf/model_expansion".
240516-17:20:32,952 nipype.workflow INFO:
	 [Node] Running "model_expansion" ("niworkflows.interfaces.confounds.ExpandModel")
240516-17:20:32,960 nipype.workflow INFO:
	 [Node] Running "conf_corr_plot" ("niworkflows.interfaces.plotting.ConfoundsCorrelationPlot")
240516-17:20:32,983 nipype.workflow INFO:
	 [Node] Finished "fmriprep_wf.single_subject_pixar001_wf.func_preproc_task_pixar_wf.bold_confounds_wf.model_expansion".
240516-17:20:33,397 nipype.workflow INFO:
	 [Node] Finished "fmriprep_wf.single_subject_pixar001_wf.func_preproc_task_pixar_wf.bold_confounds_wf.conf_corr_plot".
240516-17:20:34,555 nipype.workflow INFO:
	 [Node] Setting-up "fmriprep_wf.single_subject_pixar001_wf.func_preproc_task_pixar_wf.bold_confounds_wf.spike_regressors" in "/gpfs/milgram/scratch60/turk-browne/aa2842/scratch60/workdir/fmriprep_wf/single_subject_pixar001_wf/func_preproc_task_pixar_wf/bold_confounds_wf/spike_regressors".
240516-17:20:34,558 nipype.workflow INFO:
	 [Node] Running "spike_regressors" ("niworkflows.interfaces.confounds.SpikeRegressors")
240516-17:20:34,583 nipype.workflow INFO:
	 [Node] Finished "fmriprep_wf.single_subject_pixar001_wf.func_preproc_task_pixar_wf.bold_confounds_wf.spike_regressors".
240516-17:31:37,287 nipype.workflow INFO:
	 [Node] Finished "_midthickness1".
240516-17:31:50,60 nipype.workflow INFO:
	 [Node] Finished "_midthickness0".
240516-17:31:51,114 nipype.workflow INFO:
	 [Node] Setting-up "fmriprep_wf.single_subject_pixar001_wf.anat_preproc_wf.anat_norm_wf.registration" in "/gpfs/milgram/scratch60/turk-browne/aa2842/scratch60/workdir/fmriprep_wf/single_subject_pixar001_wf/anat_preproc_wf/anat_norm_wf/_template_MNI152NLin2009cAsym/registration".
exception calling callback for <Future at 0x150cfba4ce10 state=finished raised FileNotFoundError>
concurrent.futures.process._RemoteTraceback: 
"""
Traceback (most recent call last):
  File "/usr/local/miniconda/lib/python3.7/site-packages/nipype/interfaces/base/traits_extension.py", line 129, in validate
    value = Path(value)  # Use pathlib's validation
  File "/usr/local/miniconda/lib/python3.7/pathlib.py", line 994, in __new__
    self = cls._from_parts(args, init=False)
  File "/usr/local/miniconda/lib/python3.7/pathlib.py", line 649, in _from_parts
    drv, root, parts = self._parse_args(args)
  File "/usr/local/miniconda/lib/python3.7/pathlib.py", line 633, in _parse_args
    a = os.fspath(a)
TypeError: expected str, bytes or os.PathLike object, not list

During handling of the above exception, another exception occurred:

Traceback (most recent call last):
  File "/usr/local/miniconda/lib/python3.7/site-packages/nipype/pipeline/plugins/multiproc.py", line 67, in run_node
    result["result"] = node.run(updatehash=updatehash)
  File "/usr/local/miniconda/lib/python3.7/site-packages/nipype/pipeline/engine/nodes.py", line 486, in run
    self._get_hashval()
  File "/usr/local/miniconda/lib/python3.7/site-packages/nipype/pipeline/engine/nodes.py", line 538, in _get_hashval
    self._get_inputs()
  File "/usr/local/miniconda/lib/python3.7/site-packages/nipype/pipeline/engine/nodes.py", line 609, in _get_inputs
    self.set_input(key, deepcopy(output_value))
  File "/usr/local/miniconda/lib/python3.7/site-packages/nipype/pipeline/engine/nodes.py", line 302, in set_input
    setattr(self.inputs, parameter, deepcopy(val))
  File "/usr/local/miniconda/lib/python3.7/site-packages/nipype/interfaces/base/traits_extension.py", line 330, in validate
    value = super(File, self).validate(objekt, name, value, return_pathlike=True)
  File "/usr/local/miniconda/lib/python3.7/site-packages/nipype/interfaces/base/traits_extension.py", line 131, in validate
    self.error(objekt, name, str(value))
  File "/usr/local/miniconda/lib/python3.7/site-packages/traits/trait_handlers.py", line 172, in error
    value )
traits.trait_errors.TraitError: The 'lesion_mask' trait of a _RobustMNINormalizationInputSpec instance must be a pathlike object or string representing an existing file, but a value of "['/gpfs/milgram/data/PartlyCloudy/preprocessed/fmriprep/sub-pixar001/anat/sub-pixar001_T1w_label-aparcaseg_roi.nii.gz', '/gpfs/milgram/data/PartlyCloudy/preprocessed/fmriprep/sub-pixar001/anat/sub-pixar001_T1w_label-aseg_roi.nii.gz', '/gpfs/milgram/data/PartlyCloudy/preprocessed_data/fmriprep/sub-pixar001/anat/sub-pixar001_T1w_label-aparcaseg_roi.nii.gz', '/gpfs/milgram/data/PartlyCloudy/preprocessed_data/fmriprep/sub-pixar001/anat/sub-pixar001_T1w_label-aseg_roi.nii.gz']" <class 'str'> was specified.

Error setting node input:
Node: registration
input: lesion_mask
results_file: /gpfs/milgram/scratch60/turk-browne/aa2842/scratch60/workdir/fmriprep_wf/single_subject_pixar001_wf/bidssrc/result_bidssrc.pklz
value: ['/gpfs/milgram/data/PartlyCloudy/preprocessed/fmriprep/sub-pixar001/anat/sub-pixar001_T1w_label-aparcaseg_roi.nii.gz', '/gpfs/milgram/data/PartlyCloudy/preprocessed/fmriprep/sub-pixar001/anat/sub-pixar001_T1w_label-aseg_roi.nii.gz', '/gpfs/milgram/data/PartlyCloudy/preprocessed_data/fmriprep/sub-pixar001/anat/sub-pixar001_T1w_label-aparcaseg_roi.nii.gz', '/gpfs/milgram/data/PartlyCloudy/preprocessed_data/fmriprep/sub-pixar001/anat/sub-pixar001_T1w_label-aseg_roi.nii.gz']

During handling of the above exception, another exception occurred:

Traceback (most recent call last):
  File "/usr/local/miniconda/lib/python3.7/concurrent/futures/process.py", line 232, in _process_worker
    r = call_item.fn(*call_item.args, **call_item.kwargs)
  File "/usr/local/miniconda/lib/python3.7/site-packages/nipype/pipeline/plugins/multiproc.py", line 70, in run_node
    result["result"] = node.result
  File "/usr/local/miniconda/lib/python3.7/site-packages/nipype/pipeline/engine/nodes.py", line 217, in result
    op.join(self.output_dir(), "result_%s.pklz" % self.name)
  File "/usr/local/miniconda/lib/python3.7/site-packages/nipype/pipeline/engine/utils.py", line 291, in load_resultfile
    raise FileNotFoundError(results_file)
FileNotFoundError: /gpfs/milgram/scratch60/turk-browne/aa2842/scratch60/workdir/fmriprep_wf/single_subject_pixar001_wf/anat_preproc_wf/anat_norm_wf/_template_MNI152NLin2009cAsym/registration/result_registration.pklz
"""

The above exception was the direct cause of the following exception:

Traceback (most recent call last):
  File "/usr/local/miniconda/lib/python3.7/concurrent/futures/_base.py", line 324, in _invoke_callbacks
    callback(self)
  File "/usr/local/miniconda/lib/python3.7/site-packages/nipype/pipeline/plugins/multiproc.py", line 159, in _async_callback
    result = args.result()
  File "/usr/local/miniconda/lib/python3.7/concurrent/futures/_base.py", line 425, in result
    return self.__get_result()
  File "/usr/local/miniconda/lib/python3.7/concurrent/futures/_base.py", line 384, in __get_result
    raise self._exception
FileNotFoundError: /gpfs/milgram/scratch60/turk-browne/aa2842/scratch60/workdir/fmriprep_wf/single_subject_pixar001_wf/anat_preproc_wf/anat_norm_wf/_template_MNI152NLin2009cAsym/registration/result_registration.pklz
slurmstepd: error: *** JOB 26939690 ON r811u32n03 CANCELLED AT 2024-05-17T14:39:13 ***
