pixar002 /gpfs/milgram/data/PartlyCloudy/ /gpfs/milgram/scratch60/turk-browne/aa2842/scratch60/derivatives
/usr/local/miniconda/lib/python3.7/site-packages/bids/layout/validation.py:46: UserWarning: The ability to pass arguments to BIDSLayout that control indexing is likely to be removed in future; possibly as early as PyBIDS 0.14. This includes the `config_filename`, `ignore`, `force_index`, and `index_metadata` arguments. The recommended usage pattern is to initialize a new BIDSLayoutIndexer with these arguments, and pass it to the BIDSLayout via the `indexer` argument.
  warnings.warn("The ability to pass arguments to BIDSLayout that control "
You are using fMRIPrep-20.2.1, and a newer version of fMRIPrep is available: 23.2.2.
Please check out our documentation about how and when to upgrade:
https://fmriprep.readthedocs.io/en/latest/faq.html#upgrading
WARNING: Version 20.2.1 of fMRIPrep (current) has been FLAGGED
(reason: Functional outputs in standard space can be wrong depending on the original data's orientation headers - see https://github.com/nipreps/fmriprep/issues/2307).
That means some severe flaw was found in it and we strongly
discourage its usage.
240517-15:09:04,25 nipype.workflow WARNING:
	 Previous output generated by version 0+unknown found.
240517-15:09:40,425 nipype.workflow IMPORTANT:
	 
    Running fMRIPREP version 20.2.1:
      * BIDS dataset path: /gpfs/milgram/data/PartlyCloudy.
      * Participant list: ['pixar002'].
      * Run identifier: 20240517-150233_b07aa7e8-35ee-4ef9-bb82-472094c10a52.
      * Output spaces: MNI152Lin:res-native.
      * Pre-run FreeSurfer's SUBJECTS_DIR: /gpfs/milgram/scratch60/turk-browne/aa2842/scratch60/derivatives/freesurfer.
240517-15:09:48,940 nipype.workflow INFO:
	 No single-band-reference found for sub-pixar002_task-pixar_bold.nii.gz.
240517-15:09:52,327 nipype.workflow INFO:
	 fMRIPrep workflow graph with 316 nodes built successfully.
240517-15:10:03,609 nipype.workflow IMPORTANT:
	 fMRIPrep started!
240517-15:10:08,997 nipype.workflow INFO:
	 [Node] Setting-up "fmriprep_wf.single_subject_pixar002_wf.func_preproc_task_pixar_wf.func_derivatives_wf.raw_sources" in "/gpfs/milgram/scratch60/turk-browne/aa2842/scratch60/workdir/fmriprep_wf/single_subject_pixar002_wf/func_preproc_task_pixar_wf/func_derivatives_wf/raw_sources".
240517-15:10:09,0 nipype.workflow INFO:
	 [Node] Running "raw_sources" ("nipype.interfaces.utility.wrappers.Function")
240517-15:10:09,4 nipype.workflow INFO:
	 [Node] Finished "fmriprep_wf.single_subject_pixar002_wf.func_preproc_task_pixar_wf.func_derivatives_wf.raw_sources".
240517-15:10:09,20 nipype.workflow INFO:
	 [Node] Setting-up "fmriprep_wf.single_subject_pixar002_wf.anat_preproc_wf.brain_extraction_wf.full_wm" in "/gpfs/milgram/scratch60/turk-browne/aa2842/scratch60/workdir/fmriprep_wf/single_subject_pixar002_wf/anat_preproc_wf/brain_extraction_wf/full_wm".
240517-15:10:09,24 nipype.workflow INFO:
	 [Node] Running "full_wm" ("nipype.interfaces.utility.wrappers.Function")
240517-15:10:09,94 nipype.workflow INFO:
	 [Node] Setting-up "fmriprep_wf.single_subject_pixar002_wf.anat_preproc_wf.brain_extraction_wf.lap_tmpl" in "/gpfs/milgram/scratch60/turk-browne/aa2842/scratch60/workdir/fmriprep_wf/single_subject_pixar002_wf/anat_preproc_wf/brain_extraction_wf/lap_tmpl".
240517-15:10:09,98 nipype.workflow INFO:
	 [Node] Running "lap_tmpl" ("nipype.interfaces.ants.utils.ImageMath"), a CommandLine Interface with command:
ImageMath 3 tpl-OASIS30ANTs_res-01_T1w_maths.nii.gz Laplacian /home/aa2842/.cache/templateflow/tpl-OASIS30ANTs/tpl-OASIS30ANTs_res-01_T1w.nii.gz 1.5 1
240517-15:10:09,842 nipype.workflow INFO:
	 [Node] Finished "fmriprep_wf.single_subject_pixar002_wf.anat_preproc_wf.brain_extraction_wf.full_wm".
240517-15:10:10,125 nipype.workflow INFO:
	 [Node] Setting-up "fmriprep_wf.single_subject_pixar002_wf.anat_preproc_wf.brain_extraction_wf.res_tmpl" in "/gpfs/milgram/scratch60/turk-browne/aa2842/scratch60/workdir/fmriprep_wf/single_subject_pixar002_wf/anat_preproc_wf/brain_extraction_wf/res_tmpl".
240517-15:10:10,130 nipype.workflow INFO:
	 [Node] Running "res_tmpl" ("niworkflows.interfaces.images.RegridToZooms")
240517-15:10:10,267 nipype.workflow INFO:
	 [Node] Setting-up "fmriprep_wf.single_subject_pixar002_wf.func_preproc_task_pixar_wf.initial_boldref_wf.val_bold" in "/gpfs/milgram/scratch60/turk-browne/aa2842/scratch60/workdir/fmriprep_wf/single_subject_pixar002_wf/func_preproc_task_pixar_wf/initial_boldref_wf/val_bold".
240517-15:10:10,272 nipype.workflow INFO:
	 [Node] Setting-up "_val_bold0" in "/gpfs/milgram/scratch60/turk-browne/aa2842/scratch60/workdir/fmriprep_wf/single_subject_pixar002_wf/func_preproc_task_pixar_wf/initial_boldref_wf/val_bold/mapflow/_val_bold0".
240517-15:10:10,274 nipype.workflow INFO:
	 [Node] Setting-up "fmriprep_wf.single_subject_pixar002_wf.bidssrc" in "/gpfs/milgram/scratch60/turk-browne/aa2842/scratch60/workdir/fmriprep_wf/single_subject_pixar002_wf/bidssrc".
240517-15:10:10,274 nipype.workflow INFO:
	 [Node] Running "_val_bold0" ("niworkflows.interfaces.images.ValidateImage")
240517-15:10:10,289 nipype.workflow INFO:
	 [Node] Running "bidssrc" ("niworkflows.interfaces.bids.BIDSDataGrabber")
240517-15:10:10,290 nipype.interface INFO:
	 No "t2w" images found for sub-pixar002
240517-15:10:10,290 nipype.interface INFO:
	 No "flair" images found for sub-pixar002
240517-15:10:10,290 nipype.interface INFO:
	 No "fmap" images found for sub-pixar002
240517-15:10:10,290 nipype.interface INFO:
	 No "sbref" images found for sub-pixar002
240517-15:10:10,294 nipype.workflow INFO:
	 [Node] Finished "fmriprep_wf.single_subject_pixar002_wf.bidssrc".
240517-15:10:10,601 nipype.workflow INFO:
	 [Node] Finished "_val_bold0".
240517-15:10:10,603 nipype.workflow INFO:
	 [Node] Finished "fmriprep_wf.single_subject_pixar002_wf.func_preproc_task_pixar_wf.initial_boldref_wf.val_bold".
240517-15:10:11,432 nipype.workflow INFO:
	 [Node] Finished "fmriprep_wf.single_subject_pixar002_wf.anat_preproc_wf.brain_extraction_wf.res_tmpl".
240517-15:10:13,256 nipype.workflow INFO:
	 [Node] Setting-up "fmriprep_wf.single_subject_pixar002_wf.func_preproc_task_pixar_wf.initial_boldref_wf.gen_ref" in "/gpfs/milgram/scratch60/turk-browne/aa2842/scratch60/workdir/fmriprep_wf/single_subject_pixar002_wf/func_preproc_task_pixar_wf/initial_boldref_wf/gen_ref".
240517-15:10:13,259 nipype.workflow INFO:
	 [Node] Setting-up "fmriprep_wf.single_subject_pixar002_wf.anat_preproc_wf.anat_template_wf.t1w_ref_dimensions" in "/gpfs/milgram/scratch60/turk-browne/aa2842/scratch60/workdir/fmriprep_wf/single_subject_pixar002_wf/anat_preproc_wf/anat_template_wf/t1w_ref_dimensions".
240517-15:10:13,264 nipype.workflow INFO:
	 [Node] Running "gen_ref" ("niworkflows.interfaces.registration.EstimateReferenceImage")
240517-15:10:13,418 nipype.workflow INFO:
	 [Node] Running "t1w_ref_dimensions" ("niworkflows.interfaces.images.TemplateDimensions")
240517-15:10:13,504 nipype.workflow INFO:
	 [Node] Finished "fmriprep_wf.single_subject_pixar002_wf.anat_preproc_wf.anat_template_wf.t1w_ref_dimensions".
240517-15:10:13,546 nipype.workflow INFO:
	 [Node] Setting-up "fmriprep_wf.single_subject_pixar002_wf.bids_info" in "/gpfs/milgram/scratch60/turk-browne/aa2842/scratch60/workdir/fmriprep_wf/single_subject_pixar002_wf/bids_info".
240517-15:10:13,551 nipype.workflow INFO:
	 [Node] Running "bids_info" ("niworkflows.interfaces.bids.BIDSInfo")
240517-15:10:13,558 nipype.workflow INFO:
	 [Node] Finished "fmriprep_wf.single_subject_pixar002_wf.bids_info".
240517-15:10:13,725 nipype.workflow INFO:
	 [Node] Finished "fmriprep_wf.single_subject_pixar002_wf.func_preproc_task_pixar_wf.initial_boldref_wf.gen_ref".
240517-15:10:14,460 nipype.workflow INFO:
	 [Node] Setting-up "fmriprep_wf.single_subject_pixar002_wf.func_preproc_task_pixar_wf.initial_boldref_wf.enhance_and_skullstrip_bold_wf.init_aff" in "/gpfs/milgram/scratch60/turk-browne/aa2842/scratch60/workdir/fmriprep_wf/single_subject_pixar002_wf/func_preproc_task_pixar_wf/initial_boldref_wf/enhance_and_skullstrip_bold_wf/init_aff".
240517-15:10:14,477 nipype.workflow INFO:
	 [Node] Setting-up "fmriprep_wf.single_subject_pixar002_wf.func_preproc_task_pixar_wf.bold_split" in "/gpfs/milgram/scratch60/turk-browne/aa2842/scratch60/workdir/fmriprep_wf/single_subject_pixar002_wf/func_preproc_task_pixar_wf/bold_split".
240517-15:10:14,482 nipype.workflow INFO:
	 [Node] Running "bold_split" ("nipype.interfaces.fsl.utils.Split"), a CommandLine Interface with command:
fslsplit /gpfs/milgram/data/PartlyCloudy/sub-pixar002/func/sub-pixar002_task-pixar_bold.nii.gz -t
240517-15:10:14,482 nipype.workflow INFO:
	 [Node] Setting-up "fmriprep_wf.single_subject_pixar002_wf.func_preproc_task_pixar_wf.bold_hmc_wf.mcflirt" in "/gpfs/milgram/scratch60/turk-browne/aa2842/scratch60/workdir/fmriprep_wf/single_subject_pixar002_wf/func_preproc_task_pixar_wf/bold_hmc_wf/mcflirt".
240517-15:10:14,486 nipype.workflow INFO:
	 [Node] Setting-up "fmriprep_wf.single_subject_pixar002_wf.anat_preproc_wf.anat_derivatives_wf.raw_sources" in "/gpfs/milgram/scratch60/turk-browne/aa2842/scratch60/workdir/fmriprep_wf/single_subject_pixar002_wf/anat_preproc_wf/anat_derivatives_wf/raw_sources".
240517-15:10:15,242 nipype.workflow INFO:
	 [Node] Running "mcflirt" ("nipype.interfaces.fsl.preprocess.MCFLIRT"), a CommandLine Interface with command:
mcflirt -in /gpfs/milgram/data/PartlyCloudy/sub-pixar002/func/sub-pixar002_task-pixar_bold.nii.gz -out /gpfs/milgram/scratch60/turk-browne/aa2842/scratch60/workdir/fmriprep_wf/single_subject_pixar002_wf/func_preproc_task_pixar_wf/bold_hmc_wf/mcflirt/sub-pixar002_task-pixar_bold_mcf.nii.gz -reffile /gpfs/milgram/scratch60/turk-browne/aa2842/scratch60/workdir/fmriprep_wf/single_subject_pixar002_wf/func_preproc_task_pixar_wf/initial_boldref_wf/gen_ref/ref_bold.nii.gz -mats -plots -rmsabs -rmsrel
240517-15:10:15,319 nipype.workflow INFO:
	 [Node] Running "init_aff" ("nipype.interfaces.ants.utils.AI"), a CommandLine Interface with command:
antsAI -c [10,1e-06,10] -d 3 -x /home/aa2842/.cache/templateflow/tpl-MNI152NLin2009cAsym/tpl-MNI152NLin2009cAsym_res-02_desc-brain_mask.nii.gz -m Mattes[/home/aa2842/.cache/templateflow/tpl-MNI152NLin2009cAsym/tpl-MNI152NLin2009cAsym_res-02_desc-fMRIPrep_boldref.nii.gz,/gpfs/milgram/scratch60/turk-browne/aa2842/scratch60/workdir/fmriprep_wf/single_subject_pixar002_wf/func_preproc_task_pixar_wf/initial_boldref_wf/gen_ref/ref_bold.nii.gz,32,Regular,0.2] -o initialization.mat -p 0 -s [20,0.12] -g [40.0,0x40x40] -t Affine[0.1] -v 1
240517-15:10:15,362 nipype.workflow INFO:
	 [Node] Running "raw_sources" ("nipype.interfaces.utility.wrappers.Function")
240517-15:10:15,363 nipype.workflow INFO:
	 [Node] Setting-up "fmriprep_wf.single_subject_pixar002_wf.anat_preproc_wf.anat_template_wf.t1w_conform" in "/gpfs/milgram/scratch60/turk-browne/aa2842/scratch60/workdir/fmriprep_wf/single_subject_pixar002_wf/anat_preproc_wf/anat_template_wf/t1w_conform".
240517-15:10:15,366 nipype.workflow INFO:
	 [Node] Finished "fmriprep_wf.single_subject_pixar002_wf.anat_preproc_wf.anat_derivatives_wf.raw_sources".
240517-15:10:15,367 nipype.workflow INFO:
	 [Node] Setting-up "_t1w_conform0" in "/gpfs/milgram/scratch60/turk-browne/aa2842/scratch60/workdir/fmriprep_wf/single_subject_pixar002_wf/anat_preproc_wf/anat_template_wf/t1w_conform/mapflow/_t1w_conform0".
240517-15:10:15,370 nipype.workflow INFO:
	 [Node] Running "_t1w_conform0" ("niworkflows.interfaces.images.Conform")
240517-15:10:15,420 nipype.workflow INFO:
	 [Node] Finished "_t1w_conform0".
240517-15:10:15,422 nipype.workflow INFO:
	 [Node] Finished "fmriprep_wf.single_subject_pixar002_wf.anat_preproc_wf.anat_template_wf.t1w_conform".
240517-15:10:16,387 nipype.workflow INFO:
	 [Node] Setting-up "fmriprep_wf.single_subject_pixar002_wf.anat_preproc_wf.anat_template_wf.get1st" in "/gpfs/milgram/scratch60/turk-browne/aa2842/scratch60/workdir/fmriprep_wf/single_subject_pixar002_wf/anat_preproc_wf/anat_template_wf/get1st".
240517-15:10:17,172 nipype.workflow INFO:
	 [Node] Running "get1st" ("nipype.interfaces.utility.base.Select")
240517-15:10:17,175 nipype.workflow INFO:
	 [Node] Finished "fmriprep_wf.single_subject_pixar002_wf.anat_preproc_wf.anat_template_wf.get1st".
240517-15:10:18,50 nipype.workflow INFO:
	 [Node] Finished "fmriprep_wf.single_subject_pixar002_wf.anat_preproc_wf.brain_extraction_wf.lap_tmpl".
240517-15:10:18,148 nipype.workflow INFO:
	 [Node] Finished "fmriprep_wf.single_subject_pixar002_wf.func_preproc_task_pixar_wf.bold_split".
240517-15:10:18,280 nipype.workflow INFO:
	 [Node] Setting-up "fmriprep_wf.single_subject_pixar002_wf.anat_preproc_wf.brain_extraction_wf.mrg_tmpl" in "/gpfs/milgram/scratch60/turk-browne/aa2842/scratch60/workdir/fmriprep_wf/single_subject_pixar002_wf/anat_preproc_wf/brain_extraction_wf/mrg_tmpl".
240517-15:10:18,335 nipype.workflow INFO:
	 [Node] Running "mrg_tmpl" ("nipype.interfaces.utility.base.Merge")
240517-15:10:18,338 nipype.workflow INFO:
	 [Node] Finished "fmriprep_wf.single_subject_pixar002_wf.anat_preproc_wf.brain_extraction_wf.mrg_tmpl".
240517-15:10:19,21 nipype.workflow INFO:
	 [Node] Setting-up "fmriprep_wf.single_subject_pixar002_wf.func_preproc_task_pixar_wf.bold_std_trans_wf.gen_ref" in "/gpfs/milgram/scratch60/turk-browne/aa2842/scratch60/workdir/fmriprep_wf/single_subject_pixar002_wf/func_preproc_task_pixar_wf/bold_std_trans_wf/_std_target_MNI152NLin2009cAsym./gen_ref".
240517-15:10:19,31 nipype.workflow INFO:
	 [Node] Setting-up "fmriprep_wf.single_subject_pixar002_wf.func_preproc_task_pixar_wf.bold_std_trans_wf.gen_ref" in "/gpfs/milgram/scratch60/turk-browne/aa2842/scratch60/workdir/fmriprep_wf/single_subject_pixar002_wf/func_preproc_task_pixar_wf/bold_std_trans_wf/_std_target_MNI152Lin.resnative/gen_ref".
240517-15:10:19,36 nipype.workflow INFO:
	 [Node] Running "gen_ref" ("niworkflows.interfaces.utils.GenerateSamplingReference")
240517-15:10:19,39 nipype.workflow INFO:
	 [Node] Finished "fmriprep_wf.single_subject_pixar002_wf.func_preproc_task_pixar_wf.bold_std_trans_wf.gen_ref".
240517-15:10:19,46 nipype.workflow INFO:
	 [Node] Running "gen_ref" ("niworkflows.interfaces.utils.GenerateSamplingReference")
240517-15:10:19,181 nipype.workflow INFO:
	 [Node] Finished "fmriprep_wf.single_subject_pixar002_wf.func_preproc_task_pixar_wf.bold_std_trans_wf.gen_ref".
240517-15:10:20,276 nipype.workflow INFO:
	 [Node] Setting-up "fmriprep_wf.single_subject_pixar002_wf.anat_preproc_wf.brain_extraction_wf.truncate_images" in "/gpfs/milgram/scratch60/turk-browne/aa2842/scratch60/workdir/fmriprep_wf/single_subject_pixar002_wf/anat_preproc_wf/brain_extraction_wf/truncate_images".
240517-15:10:20,281 nipype.workflow INFO:
	 [Node] Setting-up "_truncate_images0" in "/gpfs/milgram/scratch60/turk-browne/aa2842/scratch60/workdir/fmriprep_wf/single_subject_pixar002_wf/anat_preproc_wf/brain_extraction_wf/truncate_images/mapflow/_truncate_images0".
240517-15:10:20,284 nipype.workflow INFO:
	 [Node] Running "_truncate_images0" ("nipype.interfaces.ants.utils.ImageMath"), a CommandLine Interface with command:
ImageMath 3 sub-pixar002_T1w_maths.nii.gz TruncateImageIntensity /gpfs/milgram/data/PartlyCloudy/sub-pixar002/anat/sub-pixar002_T1w.nii.gz 0.01 0.999 256
240517-15:10:22,522 nipype.workflow INFO:
	 [Node] Finished "_truncate_images0".
240517-15:10:22,523 nipype.workflow INFO:
	 [Node] Finished "fmriprep_wf.single_subject_pixar002_wf.anat_preproc_wf.brain_extraction_wf.truncate_images".
240517-15:10:31,112 nipype.workflow INFO:
	 [Node] Finished "fmriprep_wf.single_subject_pixar002_wf.func_preproc_task_pixar_wf.bold_hmc_wf.mcflirt".
240517-15:10:32,417 nipype.workflow INFO:
	 [Node] Setting-up "fmriprep_wf.single_subject_pixar002_wf.func_preproc_task_pixar_wf.bold_hmc_wf.normalize_motion" in "/gpfs/milgram/scratch60/turk-browne/aa2842/scratch60/workdir/fmriprep_wf/single_subject_pixar002_wf/func_preproc_task_pixar_wf/bold_hmc_wf/normalize_motion".
240517-15:10:32,433 nipype.workflow INFO:
	 [Node] Running "normalize_motion" ("niworkflows.interfaces.utils.NormalizeMotionParams")
240517-15:10:32,439 nipype.workflow INFO:
	 [Node] Finished "fmriprep_wf.single_subject_pixar002_wf.func_preproc_task_pixar_wf.bold_hmc_wf.normalize_motion".
240517-15:10:34,467 nipype.workflow INFO:
	 [Node] Setting-up "fmriprep_wf.single_subject_pixar002_wf.func_preproc_task_pixar_wf.bold_confounds_wf.fdisp" in "/gpfs/milgram/scratch60/turk-browne/aa2842/scratch60/workdir/fmriprep_wf/single_subject_pixar002_wf/func_preproc_task_pixar_wf/bold_confounds_wf/fdisp".
240517-15:10:34,471 nipype.workflow INFO:
	 [Node] Running "fdisp" ("nipype.algorithms.confounds.FramewiseDisplacement")
240517-15:10:34,476 nipype.workflow INFO:
	 [Node] Finished "fmriprep_wf.single_subject_pixar002_wf.func_preproc_task_pixar_wf.bold_confounds_wf.fdisp".
240517-15:10:36,293 nipype.workflow INFO:
	 [Node] Setting-up "fmriprep_wf.single_subject_pixar002_wf.func_preproc_task_pixar_wf.bold_hmc_wf.fsl2itk" in "/gpfs/milgram/scratch60/turk-browne/aa2842/scratch60/workdir/fmriprep_wf/single_subject_pixar002_wf/func_preproc_task_pixar_wf/bold_hmc_wf/fsl2itk".
240517-15:10:36,338 nipype.workflow INFO:
	 [Node] Running "fsl2itk" ("niworkflows.interfaces.itk.MCFLIRT2ITK")
240517-15:10:43,669 nipype.workflow INFO:
	 [Node] Finished "fmriprep_wf.single_subject_pixar002_wf.func_preproc_task_pixar_wf.initial_boldref_wf.enhance_and_skullstrip_bold_wf.init_aff".
240517-15:10:44,298 nipype.workflow INFO:
	 [Node] Setting-up "fmriprep_wf.single_subject_pixar002_wf.func_preproc_task_pixar_wf.initial_boldref_wf.enhance_and_skullstrip_bold_wf.norm" in "/gpfs/milgram/scratch60/turk-browne/aa2842/scratch60/workdir/fmriprep_wf/single_subject_pixar002_wf/func_preproc_task_pixar_wf/initial_boldref_wf/enhance_and_skullstrip_bold_wf/norm".
240517-15:10:44,305 nipype.workflow INFO:
	 [Node] Running "norm" ("niworkflows.interfaces.fixes.FixHeaderRegistration"), a CommandLine Interface with command:
antsRegistration --collapse-output-transforms 1 --dimensionality 3 --float 1 --initial-moving-transform [ /gpfs/milgram/scratch60/turk-browne/aa2842/scratch60/workdir/fmriprep_wf/single_subject_pixar002_wf/func_preproc_task_pixar_wf/initial_boldref_wf/enhance_and_skullstrip_bold_wf/init_aff/initialization.mat, 0 ] --initialize-transforms-per-stage 0 --interpolation Linear --output transform --transform Affine[ 0.1 ] --metric Mattes[ /home/aa2842/.cache/templateflow/tpl-MNI152NLin2009cAsym/tpl-MNI152NLin2009cAsym_res-02_desc-fMRIPrep_boldref.nii.gz, /gpfs/milgram/scratch60/turk-browne/aa2842/scratch60/workdir/fmriprep_wf/single_subject_pixar002_wf/func_preproc_task_pixar_wf/initial_boldref_wf/gen_ref/ref_bold.nii.gz, 1, 64, Random, 0.2 ] --convergence [ 200, 1e-09, 10 ] --smoothing-sigmas 2.0mm --shrink-factors 2 --use-estimate-learning-rate-once 1 --use-histogram-matching 1 --winsorize-image-intensities [ 0.05, 0.98 ]  --write-composite-transform 0
240517-15:10:45,128 nipype.workflow INFO:
	 [Node] Finished "fmriprep_wf.single_subject_pixar002_wf.func_preproc_task_pixar_wf.initial_boldref_wf.enhance_and_skullstrip_bold_wf.norm".
240517-15:10:46,305 nipype.workflow INFO:
	 [Node] Setting-up "fmriprep_wf.single_subject_pixar002_wf.func_preproc_task_pixar_wf.initial_boldref_wf.enhance_and_skullstrip_bold_wf.map_brainmask" in "/gpfs/milgram/scratch60/turk-browne/aa2842/scratch60/workdir/fmriprep_wf/single_subject_pixar002_wf/func_preproc_task_pixar_wf/initial_boldref_wf/enhance_and_skullstrip_bold_wf/map_brainmask".
240517-15:10:46,310 nipype.workflow INFO:
	 [Node] Running "map_brainmask" ("niworkflows.interfaces.fixes.FixHeaderApplyTransforms"), a CommandLine Interface with command:
antsApplyTransforms --default-value 0 --float 1 --input /home/aa2842/.cache/templateflow/tpl-MNI152NLin2009cAsym/tpl-MNI152NLin2009cAsym_res-01_label-brain_probseg.nii.gz --interpolation BSpline --output tpl-MNI152NLin2009cAsym_res-01_label-brain_probseg_trans.nii.gz --reference-image /gpfs/milgram/scratch60/turk-browne/aa2842/scratch60/workdir/fmriprep_wf/single_subject_pixar002_wf/func_preproc_task_pixar_wf/initial_boldref_wf/gen_ref/ref_bold.nii.gz --transform [ /gpfs/milgram/scratch60/turk-browne/aa2842/scratch60/workdir/fmriprep_wf/single_subject_pixar002_wf/func_preproc_task_pixar_wf/initial_boldref_wf/enhance_and_skullstrip_bold_wf/norm/transform0GenericAffine.mat, 1 ]
240517-15:10:47,224 nipype.workflow INFO:
	 [Node] Finished "fmriprep_wf.single_subject_pixar002_wf.func_preproc_task_pixar_wf.initial_boldref_wf.enhance_and_skullstrip_bold_wf.map_brainmask".
240517-15:10:47,597 nipype.workflow INFO:
	 [Node] Finished "fmriprep_wf.single_subject_pixar002_wf.func_preproc_task_pixar_wf.bold_hmc_wf.fsl2itk".
240517-15:10:48,394 nipype.workflow INFO:
	 [Node] Setting-up "fmriprep_wf.single_subject_pixar002_wf.anat_preproc_wf.brain_extraction_wf.inu_n4" in "/gpfs/milgram/scratch60/turk-browne/aa2842/scratch60/workdir/fmriprep_wf/single_subject_pixar002_wf/anat_preproc_wf/brain_extraction_wf/inu_n4".
240517-15:10:48,395 nipype.workflow INFO:
	 [Node] Setting-up "fmriprep_wf.single_subject_pixar002_wf.func_preproc_task_pixar_wf.initial_boldref_wf.enhance_and_skullstrip_bold_wf.binarize_mask" in "/gpfs/milgram/scratch60/turk-browne/aa2842/scratch60/workdir/fmriprep_wf/single_subject_pixar002_wf/func_preproc_task_pixar_wf/initial_boldref_wf/enhance_and_skullstrip_bold_wf/binarize_mask".
240517-15:10:48,398 nipype.workflow INFO:
	 [Node] Running "binarize_mask" ("niworkflows.interfaces.nibabel.Binarize")
240517-15:10:48,399 nipype.workflow INFO:
	 [Node] Setting-up "_inu_n40" in "/gpfs/milgram/scratch60/turk-browne/aa2842/scratch60/workdir/fmriprep_wf/single_subject_pixar002_wf/anat_preproc_wf/brain_extraction_wf/inu_n4/mapflow/_inu_n40".
240517-15:10:48,402 nipype.workflow INFO:
	 [Node] Running "_inu_n40" ("nipype.interfaces.ants.segmentation.N4BiasFieldCorrection"), a CommandLine Interface with command:
N4BiasFieldCorrection --bspline-fitting [ 200 ] -d 3 --input-image /gpfs/milgram/scratch60/turk-browne/aa2842/scratch60/workdir/fmriprep_wf/single_subject_pixar002_wf/anat_preproc_wf/brain_extraction_wf/truncate_images/mapflow/_truncate_images0/sub-pixar002_T1w_maths.nii.gz --convergence [ 50x50x50x50, 1e-07 ] --output sub-pixar002_T1w_maths_corrected.nii.gz --shrink-factor 4
240517-15:10:48,422 nipype.workflow INFO:
	 [Node] Finished "fmriprep_wf.single_subject_pixar002_wf.func_preproc_task_pixar_wf.initial_boldref_wf.enhance_and_skullstrip_bold_wf.binarize_mask".
240517-15:10:50,302 nipype.workflow INFO:
	 [Node] Setting-up "fmriprep_wf.single_subject_pixar002_wf.func_preproc_task_pixar_wf.bold_bold_trans_wf.bold_transform" in "/gpfs/milgram/scratch60/turk-browne/aa2842/scratch60/workdir/fmriprep_wf/single_subject_pixar002_wf/func_preproc_task_pixar_wf/bold_bold_trans_wf/bold_transform".
240517-15:10:50,341 nipype.workflow INFO:
	 [Node] Running "bold_transform" ("niworkflows.interfaces.itk.MultiApplyTransforms")
240517-15:11:00,379 nipype.workflow INFO:
	 [Node] Finished "_inu_n40".
240517-15:11:00,381 nipype.workflow INFO:
	 [Node] Finished "fmriprep_wf.single_subject_pixar002_wf.anat_preproc_wf.brain_extraction_wf.inu_n4".
240517-15:11:02,330 nipype.workflow INFO:
	 [Node] Setting-up "fmriprep_wf.single_subject_pixar002_wf.anat_preproc_wf.brain_extraction_wf.lap_target" in "/gpfs/milgram/scratch60/turk-browne/aa2842/scratch60/workdir/fmriprep_wf/single_subject_pixar002_wf/anat_preproc_wf/brain_extraction_wf/lap_target".
240517-15:11:02,334 nipype.workflow INFO:
	 [Node] Running "lap_target" ("nipype.interfaces.ants.utils.ImageMath"), a CommandLine Interface with command:
ImageMath 3 sub-pixar002_T1w_maths_corrected_maths.nii.gz Laplacian /gpfs/milgram/scratch60/turk-browne/aa2842/scratch60/workdir/fmriprep_wf/single_subject_pixar002_wf/anat_preproc_wf/brain_extraction_wf/inu_n4/mapflow/_inu_n40/sub-pixar002_T1w_maths_corrected.nii.gz 1.5 1
240517-15:11:02,358 nipype.workflow INFO:
	 [Node] Setting-up "fmriprep_wf.single_subject_pixar002_wf.func_preproc_task_pixar_wf.initial_boldref_wf.enhance_and_skullstrip_bold_wf.pre_mask_dilate" in "/gpfs/milgram/scratch60/turk-browne/aa2842/scratch60/workdir/fmriprep_wf/single_subject_pixar002_wf/func_preproc_task_pixar_wf/initial_boldref_wf/enhance_and_skullstrip_bold_wf/pre_mask_dilate".
240517-15:11:03,14 nipype.workflow INFO:
	 [Node] Running "pre_mask_dilate" ("nipype.interfaces.fsl.maths.DilateImage"), a CommandLine Interface with command:
fslmaths -dt char /gpfs/milgram/scratch60/turk-browne/aa2842/scratch60/workdir/fmriprep_wf/single_subject_pixar002_wf/func_preproc_task_pixar_wf/initial_boldref_wf/enhance_and_skullstrip_bold_wf/binarize_mask/tpl-MNI152NLin2009cAsym_res-01_label-brain_probseg_trans_mask.nii.gz -kernel sphere 3.0000 -dilF /gpfs/milgram/scratch60/turk-browne/aa2842/scratch60/workdir/fmriprep_wf/single_subject_pixar002_wf/func_preproc_task_pixar_wf/initial_boldref_wf/enhance_and_skullstrip_bold_wf/pre_mask_dilate/tpl-MNI152NLin2009cAsym_res-01_label-brain_probseg_trans_mask_dil.nii.gz
240517-15:11:03,75 nipype.workflow INFO:
	 [Node] Setting-up "fmriprep_wf.single_subject_pixar002_wf.anat_preproc_wf.brain_extraction_wf.res_target" in "/gpfs/milgram/scratch60/turk-browne/aa2842/scratch60/workdir/fmriprep_wf/single_subject_pixar002_wf/anat_preproc_wf/brain_extraction_wf/res_target".
240517-15:11:03,86 nipype.workflow INFO:
	 [Node] Running "res_target" ("niworkflows.interfaces.images.RegridToZooms")
240517-15:11:03,162 nipype.workflow INFO:
	 [Node] Finished "fmriprep_wf.single_subject_pixar002_wf.func_preproc_task_pixar_wf.initial_boldref_wf.enhance_and_skullstrip_bold_wf.pre_mask_dilate".
240517-15:11:03,739 nipype.workflow INFO:
	 [Node] Finished "fmriprep_wf.single_subject_pixar002_wf.anat_preproc_wf.brain_extraction_wf.res_target".
240517-15:11:06,325 nipype.workflow INFO:
	 [Node] Setting-up "fmriprep_wf.single_subject_pixar002_wf.func_preproc_task_pixar_wf.initial_boldref_wf.enhance_and_skullstrip_bold_wf.n4_correct" in "/gpfs/milgram/scratch60/turk-browne/aa2842/scratch60/workdir/fmriprep_wf/single_subject_pixar002_wf/func_preproc_task_pixar_wf/initial_boldref_wf/enhance_and_skullstrip_bold_wf/n4_correct".
240517-15:11:06,372 nipype.workflow INFO:
	 [Node] Running "n4_correct" ("niworkflows.interfaces.fixes.FixN4BiasFieldCorrection"), a CommandLine Interface with command:
N4BiasFieldCorrection --bspline-fitting [ 200 ] -d 3 --input-image /gpfs/milgram/scratch60/turk-browne/aa2842/scratch60/workdir/fmriprep_wf/single_subject_pixar002_wf/func_preproc_task_pixar_wf/initial_boldref_wf/gen_ref/ref_bold.nii.gz --mask-image /gpfs/milgram/scratch60/turk-browne/aa2842/scratch60/workdir/fmriprep_wf/single_subject_pixar002_wf/func_preproc_task_pixar_wf/initial_boldref_wf/enhance_and_skullstrip_bold_wf/check_hdr/tpl-MNI152NLin2009cAsym_res-01_label-brain_probseg_trans_mask_dil_hdr.nii.gz --output ref_bold_corrected.nii.gz -r
240517-15:11:06,525 nipype.workflow INFO:
	 [Node] Finished "fmriprep_wf.single_subject_pixar002_wf.anat_preproc_wf.brain_extraction_wf.lap_target".
240517-15:11:07,230 nipype.workflow INFO:
	 [Node] Finished "fmriprep_wf.single_subject_pixar002_wf.func_preproc_task_pixar_wf.initial_boldref_wf.enhance_and_skullstrip_bold_wf.n4_correct".
240517-15:11:08,311 nipype.workflow INFO:
	 [Node] Setting-up "fmriprep_wf.single_subject_pixar002_wf.func_preproc_task_pixar_wf.initial_boldref_wf.enhance_and_skullstrip_bold_wf.skullstrip_first_pass" in "/gpfs/milgram/scratch60/turk-browne/aa2842/scratch60/workdir/fmriprep_wf/single_subject_pixar002_wf/func_preproc_task_pixar_wf/initial_boldref_wf/enhance_and_skullstrip_bold_wf/skullstrip_first_pass".
240517-15:11:08,311 nipype.workflow INFO:
	 [Node] Setting-up "fmriprep_wf.single_subject_pixar002_wf.anat_preproc_wf.brain_extraction_wf.mrg_target" in "/gpfs/milgram/scratch60/turk-browne/aa2842/scratch60/workdir/fmriprep_wf/single_subject_pixar002_wf/anat_preproc_wf/brain_extraction_wf/mrg_target".
240517-15:11:08,315 nipype.workflow INFO:
	 [Node] Running "mrg_target" ("nipype.interfaces.utility.base.Merge")
240517-15:11:08,315 nipype.workflow INFO:
	 [Node] Running "skullstrip_first_pass" ("nipype.interfaces.fsl.preprocess.BET"), a CommandLine Interface with command:
bet /gpfs/milgram/scratch60/turk-browne/aa2842/scratch60/workdir/fmriprep_wf/single_subject_pixar002_wf/func_preproc_task_pixar_wf/initial_boldref_wf/enhance_and_skullstrip_bold_wf/n4_correct/ref_bold_corrected.nii.gz /gpfs/milgram/scratch60/turk-browne/aa2842/scratch60/workdir/fmriprep_wf/single_subject_pixar002_wf/func_preproc_task_pixar_wf/initial_boldref_wf/enhance_and_skullstrip_bold_wf/skullstrip_first_pass/ref_bold_corrected_brain.nii.gz -f 0.20 -m
240517-15:11:08,318 nipype.workflow INFO:
	 [Node] Finished "fmriprep_wf.single_subject_pixar002_wf.anat_preproc_wf.brain_extraction_wf.mrg_target".
240517-15:11:09,359 nipype.workflow INFO:
	 [Node] Finished "fmriprep_wf.single_subject_pixar002_wf.func_preproc_task_pixar_wf.initial_boldref_wf.enhance_and_skullstrip_bold_wf.skullstrip_first_pass".
240517-15:11:10,317 nipype.workflow INFO:
	 [Node] Setting-up "fmriprep_wf.single_subject_pixar002_wf.func_preproc_task_pixar_wf.initial_boldref_wf.enhance_and_skullstrip_bold_wf.skullstrip_first_dilate" in "/gpfs/milgram/scratch60/turk-browne/aa2842/scratch60/workdir/fmriprep_wf/single_subject_pixar002_wf/func_preproc_task_pixar_wf/initial_boldref_wf/enhance_and_skullstrip_bold_wf/skullstrip_first_dilate".
240517-15:11:10,321 nipype.workflow INFO:
	 [Node] Running "skullstrip_first_dilate" ("nipype.interfaces.fsl.maths.DilateImage"), a CommandLine Interface with command:
fslmaths -dt char /gpfs/milgram/scratch60/turk-browne/aa2842/scratch60/workdir/fmriprep_wf/single_subject_pixar002_wf/func_preproc_task_pixar_wf/initial_boldref_wf/enhance_and_skullstrip_bold_wf/skullstrip_first_pass/ref_bold_corrected_brain_mask.nii.gz -kernel sphere 6.0000 -dilF /gpfs/milgram/scratch60/turk-browne/aa2842/scratch60/workdir/fmriprep_wf/single_subject_pixar002_wf/func_preproc_task_pixar_wf/initial_boldref_wf/enhance_and_skullstrip_bold_wf/skullstrip_first_dilate/ref_bold_corrected_brain_mask_dil.nii.gz
240517-15:11:10,575 nipype.workflow INFO:
	 [Node] Finished "fmriprep_wf.single_subject_pixar002_wf.func_preproc_task_pixar_wf.initial_boldref_wf.enhance_and_skullstrip_bold_wf.skullstrip_first_dilate".
240517-15:11:12,40 nipype.workflow INFO:
	 [Node] Finished "fmriprep_wf.single_subject_pixar002_wf.func_preproc_task_pixar_wf.bold_bold_trans_wf.bold_transform".
240517-15:11:12,315 nipype.workflow INFO:
	 [Node] Setting-up "fmriprep_wf.single_subject_pixar002_wf.func_preproc_task_pixar_wf.initial_boldref_wf.enhance_and_skullstrip_bold_wf.skullstrip_first_mask" in "/gpfs/milgram/scratch60/turk-browne/aa2842/scratch60/workdir/fmriprep_wf/single_subject_pixar002_wf/func_preproc_task_pixar_wf/initial_boldref_wf/enhance_and_skullstrip_bold_wf/skullstrip_first_mask".
240517-15:11:12,315 nipype.workflow INFO:
	 [Node] Setting-up "fmriprep_wf.single_subject_pixar002_wf.anat_preproc_wf.brain_extraction_wf.init_aff" in "/gpfs/milgram/scratch60/turk-browne/aa2842/scratch60/workdir/fmriprep_wf/single_subject_pixar002_wf/anat_preproc_wf/brain_extraction_wf/init_aff".
240517-15:11:12,318 nipype.workflow INFO:
	 [Node] Running "skullstrip_first_mask" ("nipype.interfaces.fsl.maths.ApplyMask"), a CommandLine Interface with command:
fslmaths /gpfs/milgram/scratch60/turk-browne/aa2842/scratch60/workdir/fmriprep_wf/single_subject_pixar002_wf/func_preproc_task_pixar_wf/initial_boldref_wf/enhance_and_skullstrip_bold_wf/skullstrip_first_pass/ref_bold_corrected_brain.nii.gz -mas /gpfs/milgram/scratch60/turk-browne/aa2842/scratch60/workdir/fmriprep_wf/single_subject_pixar002_wf/func_preproc_task_pixar_wf/initial_boldref_wf/enhance_and_skullstrip_bold_wf/skullstrip_first_dilate/ref_bold_corrected_brain_mask_dil.nii.gz /gpfs/milgram/scratch60/turk-browne/aa2842/scratch60/workdir/fmriprep_wf/single_subject_pixar002_wf/func_preproc_task_pixar_wf/initial_boldref_wf/enhance_and_skullstrip_bold_wf/skullstrip_first_mask/ref_bold_corrected_brain_masked.nii.gz
240517-15:11:12,326 nipype.workflow INFO:
	 [Node] Running "init_aff" ("nipype.interfaces.ants.utils.AI"), a CommandLine Interface with command:
antsAI -c [10,1e-06,10] -d 3 -x /home/aa2842/.cache/templateflow/tpl-OASIS30ANTs/tpl-OASIS30ANTs_res-01_desc-BrainCerebellumExtraction_mask.nii.gz -m Mattes[/gpfs/milgram/scratch60/turk-browne/aa2842/scratch60/workdir/fmriprep_wf/single_subject_pixar002_wf/anat_preproc_wf/brain_extraction_wf/res_tmpl/tpl-OASIS30ANTs_res-01_T1w_regrid.nii.gz,/gpfs/milgram/scratch60/turk-browne/aa2842/scratch60/workdir/fmriprep_wf/single_subject_pixar002_wf/anat_preproc_wf/brain_extraction_wf/res_target/sub-pixar002_T1w_maths_corrected_regrid.nii.gz,32,Regular,0.25] -o initialization.mat -p 0 -s [15,0.1] -g [40.0,0x40x40] -t Affine[0.1] -v 1
240517-15:11:12,364 nipype.workflow INFO:
	 [Node] Setting-up "fmriprep_wf.single_subject_pixar002_wf.func_preproc_task_pixar_wf.bold_bold_trans_wf.merge" in "/gpfs/milgram/scratch60/turk-browne/aa2842/scratch60/workdir/fmriprep_wf/single_subject_pixar002_wf/func_preproc_task_pixar_wf/bold_bold_trans_wf/merge".
240517-15:11:12,401 nipype.workflow INFO:
	 [Node] Finished "fmriprep_wf.single_subject_pixar002_wf.func_preproc_task_pixar_wf.initial_boldref_wf.enhance_and_skullstrip_bold_wf.skullstrip_first_mask".
240517-15:11:12,427 nipype.workflow INFO:
	 [Node] Running "merge" ("niworkflows.interfaces.nilearn.Merge")
240517-15:11:14,316 nipype.workflow INFO:
	 [Node] Setting-up "fmriprep_wf.single_subject_pixar002_wf.func_preproc_task_pixar_wf.initial_boldref_wf.enhance_and_skullstrip_bold_wf.unifize" in "/gpfs/milgram/scratch60/turk-browne/aa2842/scratch60/workdir/fmriprep_wf/single_subject_pixar002_wf/func_preproc_task_pixar_wf/initial_boldref_wf/enhance_and_skullstrip_bold_wf/unifize".
240517-15:11:14,320 nipype.workflow INFO:
	 [Node] Running "unifize" ("nipype.interfaces.afni.utils.Unifize"), a CommandLine Interface with command:
3dUnifize -clfrac 0.2 -rbt 18.3 65.0 90.0 -prefix uni.nii.gz -T2 -input /gpfs/milgram/scratch60/turk-browne/aa2842/scratch60/workdir/fmriprep_wf/single_subject_pixar002_wf/func_preproc_task_pixar_wf/initial_boldref_wf/enhance_and_skullstrip_bold_wf/unifize/ref_bold_corrected_brain_masked.nii.gz
240517-15:11:15,804 nipype.workflow INFO:
	 [Node] Finished "fmriprep_wf.single_subject_pixar002_wf.func_preproc_task_pixar_wf.initial_boldref_wf.enhance_and_skullstrip_bold_wf.unifize".
240517-15:11:16,333 nipype.workflow INFO:
	 [Node] Setting-up "fmriprep_wf.single_subject_pixar002_wf.func_preproc_task_pixar_wf.initial_boldref_wf.enhance_and_skullstrip_bold_wf.fixhdr_unifize" in "/gpfs/milgram/scratch60/turk-browne/aa2842/scratch60/workdir/fmriprep_wf/single_subject_pixar002_wf/func_preproc_task_pixar_wf/initial_boldref_wf/enhance_and_skullstrip_bold_wf/fixhdr_unifize".
240517-15:11:16,337 nipype.workflow INFO:
	 [Node] Running "fixhdr_unifize" ("niworkflows.interfaces.utils.CopyXForm")
240517-15:11:16,368 nipype.workflow INFO:
	 [Node] Finished "fmriprep_wf.single_subject_pixar002_wf.func_preproc_task_pixar_wf.initial_boldref_wf.enhance_and_skullstrip_bold_wf.fixhdr_unifize".
240517-15:11:18,326 nipype.workflow INFO:
	 [Node] Setting-up "fmriprep_wf.single_subject_pixar002_wf.func_preproc_task_pixar_wf.initial_boldref_wf.enhance_and_skullstrip_bold_wf.skullstrip_second_pass" in "/gpfs/milgram/scratch60/turk-browne/aa2842/scratch60/workdir/fmriprep_wf/single_subject_pixar002_wf/func_preproc_task_pixar_wf/initial_boldref_wf/enhance_and_skullstrip_bold_wf/skullstrip_second_pass".
240517-15:11:18,330 nipype.workflow INFO:
	 [Node] Running "skullstrip_second_pass" ("nipype.interfaces.afni.preprocess.Automask"), a CommandLine Interface with command:
3dAutomask -apply_prefix uni_xform_masked.nii.gz -dilate 1 -prefix uni_xform_mask.nii.gz /gpfs/milgram/scratch60/turk-browne/aa2842/scratch60/workdir/fmriprep_wf/single_subject_pixar002_wf/func_preproc_task_pixar_wf/initial_boldref_wf/enhance_and_skullstrip_bold_wf/skullstrip_second_pass/uni_xform.nii.gz
240517-15:11:18,457 nipype.workflow INFO:
	 [Node] Finished "fmriprep_wf.single_subject_pixar002_wf.func_preproc_task_pixar_wf.initial_boldref_wf.enhance_and_skullstrip_bold_wf.skullstrip_second_pass".
240517-15:11:20,120 nipype.workflow INFO:
	 [Node] Finished "fmriprep_wf.single_subject_pixar002_wf.func_preproc_task_pixar_wf.bold_bold_trans_wf.merge".
240517-15:11:20,330 nipype.workflow INFO:
	 [Node] Setting-up "fmriprep_wf.single_subject_pixar002_wf.func_preproc_task_pixar_wf.final_boldref_wf.val_bold" in "/gpfs/milgram/scratch60/turk-browne/aa2842/scratch60/workdir/fmriprep_wf/single_subject_pixar002_wf/func_preproc_task_pixar_wf/final_boldref_wf/val_bold".
240517-15:11:20,330 nipype.workflow INFO:
	 [Node] Setting-up "fmriprep_wf.single_subject_pixar002_wf.func_preproc_task_pixar_wf.initial_boldref_wf.enhance_and_skullstrip_bold_wf.fixhdr_skullstrip2" in "/gpfs/milgram/scratch60/turk-browne/aa2842/scratch60/workdir/fmriprep_wf/single_subject_pixar002_wf/func_preproc_task_pixar_wf/initial_boldref_wf/enhance_and_skullstrip_bold_wf/fixhdr_skullstrip2".
240517-15:11:20,333 nipype.workflow INFO:
	 [Node] Setting-up "_val_bold0" in "/gpfs/milgram/scratch60/turk-browne/aa2842/scratch60/workdir/fmriprep_wf/single_subject_pixar002_wf/func_preproc_task_pixar_wf/final_boldref_wf/val_bold/mapflow/_val_bold0".
240517-15:11:20,334 nipype.workflow INFO:
	 [Node] Running "fixhdr_skullstrip2" ("niworkflows.interfaces.utils.CopyXForm")
240517-15:11:20,335 nipype.workflow INFO:
	 [Node] Running "_val_bold0" ("niworkflows.interfaces.images.ValidateImage")
240517-15:11:20,347 nipype.workflow INFO:
	 [Node] Finished "fmriprep_wf.single_subject_pixar002_wf.func_preproc_task_pixar_wf.initial_boldref_wf.enhance_and_skullstrip_bold_wf.fixhdr_skullstrip2".
240517-15:11:20,384 nipype.workflow INFO:
	 [Node] Finished "_val_bold0".
240517-15:11:20,385 nipype.workflow INFO:
	 [Node] Finished "fmriprep_wf.single_subject_pixar002_wf.func_preproc_task_pixar_wf.final_boldref_wf.val_bold".
240517-15:11:22,531 nipype.workflow INFO:
	 [Node] Setting-up "fmriprep_wf.single_subject_pixar002_wf.func_preproc_task_pixar_wf.final_boldref_wf.gen_ref" in "/gpfs/milgram/scratch60/turk-browne/aa2842/scratch60/workdir/fmriprep_wf/single_subject_pixar002_wf/func_preproc_task_pixar_wf/final_boldref_wf/gen_ref".
240517-15:11:22,532 nipype.workflow INFO:
	 [Node] Setting-up "fmriprep_wf.single_subject_pixar002_wf.func_preproc_task_pixar_wf.initial_boldref_wf.enhance_and_skullstrip_bold_wf.combine_masks" in "/gpfs/milgram/scratch60/turk-browne/aa2842/scratch60/workdir/fmriprep_wf/single_subject_pixar002_wf/func_preproc_task_pixar_wf/initial_boldref_wf/enhance_and_skullstrip_bold_wf/combine_masks".
240517-15:11:22,537 nipype.workflow INFO:
	 [Node] Running "combine_masks" ("nipype.interfaces.fsl.maths.BinaryMaths"), a CommandLine Interface with command:
fslmaths /gpfs/milgram/scratch60/turk-browne/aa2842/scratch60/workdir/fmriprep_wf/single_subject_pixar002_wf/func_preproc_task_pixar_wf/initial_boldref_wf/enhance_and_skullstrip_bold_wf/skullstrip_first_pass/ref_bold_corrected_brain_mask.nii.gz -mul /gpfs/milgram/scratch60/turk-browne/aa2842/scratch60/workdir/fmriprep_wf/single_subject_pixar002_wf/func_preproc_task_pixar_wf/initial_boldref_wf/enhance_and_skullstrip_bold_wf/fixhdr_skullstrip2/uni_xform_mask_xform.nii.gz /gpfs/milgram/scratch60/turk-browne/aa2842/scratch60/workdir/fmriprep_wf/single_subject_pixar002_wf/func_preproc_task_pixar_wf/initial_boldref_wf/enhance_and_skullstrip_bold_wf/combine_masks/ref_bold_corrected_brain_mask_maths.nii.gz
240517-15:11:22,541 nipype.workflow INFO:
	 [Node] Running "gen_ref" ("niworkflows.interfaces.registration.EstimateReferenceImage")
240517-15:11:22,631 nipype.workflow INFO:
	 [Node] Finished "fmriprep_wf.single_subject_pixar002_wf.func_preproc_task_pixar_wf.initial_boldref_wf.enhance_and_skullstrip_bold_wf.combine_masks".
240517-15:11:23,126 nipype.workflow INFO:
	 [Node] Finished "fmriprep_wf.single_subject_pixar002_wf.func_preproc_task_pixar_wf.final_boldref_wf.gen_ref".
240517-15:11:24,326 nipype.workflow INFO:
	 [Node] Setting-up "fmriprep_wf.single_subject_pixar002_wf.func_preproc_task_pixar_wf.final_boldref_wf.enhance_and_skullstrip_bold_wf.init_aff" in "/gpfs/milgram/scratch60/turk-browne/aa2842/scratch60/workdir/fmriprep_wf/single_subject_pixar002_wf/func_preproc_task_pixar_wf/final_boldref_wf/enhance_and_skullstrip_bold_wf/init_aff".
240517-15:11:24,965 nipype.workflow INFO:
	 [Node] Running "init_aff" ("nipype.interfaces.ants.utils.AI"), a CommandLine Interface with command:
antsAI -c [10,1e-06,10] -d 3 -x /home/aa2842/.cache/templateflow/tpl-MNI152NLin2009cAsym/tpl-MNI152NLin2009cAsym_res-02_desc-brain_mask.nii.gz -m Mattes[/home/aa2842/.cache/templateflow/tpl-MNI152NLin2009cAsym/tpl-MNI152NLin2009cAsym_res-02_desc-fMRIPrep_boldref.nii.gz,/gpfs/milgram/scratch60/turk-browne/aa2842/scratch60/workdir/fmriprep_wf/single_subject_pixar002_wf/func_preproc_task_pixar_wf/final_boldref_wf/gen_ref/ref_bold.nii.gz,32,Regular,0.2] -o initialization.mat -p 0 -s [20,0.12] -g [40.0,0x40x40] -t Affine[0.1] -v 1
240517-15:11:29,248 nipype.workflow INFO:
	 [Node] Finished "fmriprep_wf.single_subject_pixar002_wf.anat_preproc_wf.brain_extraction_wf.init_aff".
240517-15:11:30,452 nipype.workflow INFO:
	 [Node] Setting-up "fmriprep_wf.single_subject_pixar002_wf.func_preproc_task_pixar_wf.initial_boldref_wf.enhance_and_skullstrip_bold_wf.apply_mask" in "/gpfs/milgram/scratch60/turk-browne/aa2842/scratch60/workdir/fmriprep_wf/single_subject_pixar002_wf/func_preproc_task_pixar_wf/initial_boldref_wf/enhance_and_skullstrip_bold_wf/apply_mask".
240517-15:11:30,457 nipype.workflow INFO:
	 [Node] Running "apply_mask" ("nipype.interfaces.fsl.maths.ApplyMask"), a CommandLine Interface with command:
fslmaths /gpfs/milgram/scratch60/turk-browne/aa2842/scratch60/workdir/fmriprep_wf/single_subject_pixar002_wf/func_preproc_task_pixar_wf/initial_boldref_wf/enhance_and_skullstrip_bold_wf/fixhdr_unifize/uni_xform.nii.gz -mas /gpfs/milgram/scratch60/turk-browne/aa2842/scratch60/workdir/fmriprep_wf/single_subject_pixar002_wf/func_preproc_task_pixar_wf/initial_boldref_wf/enhance_and_skullstrip_bold_wf/combine_masks/ref_bold_corrected_brain_mask_maths.nii.gz /gpfs/milgram/scratch60/turk-browne/aa2842/scratch60/workdir/fmriprep_wf/single_subject_pixar002_wf/func_preproc_task_pixar_wf/initial_boldref_wf/enhance_and_skullstrip_bold_wf/apply_mask/uni_xform_masked.nii.gz
240517-15:11:30,548 nipype.workflow INFO:
	 [Node] Finished "fmriprep_wf.single_subject_pixar002_wf.func_preproc_task_pixar_wf.initial_boldref_wf.enhance_and_skullstrip_bold_wf.apply_mask".
240517-15:11:32,329 nipype.workflow INFO:
	 [Node] Setting-up "fmriprep_wf.single_subject_pixar002_wf.anat_preproc_wf.brain_extraction_wf.norm" in "/gpfs/milgram/scratch60/turk-browne/aa2842/scratch60/workdir/fmriprep_wf/single_subject_pixar002_wf/anat_preproc_wf/brain_extraction_wf/norm".
240517-15:11:32,338 nipype.workflow INFO:
	 [Node] Running "norm" ("niworkflows.interfaces.fixes.FixHeaderRegistration"), a CommandLine Interface with command:
antsRegistration --collapse-output-transforms 1 --dimensionality 3 --float 1 --initial-moving-transform [ /gpfs/milgram/scratch60/turk-browne/aa2842/scratch60/workdir/fmriprep_wf/single_subject_pixar002_wf/anat_preproc_wf/brain_extraction_wf/init_aff/initialization.mat, 0 ] --initialize-transforms-per-stage 0 --interpolation LanczosWindowedSinc --output [ anat_to_template, anat_to_template_Warped.nii.gz ] --transform Rigid[ 0.1 ] --metric MI[ /home/aa2842/.cache/templateflow/tpl-OASIS30ANTs/tpl-OASIS30ANTs_res-01_T1w.nii.gz, /gpfs/milgram/scratch60/turk-browne/aa2842/scratch60/workdir/fmriprep_wf/single_subject_pixar002_wf/anat_preproc_wf/brain_extraction_wf/inu_n4/mapflow/_inu_n40/sub-pixar002_T1w_maths_corrected.nii.gz, 1, 32, Regular, 0.25 ] --convergence [ 1000x500x250x100, 1e-08, 10 ] --smoothing-sigmas 4.0x2.0x1.0x0.0vox --shrink-factors 8x4x2x1 --use-histogram-matching 1 --masks [ /home/aa2842/.cache/templateflow/tpl-OASIS30ANTs/tpl-OASIS30ANTs_res-01_desc-BrainCerebellumExtraction_mask.nii.gz, NULL ] --transform Affine[ 0.1 ] --metric MI[ /home/aa2842/.cache/templateflow/tpl-OASIS30ANTs/tpl-OASIS30ANTs_res-01_T1w.nii.gz, /gpfs/milgram/scratch60/turk-browne/aa2842/scratch60/workdir/fmriprep_wf/single_subject_pixar002_wf/anat_preproc_wf/brain_extraction_wf/inu_n4/mapflow/_inu_n40/sub-pixar002_T1w_maths_corrected.nii.gz, 1, 32, Regular, 0.25 ] --convergence [ 1000x500x250x100, 1e-08, 10 ] --smoothing-sigmas 4.0x2.0x1.0x0.0vox --shrink-factors 8x4x2x1 --use-histogram-matching 1 --masks [ /home/aa2842/.cache/templateflow/tpl-OASIS30ANTs/tpl-OASIS30ANTs_res-01_desc-BrainCerebellumExtraction_mask.nii.gz, NULL ] --transform SyN[ 0.1, 3.0, 0.0 ] --metric CC[ /home/aa2842/.cache/templateflow/tpl-OASIS30ANTs/tpl-OASIS30ANTs_res-01_T1w.nii.gz, /gpfs/milgram/scratch60/turk-browne/aa2842/scratch60/workdir/fmriprep_wf/single_subject_pixar002_wf/anat_preproc_wf/brain_extraction_wf/inu_n4/mapflow/_inu_n40/sub-pixar002_T1w_maths_corrected.nii.gz, 0.5, 4, None, 1 ] --metric CC[ /gpfs/milgram/scratch60/turk-browne/aa2842/scratch60/workdir/fmriprep_wf/single_subject_pixar002_wf/anat_preproc_wf/brain_extraction_wf/lap_tmpl/tpl-OASIS30ANTs_res-01_T1w_maths.nii.gz, /gpfs/milgram/scratch60/turk-browne/aa2842/scratch60/workdir/fmriprep_wf/single_subject_pixar002_wf/anat_preproc_wf/brain_extraction_wf/lap_target/sub-pixar002_T1w_maths_corrected_maths.nii.gz, 0.5, 4, None, 1 ] --convergence [ 50x10x0, 1e-09, 15 ] --smoothing-sigmas 2.0x1.0x0.0vox --shrink-factors 4x2x1 --use-histogram-matching 1 --masks [ /home/aa2842/.cache/templateflow/tpl-OASIS30ANTs/tpl-OASIS30ANTs_res-01_desc-BrainCerebellumExtraction_mask.nii.gz, NULL ] -v --winsorize-image-intensities [ 0.025, 0.975 ]  --write-composite-transform 0
240517-15:11:54,265 nipype.workflow INFO:
	 [Node] Finished "fmriprep_wf.single_subject_pixar002_wf.func_preproc_task_pixar_wf.final_boldref_wf.enhance_and_skullstrip_bold_wf.init_aff".
240517-15:11:56,348 nipype.workflow INFO:
	 [Node] Setting-up "fmriprep_wf.single_subject_pixar002_wf.func_preproc_task_pixar_wf.final_boldref_wf.enhance_and_skullstrip_bold_wf.norm" in "/gpfs/milgram/scratch60/turk-browne/aa2842/scratch60/workdir/fmriprep_wf/single_subject_pixar002_wf/func_preproc_task_pixar_wf/final_boldref_wf/enhance_and_skullstrip_bold_wf/norm".
240517-15:11:56,356 nipype.workflow INFO:
	 [Node] Running "norm" ("niworkflows.interfaces.fixes.FixHeaderRegistration"), a CommandLine Interface with command:
antsRegistration --collapse-output-transforms 1 --dimensionality 3 --float 1 --initial-moving-transform [ /gpfs/milgram/scratch60/turk-browne/aa2842/scratch60/workdir/fmriprep_wf/single_subject_pixar002_wf/func_preproc_task_pixar_wf/final_boldref_wf/enhance_and_skullstrip_bold_wf/init_aff/initialization.mat, 0 ] --initialize-transforms-per-stage 0 --interpolation Linear --output transform --transform Affine[ 0.1 ] --metric Mattes[ /home/aa2842/.cache/templateflow/tpl-MNI152NLin2009cAsym/tpl-MNI152NLin2009cAsym_res-02_desc-fMRIPrep_boldref.nii.gz, /gpfs/milgram/scratch60/turk-browne/aa2842/scratch60/workdir/fmriprep_wf/single_subject_pixar002_wf/func_preproc_task_pixar_wf/final_boldref_wf/gen_ref/ref_bold.nii.gz, 1, 64, Random, 0.2 ] --convergence [ 200, 1e-09, 10 ] --smoothing-sigmas 2.0mm --shrink-factors 2 --use-estimate-learning-rate-once 1 --use-histogram-matching 1 --winsorize-image-intensities [ 0.05, 0.98 ]  --write-composite-transform 0
240517-15:11:57,207 nipype.workflow INFO:
	 [Node] Finished "fmriprep_wf.single_subject_pixar002_wf.func_preproc_task_pixar_wf.final_boldref_wf.enhance_and_skullstrip_bold_wf.norm".
240517-15:11:58,403 nipype.workflow INFO:
	 [Node] Setting-up "fmriprep_wf.single_subject_pixar002_wf.func_preproc_task_pixar_wf.final_boldref_wf.enhance_and_skullstrip_bold_wf.map_brainmask" in "/gpfs/milgram/scratch60/turk-browne/aa2842/scratch60/workdir/fmriprep_wf/single_subject_pixar002_wf/func_preproc_task_pixar_wf/final_boldref_wf/enhance_and_skullstrip_bold_wf/map_brainmask".
240517-15:11:58,409 nipype.workflow INFO:
	 [Node] Running "map_brainmask" ("niworkflows.interfaces.fixes.FixHeaderApplyTransforms"), a CommandLine Interface with command:
antsApplyTransforms --default-value 0 --float 1 --input /home/aa2842/.cache/templateflow/tpl-MNI152NLin2009cAsym/tpl-MNI152NLin2009cAsym_res-01_label-brain_probseg.nii.gz --interpolation BSpline --output tpl-MNI152NLin2009cAsym_res-01_label-brain_probseg_trans.nii.gz --reference-image /gpfs/milgram/scratch60/turk-browne/aa2842/scratch60/workdir/fmriprep_wf/single_subject_pixar002_wf/func_preproc_task_pixar_wf/final_boldref_wf/gen_ref/ref_bold.nii.gz --transform [ /gpfs/milgram/scratch60/turk-browne/aa2842/scratch60/workdir/fmriprep_wf/single_subject_pixar002_wf/func_preproc_task_pixar_wf/final_boldref_wf/enhance_and_skullstrip_bold_wf/norm/transform0GenericAffine.mat, 1 ]
240517-15:11:59,235 nipype.workflow INFO:
	 [Node] Finished "fmriprep_wf.single_subject_pixar002_wf.func_preproc_task_pixar_wf.final_boldref_wf.enhance_and_skullstrip_bold_wf.map_brainmask".
240517-15:12:00,404 nipype.workflow INFO:
	 [Node] Setting-up "fmriprep_wf.single_subject_pixar002_wf.func_preproc_task_pixar_wf.final_boldref_wf.enhance_and_skullstrip_bold_wf.binarize_mask" in "/gpfs/milgram/scratch60/turk-browne/aa2842/scratch60/workdir/fmriprep_wf/single_subject_pixar002_wf/func_preproc_task_pixar_wf/final_boldref_wf/enhance_and_skullstrip_bold_wf/binarize_mask".
240517-15:12:00,408 nipype.workflow INFO:
	 [Node] Running "binarize_mask" ("niworkflows.interfaces.nibabel.Binarize")
240517-15:12:00,437 nipype.workflow INFO:
	 [Node] Finished "fmriprep_wf.single_subject_pixar002_wf.func_preproc_task_pixar_wf.final_boldref_wf.enhance_and_skullstrip_bold_wf.binarize_mask".
240517-15:12:02,397 nipype.workflow INFO:
	 [Node] Setting-up "fmriprep_wf.single_subject_pixar002_wf.func_preproc_task_pixar_wf.final_boldref_wf.enhance_and_skullstrip_bold_wf.pre_mask_dilate" in "/gpfs/milgram/scratch60/turk-browne/aa2842/scratch60/workdir/fmriprep_wf/single_subject_pixar002_wf/func_preproc_task_pixar_wf/final_boldref_wf/enhance_and_skullstrip_bold_wf/pre_mask_dilate".
240517-15:12:02,405 nipype.workflow INFO:
	 [Node] Running "pre_mask_dilate" ("nipype.interfaces.fsl.maths.DilateImage"), a CommandLine Interface with command:
fslmaths -dt char /gpfs/milgram/scratch60/turk-browne/aa2842/scratch60/workdir/fmriprep_wf/single_subject_pixar002_wf/func_preproc_task_pixar_wf/final_boldref_wf/enhance_and_skullstrip_bold_wf/binarize_mask/tpl-MNI152NLin2009cAsym_res-01_label-brain_probseg_trans_mask.nii.gz -kernel sphere 3.0000 -dilF /gpfs/milgram/scratch60/turk-browne/aa2842/scratch60/workdir/fmriprep_wf/single_subject_pixar002_wf/func_preproc_task_pixar_wf/final_boldref_wf/enhance_and_skullstrip_bold_wf/pre_mask_dilate/tpl-MNI152NLin2009cAsym_res-01_label-brain_probseg_trans_mask_dil.nii.gz
240517-15:12:02,532 nipype.workflow INFO:
	 [Node] Finished "fmriprep_wf.single_subject_pixar002_wf.func_preproc_task_pixar_wf.final_boldref_wf.enhance_and_skullstrip_bold_wf.pre_mask_dilate".
240517-15:12:06,397 nipype.workflow INFO:
	 [Node] Setting-up "fmriprep_wf.single_subject_pixar002_wf.func_preproc_task_pixar_wf.final_boldref_wf.enhance_and_skullstrip_bold_wf.n4_correct" in "/gpfs/milgram/scratch60/turk-browne/aa2842/scratch60/workdir/fmriprep_wf/single_subject_pixar002_wf/func_preproc_task_pixar_wf/final_boldref_wf/enhance_and_skullstrip_bold_wf/n4_correct".
240517-15:12:06,460 nipype.workflow INFO:
	 [Node] Running "n4_correct" ("niworkflows.interfaces.fixes.FixN4BiasFieldCorrection"), a CommandLine Interface with command:
N4BiasFieldCorrection --bspline-fitting [ 200 ] -d 3 --input-image /gpfs/milgram/scratch60/turk-browne/aa2842/scratch60/workdir/fmriprep_wf/single_subject_pixar002_wf/func_preproc_task_pixar_wf/final_boldref_wf/enhance_and_skullstrip_bold_wf/n4_correct/ref_bold_scaled.nii.gz --mask-image /gpfs/milgram/scratch60/turk-browne/aa2842/scratch60/workdir/fmriprep_wf/single_subject_pixar002_wf/func_preproc_task_pixar_wf/final_boldref_wf/enhance_and_skullstrip_bold_wf/check_hdr/tpl-MNI152NLin2009cAsym_res-01_label-brain_probseg_trans_mask_dil_hdr.nii.gz --output ref_bold_corrected.nii.gz -r
240517-15:12:07,263 nipype.workflow INFO:
	 [Node] Finished "fmriprep_wf.single_subject_pixar002_wf.func_preproc_task_pixar_wf.final_boldref_wf.enhance_and_skullstrip_bold_wf.n4_correct".
240517-15:12:08,403 nipype.workflow INFO:
	 [Node] Setting-up "fmriprep_wf.single_subject_pixar002_wf.func_preproc_task_pixar_wf.final_boldref_wf.enhance_and_skullstrip_bold_wf.skullstrip_first_pass" in "/gpfs/milgram/scratch60/turk-browne/aa2842/scratch60/workdir/fmriprep_wf/single_subject_pixar002_wf/func_preproc_task_pixar_wf/final_boldref_wf/enhance_and_skullstrip_bold_wf/skullstrip_first_pass".
240517-15:12:08,408 nipype.workflow INFO:
	 [Node] Running "skullstrip_first_pass" ("nipype.interfaces.fsl.preprocess.BET"), a CommandLine Interface with command:
bet /gpfs/milgram/scratch60/turk-browne/aa2842/scratch60/workdir/fmriprep_wf/single_subject_pixar002_wf/func_preproc_task_pixar_wf/final_boldref_wf/enhance_and_skullstrip_bold_wf/n4_correct/ref_bold_corrected.nii.gz /gpfs/milgram/scratch60/turk-browne/aa2842/scratch60/workdir/fmriprep_wf/single_subject_pixar002_wf/func_preproc_task_pixar_wf/final_boldref_wf/enhance_and_skullstrip_bold_wf/skullstrip_first_pass/ref_bold_corrected_brain.nii.gz -f 0.20 -m
240517-15:12:09,472 nipype.workflow INFO:
	 [Node] Finished "fmriprep_wf.single_subject_pixar002_wf.func_preproc_task_pixar_wf.final_boldref_wf.enhance_and_skullstrip_bold_wf.skullstrip_first_pass".
240517-15:12:10,410 nipype.workflow INFO:
	 [Node] Setting-up "fmriprep_wf.single_subject_pixar002_wf.func_preproc_task_pixar_wf.final_boldref_wf.enhance_and_skullstrip_bold_wf.skullstrip_first_dilate" in "/gpfs/milgram/scratch60/turk-browne/aa2842/scratch60/workdir/fmriprep_wf/single_subject_pixar002_wf/func_preproc_task_pixar_wf/final_boldref_wf/enhance_and_skullstrip_bold_wf/skullstrip_first_dilate".
240517-15:12:10,415 nipype.workflow INFO:
	 [Node] Running "skullstrip_first_dilate" ("nipype.interfaces.fsl.maths.DilateImage"), a CommandLine Interface with command:
fslmaths -dt char /gpfs/milgram/scratch60/turk-browne/aa2842/scratch60/workdir/fmriprep_wf/single_subject_pixar002_wf/func_preproc_task_pixar_wf/final_boldref_wf/enhance_and_skullstrip_bold_wf/skullstrip_first_pass/ref_bold_corrected_brain_mask.nii.gz -kernel sphere 6.0000 -dilF /gpfs/milgram/scratch60/turk-browne/aa2842/scratch60/workdir/fmriprep_wf/single_subject_pixar002_wf/func_preproc_task_pixar_wf/final_boldref_wf/enhance_and_skullstrip_bold_wf/skullstrip_first_dilate/ref_bold_corrected_brain_mask_dil.nii.gz
240517-15:12:10,698 nipype.workflow INFO:
	 [Node] Finished "fmriprep_wf.single_subject_pixar002_wf.func_preproc_task_pixar_wf.final_boldref_wf.enhance_and_skullstrip_bold_wf.skullstrip_first_dilate".
240517-15:12:12,411 nipype.workflow INFO:
	 [Node] Setting-up "fmriprep_wf.single_subject_pixar002_wf.func_preproc_task_pixar_wf.final_boldref_wf.enhance_and_skullstrip_bold_wf.skullstrip_first_mask" in "/gpfs/milgram/scratch60/turk-browne/aa2842/scratch60/workdir/fmriprep_wf/single_subject_pixar002_wf/func_preproc_task_pixar_wf/final_boldref_wf/enhance_and_skullstrip_bold_wf/skullstrip_first_mask".
240517-15:12:12,416 nipype.workflow INFO:
	 [Node] Running "skullstrip_first_mask" ("nipype.interfaces.fsl.maths.ApplyMask"), a CommandLine Interface with command:
fslmaths /gpfs/milgram/scratch60/turk-browne/aa2842/scratch60/workdir/fmriprep_wf/single_subject_pixar002_wf/func_preproc_task_pixar_wf/final_boldref_wf/enhance_and_skullstrip_bold_wf/skullstrip_first_pass/ref_bold_corrected_brain.nii.gz -mas /gpfs/milgram/scratch60/turk-browne/aa2842/scratch60/workdir/fmriprep_wf/single_subject_pixar002_wf/func_preproc_task_pixar_wf/final_boldref_wf/enhance_and_skullstrip_bold_wf/skullstrip_first_dilate/ref_bold_corrected_brain_mask_dil.nii.gz /gpfs/milgram/scratch60/turk-browne/aa2842/scratch60/workdir/fmriprep_wf/single_subject_pixar002_wf/func_preproc_task_pixar_wf/final_boldref_wf/enhance_and_skullstrip_bold_wf/skullstrip_first_mask/ref_bold_corrected_brain_masked.nii.gz
240517-15:12:12,533 nipype.workflow INFO:
	 [Node] Finished "fmriprep_wf.single_subject_pixar002_wf.func_preproc_task_pixar_wf.final_boldref_wf.enhance_and_skullstrip_bold_wf.skullstrip_first_mask".
240517-15:12:14,406 nipype.workflow INFO:
	 [Node] Setting-up "fmriprep_wf.single_subject_pixar002_wf.func_preproc_task_pixar_wf.final_boldref_wf.enhance_and_skullstrip_bold_wf.unifize" in "/gpfs/milgram/scratch60/turk-browne/aa2842/scratch60/workdir/fmriprep_wf/single_subject_pixar002_wf/func_preproc_task_pixar_wf/final_boldref_wf/enhance_and_skullstrip_bold_wf/unifize".
240517-15:12:14,412 nipype.workflow INFO:
	 [Node] Running "unifize" ("nipype.interfaces.afni.utils.Unifize"), a CommandLine Interface with command:
3dUnifize -clfrac 0.2 -rbt 18.3 65.0 90.0 -prefix uni.nii.gz -T2 -input /gpfs/milgram/scratch60/turk-browne/aa2842/scratch60/workdir/fmriprep_wf/single_subject_pixar002_wf/func_preproc_task_pixar_wf/final_boldref_wf/enhance_and_skullstrip_bold_wf/unifize/ref_bold_corrected_brain_masked.nii.gz
240517-15:12:15,471 nipype.workflow INFO:
	 [Node] Finished "fmriprep_wf.single_subject_pixar002_wf.func_preproc_task_pixar_wf.final_boldref_wf.enhance_and_skullstrip_bold_wf.unifize".
240517-15:12:16,410 nipype.workflow INFO:
	 [Node] Setting-up "fmriprep_wf.single_subject_pixar002_wf.func_preproc_task_pixar_wf.final_boldref_wf.enhance_and_skullstrip_bold_wf.fixhdr_unifize" in "/gpfs/milgram/scratch60/turk-browne/aa2842/scratch60/workdir/fmriprep_wf/single_subject_pixar002_wf/func_preproc_task_pixar_wf/final_boldref_wf/enhance_and_skullstrip_bold_wf/fixhdr_unifize".
240517-15:12:16,416 nipype.workflow INFO:
	 [Node] Running "fixhdr_unifize" ("niworkflows.interfaces.utils.CopyXForm")
240517-15:12:16,495 nipype.workflow INFO:
	 [Node] Finished "fmriprep_wf.single_subject_pixar002_wf.func_preproc_task_pixar_wf.final_boldref_wf.enhance_and_skullstrip_bold_wf.fixhdr_unifize".
240517-15:12:18,409 nipype.workflow INFO:
	 [Node] Setting-up "fmriprep_wf.single_subject_pixar002_wf.func_preproc_task_pixar_wf.final_boldref_wf.enhance_and_skullstrip_bold_wf.skullstrip_second_pass" in "/gpfs/milgram/scratch60/turk-browne/aa2842/scratch60/workdir/fmriprep_wf/single_subject_pixar002_wf/func_preproc_task_pixar_wf/final_boldref_wf/enhance_and_skullstrip_bold_wf/skullstrip_second_pass".
240517-15:12:18,415 nipype.workflow INFO:
	 [Node] Running "skullstrip_second_pass" ("nipype.interfaces.afni.preprocess.Automask"), a CommandLine Interface with command:
3dAutomask -apply_prefix uni_xform_masked.nii.gz -dilate 1 -prefix uni_xform_mask.nii.gz /gpfs/milgram/scratch60/turk-browne/aa2842/scratch60/workdir/fmriprep_wf/single_subject_pixar002_wf/func_preproc_task_pixar_wf/final_boldref_wf/enhance_and_skullstrip_bold_wf/skullstrip_second_pass/uni_xform.nii.gz
240517-15:12:18,548 nipype.workflow INFO:
	 [Node] Finished "fmriprep_wf.single_subject_pixar002_wf.func_preproc_task_pixar_wf.final_boldref_wf.enhance_and_skullstrip_bold_wf.skullstrip_second_pass".
240517-15:12:20,421 nipype.workflow INFO:
	 [Node] Setting-up "fmriprep_wf.single_subject_pixar002_wf.func_preproc_task_pixar_wf.final_boldref_wf.enhance_and_skullstrip_bold_wf.fixhdr_skullstrip2" in "/gpfs/milgram/scratch60/turk-browne/aa2842/scratch60/workdir/fmriprep_wf/single_subject_pixar002_wf/func_preproc_task_pixar_wf/final_boldref_wf/enhance_and_skullstrip_bold_wf/fixhdr_skullstrip2".
240517-15:12:20,426 nipype.workflow INFO:
	 [Node] Running "fixhdr_skullstrip2" ("niworkflows.interfaces.utils.CopyXForm")
240517-15:12:20,445 nipype.workflow INFO:
	 [Node] Finished "fmriprep_wf.single_subject_pixar002_wf.func_preproc_task_pixar_wf.final_boldref_wf.enhance_and_skullstrip_bold_wf.fixhdr_skullstrip2".
240517-15:12:22,416 nipype.workflow INFO:
	 [Node] Setting-up "fmriprep_wf.single_subject_pixar002_wf.func_preproc_task_pixar_wf.final_boldref_wf.enhance_and_skullstrip_bold_wf.combine_masks" in "/gpfs/milgram/scratch60/turk-browne/aa2842/scratch60/workdir/fmriprep_wf/single_subject_pixar002_wf/func_preproc_task_pixar_wf/final_boldref_wf/enhance_and_skullstrip_bold_wf/combine_masks".
240517-15:12:22,421 nipype.workflow INFO:
	 [Node] Running "combine_masks" ("nipype.interfaces.fsl.maths.BinaryMaths"), a CommandLine Interface with command:
fslmaths /gpfs/milgram/scratch60/turk-browne/aa2842/scratch60/workdir/fmriprep_wf/single_subject_pixar002_wf/func_preproc_task_pixar_wf/final_boldref_wf/enhance_and_skullstrip_bold_wf/skullstrip_first_pass/ref_bold_corrected_brain_mask.nii.gz -mul /gpfs/milgram/scratch60/turk-browne/aa2842/scratch60/workdir/fmriprep_wf/single_subject_pixar002_wf/func_preproc_task_pixar_wf/final_boldref_wf/enhance_and_skullstrip_bold_wf/fixhdr_skullstrip2/uni_xform_mask_xform.nii.gz /gpfs/milgram/scratch60/turk-browne/aa2842/scratch60/workdir/fmriprep_wf/single_subject_pixar002_wf/func_preproc_task_pixar_wf/final_boldref_wf/enhance_and_skullstrip_bold_wf/combine_masks/ref_bold_corrected_brain_mask_maths.nii.gz
240517-15:12:22,533 nipype.workflow INFO:
	 [Node] Finished "fmriprep_wf.single_subject_pixar002_wf.func_preproc_task_pixar_wf.final_boldref_wf.enhance_and_skullstrip_bold_wf.combine_masks".
240517-15:12:24,420 nipype.workflow INFO:
	 [Node] Setting-up "fmriprep_wf.single_subject_pixar002_wf.func_preproc_task_pixar_wf.bold_confounds_wf.dvars" in "/gpfs/milgram/scratch60/turk-browne/aa2842/scratch60/workdir/fmriprep_wf/single_subject_pixar002_wf/func_preproc_task_pixar_wf/bold_confounds_wf/dvars".
240517-15:12:24,420 nipype.workflow INFO:
	 [Node] Setting-up "fmriprep_wf.single_subject_pixar002_wf.func_preproc_task_pixar_wf.final_boldref_wf.enhance_and_skullstrip_bold_wf.apply_mask" in "/gpfs/milgram/scratch60/turk-browne/aa2842/scratch60/workdir/fmriprep_wf/single_subject_pixar002_wf/func_preproc_task_pixar_wf/final_boldref_wf/enhance_and_skullstrip_bold_wf/apply_mask".
240517-15:12:24,421 nipype.workflow INFO:
	 [Node] Setting-up "fmriprep_wf.single_subject_pixar002_wf.func_preproc_task_pixar_wf.bold_confounds_wf.tcompcor" in "/gpfs/milgram/scratch60/turk-browne/aa2842/scratch60/workdir/fmriprep_wf/single_subject_pixar002_wf/func_preproc_task_pixar_wf/bold_confounds_wf/tcompcor".
240517-15:12:24,426 nipype.workflow INFO:
	 [Node] Running "apply_mask" ("nipype.interfaces.fsl.maths.ApplyMask"), a CommandLine Interface with command:
fslmaths /gpfs/milgram/scratch60/turk-browne/aa2842/scratch60/workdir/fmriprep_wf/single_subject_pixar002_wf/func_preproc_task_pixar_wf/final_boldref_wf/enhance_and_skullstrip_bold_wf/fixhdr_unifize/uni_xform.nii.gz -mas /gpfs/milgram/scratch60/turk-browne/aa2842/scratch60/workdir/fmriprep_wf/single_subject_pixar002_wf/func_preproc_task_pixar_wf/final_boldref_wf/enhance_and_skullstrip_bold_wf/combine_masks/ref_bold_corrected_brain_mask_maths.nii.gz /gpfs/milgram/scratch60/turk-browne/aa2842/scratch60/workdir/fmriprep_wf/single_subject_pixar002_wf/func_preproc_task_pixar_wf/final_boldref_wf/enhance_and_skullstrip_bold_wf/apply_mask/uni_xform_masked.nii.gz
240517-15:12:24,486 nipype.workflow INFO:
	 [Node] Running "dvars" ("nipype.algorithms.confounds.ComputeDVARS")
240517-15:12:24,486 nipype.workflow INFO:
	 [Node] Running "tcompcor" ("niworkflows.interfaces.patches.RobustTCompCor")
240517-15:12:24,550 nipype.workflow INFO:
	 [Node] Finished "fmriprep_wf.single_subject_pixar002_wf.func_preproc_task_pixar_wf.final_boldref_wf.enhance_and_skullstrip_bold_wf.apply_mask".
240517-15:12:25,655 nipype.workflow INFO:
	 [Node] Finished "fmriprep_wf.single_subject_pixar002_wf.func_preproc_task_pixar_wf.bold_confounds_wf.tcompcor".
240517-15:12:26,423 nipype.workflow INFO:
	 [Node] Setting-up "fmriprep_wf.single_subject_pixar002_wf.func_preproc_task_pixar_wf.bold_confounds_wf.tcc_metadata_fmt" in "/gpfs/milgram/scratch60/turk-browne/aa2842/scratch60/workdir/fmriprep_wf/single_subject_pixar002_wf/func_preproc_task_pixar_wf/bold_confounds_wf/tcc_metadata_fmt".
240517-15:12:26,428 nipype.workflow INFO:
	 [Node] Running "tcc_metadata_fmt" ("niworkflows.interfaces.utils.TSV2JSON")
240517-15:12:26,484 nipype.workflow INFO:
	 [Node] Finished "fmriprep_wf.single_subject_pixar002_wf.func_preproc_task_pixar_wf.bold_confounds_wf.tcc_metadata_fmt".
240517-15:12:32,245 nipype.workflow INFO:
	 [Node] Finished "fmriprep_wf.single_subject_pixar002_wf.func_preproc_task_pixar_wf.bold_confounds_wf.dvars".
240517-15:18:06,426 nipype.workflow INFO:
	 [Node] Finished "fmriprep_wf.single_subject_pixar002_wf.anat_preproc_wf.brain_extraction_wf.norm".
240517-15:18:06,749 nipype.workflow INFO:
	 [Node] Setting-up "fmriprep_wf.single_subject_pixar002_wf.anat_preproc_wf.brain_extraction_wf.map_wmmask" in "/gpfs/milgram/scratch60/turk-browne/aa2842/scratch60/workdir/fmriprep_wf/single_subject_pixar002_wf/anat_preproc_wf/brain_extraction_wf/map_wmmask".
240517-15:18:06,750 nipype.workflow INFO:
	 [Node] Setting-up "fmriprep_wf.single_subject_pixar002_wf.anat_preproc_wf.brain_extraction_wf.map_brainmask" in "/gpfs/milgram/scratch60/turk-browne/aa2842/scratch60/workdir/fmriprep_wf/single_subject_pixar002_wf/anat_preproc_wf/brain_extraction_wf/map_brainmask".
240517-15:18:06,757 nipype.workflow INFO:
	 [Node] Running "map_wmmask" ("niworkflows.interfaces.fixes.FixHeaderApplyTransforms"), a CommandLine Interface with command:
antsApplyTransforms --default-value 0 --float 0 --input /gpfs/milgram/scratch60/turk-browne/aa2842/scratch60/workdir/fmriprep_wf/single_subject_pixar002_wf/anat_preproc_wf/brain_extraction_wf/full_wm/summap.nii.gz --interpolation Gaussian --output summap_trans.nii.gz --reference-image /gpfs/milgram/data/PartlyCloudy/sub-pixar002/anat/sub-pixar002_T1w.nii.gz --transform [ /gpfs/milgram/scratch60/turk-browne/aa2842/scratch60/workdir/fmriprep_wf/single_subject_pixar002_wf/anat_preproc_wf/brain_extraction_wf/norm/anat_to_template0GenericAffine.mat, 1 ] --transform /gpfs/milgram/scratch60/turk-browne/aa2842/scratch60/workdir/fmriprep_wf/single_subject_pixar002_wf/anat_preproc_wf/brain_extraction_wf/norm/anat_to_template1InverseWarp.nii.gz
240517-15:18:06,758 nipype.workflow INFO:
	 [Node] Running "map_brainmask" ("niworkflows.interfaces.fixes.FixHeaderApplyTransforms"), a CommandLine Interface with command:
antsApplyTransforms --default-value 0 --float 0 --input /home/aa2842/.cache/templateflow/tpl-OASIS30ANTs/tpl-OASIS30ANTs_res-01_label-brain_probseg.nii.gz --interpolation Gaussian --output tpl-OASIS30ANTs_res-01_label-brain_probseg_trans.nii.gz --reference-image /gpfs/milgram/data/PartlyCloudy/sub-pixar002/anat/sub-pixar002_T1w.nii.gz --transform [ /gpfs/milgram/scratch60/turk-browne/aa2842/scratch60/workdir/fmriprep_wf/single_subject_pixar002_wf/anat_preproc_wf/brain_extraction_wf/norm/anat_to_template0GenericAffine.mat, 1 ] --transform /gpfs/milgram/scratch60/turk-browne/aa2842/scratch60/workdir/fmriprep_wf/single_subject_pixar002_wf/anat_preproc_wf/brain_extraction_wf/norm/anat_to_template1InverseWarp.nii.gz
240517-15:18:21,93 nipype.workflow INFO:
	 [Node] Finished "fmriprep_wf.single_subject_pixar002_wf.anat_preproc_wf.brain_extraction_wf.map_brainmask".
240517-15:18:21,326 nipype.workflow INFO:
	 [Node] Finished "fmriprep_wf.single_subject_pixar002_wf.anat_preproc_wf.brain_extraction_wf.map_wmmask".
240517-15:18:22,773 nipype.workflow INFO:
	 [Node] Setting-up "fmriprep_wf.single_subject_pixar002_wf.anat_preproc_wf.brain_extraction_wf.inu_n4_final" in "/gpfs/milgram/scratch60/turk-browne/aa2842/scratch60/workdir/fmriprep_wf/single_subject_pixar002_wf/anat_preproc_wf/brain_extraction_wf/inu_n4_final".
240517-15:18:22,773 nipype.workflow INFO:
	 [Node] Setting-up "fmriprep_wf.single_subject_pixar002_wf.anat_preproc_wf.brain_extraction_wf.thr_brainmask" in "/gpfs/milgram/scratch60/turk-browne/aa2842/scratch60/workdir/fmriprep_wf/single_subject_pixar002_wf/anat_preproc_wf/brain_extraction_wf/thr_brainmask".
240517-15:18:22,778 nipype.workflow INFO:
	 [Node] Running "thr_brainmask" ("nipype.interfaces.ants.utils.ThresholdImage"), a CommandLine Interface with command:
ThresholdImage 3 /gpfs/milgram/scratch60/turk-browne/aa2842/scratch60/workdir/fmriprep_wf/single_subject_pixar002_wf/anat_preproc_wf/brain_extraction_wf/map_brainmask/tpl-OASIS30ANTs_res-01_label-brain_probseg_trans.nii.gz tpl-OASIS30ANTs_res-01_label-brain_probseg_trans_resampled.nii.gz 0.500000 1.000000 1.000000 0.000000
240517-15:18:22,779 nipype.workflow INFO:
	 [Node] Setting-up "_inu_n4_final0" in "/gpfs/milgram/scratch60/turk-browne/aa2842/scratch60/workdir/fmriprep_wf/single_subject_pixar002_wf/anat_preproc_wf/brain_extraction_wf/inu_n4_final/mapflow/_inu_n4_final0".
240517-15:18:22,783 nipype.workflow INFO:
	 [Node] Running "_inu_n4_final0" ("nipype.interfaces.ants.segmentation.N4BiasFieldCorrection"), a CommandLine Interface with command:
N4BiasFieldCorrection --bspline-fitting [ 200 ] -d 3 --input-image /gpfs/milgram/data/PartlyCloudy/sub-pixar002/anat/sub-pixar002_T1w.nii.gz --convergence [ 50x50x50x50x50, 1e-07 ] --output [ sub-pixar002_T1w_corrected.nii.gz, sub-pixar002_T1w_bias.nii.gz ] -r --shrink-factor 4 --weight-image /gpfs/milgram/scratch60/turk-browne/aa2842/scratch60/workdir/fmriprep_wf/single_subject_pixar002_wf/anat_preproc_wf/brain_extraction_wf/map_wmmask/summap_trans.nii.gz
240517-15:18:23,399 nipype.workflow INFO:
	 [Node] Finished "fmriprep_wf.single_subject_pixar002_wf.anat_preproc_wf.brain_extraction_wf.thr_brainmask".
240517-15:18:24,772 nipype.workflow INFO:
	 [Node] Setting-up "fmriprep_wf.single_subject_pixar002_wf.anat_preproc_wf.brain_extraction_wf.atropos_wf.03_pad_mask" in "/gpfs/milgram/scratch60/turk-browne/aa2842/scratch60/workdir/fmriprep_wf/single_subject_pixar002_wf/anat_preproc_wf/brain_extraction_wf/atropos_wf/03_pad_mask".
240517-15:18:24,773 nipype.workflow INFO:
	 [Node] Setting-up "fmriprep_wf.single_subject_pixar002_wf.anat_preproc_wf.brain_extraction_wf.atropos_wf.dil_brainmask" in "/gpfs/milgram/scratch60/turk-browne/aa2842/scratch60/workdir/fmriprep_wf/single_subject_pixar002_wf/anat_preproc_wf/brain_extraction_wf/atropos_wf/dil_brainmask".
240517-15:18:24,778 nipype.workflow INFO:
	 [Node] Running "03_pad_mask" ("nipype.interfaces.ants.utils.ImageMath"), a CommandLine Interface with command:
ImageMath 3 tpl-OASIS30ANTs_res-01_label-brain_probseg_trans_resampled_maths.nii.gz PadImage /gpfs/milgram/scratch60/turk-browne/aa2842/scratch60/workdir/fmriprep_wf/single_subject_pixar002_wf/anat_preproc_wf/brain_extraction_wf/thr_brainmask/tpl-OASIS30ANTs_res-01_label-brain_probseg_trans_resampled.nii.gz 10
240517-15:18:24,778 nipype.workflow INFO:
	 [Node] Running "dil_brainmask" ("nipype.interfaces.ants.utils.ImageMath"), a CommandLine Interface with command:
ImageMath 3 tpl-OASIS30ANTs_res-01_label-brain_probseg_trans_resampled_maths.nii.gz MD /gpfs/milgram/scratch60/turk-browne/aa2842/scratch60/workdir/fmriprep_wf/single_subject_pixar002_wf/anat_preproc_wf/brain_extraction_wf/thr_brainmask/tpl-OASIS30ANTs_res-01_label-brain_probseg_trans_resampled.nii.gz 2
240517-15:18:25,316 nipype.workflow INFO:
	 [Node] Finished "fmriprep_wf.single_subject_pixar002_wf.anat_preproc_wf.brain_extraction_wf.atropos_wf.03_pad_mask".
240517-15:18:25,607 nipype.workflow INFO:
	 [Node] Finished "fmriprep_wf.single_subject_pixar002_wf.anat_preproc_wf.brain_extraction_wf.atropos_wf.dil_brainmask".
240517-15:18:26,773 nipype.workflow INFO:
	 [Node] Setting-up "fmriprep_wf.single_subject_pixar002_wf.anat_preproc_wf.brain_extraction_wf.atropos_wf.get_brainmask" in "/gpfs/milgram/scratch60/turk-browne/aa2842/scratch60/workdir/fmriprep_wf/single_subject_pixar002_wf/anat_preproc_wf/brain_extraction_wf/atropos_wf/get_brainmask".
240517-15:18:26,778 nipype.workflow INFO:
	 [Node] Running "get_brainmask" ("nipype.interfaces.ants.utils.ImageMath"), a CommandLine Interface with command:
ImageMath 3 tpl-OASIS30ANTs_res-01_label-brain_probseg_trans_resampled_maths_maths.nii.gz GetLargestComponent /gpfs/milgram/scratch60/turk-browne/aa2842/scratch60/workdir/fmriprep_wf/single_subject_pixar002_wf/anat_preproc_wf/brain_extraction_wf/atropos_wf/dil_brainmask/tpl-OASIS30ANTs_res-01_label-brain_probseg_trans_resampled_maths.nii.gz
240517-15:18:27,441 nipype.workflow INFO:
	 [Node] Finished "fmriprep_wf.single_subject_pixar002_wf.anat_preproc_wf.brain_extraction_wf.atropos_wf.get_brainmask".
240517-15:18:29,521 nipype.workflow INFO:
	 [Node] Finished "_inu_n4_final0".
240517-15:18:29,522 nipype.workflow INFO:
	 [Node] Finished "fmriprep_wf.single_subject_pixar002_wf.anat_preproc_wf.brain_extraction_wf.inu_n4_final".
240517-15:18:30,781 nipype.workflow INFO:
	 [Node] Setting-up "fmriprep_wf.single_subject_pixar002_wf.anat_preproc_wf.brain_extraction_wf.atropos_wf.01_atropos" in "/gpfs/milgram/scratch60/turk-browne/aa2842/scratch60/workdir/fmriprep_wf/single_subject_pixar002_wf/anat_preproc_wf/brain_extraction_wf/atropos_wf/01_atropos".
240517-15:18:30,785 nipype.workflow INFO:
	 [Node] Setting-up "fmriprep_wf.single_subject_pixar002_wf.anat_preproc_wf.brain_extraction_wf.apply_mask" in "/gpfs/milgram/scratch60/turk-browne/aa2842/scratch60/workdir/fmriprep_wf/single_subject_pixar002_wf/anat_preproc_wf/brain_extraction_wf/apply_mask".
240517-15:18:30,787 nipype.workflow INFO:
	 [Node] Running "01_atropos" ("nipype.interfaces.ants.segmentation.Atropos"), a CommandLine Interface with command:
Atropos --image-dimensionality 3 --initialization KMeans[3] --intensity-image /gpfs/milgram/scratch60/turk-browne/aa2842/scratch60/workdir/fmriprep_wf/single_subject_pixar002_wf/anat_preproc_wf/brain_extraction_wf/inu_n4_final/mapflow/_inu_n4_final0/sub-pixar002_T1w_corrected.nii.gz --likelihood-model Gaussian --mask-image /gpfs/milgram/scratch60/turk-browne/aa2842/scratch60/workdir/fmriprep_wf/single_subject_pixar002_wf/anat_preproc_wf/brain_extraction_wf/atropos_wf/get_brainmask/tpl-OASIS30ANTs_res-01_label-brain_probseg_trans_resampled_maths_maths.nii.gz --mrf [0.1,1x1x1] --convergence [3,0] --output [sub-pixar002_T1w_corrected_labeled.nii.gz,POSTERIOR_%02d.nii.gz] --use-random-seed 1
240517-15:18:30,790 nipype.workflow INFO:
	 [Node] Setting-up "_apply_mask0" in "/gpfs/milgram/scratch60/turk-browne/aa2842/scratch60/workdir/fmriprep_wf/single_subject_pixar002_wf/anat_preproc_wf/brain_extraction_wf/apply_mask/mapflow/_apply_mask0".
240517-15:18:30,792 nipype.workflow INFO:
	 [Node] Running "_apply_mask0" ("niworkflows.interfaces.nibabel.ApplyMask")
240517-15:18:31,149 nipype.workflow INFO:
	 [Node] Finished "_apply_mask0".
240517-15:18:31,151 nipype.workflow INFO:
	 [Node] Finished "fmriprep_wf.single_subject_pixar002_wf.anat_preproc_wf.brain_extraction_wf.apply_mask".
240517-15:18:59,654 nipype.workflow INFO:
	 [Node] Finished "fmriprep_wf.single_subject_pixar002_wf.anat_preproc_wf.brain_extraction_wf.atropos_wf.01_atropos".
240517-15:19:00,954 nipype.workflow INFO:
	 [Node] Setting-up "fmriprep_wf.single_subject_pixar002_wf.anat_preproc_wf.brain_extraction_wf.atropos_wf.02_pad_segm" in "/gpfs/milgram/scratch60/turk-browne/aa2842/scratch60/workdir/fmriprep_wf/single_subject_pixar002_wf/anat_preproc_wf/brain_extraction_wf/atropos_wf/02_pad_segm".
240517-15:19:00,958 nipype.workflow INFO:
	 [Node] Running "02_pad_segm" ("nipype.interfaces.ants.utils.ImageMath"), a CommandLine Interface with command:
ImageMath 3 sub-pixar002_T1w_corrected_labeled_maths.nii.gz PadImage /gpfs/milgram/scratch60/turk-browne/aa2842/scratch60/workdir/fmriprep_wf/single_subject_pixar002_wf/anat_preproc_wf/brain_extraction_wf/atropos_wf/01_atropos/sub-pixar002_T1w_corrected_labeled.nii.gz 10
240517-15:19:01,428 nipype.workflow INFO:
	 [Node] Finished "fmriprep_wf.single_subject_pixar002_wf.anat_preproc_wf.brain_extraction_wf.atropos_wf.02_pad_segm".
240517-15:19:04,386 nipype.workflow INFO:
	 [Node] Setting-up "fmriprep_wf.single_subject_pixar002_wf.anat_preproc_wf.brain_extraction_wf.atropos_wf.04_sel_labels" in "/gpfs/milgram/scratch60/turk-browne/aa2842/scratch60/workdir/fmriprep_wf/single_subject_pixar002_wf/anat_preproc_wf/brain_extraction_wf/atropos_wf/04_sel_labels".
240517-15:19:04,391 nipype.workflow INFO:
	 [Node] Running "04_sel_labels" ("nipype.interfaces.utility.wrappers.Function")
240517-15:19:04,670 nipype.workflow INFO:
	 [Node] Finished "fmriprep_wf.single_subject_pixar002_wf.anat_preproc_wf.brain_extraction_wf.atropos_wf.04_sel_labels".
240517-15:19:07,295 nipype.workflow INFO:
	 [Node] Setting-up "fmriprep_wf.single_subject_pixar002_wf.anat_preproc_wf.brain_extraction_wf.atropos_wf.27_depad_csf" in "/gpfs/milgram/scratch60/turk-browne/aa2842/scratch60/workdir/fmriprep_wf/single_subject_pixar002_wf/anat_preproc_wf/brain_extraction_wf/atropos_wf/27_depad_csf".
240517-15:19:07,295 nipype.workflow INFO:
	 [Node] Setting-up "fmriprep_wf.single_subject_pixar002_wf.anat_preproc_wf.brain_extraction_wf.atropos_wf.10_me_csf" in "/gpfs/milgram/scratch60/turk-browne/aa2842/scratch60/workdir/fmriprep_wf/single_subject_pixar002_wf/anat_preproc_wf/brain_extraction_wf/atropos_wf/10_me_csf".
240517-15:19:07,296 nipype.workflow INFO:
	 [Node] Setting-up "fmriprep_wf.single_subject_pixar002_wf.anat_preproc_wf.brain_extraction_wf.atropos_wf.06_get_gm" in "/gpfs/milgram/scratch60/turk-browne/aa2842/scratch60/workdir/fmriprep_wf/single_subject_pixar002_wf/anat_preproc_wf/brain_extraction_wf/atropos_wf/06_get_gm".
240517-15:19:07,296 nipype.workflow INFO:
	 [Node] Setting-up "fmriprep_wf.single_subject_pixar002_wf.anat_preproc_wf.brain_extraction_wf.atropos_wf.05_get_wm" in "/gpfs/milgram/scratch60/turk-browne/aa2842/scratch60/workdir/fmriprep_wf/single_subject_pixar002_wf/anat_preproc_wf/brain_extraction_wf/atropos_wf/05_get_wm".
240517-15:19:07,300 nipype.workflow INFO:
	 [Node] Running "10_me_csf" ("nipype.interfaces.ants.utils.ImageMath"), a CommandLine Interface with command:
ImageMath 3 sub-pixar002_T1w_corrected_labeled_maths_class-01_maths.nii.gz ME /gpfs/milgram/scratch60/turk-browne/aa2842/scratch60/workdir/fmriprep_wf/single_subject_pixar002_wf/anat_preproc_wf/brain_extraction_wf/atropos_wf/04_sel_labels/sub-pixar002_T1w_corrected_labeled_maths_class-01.nii.gz 10
240517-15:19:07,300 nipype.workflow INFO:
	 [Node] Running "06_get_gm" ("nipype.interfaces.ants.utils.ImageMath"), a CommandLine Interface with command:
ImageMath 3 sub-pixar002_T1w_corrected_labeled_maths_class-02_maths.nii.gz GetLargestComponent /gpfs/milgram/scratch60/turk-browne/aa2842/scratch60/workdir/fmriprep_wf/single_subject_pixar002_wf/anat_preproc_wf/brain_extraction_wf/atropos_wf/04_sel_labels/sub-pixar002_T1w_corrected_labeled_maths_class-02.nii.gz
240517-15:19:07,301 nipype.workflow INFO:
	 [Node] Running "27_depad_csf" ("nipype.interfaces.ants.utils.ImageMath"), a CommandLine Interface with command:
ImageMath 3 sub-pixar002_T1w_corrected_labeled_maths_class-01_maths.nii.gz PadImage /gpfs/milgram/scratch60/turk-browne/aa2842/scratch60/workdir/fmriprep_wf/single_subject_pixar002_wf/anat_preproc_wf/brain_extraction_wf/atropos_wf/04_sel_labels/sub-pixar002_T1w_corrected_labeled_maths_class-01.nii.gz -10
240517-15:19:07,301 nipype.workflow INFO:
	 [Node] Running "05_get_wm" ("nipype.interfaces.ants.utils.ImageMath"), a CommandLine Interface with command:
ImageMath 3 sub-pixar002_T1w_corrected_labeled_maths_class-03_maths.nii.gz GetLargestComponent /gpfs/milgram/scratch60/turk-browne/aa2842/scratch60/workdir/fmriprep_wf/single_subject_pixar002_wf/anat_preproc_wf/brain_extraction_wf/atropos_wf/04_sel_labels/sub-pixar002_T1w_corrected_labeled_maths_class-03.nii.gz
240517-15:19:07,614 nipype.workflow INFO:
	 [Node] Finished "fmriprep_wf.single_subject_pixar002_wf.anat_preproc_wf.brain_extraction_wf.atropos_wf.27_depad_csf".
240517-15:19:08,68 nipype.workflow INFO:
	 [Node] Finished "fmriprep_wf.single_subject_pixar002_wf.anat_preproc_wf.brain_extraction_wf.atropos_wf.05_get_wm".
240517-15:19:08,150 nipype.workflow INFO:
	 [Node] Finished "fmriprep_wf.single_subject_pixar002_wf.anat_preproc_wf.brain_extraction_wf.atropos_wf.06_get_gm".
240517-15:19:08,805 nipype.workflow INFO:
	 [Node] Setting-up "fmriprep_wf.single_subject_pixar002_wf.anat_preproc_wf.brain_extraction_wf.atropos_wf.apply_wm_prior" in "/gpfs/milgram/scratch60/turk-browne/aa2842/scratch60/workdir/fmriprep_wf/single_subject_pixar002_wf/anat_preproc_wf/brain_extraction_wf/atropos_wf/apply_wm_prior".
240517-15:19:08,806 nipype.workflow INFO:
	 [Node] Setting-up "fmriprep_wf.single_subject_pixar002_wf.anat_preproc_wf.brain_extraction_wf.atropos_wf.07_fill_gm" in "/gpfs/milgram/scratch60/turk-browne/aa2842/scratch60/workdir/fmriprep_wf/single_subject_pixar002_wf/anat_preproc_wf/brain_extraction_wf/atropos_wf/07_fill_gm".
240517-15:19:08,806 nipype.workflow INFO:
	 [Node] Setting-up "fmriprep_wf.single_subject_pixar002_wf.anat_preproc_wf.brain_extraction_wf.atropos_wf.09_relabel_wm" in "/gpfs/milgram/scratch60/turk-browne/aa2842/scratch60/workdir/fmriprep_wf/single_subject_pixar002_wf/anat_preproc_wf/brain_extraction_wf/atropos_wf/09_relabel_wm".
240517-15:19:08,813 nipype.workflow INFO:
	 [Node] Running "09_relabel_wm" ("nipype.interfaces.ants.utils.MultiplyImages"), a CommandLine Interface with command:
MultiplyImages 3 /gpfs/milgram/scratch60/turk-browne/aa2842/scratch60/workdir/fmriprep_wf/single_subject_pixar002_wf/anat_preproc_wf/brain_extraction_wf/atropos_wf/05_get_wm/sub-pixar002_T1w_corrected_labeled_maths_class-03_maths.nii.gz 3.0 09_relabel_wm.nii.gz
240517-15:19:08,816 nipype.workflow INFO:
	 [Node] Running "07_fill_gm" ("nipype.interfaces.ants.utils.ImageMath"), a CommandLine Interface with command:
ImageMath 3 sub-pixar002_T1w_corrected_labeled_maths_class-02_maths_maths.nii.gz FillHoles /gpfs/milgram/scratch60/turk-browne/aa2842/scratch60/workdir/fmriprep_wf/single_subject_pixar002_wf/anat_preproc_wf/brain_extraction_wf/atropos_wf/06_get_gm/sub-pixar002_T1w_corrected_labeled_maths_class-02_maths.nii.gz 2
240517-15:19:08,817 nipype.workflow INFO:
	 [Node] Running "apply_wm_prior" ("nipype.interfaces.utility.wrappers.Function")
240517-15:19:09,181 nipype.workflow INFO:
	 [Node] Finished "fmriprep_wf.single_subject_pixar002_wf.anat_preproc_wf.brain_extraction_wf.atropos_wf.10_me_csf".
240517-15:19:09,321 nipype.workflow INFO:
	 [Node] Finished "fmriprep_wf.single_subject_pixar002_wf.anat_preproc_wf.brain_extraction_wf.atropos_wf.09_relabel_wm".
240517-15:19:09,323 nipype.workflow INFO:
	 [Node] Finished "fmriprep_wf.single_subject_pixar002_wf.anat_preproc_wf.brain_extraction_wf.atropos_wf.apply_wm_prior".
240517-15:19:10,815 nipype.workflow INFO:
	 [Node] Setting-up "fmriprep_wf.single_subject_pixar002_wf.anat_preproc_wf.brain_extraction_wf.atropos_wf.26_depad_wm" in "/gpfs/milgram/scratch60/turk-browne/aa2842/scratch60/workdir/fmriprep_wf/single_subject_pixar002_wf/anat_preproc_wf/brain_extraction_wf/atropos_wf/26_depad_wm".
240517-15:19:10,815 nipype.workflow INFO:
	 [Node] Setting-up "fmriprep_wf.single_subject_pixar002_wf.anat_preproc_wf.brain_extraction_wf.atropos_wf.inu_n4_final" in "/gpfs/milgram/scratch60/turk-browne/aa2842/scratch60/workdir/fmriprep_wf/single_subject_pixar002_wf/anat_preproc_wf/brain_extraction_wf/atropos_wf/inu_n4_final".
240517-15:19:10,819 nipype.workflow INFO:
	 [Node] Running "26_depad_wm" ("nipype.interfaces.ants.utils.ImageMath"), a CommandLine Interface with command:
ImageMath 3 09_relabel_wm_maths.nii.gz PadImage /gpfs/milgram/scratch60/turk-browne/aa2842/scratch60/workdir/fmriprep_wf/single_subject_pixar002_wf/anat_preproc_wf/brain_extraction_wf/atropos_wf/09_relabel_wm/09_relabel_wm.nii.gz -10
240517-15:19:10,821 nipype.workflow INFO:
	 [Node] Setting-up "_inu_n4_final0" in "/gpfs/milgram/scratch60/turk-browne/aa2842/scratch60/workdir/fmriprep_wf/single_subject_pixar002_wf/anat_preproc_wf/brain_extraction_wf/atropos_wf/inu_n4_final/mapflow/_inu_n4_final0".
240517-15:19:10,824 nipype.workflow INFO:
	 [Node] Running "_inu_n4_final0" ("nipype.interfaces.ants.segmentation.N4BiasFieldCorrection"), a CommandLine Interface with command:
N4BiasFieldCorrection --bspline-fitting [ 200 ] -d 3 --input-image /gpfs/milgram/data/PartlyCloudy/sub-pixar002/anat/sub-pixar002_T1w.nii.gz --convergence [ 50x50x50x50x50, 1e-07 ] --output [ sub-pixar002_T1w_corrected.nii.gz, sub-pixar002_T1w_bias.nii.gz ] -r --shrink-factor 4 --weight-image /gpfs/milgram/scratch60/turk-browne/aa2842/scratch60/workdir/fmriprep_wf/single_subject_pixar002_wf/anat_preproc_wf/brain_extraction_wf/atropos_wf/apply_wm_prior/prodmap.nii.gz
240517-15:19:11,275 nipype.workflow INFO:
	 [Node] Finished "fmriprep_wf.single_subject_pixar002_wf.anat_preproc_wf.brain_extraction_wf.atropos_wf.26_depad_wm".
240517-15:19:14,276 nipype.workflow INFO:
	 [Node] Finished "fmriprep_wf.single_subject_pixar002_wf.anat_preproc_wf.brain_extraction_wf.atropos_wf.07_fill_gm".
240517-15:19:14,815 nipype.workflow INFO:
	 [Node] Setting-up "fmriprep_wf.single_subject_pixar002_wf.anat_preproc_wf.brain_extraction_wf.atropos_wf.08_mult_gm" in "/gpfs/milgram/scratch60/turk-browne/aa2842/scratch60/workdir/fmriprep_wf/single_subject_pixar002_wf/anat_preproc_wf/brain_extraction_wf/atropos_wf/08_mult_gm".
240517-15:19:14,821 nipype.workflow INFO:
	 [Node] Running "08_mult_gm" ("nipype.interfaces.ants.utils.MultiplyImages"), a CommandLine Interface with command:
MultiplyImages 3 /gpfs/milgram/scratch60/turk-browne/aa2842/scratch60/workdir/fmriprep_wf/single_subject_pixar002_wf/anat_preproc_wf/brain_extraction_wf/atropos_wf/06_get_gm/sub-pixar002_T1w_corrected_labeled_maths_class-02_maths.nii.gz /gpfs/milgram/scratch60/turk-browne/aa2842/scratch60/workdir/fmriprep_wf/single_subject_pixar002_wf/anat_preproc_wf/brain_extraction_wf/atropos_wf/07_fill_gm/sub-pixar002_T1w_corrected_labeled_maths_class-02_maths_maths.nii.gz 08_mult_gm.nii.gz
240517-15:19:15,385 nipype.workflow INFO:
	 [Node] Finished "fmriprep_wf.single_subject_pixar002_wf.anat_preproc_wf.brain_extraction_wf.atropos_wf.08_mult_gm".
240517-15:19:16,825 nipype.workflow INFO:
	 [Node] Setting-up "fmriprep_wf.single_subject_pixar002_wf.anat_preproc_wf.brain_extraction_wf.atropos_wf.11_add_gm" in "/gpfs/milgram/scratch60/turk-browne/aa2842/scratch60/workdir/fmriprep_wf/single_subject_pixar002_wf/anat_preproc_wf/brain_extraction_wf/atropos_wf/11_add_gm".
240517-15:19:16,830 nipype.workflow INFO:
	 [Node] Running "11_add_gm" ("nipype.interfaces.ants.utils.ImageMath"), a CommandLine Interface with command:
ImageMath 3 08_mult_gm_maths.nii.gz addtozero /gpfs/milgram/scratch60/turk-browne/aa2842/scratch60/workdir/fmriprep_wf/single_subject_pixar002_wf/anat_preproc_wf/brain_extraction_wf/atropos_wf/08_mult_gm/08_mult_gm.nii.gz /gpfs/milgram/scratch60/turk-browne/aa2842/scratch60/workdir/fmriprep_wf/single_subject_pixar002_wf/anat_preproc_wf/brain_extraction_wf/atropos_wf/10_me_csf/sub-pixar002_T1w_corrected_labeled_maths_class-01_maths.nii.gz
240517-15:19:18,247 nipype.workflow INFO:
	 [Node] Finished "_inu_n4_final0".
240517-15:19:18,248 nipype.workflow INFO:
	 [Node] Finished "fmriprep_wf.single_subject_pixar002_wf.anat_preproc_wf.brain_extraction_wf.atropos_wf.inu_n4_final".
240517-15:19:19,61 nipype.workflow INFO:
	 [Node] Finished "fmriprep_wf.single_subject_pixar002_wf.anat_preproc_wf.brain_extraction_wf.atropos_wf.11_add_gm".
240517-15:19:20,820 nipype.workflow INFO:
	 [Node] Setting-up "fmriprep_wf.single_subject_pixar002_wf.anat_preproc_wf.brain_extraction_wf.atropos_wf.12_relabel_gm" in "/gpfs/milgram/scratch60/turk-browne/aa2842/scratch60/workdir/fmriprep_wf/single_subject_pixar002_wf/anat_preproc_wf/brain_extraction_wf/atropos_wf/12_relabel_gm".
240517-15:19:20,825 nipype.workflow INFO:
	 [Node] Running "12_relabel_gm" ("nipype.interfaces.ants.utils.MultiplyImages"), a CommandLine Interface with command:
MultiplyImages 3 /gpfs/milgram/scratch60/turk-browne/aa2842/scratch60/workdir/fmriprep_wf/single_subject_pixar002_wf/anat_preproc_wf/brain_extraction_wf/atropos_wf/11_add_gm/08_mult_gm_maths.nii.gz 2.0 12_relabel_gm.nii.gz
240517-15:19:21,250 nipype.workflow INFO:
	 [Node] Finished "fmriprep_wf.single_subject_pixar002_wf.anat_preproc_wf.brain_extraction_wf.atropos_wf.12_relabel_gm".
240517-15:19:22,823 nipype.workflow INFO:
	 [Node] Setting-up "fmriprep_wf.single_subject_pixar002_wf.anat_preproc_wf.brain_extraction_wf.atropos_wf.25_depad_gm" in "/gpfs/milgram/scratch60/turk-browne/aa2842/scratch60/workdir/fmriprep_wf/single_subject_pixar002_wf/anat_preproc_wf/brain_extraction_wf/atropos_wf/25_depad_gm".
240517-15:19:22,823 nipype.workflow INFO:
	 [Node] Setting-up "fmriprep_wf.single_subject_pixar002_wf.anat_preproc_wf.brain_extraction_wf.atropos_wf.13_add_gm_wm" in "/gpfs/milgram/scratch60/turk-browne/aa2842/scratch60/workdir/fmriprep_wf/single_subject_pixar002_wf/anat_preproc_wf/brain_extraction_wf/atropos_wf/13_add_gm_wm".
240517-15:19:22,842 nipype.workflow INFO:
	 [Node] Running "25_depad_gm" ("nipype.interfaces.ants.utils.ImageMath"), a CommandLine Interface with command:
ImageMath 3 12_relabel_gm_maths.nii.gz PadImage /gpfs/milgram/scratch60/turk-browne/aa2842/scratch60/workdir/fmriprep_wf/single_subject_pixar002_wf/anat_preproc_wf/brain_extraction_wf/atropos_wf/12_relabel_gm/12_relabel_gm.nii.gz -10
240517-15:19:22,843 nipype.workflow INFO:
	 [Node] Running "13_add_gm_wm" ("nipype.interfaces.ants.utils.ImageMath"), a CommandLine Interface with command:
ImageMath 3 09_relabel_wm_maths.nii.gz addtozero /gpfs/milgram/scratch60/turk-browne/aa2842/scratch60/workdir/fmriprep_wf/single_subject_pixar002_wf/anat_preproc_wf/brain_extraction_wf/atropos_wf/09_relabel_wm/09_relabel_wm.nii.gz /gpfs/milgram/scratch60/turk-browne/aa2842/scratch60/workdir/fmriprep_wf/single_subject_pixar002_wf/anat_preproc_wf/brain_extraction_wf/atropos_wf/12_relabel_gm/12_relabel_gm.nii.gz
240517-15:19:23,459 nipype.workflow INFO:
	 [Node] Finished "fmriprep_wf.single_subject_pixar002_wf.anat_preproc_wf.brain_extraction_wf.atropos_wf.25_depad_gm".
240517-15:19:24,826 nipype.workflow INFO:
	 [Node] Setting-up "fmriprep_wf.single_subject_pixar002_wf.anat_preproc_wf.brain_extraction_wf.atropos_wf.merge_tpms" in "/gpfs/milgram/scratch60/turk-browne/aa2842/scratch60/workdir/fmriprep_wf/single_subject_pixar002_wf/anat_preproc_wf/brain_extraction_wf/atropos_wf/merge_tpms".
240517-15:19:24,831 nipype.workflow INFO:
	 [Node] Running "merge_tpms" ("nipype.interfaces.utility.base.Merge")
240517-15:19:24,834 nipype.workflow INFO:
	 [Node] Finished "fmriprep_wf.single_subject_pixar002_wf.anat_preproc_wf.brain_extraction_wf.atropos_wf.merge_tpms".
240517-15:19:25,171 nipype.workflow INFO:
	 [Node] Finished "fmriprep_wf.single_subject_pixar002_wf.anat_preproc_wf.brain_extraction_wf.atropos_wf.13_add_gm_wm".
240517-15:19:26,830 nipype.workflow INFO:
	 [Node] Setting-up "fmriprep_wf.single_subject_pixar002_wf.anat_preproc_wf.brain_extraction_wf.atropos_wf.24_depad_segm" in "/gpfs/milgram/scratch60/turk-browne/aa2842/scratch60/workdir/fmriprep_wf/single_subject_pixar002_wf/anat_preproc_wf/brain_extraction_wf/atropos_wf/24_depad_segm".
240517-15:19:26,830 nipype.workflow INFO:
	 [Node] Setting-up "fmriprep_wf.single_subject_pixar002_wf.anat_preproc_wf.brain_extraction_wf.atropos_wf.14_sel_labels2" in "/gpfs/milgram/scratch60/turk-browne/aa2842/scratch60/workdir/fmriprep_wf/single_subject_pixar002_wf/anat_preproc_wf/brain_extraction_wf/atropos_wf/14_sel_labels2".
240517-15:19:26,837 nipype.workflow INFO:
	 [Node] Running "14_sel_labels2" ("nipype.interfaces.utility.wrappers.Function")
240517-15:19:26,837 nipype.workflow INFO:
	 [Node] Running "24_depad_segm" ("nipype.interfaces.ants.utils.ImageMath"), a CommandLine Interface with command:
ImageMath 3 09_relabel_wm_maths_maths.nii.gz PadImage /gpfs/milgram/scratch60/turk-browne/aa2842/scratch60/workdir/fmriprep_wf/single_subject_pixar002_wf/anat_preproc_wf/brain_extraction_wf/atropos_wf/13_add_gm_wm/09_relabel_wm_maths.nii.gz -10
240517-15:19:26,974 nipype.workflow INFO:
	 [Node] Finished "fmriprep_wf.single_subject_pixar002_wf.anat_preproc_wf.brain_extraction_wf.atropos_wf.14_sel_labels2".
240517-15:19:27,351 nipype.workflow INFO:
	 [Node] Finished "fmriprep_wf.single_subject_pixar002_wf.anat_preproc_wf.brain_extraction_wf.atropos_wf.24_depad_segm".
240517-15:19:28,834 nipype.workflow INFO:
	 [Node] Setting-up "fmriprep_wf.single_subject_pixar002_wf.anat_preproc_wf.brain_extraction_wf.atropos_wf.15_add_7" in "/gpfs/milgram/scratch60/turk-browne/aa2842/scratch60/workdir/fmriprep_wf/single_subject_pixar002_wf/anat_preproc_wf/brain_extraction_wf/atropos_wf/15_add_7".
240517-15:19:28,839 nipype.workflow INFO:
	 [Node] Running "15_add_7" ("nipype.interfaces.ants.utils.ImageMath"), a CommandLine Interface with command:
ImageMath 3 09_relabel_wm_maths_class-03_maths.nii.gz addtozero /gpfs/milgram/scratch60/turk-browne/aa2842/scratch60/workdir/fmriprep_wf/single_subject_pixar002_wf/anat_preproc_wf/brain_extraction_wf/atropos_wf/14_sel_labels2/09_relabel_wm_maths_class-03.nii.gz /gpfs/milgram/scratch60/turk-browne/aa2842/scratch60/workdir/fmriprep_wf/single_subject_pixar002_wf/anat_preproc_wf/brain_extraction_wf/atropos_wf/14_sel_labels2/09_relabel_wm_maths_class-02.nii.gz
240517-15:19:30,986 nipype.workflow INFO:
	 [Node] Finished "fmriprep_wf.single_subject_pixar002_wf.anat_preproc_wf.brain_extraction_wf.atropos_wf.15_add_7".
240517-15:19:32,830 nipype.workflow INFO:
	 [Node] Setting-up "fmriprep_wf.single_subject_pixar002_wf.anat_preproc_wf.brain_extraction_wf.atropos_wf.16_me_7" in "/gpfs/milgram/scratch60/turk-browne/aa2842/scratch60/workdir/fmriprep_wf/single_subject_pixar002_wf/anat_preproc_wf/brain_extraction_wf/atropos_wf/16_me_7".
240517-15:19:32,835 nipype.workflow INFO:
	 [Node] Running "16_me_7" ("nipype.interfaces.ants.utils.ImageMath"), a CommandLine Interface with command:
ImageMath 3 09_relabel_wm_maths_class-03_maths_maths.nii.gz ME /gpfs/milgram/scratch60/turk-browne/aa2842/scratch60/workdir/fmriprep_wf/single_subject_pixar002_wf/anat_preproc_wf/brain_extraction_wf/atropos_wf/15_add_7/09_relabel_wm_maths_class-03_maths.nii.gz 2
240517-15:19:34,25 nipype.workflow INFO:
	 [Node] Finished "fmriprep_wf.single_subject_pixar002_wf.anat_preproc_wf.brain_extraction_wf.atropos_wf.16_me_7".
240517-15:19:34,837 nipype.workflow INFO:
	 [Node] Setting-up "fmriprep_wf.single_subject_pixar002_wf.anat_preproc_wf.brain_extraction_wf.atropos_wf.17_comp_7" in "/gpfs/milgram/scratch60/turk-browne/aa2842/scratch60/workdir/fmriprep_wf/single_subject_pixar002_wf/anat_preproc_wf/brain_extraction_wf/atropos_wf/17_comp_7".
240517-15:19:34,842 nipype.workflow INFO:
	 [Node] Running "17_comp_7" ("nipype.interfaces.ants.utils.ImageMath"), a CommandLine Interface with command:
ImageMath 3 09_relabel_wm_maths_class-03_maths_maths_maths.nii.gz GetLargestComponent /gpfs/milgram/scratch60/turk-browne/aa2842/scratch60/workdir/fmriprep_wf/single_subject_pixar002_wf/anat_preproc_wf/brain_extraction_wf/atropos_wf/16_me_7/09_relabel_wm_maths_class-03_maths_maths.nii.gz
240517-15:19:35,702 nipype.workflow INFO:
	 [Node] Finished "fmriprep_wf.single_subject_pixar002_wf.anat_preproc_wf.brain_extraction_wf.atropos_wf.17_comp_7".
240517-15:19:36,836 nipype.workflow INFO:
	 [Node] Setting-up "fmriprep_wf.single_subject_pixar002_wf.anat_preproc_wf.brain_extraction_wf.atropos_wf.18_md_7" in "/gpfs/milgram/scratch60/turk-browne/aa2842/scratch60/workdir/fmriprep_wf/single_subject_pixar002_wf/anat_preproc_wf/brain_extraction_wf/atropos_wf/18_md_7".
240517-15:19:36,842 nipype.workflow INFO:
	 [Node] Running "18_md_7" ("nipype.interfaces.ants.utils.ImageMath"), a CommandLine Interface with command:
ImageMath 3 09_relabel_wm_maths_class-03_maths_maths_maths_maths.nii.gz MD /gpfs/milgram/scratch60/turk-browne/aa2842/scratch60/workdir/fmriprep_wf/single_subject_pixar002_wf/anat_preproc_wf/brain_extraction_wf/atropos_wf/17_comp_7/09_relabel_wm_maths_class-03_maths_maths_maths.nii.gz 4
240517-15:19:37,743 nipype.workflow INFO:
	 [Node] Finished "fmriprep_wf.single_subject_pixar002_wf.anat_preproc_wf.brain_extraction_wf.atropos_wf.18_md_7".
240517-15:19:38,835 nipype.workflow INFO:
	 [Node] Setting-up "fmriprep_wf.single_subject_pixar002_wf.anat_preproc_wf.brain_extraction_wf.atropos_wf.19_fill_7" in "/gpfs/milgram/scratch60/turk-browne/aa2842/scratch60/workdir/fmriprep_wf/single_subject_pixar002_wf/anat_preproc_wf/brain_extraction_wf/atropos_wf/19_fill_7".
240517-15:19:38,840 nipype.workflow INFO:
	 [Node] Running "19_fill_7" ("nipype.interfaces.ants.utils.ImageMath"), a CommandLine Interface with command:
ImageMath 3 09_relabel_wm_maths_class-03_maths_maths_maths_maths_maths.nii.gz FillHoles /gpfs/milgram/scratch60/turk-browne/aa2842/scratch60/workdir/fmriprep_wf/single_subject_pixar002_wf/anat_preproc_wf/brain_extraction_wf/atropos_wf/18_md_7/09_relabel_wm_maths_class-03_maths_maths_maths_maths.nii.gz 2
240517-15:19:43,933 nipype.workflow INFO:
	 [Node] Finished "fmriprep_wf.single_subject_pixar002_wf.anat_preproc_wf.brain_extraction_wf.atropos_wf.19_fill_7".
240517-15:19:44,843 nipype.workflow INFO:
	 [Node] Setting-up "fmriprep_wf.single_subject_pixar002_wf.anat_preproc_wf.brain_extraction_wf.atropos_wf.20_add_7_2" in "/gpfs/milgram/scratch60/turk-browne/aa2842/scratch60/workdir/fmriprep_wf/single_subject_pixar002_wf/anat_preproc_wf/brain_extraction_wf/atropos_wf/20_add_7_2".
240517-15:19:44,849 nipype.workflow INFO:
	 [Node] Running "20_add_7_2" ("nipype.interfaces.ants.utils.ImageMath"), a CommandLine Interface with command:
ImageMath 3 09_relabel_wm_maths_class-03_maths_maths_maths_maths_maths_maths.nii.gz addtozero /gpfs/milgram/scratch60/turk-browne/aa2842/scratch60/workdir/fmriprep_wf/single_subject_pixar002_wf/anat_preproc_wf/brain_extraction_wf/atropos_wf/19_fill_7/09_relabel_wm_maths_class-03_maths_maths_maths_maths_maths.nii.gz /gpfs/milgram/scratch60/turk-browne/aa2842/scratch60/workdir/fmriprep_wf/single_subject_pixar002_wf/anat_preproc_wf/brain_extraction_wf/atropos_wf/03_pad_mask/tpl-OASIS30ANTs_res-01_label-brain_probseg_trans_resampled_maths.nii.gz
240517-15:19:47,5 nipype.workflow INFO:
	 [Node] Finished "fmriprep_wf.single_subject_pixar002_wf.anat_preproc_wf.brain_extraction_wf.atropos_wf.20_add_7_2".
240517-15:19:48,849 nipype.workflow INFO:
	 [Node] Setting-up "fmriprep_wf.single_subject_pixar002_wf.anat_preproc_wf.brain_extraction_wf.atropos_wf.21_md_7_2" in "/gpfs/milgram/scratch60/turk-browne/aa2842/scratch60/workdir/fmriprep_wf/single_subject_pixar002_wf/anat_preproc_wf/brain_extraction_wf/atropos_wf/21_md_7_2".
240517-15:19:48,855 nipype.workflow INFO:
	 [Node] Running "21_md_7_2" ("nipype.interfaces.ants.utils.ImageMath"), a CommandLine Interface with command:
ImageMath 3 09_relabel_wm_maths_class-03_maths_maths_maths_maths_maths_maths_maths.nii.gz MD /gpfs/milgram/scratch60/turk-browne/aa2842/scratch60/workdir/fmriprep_wf/single_subject_pixar002_wf/anat_preproc_wf/brain_extraction_wf/atropos_wf/20_add_7_2/09_relabel_wm_maths_class-03_maths_maths_maths_maths_maths_maths.nii.gz 5
240517-15:19:49,695 nipype.workflow INFO:
	 [Node] Finished "fmriprep_wf.single_subject_pixar002_wf.anat_preproc_wf.brain_extraction_wf.atropos_wf.21_md_7_2".
240517-15:19:50,847 nipype.workflow INFO:
	 [Node] Setting-up "fmriprep_wf.single_subject_pixar002_wf.anat_preproc_wf.brain_extraction_wf.atropos_wf.22_me_7_2" in "/gpfs/milgram/scratch60/turk-browne/aa2842/scratch60/workdir/fmriprep_wf/single_subject_pixar002_wf/anat_preproc_wf/brain_extraction_wf/atropos_wf/22_me_7_2".
240517-15:19:50,852 nipype.workflow INFO:
	 [Node] Running "22_me_7_2" ("nipype.interfaces.ants.utils.ImageMath"), a CommandLine Interface with command:
ImageMath 3 09_relabel_wm_maths_class-03_maths_maths_maths_maths_maths_maths_maths_maths.nii.gz ME /gpfs/milgram/scratch60/turk-browne/aa2842/scratch60/workdir/fmriprep_wf/single_subject_pixar002_wf/anat_preproc_wf/brain_extraction_wf/atropos_wf/21_md_7_2/09_relabel_wm_maths_class-03_maths_maths_maths_maths_maths_maths_maths.nii.gz 5
240517-15:19:52,61 nipype.workflow INFO:
	 [Node] Finished "fmriprep_wf.single_subject_pixar002_wf.anat_preproc_wf.brain_extraction_wf.atropos_wf.22_me_7_2".
240517-15:19:52,859 nipype.workflow INFO:
	 [Node] Setting-up "fmriprep_wf.single_subject_pixar002_wf.anat_preproc_wf.brain_extraction_wf.atropos_wf.23_depad_mask" in "/gpfs/milgram/scratch60/turk-browne/aa2842/scratch60/workdir/fmriprep_wf/single_subject_pixar002_wf/anat_preproc_wf/brain_extraction_wf/atropos_wf/23_depad_mask".
240517-15:19:52,864 nipype.workflow INFO:
	 [Node] Running "23_depad_mask" ("nipype.interfaces.ants.utils.ImageMath"), a CommandLine Interface with command:
ImageMath 3 09_relabel_wm_maths_class-03_maths_maths_maths_maths_maths_maths_maths_maths_maths.nii.gz PadImage /gpfs/milgram/scratch60/turk-browne/aa2842/scratch60/workdir/fmriprep_wf/single_subject_pixar002_wf/anat_preproc_wf/brain_extraction_wf/atropos_wf/22_me_7_2/09_relabel_wm_maths_class-03_maths_maths_maths_maths_maths_maths_maths_maths.nii.gz -10
240517-15:19:53,230 nipype.workflow INFO:
	 [Node] Finished "fmriprep_wf.single_subject_pixar002_wf.anat_preproc_wf.brain_extraction_wf.atropos_wf.23_depad_mask".
240517-15:19:54,855 nipype.workflow INFO:
	 [Node] Setting-up "fmriprep_wf.single_subject_pixar002_wf.anat_preproc_wf.brain_extraction_wf.atropos_wf.msk_conform" in "/gpfs/milgram/scratch60/turk-browne/aa2842/scratch60/workdir/fmriprep_wf/single_subject_pixar002_wf/anat_preproc_wf/brain_extraction_wf/atropos_wf/msk_conform".
240517-15:19:54,860 nipype.workflow INFO:
	 [Node] Running "msk_conform" ("nipype.interfaces.utility.wrappers.Function")
240517-15:19:54,987 nipype.workflow INFO:
	 [Node] Finished "fmriprep_wf.single_subject_pixar002_wf.anat_preproc_wf.brain_extraction_wf.atropos_wf.msk_conform".
240517-15:19:59,756 nipype.workflow INFO:
	 [Node] Setting-up "fmriprep_wf.single_subject_pixar002_wf.anat_preproc_wf.anat_norm_wf.trunc_mov" in "/gpfs/milgram/scratch60/turk-browne/aa2842/scratch60/workdir/fmriprep_wf/single_subject_pixar002_wf/anat_preproc_wf/anat_norm_wf/_template_MNI152Lin/trunc_mov".
240517-15:19:59,758 nipype.workflow INFO:
	 [Node] Setting-up "fmriprep_wf.single_subject_pixar002_wf.anat_preproc_wf.anat_norm_wf.trunc_mov" in "/gpfs/milgram/scratch60/turk-browne/aa2842/scratch60/workdir/fmriprep_wf/single_subject_pixar002_wf/anat_preproc_wf/anat_norm_wf/_template_MNI152NLin2009cAsym/trunc_mov".
240517-15:19:59,758 nipype.workflow INFO:
	 [Node] Setting-up "fmriprep_wf.single_subject_pixar002_wf.anat_preproc_wf.anat_derivatives_wf.gen_ref" in "/gpfs/milgram/scratch60/turk-browne/aa2842/scratch60/workdir/fmriprep_wf/single_subject_pixar002_wf/anat_preproc_wf/anat_derivatives_wf/_in_tuple_MNI152Lin.resnative/gen_ref".
240517-15:19:59,761 nipype.workflow INFO:
	 [Node] Running "trunc_mov" ("nipype.interfaces.ants.utils.ImageMath"), a CommandLine Interface with command:
ImageMath 3 sub-pixar002_T1w_corrected_xform_maths.nii.gz TruncateImageIntensity /gpfs/milgram/scratch60/turk-browne/aa2842/scratch60/workdir/fmriprep_wf/single_subject_pixar002_wf/anat_preproc_wf/brain_extraction_wf/atropos_wf/copy_xform/sub-pixar002_T1w_corrected_xform.nii.gz 0.01 0.999 256
240517-15:19:59,766 nipype.workflow INFO:
	 [Node] Running "trunc_mov" ("nipype.interfaces.ants.utils.ImageMath"), a CommandLine Interface with command:
ImageMath 3 sub-pixar002_T1w_corrected_xform_maths.nii.gz TruncateImageIntensity /gpfs/milgram/scratch60/turk-browne/aa2842/scratch60/workdir/fmriprep_wf/single_subject_pixar002_wf/anat_preproc_wf/brain_extraction_wf/atropos_wf/copy_xform/sub-pixar002_T1w_corrected_xform.nii.gz 0.01 0.999 256
240517-15:19:59,934 nipype.workflow INFO:
	 [Node] Running "gen_ref" ("niworkflows.interfaces.utils.GenerateSamplingReference")
240517-15:20:00,122 nipype.interface WARNING:
	 Changing /gpfs/milgram/scratch60/turk-browne/aa2842/scratch60/derivatives/fmriprep/sub-pixar002/anat/sub-pixar002_desc-brain_mask.nii.gz dtype from int16 to uint8
240517-15:20:00,920 nipype.workflow INFO:
	 [Node] Finished "fmriprep_wf.single_subject_pixar002_wf.anat_preproc_wf.anat_derivatives_wf.gen_ref".
240517-15:20:01,673 nipype.workflow INFO:
	 [Node] Setting-up "fmriprep_wf.single_subject_pixar002_wf.func_preproc_task_pixar_wf.t1w_brain" in "/gpfs/milgram/scratch60/turk-browne/aa2842/scratch60/workdir/fmriprep_wf/single_subject_pixar002_wf/func_preproc_task_pixar_wf/t1w_brain".
240517-15:20:01,677 nipype.workflow INFO:
	 [Node] Running "t1w_brain" ("niworkflows.interfaces.nibabel.ApplyMask")
240517-15:20:01,679 nipype.workflow INFO:
	 [Node] Setting-up "fmriprep_wf.single_subject_pixar002_wf.anat_preproc_wf.brain_extraction_wf.atropos_wf.apply_mask" in "/gpfs/milgram/scratch60/turk-browne/aa2842/scratch60/workdir/fmriprep_wf/single_subject_pixar002_wf/anat_preproc_wf/brain_extraction_wf/atropos_wf/apply_mask".
240517-15:20:01,684 nipype.workflow INFO:
	 [Node] Setting-up "_apply_mask0" in "/gpfs/milgram/scratch60/turk-browne/aa2842/scratch60/workdir/fmriprep_wf/single_subject_pixar002_wf/anat_preproc_wf/brain_extraction_wf/atropos_wf/apply_mask/mapflow/_apply_mask0".
240517-15:20:01,687 nipype.workflow INFO:
	 [Node] Running "_apply_mask0" ("niworkflows.interfaces.nibabel.ApplyMask")
240517-15:20:01,773 nipype.workflow INFO:
	 [Node] Finished "fmriprep_wf.single_subject_pixar002_wf.anat_preproc_wf.anat_norm_wf.trunc_mov".
240517-15:20:01,773 nipype.workflow INFO:
	 [Node] Finished "fmriprep_wf.single_subject_pixar002_wf.anat_preproc_wf.anat_norm_wf.trunc_mov".
240517-15:20:02,57 nipype.workflow INFO:
	 [Node] Finished "fmriprep_wf.single_subject_pixar002_wf.func_preproc_task_pixar_wf.t1w_brain".
240517-15:20:02,83 nipype.workflow INFO:
	 [Node] Finished "_apply_mask0".
240517-15:20:02,85 nipype.workflow INFO:
	 [Node] Finished "fmriprep_wf.single_subject_pixar002_wf.anat_preproc_wf.brain_extraction_wf.atropos_wf.apply_mask".
240517-15:20:03,824 nipype.workflow INFO:
	 [Node] Setting-up "fmriprep_wf.single_subject_pixar002_wf.anat_preproc_wf.anat_norm_wf.registration" in "/gpfs/milgram/scratch60/turk-browne/aa2842/scratch60/workdir/fmriprep_wf/single_subject_pixar002_wf/anat_preproc_wf/anat_norm_wf/_template_MNI152Lin/registration".
240517-15:20:03,824 nipype.workflow INFO:
	 [Node] Setting-up "fmriprep_wf.single_subject_pixar002_wf.anat_preproc_wf.anat_norm_wf.registration" in "/gpfs/milgram/scratch60/turk-browne/aa2842/scratch60/workdir/fmriprep_wf/single_subject_pixar002_wf/anat_preproc_wf/anat_norm_wf/_template_MNI152NLin2009cAsym/registration".
exception calling callback for <Future at 0x1492bd50bc18 state=finished raised FileNotFoundError>
concurrent.futures.process._RemoteTraceback: 
"""
Traceback (most recent call last):
  File "/usr/local/miniconda/lib/python3.7/site-packages/nipype/interfaces/base/traits_extension.py", line 129, in validate
    value = Path(value)  # Use pathlib's validation
  File "/usr/local/miniconda/lib/python3.7/pathlib.py", line 994, in __new__
    self = cls._from_parts(args, init=False)
  File "/usr/local/miniconda/lib/python3.7/pathlib.py", line 649, in _from_parts
    drv, root, parts = self._parse_args(args)
  File "/usr/local/miniconda/lib/python3.7/pathlib.py", line 633, in _parse_args
    a = os.fspath(a)
TypeError: expected str, bytes or os.PathLike object, not list

During handling of the above exception, another exception occurred:

Traceback (most recent call last):
  File "/usr/local/miniconda/lib/python3.7/site-packages/nipype/pipeline/plugins/multiproc.py", line 67, in run_node
    result["result"] = node.run(updatehash=updatehash)
  File "/usr/local/miniconda/lib/python3.7/site-packages/nipype/pipeline/engine/nodes.py", line 486, in run
    self._get_hashval()
  File "/usr/local/miniconda/lib/python3.7/site-packages/nipype/pipeline/engine/nodes.py", line 538, in _get_hashval
    self._get_inputs()
  File "/usr/local/miniconda/lib/python3.7/site-packages/nipype/pipeline/engine/nodes.py", line 609, in _get_inputs
    self.set_input(key, deepcopy(output_value))
  File "/usr/local/miniconda/lib/python3.7/site-packages/nipype/pipeline/engine/nodes.py", line 302, in set_input
    setattr(self.inputs, parameter, deepcopy(val))
  File "/usr/local/miniconda/lib/python3.7/site-packages/nipype/interfaces/base/traits_extension.py", line 330, in validate
    value = super(File, self).validate(objekt, name, value, return_pathlike=True)
  File "/usr/local/miniconda/lib/python3.7/site-packages/nipype/interfaces/base/traits_extension.py", line 131, in validate
    self.error(objekt, name, str(value))
  File "/usr/local/miniconda/lib/python3.7/site-packages/traits/trait_handlers.py", line 172, in error
    value )
traits.trait_errors.TraitError: The 'lesion_mask' trait of a _RobustMNINormalizationInputSpec instance must be a pathlike object or string representing an existing file, but a value of "['/gpfs/milgram/data/PartlyCloudy/preprocessed/fmriprep/sub-pixar002/anat/sub-pixar002_T1w_label-aparcaseg_roi.nii.gz', '/gpfs/milgram/data/PartlyCloudy/preprocessed/fmriprep/sub-pixar002/anat/sub-pixar002_T1w_label-aseg_roi.nii.gz', '/gpfs/milgram/data/PartlyCloudy/preprocessed_data/fmriprep/sub-pixar002/anat/sub-pixar002_T1w_label-aparcaseg_roi.nii.gz', '/gpfs/milgram/data/PartlyCloudy/preprocessed_data/fmriprep/sub-pixar002/anat/sub-pixar002_T1w_label-aseg_roi.nii.gz']" <class 'str'> was specified.

Error setting node input:
Node: registration
input: lesion_mask
results_file: /gpfs/milgram/scratch60/turk-browne/aa2842/scratch60/workdir/fmriprep_wf/single_subject_pixar002_wf/bidssrc/result_bidssrc.pklz
value: ['/gpfs/milgram/data/PartlyCloudy/preprocessed/fmriprep/sub-pixar002/anat/sub-pixar002_T1w_label-aparcaseg_roi.nii.gz', '/gpfs/milgram/data/PartlyCloudy/preprocessed/fmriprep/sub-pixar002/anat/sub-pixar002_T1w_label-aseg_roi.nii.gz', '/gpfs/milgram/data/PartlyCloudy/preprocessed_data/fmriprep/sub-pixar002/anat/sub-pixar002_T1w_label-aparcaseg_roi.nii.gz', '/gpfs/milgram/data/PartlyCloudy/preprocessed_data/fmriprep/sub-pixar002/anat/sub-pixar002_T1w_label-aseg_roi.nii.gz']

During handling of the above exception, another exception occurred:

Traceback (most recent call last):
  File "/usr/local/miniconda/lib/python3.7/concurrent/futures/process.py", line 232, in _process_worker
    r = call_item.fn(*call_item.args, **call_item.kwargs)
  File "/usr/local/miniconda/lib/python3.7/site-packages/nipype/pipeline/plugins/multiproc.py", line 70, in run_node
    result["result"] = node.result
  File "/usr/local/miniconda/lib/python3.7/site-packages/nipype/pipeline/engine/nodes.py", line 217, in result
    op.join(self.output_dir(), "result_%s.pklz" % self.name)
  File "/usr/local/miniconda/lib/python3.7/site-packages/nipype/pipeline/engine/utils.py", line 291, in load_resultfile
    raise FileNotFoundError(results_file)
FileNotFoundError: /gpfs/milgram/scratch60/turk-browne/aa2842/scratch60/workdir/fmriprep_wf/single_subject_pixar002_wf/anat_preproc_wf/anat_norm_wf/_template_MNI152Lin/registration/result_registration.pklz
"""

The above exception was the direct cause of the following exception:

Traceback (most recent call last):
  File "/usr/local/miniconda/lib/python3.7/concurrent/futures/_base.py", line 324, in _invoke_callbacks
    callback(self)
  File "/usr/local/miniconda/lib/python3.7/site-packages/nipype/pipeline/plugins/multiproc.py", line 159, in _async_callback
    result = args.result()
  File "/usr/local/miniconda/lib/python3.7/concurrent/futures/_base.py", line 425, in result
    return self.__get_result()
  File "/usr/local/miniconda/lib/python3.7/concurrent/futures/_base.py", line 384, in __get_result
    raise self._exception
FileNotFoundError: /gpfs/milgram/scratch60/turk-browne/aa2842/scratch60/workdir/fmriprep_wf/single_subject_pixar002_wf/anat_preproc_wf/anat_norm_wf/_template_MNI152Lin/registration/result_registration.pklz
exception calling callback for <Future at 0x1492bd510a90 state=finished raised FileNotFoundError>
concurrent.futures.process._RemoteTraceback: 
"""
Traceback (most recent call last):
  File "/usr/local/miniconda/lib/python3.7/site-packages/nipype/interfaces/base/traits_extension.py", line 129, in validate
    value = Path(value)  # Use pathlib's validation
  File "/usr/local/miniconda/lib/python3.7/pathlib.py", line 994, in __new__
    self = cls._from_parts(args, init=False)
  File "/usr/local/miniconda/lib/python3.7/pathlib.py", line 649, in _from_parts
    drv, root, parts = self._parse_args(args)
  File "/usr/local/miniconda/lib/python3.7/pathlib.py", line 633, in _parse_args
    a = os.fspath(a)
TypeError: expected str, bytes or os.PathLike object, not list

During handling of the above exception, another exception occurred:

Traceback (most recent call last):
  File "/usr/local/miniconda/lib/python3.7/site-packages/nipype/pipeline/plugins/multiproc.py", line 67, in run_node
    result["result"] = node.run(updatehash=updatehash)
  File "/usr/local/miniconda/lib/python3.7/site-packages/nipype/pipeline/engine/nodes.py", line 486, in run
    self._get_hashval()
  File "/usr/local/miniconda/lib/python3.7/site-packages/nipype/pipeline/engine/nodes.py", line 538, in _get_hashval
    self._get_inputs()
  File "/usr/local/miniconda/lib/python3.7/site-packages/nipype/pipeline/engine/nodes.py", line 609, in _get_inputs
    self.set_input(key, deepcopy(output_value))
  File "/usr/local/miniconda/lib/python3.7/site-packages/nipype/pipeline/engine/nodes.py", line 302, in set_input
    setattr(self.inputs, parameter, deepcopy(val))
  File "/usr/local/miniconda/lib/python3.7/site-packages/nipype/interfaces/base/traits_extension.py", line 330, in validate
    value = super(File, self).validate(objekt, name, value, return_pathlike=True)
  File "/usr/local/miniconda/lib/python3.7/site-packages/nipype/interfaces/base/traits_extension.py", line 131, in validate
    self.error(objekt, name, str(value))
  File "/usr/local/miniconda/lib/python3.7/site-packages/traits/trait_handlers.py", line 172, in error
    value )
traits.trait_errors.TraitError: The 'lesion_mask' trait of a _RobustMNINormalizationInputSpec instance must be a pathlike object or string representing an existing file, but a value of "['/gpfs/milgram/data/PartlyCloudy/preprocessed/fmriprep/sub-pixar002/anat/sub-pixar002_T1w_label-aparcaseg_roi.nii.gz', '/gpfs/milgram/data/PartlyCloudy/preprocessed/fmriprep/sub-pixar002/anat/sub-pixar002_T1w_label-aseg_roi.nii.gz', '/gpfs/milgram/data/PartlyCloudy/preprocessed_data/fmriprep/sub-pixar002/anat/sub-pixar002_T1w_label-aparcaseg_roi.nii.gz', '/gpfs/milgram/data/PartlyCloudy/preprocessed_data/fmriprep/sub-pixar002/anat/sub-pixar002_T1w_label-aseg_roi.nii.gz']" <class 'str'> was specified.

Error setting node input:
Node: registration
input: lesion_mask
results_file: /gpfs/milgram/scratch60/turk-browne/aa2842/scratch60/workdir/fmriprep_wf/single_subject_pixar002_wf/bidssrc/result_bidssrc.pklz
value: ['/gpfs/milgram/data/PartlyCloudy/preprocessed/fmriprep/sub-pixar002/anat/sub-pixar002_T1w_label-aparcaseg_roi.nii.gz', '/gpfs/milgram/data/PartlyCloudy/preprocessed/fmriprep/sub-pixar002/anat/sub-pixar002_T1w_label-aseg_roi.nii.gz', '/gpfs/milgram/data/PartlyCloudy/preprocessed_data/fmriprep/sub-pixar002/anat/sub-pixar002_T1w_label-aparcaseg_roi.nii.gz', '/gpfs/milgram/data/PartlyCloudy/preprocessed_data/fmriprep/sub-pixar002/anat/sub-pixar002_T1w_label-aseg_roi.nii.gz']

During handling of the above exception, another exception occurred:

Traceback (most recent call last):
  File "/usr/local/miniconda/lib/python3.7/concurrent/futures/process.py", line 232, in _process_worker
    r = call_item.fn(*call_item.args, **call_item.kwargs)
  File "/usr/local/miniconda/lib/python3.7/site-packages/nipype/pipeline/plugins/multiproc.py", line 70, in run_node
    result["result"] = node.result
  File "/usr/local/miniconda/lib/python3.7/site-packages/nipype/pipeline/engine/nodes.py", line 217, in result
    op.join(self.output_dir(), "result_%s.pklz" % self.name)
  File "/usr/local/miniconda/lib/python3.7/site-packages/nipype/pipeline/engine/utils.py", line 291, in load_resultfile
    raise FileNotFoundError(results_file)
FileNotFoundError: /gpfs/milgram/scratch60/turk-browne/aa2842/scratch60/workdir/fmriprep_wf/single_subject_pixar002_wf/anat_preproc_wf/anat_norm_wf/_template_MNI152NLin2009cAsym/registration/result_registration.pklz
"""

The above exception was the direct cause of the following exception:

Traceback (most recent call last):
  File "/usr/local/miniconda/lib/python3.7/concurrent/futures/_base.py", line 324, in _invoke_callbacks
    callback(self)
  File "/usr/local/miniconda/lib/python3.7/site-packages/nipype/pipeline/plugins/multiproc.py", line 159, in _async_callback
    result = args.result()
  File "/usr/local/miniconda/lib/python3.7/concurrent/futures/_base.py", line 425, in result
    return self.__get_result()
  File "/usr/local/miniconda/lib/python3.7/concurrent/futures/_base.py", line 384, in __get_result
    raise self._exception
FileNotFoundError: /gpfs/milgram/scratch60/turk-browne/aa2842/scratch60/workdir/fmriprep_wf/single_subject_pixar002_wf/anat_preproc_wf/anat_norm_wf/_template_MNI152NLin2009cAsym/registration/result_registration.pklz
slurmstepd: error: *** JOB 26942808 ON r811u32n03 CANCELLED AT 2024-05-17T17:12:37 ***
