pixar003 /gpfs/milgram/data/PartlyCloudy/ /gpfs/milgram/scratch60/turk-browne/aa2842/scratch60/derivatives
You are using fMRIPrep-23.2.1, and a newer version of fMRIPrep is available: 23.2.2.
Please check out our documentation about how and when to upgrade:
https://fmriprep.readthedocs.io/en/latest/faq.html#upgrading
240517-17:20:39,366 nipype.workflow IMPORTANT:
	 Running fMRIPrep version 23.2.1

         License NOTICE ##################################################
         fMRIPrep 23.2.1
         Copyright 2023 The NiPreps Developers.
         
         This product includes software developed by
         the NiPreps Community (https://nipreps.org/).
         
         Portions of this software were developed at the Department of
         Psychology at Stanford University, Stanford, CA, US.
         
         This software is also distributed as a Docker container image.
         The bootstrapping file for the image ("Dockerfile") is licensed
         under the MIT License.
         
         This software may be distributed through an add-on package called
         "Docker Wrapper" that is under the BSD 3-clause License.
         #################################################################
240517-17:21:23,245 nipype.workflow IMPORTANT:
	 Building fMRIPrep's workflow:
           * BIDS dataset path: /gpfs/milgram/data/PartlyCloudy.
           * Participant list: ['pixar003'].
           * Run identifier: 20240517-171818_e0447d2f-0e8d-456d-ad5a-31ea31f3f900.
           * Output spaces: MNI152Lin:res-native.
           * Pre-run FreeSurfer's SUBJECTS_DIR: /gpfs/milgram/scratch60/turk-browne/aa2842/scratch60/derivatives/sourcedata/freesurfer.
240517-17:21:28,9 nipype.workflow INFO:
	 ANAT Stage 1: Adding template workflow
240517-17:21:29,697 nipype.workflow INFO:
	 ANAT Stage 2: Preparing brain extraction workflow
240517-17:21:29,774 nipype.workflow INFO:
	 ANAT Stage 3: Preparing segmentation workflow
240517-17:21:29,779 nipype.workflow INFO:
	 ANAT Stage 4: Preparing normalization workflow for ['MNI152Lin', 'MNI152NLin2009cAsym']
240517-17:21:29,786 nipype.workflow INFO:
	 ANAT Skipping Stages 5+
240517-17:21:31,977 nipype.workflow INFO:
	 No single-band-reference found for sub-pixar003_task-pixar_bold.nii.gz.
240517-17:21:32,67 nipype.workflow INFO:
	 Stage 1: Adding HMC boldref workflow
240517-17:21:32,74 nipype.workflow INFO:
	 Stage 2: Adding motion correction workflow
240517-17:21:32,81 nipype.workflow INFO:
	 Stage 3: Adding coregistration boldref workflow
240517-17:21:34,933 nipype.workflow INFO:
	 fMRIPrep workflow graph with 297 nodes built successfully.
240517-17:21:48,190 nipype.workflow IMPORTANT:
	 fMRIPrep started!
240517-17:21:52,639 nipype.workflow INFO:
	 [Node] Setting-up "fmriprep_23_2_wf.sub_pixar003_wf.anat_fit_wf.brain_extraction_wf.res_tmpl" in "/gpfs/milgram/scratch60/turk-browne/aa2842/scratch60/workdir/fmriprep_23_2_wf/sub_pixar003_wf/anat_fit_wf/brain_extraction_wf/res_tmpl".
240517-17:21:52,643 nipype.workflow INFO:
	 [Node] Executing "res_tmpl" <niworkflows.interfaces.nibabel.RegridToZooms>
240517-17:21:52,645 nipype.workflow INFO:
	 [Node] Setting-up "fmriprep_23_2_wf.sub_pixar003_wf.anat_fit_wf.brain_extraction_wf.full_wm" in "/gpfs/milgram/scratch60/turk-browne/aa2842/scratch60/workdir/fmriprep_23_2_wf/sub_pixar003_wf/anat_fit_wf/brain_extraction_wf/full_wm".
240517-17:21:52,648 nipype.workflow INFO:
	 [Node] Executing "full_wm" <nipype.interfaces.utility.wrappers.Function>
240517-17:21:52,708 nipype.workflow INFO:
	 [Node] Setting-up "fmriprep_23_2_wf.sub_pixar003_wf.bold_task_pixar_wf.bold_fit_wf.ds_hmc_boldref_wf.raw_sources" in "/gpfs/milgram/scratch60/turk-browne/aa2842/scratch60/workdir/fmriprep_23_2_wf/sub_pixar003_wf/bold_task_pixar_wf/bold_fit_wf/ds_hmc_boldref_wf/raw_sources".
240517-17:21:52,712 nipype.workflow INFO:
	 [Node] Executing "raw_sources" <nipype.interfaces.utility.wrappers.Function>
240517-17:21:52,715 nipype.workflow INFO:
	 [Node] Finished "raw_sources", elapsed time 0.000381s.
240517-17:21:52,717 nipype.workflow INFO:
	 [Node] Setting-up "fmriprep_23_2_wf.sub_pixar003_wf.anat_fit_wf.brain_extraction_wf.lap_tmpl" in "/gpfs/milgram/scratch60/turk-browne/aa2842/scratch60/workdir/fmriprep_23_2_wf/sub_pixar003_wf/anat_fit_wf/brain_extraction_wf/lap_tmpl".
240517-17:21:52,720 nipype.workflow INFO:
	 [Node] Setting-up "fmriprep_23_2_wf.sub_pixar003_wf.bold_task_pixar_wf.bold_fit_wf.ds_hmc_wf.raw_sources" in "/gpfs/milgram/scratch60/turk-browne/aa2842/scratch60/workdir/fmriprep_23_2_wf/sub_pixar003_wf/bold_task_pixar_wf/bold_fit_wf/ds_hmc_wf/raw_sources".
240517-17:21:52,721 nipype.workflow INFO:
	 [Node] Executing "lap_tmpl" <nipype.interfaces.ants.utils.ImageMath>
240517-17:21:52,722 nipype.workflow INFO:
	 [Node] Executing "raw_sources" <nipype.interfaces.utility.wrappers.Function>
240517-17:21:52,723 nipype.workflow INFO:
	 [Node] Finished "raw_sources", elapsed time 0.000333s.
240517-17:21:52,725 nipype.workflow INFO:
	 [Node] Setting-up "fmriprep_23_2_wf.sub_pixar003_wf.bold_task_pixar_wf.bold_native_wf.bold_source" in "/gpfs/milgram/scratch60/turk-browne/aa2842/scratch60/workdir/fmriprep_23_2_wf/sub_pixar003_wf/bold_task_pixar_wf/bold_native_wf/bold_source".
240517-17:21:52,730 nipype.workflow INFO:
	 [Node] Executing "bold_source" <nipype.interfaces.utility.base.Select>
240517-17:21:52,731 nipype.workflow INFO:
	 [Node] Finished "bold_source", elapsed time 0.000206s.
240517-17:21:52,732 nipype.workflow INFO:
	 [Node] Setting-up "fmriprep_23_2_wf.sub_pixar003_wf.bold_task_pixar_wf.ds_bold_std_wf.raw_sources" in "/gpfs/milgram/scratch60/turk-browne/aa2842/scratch60/workdir/fmriprep_23_2_wf/sub_pixar003_wf/bold_task_pixar_wf/ds_bold_std_wf/raw_sources".
240517-17:21:52,735 nipype.workflow INFO:
	 [Node] Executing "raw_sources" <nipype.interfaces.utility.wrappers.Function>
240517-17:21:52,736 nipype.workflow INFO:
	 [Node] Finished "raw_sources", elapsed time 0.000323s.
240517-17:21:52,836 nipype.workflow INFO:
	 [Node] Setting-up "fmriprep_23_2_wf.sub_pixar003_wf.bold_task_pixar_wf.bold_fit_wf.hmc_boldref_wf.val_bold" in "/gpfs/milgram/scratch60/turk-browne/aa2842/scratch60/workdir/fmriprep_23_2_wf/sub_pixar003_wf/bold_task_pixar_wf/bold_fit_wf/hmc_boldref_wf/val_bold".
240517-17:21:52,841 nipype.workflow INFO:
	 [Node] Setting-up "fmriprep_23_2_wf.sub_pixar003_wf.bold_task_pixar_wf.bold_fit_wf.hmc_boldref_wf.get_dummy" in "/gpfs/milgram/scratch60/turk-browne/aa2842/scratch60/workdir/fmriprep_23_2_wf/sub_pixar003_wf/bold_task_pixar_wf/bold_fit_wf/hmc_boldref_wf/get_dummy".
240517-17:21:52,857 nipype.workflow INFO:
	 [Node] Executing "val_bold" <niworkflows.interfaces.header.ValidateImage>
240517-17:21:52,895 nipype.workflow INFO:
	 [Node] Executing "get_dummy" <niworkflows.interfaces.bold.NonsteadyStatesDetector>
240517-17:21:52,944 nipype.workflow INFO:
	 [Node] Finished "val_bold", elapsed time 0.08459s.
240517-17:21:53,94 nipype.workflow INFO:
	 [Node] Finished "full_wm", elapsed time 0.443565s.
240517-17:21:53,183 nipype.workflow INFO:
	 [Node] Setting-up "fmriprep_23_2_wf.sub_pixar003_wf.bidssrc" in "/gpfs/milgram/scratch60/turk-browne/aa2842/scratch60/workdir/fmriprep_23_2_wf/sub_pixar003_wf/bidssrc".
240517-17:21:53,205 nipype.workflow INFO:
	 [Node] Executing "bidssrc" <niworkflows.interfaces.bids.BIDSDataGrabber>
240517-17:21:53,208 nipype.interface INFO:
	 No "t2w" images found for sub-pixar003
240517-17:21:53,208 nipype.interface INFO:
	 No "flair" images found for sub-pixar003
240517-17:21:53,208 nipype.interface INFO:
	 No "fmap" images found for sub-pixar003
240517-17:21:53,208 nipype.interface INFO:
	 No "sbref" images found for sub-pixar003
240517-17:21:53,208 nipype.interface INFO:
	 No "pet" images found for sub-pixar003
240517-17:21:53,208 nipype.interface INFO:
	 No "asl" images found for sub-pixar003
240517-17:21:53,208 nipype.workflow INFO:
	 [Node] Finished "bidssrc", elapsed time 0.000533s.
240517-17:21:53,374 nipype.workflow INFO:
	 [Node] Finished "get_dummy", elapsed time 0.391955s.
240517-17:21:53,385 nipype.workflow INFO:
	 [Node] Setting-up "fmriprep_23_2_wf.sub_pixar003_wf.bold_task_pixar_wf.bold_native_wf.validate_bold" in "/gpfs/milgram/scratch60/turk-browne/aa2842/scratch60/workdir/fmriprep_23_2_wf/sub_pixar003_wf/bold_task_pixar_wf/bold_native_wf/validate_bold".
240517-17:21:53,388 nipype.workflow INFO:
	 [Node] Executing "validate_bold" <niworkflows.interfaces.header.ValidateImage>
240517-17:21:53,434 nipype.workflow INFO:
	 [Node] Finished "validate_bold", elapsed time 0.045707s.
240517-17:21:53,913 nipype.workflow INFO:
	 [Node] Finished "res_tmpl", elapsed time 1.267493s.
240517-17:21:55,249 nipype.workflow INFO:
	 [Node] Setting-up "fmriprep_23_2_wf.sub_pixar003_wf.anat_fit_wf.anat_template_wf.anat_ref_dimensions" in "/gpfs/milgram/scratch60/turk-browne/aa2842/scratch60/workdir/fmriprep_23_2_wf/sub_pixar003_wf/anat_fit_wf/anat_template_wf/anat_ref_dimensions".
240517-17:21:55,374 nipype.workflow INFO:
	 [Node] Setting-up "fmriprep_23_2_wf.sub_pixar003_wf.bold_task_pixar_wf.bold_fit_wf.hmc_boldref_wf.gen_avg" in "/gpfs/milgram/scratch60/turk-browne/aa2842/scratch60/workdir/fmriprep_23_2_wf/sub_pixar003_wf/bold_task_pixar_wf/bold_fit_wf/hmc_boldref_wf/gen_avg".
240517-17:21:55,384 nipype.workflow INFO:
	 [Node] Executing "gen_avg" <niworkflows.interfaces.images.RobustAverage>
240517-17:21:55,922 nipype.workflow INFO:
	 [Node] Setting-up "fmriprep_23_2_wf.sub_pixar003_wf.bids_info" in "/gpfs/milgram/scratch60/turk-browne/aa2842/scratch60/workdir/fmriprep_23_2_wf/sub_pixar003_wf/bids_info".
240517-17:21:55,926 nipype.workflow INFO:
	 [Node] Executing "bids_info" <niworkflows.interfaces.bids.BIDSInfo>
240517-17:21:55,933 nipype.workflow INFO:
	 [Node] Finished "bids_info", elapsed time 0.004898s.
240517-17:21:55,933 nipype.workflow INFO:
	 [Node] Executing "anat_ref_dimensions" <niworkflows.interfaces.images.TemplateDimensions>
240517-17:21:56,63 nipype.workflow INFO:
	 [Node] Finished "anat_ref_dimensions", elapsed time 0.12785s.
240517-17:21:56,379 nipype.interface INFO:
	 stderr 2024-05-17T17:21:56.378989:++ 3dvolreg: AFNI version=AFNI_24.0.10 (Mar  5 2024) [64-bit]
240517-17:21:56,379 nipype.interface INFO:
	 stderr 2024-05-17T17:21:56.378989:++ Authored by: RW Cox
240517-17:21:56,386 nipype.interface INFO:
	 stderr 2024-05-17T17:21:56.386699:** AFNI converts NIFTI_datatype=4 (INT16) in file /gpfs/milgram/scratch60/turk-browne/aa2842/scratch60/workdir/fmriprep_23_2_wf/sub_pixar003_wf/bold_task_pixar_wf/bold_fit_wf/hmc_boldref_wf/gen_avg/sub-pixar003_task-pixar_bold_sliced.nii.gz to FLOAT32
240517-17:21:56,386 nipype.interface INFO:
	 stderr 2024-05-17T17:21:56.386699:     Warnings of this type will be muted for this session.
240517-17:21:56,386 nipype.interface INFO:
	 stderr 2024-05-17T17:21:56.386699:     Set AFNI_NIFTI_TYPE_WARN to YES to see them all, NO to see none.
240517-17:21:56,392 nipype.interface INFO:
	 stderr 2024-05-17T17:21:56.392410:[7m*+ WARNING:[0m   If you are performing spatial transformations on an oblique dset,
240517-17:21:56,392 nipype.interface INFO:
	 stderr 2024-05-17T17:21:56.392410:  such as /gpfs/milgram/scratch60/turk-browne/aa2842/scratch60/workdir/fmriprep_23_2_wf/sub_pixar003_wf/bold_task_pixar_wf/bold_fit_wf/hmc_boldref_wf/gen_avg/sub-pixar003_task-pixar_bold_sliced.nii.gz,
240517-17:21:56,392 nipype.interface INFO:
	 stderr 2024-05-17T17:21:56.392410:  or viewing/combining it with volumes of differing obliquity,
240517-17:21:56,392 nipype.interface INFO:
	 stderr 2024-05-17T17:21:56.392410:  you should consider running: 
240517-17:21:56,392 nipype.interface INFO:
	 stderr 2024-05-17T17:21:56.392410:     3dWarp -deoblique 
240517-17:21:56,392 nipype.interface INFO:
	 stderr 2024-05-17T17:21:56.392410:  on this and  other oblique datasets in the same session.
240517-17:21:56,392 nipype.interface INFO:
	 stderr 2024-05-17T17:21:56.392410: See 3dWarp -help for details.
240517-17:21:56,392 nipype.interface INFO:
	 stderr 2024-05-17T17:21:56.392410:++ Oblique dataset:/gpfs/milgram/scratch60/turk-browne/aa2842/scratch60/workdir/fmriprep_23_2_wf/sub_pixar003_wf/bold_task_pixar_wf/bold_fit_wf/hmc_boldref_wf/gen_avg/sub-pixar003_task-pixar_bold_sliced.nii.gz is 4.860388 degrees from plumb.
240517-17:21:56,393 nipype.interface INFO:
	 stderr 2024-05-17T17:21:56.393165:++ Coarse del was 10, replaced with 3
240517-17:21:57,292 nipype.workflow INFO:
	 [Node] Setting-up "fmriprep_23_2_wf.sub_pixar003_wf.anat_fit_wf.ds_t1w_mask_wf.raw_sources" in "/gpfs/milgram/scratch60/turk-browne/aa2842/scratch60/workdir/fmriprep_23_2_wf/sub_pixar003_wf/anat_fit_wf/ds_t1w_mask_wf/raw_sources".
240517-17:21:57,352 nipype.workflow INFO:
	 [Node] Executing "raw_sources" <nipype.interfaces.utility.wrappers.Function>
240517-17:21:57,353 nipype.workflow INFO:
	 [Node] Finished "raw_sources", elapsed time 0.00035s.
240517-17:21:57,368 nipype.workflow INFO:
	 [Node] Setting-up "_denoise0" in "/gpfs/milgram/scratch60/turk-browne/aa2842/scratch60/workdir/fmriprep_23_2_wf/sub_pixar003_wf/anat_fit_wf/anat_template_wf/denoise/mapflow/_denoise0".
240517-17:21:57,371 nipype.workflow INFO:
	 [Node] Executing "_denoise0" <nipype.interfaces.ants.segmentation.DenoiseImage>
240517-17:22:00,886 nipype.workflow INFO:
	 [Node] Finished "lap_tmpl", elapsed time 7.995468s.
240517-17:22:01,164 nipype.workflow INFO:
	 [Node] Setting-up "fmriprep_23_2_wf.sub_pixar003_wf.anat_fit_wf.brain_extraction_wf.mrg_tmpl" in "/gpfs/milgram/scratch60/turk-browne/aa2842/scratch60/workdir/fmriprep_23_2_wf/sub_pixar003_wf/anat_fit_wf/brain_extraction_wf/mrg_tmpl".
240517-17:22:01,189 nipype.workflow INFO:
	 [Node] Executing "mrg_tmpl" <nipype.interfaces.utility.base.Merge>
240517-17:22:01,189 nipype.workflow INFO:
	 [Node] Finished "mrg_tmpl", elapsed time 0.000144s.
240517-17:22:06,749 nipype.interface INFO:
	 stderr 2024-05-17T17:22:06.749321:++ Max displacement in automask = 1.01 (mm) at sub-brick 1
240517-17:22:06,749 nipype.interface INFO:
	 stderr 2024-05-17T17:22:06.749321:++ Max delta displ  in automask = 1.01 (mm) at sub-brick 1
240517-17:22:07,546 nipype.workflow INFO:
	 [Node] Finished "gen_avg", elapsed time 12.159807s.
240517-17:22:09,170 nipype.workflow INFO:
	 [Node] Setting-up "fmriprep_23_2_wf.sub_pixar003_wf.bold_task_pixar_wf.bold_fit_wf.fmapref_buffer" in "/gpfs/milgram/scratch60/turk-browne/aa2842/scratch60/workdir/fmriprep_23_2_wf/sub_pixar003_wf/bold_task_pixar_wf/bold_fit_wf/fmapref_buffer".
240517-17:22:09,177 nipype.workflow INFO:
	 [Node] Executing "fmapref_buffer" <nipype.interfaces.utility.wrappers.Function>
240517-17:22:09,178 nipype.workflow INFO:
	 [Node] Finished "fmapref_buffer", elapsed time 0.000669s.
240517-17:22:09,186 nipype.interface WARNING:
	 Changing /gpfs/milgram/scratch60/turk-browne/aa2842/scratch60/derivatives/sub-pixar003/func/sub-pixar003_task-pixar_desc-hmc_boldref.nii.gz dtype from int16 to float32
240517-17:22:09,416 nipype.workflow INFO:
	 [Node] Setting-up "fmriprep_23_2_wf.sub_pixar003_wf.bold_task_pixar_wf.bold_fit_wf.bold_hmc_wf.mcflirt" in "/gpfs/milgram/scratch60/turk-browne/aa2842/scratch60/workdir/fmriprep_23_2_wf/sub_pixar003_wf/bold_task_pixar_wf/bold_fit_wf/bold_hmc_wf/mcflirt".
240517-17:22:09,423 nipype.workflow INFO:
	 [Node] Executing "mcflirt" <nipype.interfaces.fsl.preprocess.MCFLIRT>
240517-17:22:11,171 nipype.workflow INFO:
	 [Node] Setting-up "fmriprep_23_2_wf.sub_pixar003_wf.bold_task_pixar_wf.bold_fit_wf.ds_coreg_boldref_wf.raw_sources" in "/gpfs/milgram/scratch60/turk-browne/aa2842/scratch60/workdir/fmriprep_23_2_wf/sub_pixar003_wf/bold_task_pixar_wf/bold_fit_wf/ds_coreg_boldref_wf/raw_sources".
240517-17:22:11,175 nipype.workflow INFO:
	 [Node] Executing "raw_sources" <nipype.interfaces.utility.wrappers.Function>
240517-17:22:11,176 nipype.workflow INFO:
	 [Node] Finished "raw_sources", elapsed time 0.000337s.
240517-17:22:18,441 nipype.workflow INFO:
	 [Node] Finished "_denoise0", elapsed time 20.962607s.
240517-17:22:19,187 nipype.workflow INFO:
	 [Node] Setting-up "_anat_conform0" in "/gpfs/milgram/scratch60/turk-browne/aa2842/scratch60/workdir/fmriprep_23_2_wf/sub_pixar003_wf/anat_fit_wf/anat_template_wf/anat_conform/mapflow/_anat_conform0".
240517-17:22:19,190 nipype.workflow INFO:
	 [Node] Executing "_anat_conform0" <niworkflows.interfaces.images.Conform>
240517-17:22:19,199 nipype.workflow INFO:
	 [Node] Setting-up "fmriprep_23_2_wf.sub_pixar003_wf.bold_task_pixar_wf.bold_fit_wf.enhance_and_skullstrip_bold_wf.init_aff" in "/gpfs/milgram/scratch60/turk-browne/aa2842/scratch60/workdir/fmriprep_23_2_wf/sub_pixar003_wf/bold_task_pixar_wf/bold_fit_wf/enhance_and_skullstrip_bold_wf/init_aff".
240517-17:22:19,203 nipype.workflow INFO:
	 [Node] Executing "init_aff" <nipype.interfaces.ants.utils.AI>
240517-17:22:19,224 nipype.workflow INFO:
	 [Node] Finished "_anat_conform0", elapsed time 0.034189s.
240517-17:22:21,184 nipype.workflow INFO:
	 [Node] Setting-up "fmriprep_23_2_wf.sub_pixar003_wf.anat_fit_wf.anat_template_wf.get1st" in "/gpfs/milgram/scratch60/turk-browne/aa2842/scratch60/workdir/fmriprep_23_2_wf/sub_pixar003_wf/anat_fit_wf/anat_template_wf/get1st".
240517-17:22:21,188 nipype.workflow INFO:
	 [Node] Executing "get1st" <nipype.interfaces.utility.base.Select>
240517-17:22:21,188 nipype.workflow INFO:
	 [Node] Finished "get1st", elapsed time 0.000234s.
240517-17:22:25,192 nipype.workflow INFO:
	 [Node] Setting-up "_truncate_images0" in "/gpfs/milgram/scratch60/turk-browne/aa2842/scratch60/workdir/fmriprep_23_2_wf/sub_pixar003_wf/anat_fit_wf/brain_extraction_wf/truncate_images/mapflow/_truncate_images0".
240517-17:22:25,195 nipype.workflow INFO:
	 [Node] Executing "_truncate_images0" <nipype.interfaces.ants.utils.ImageMath>
240517-17:22:26,201 nipype.workflow INFO:
	 [Node] Finished "mcflirt", elapsed time 16.776898s.
240517-17:22:27,428 nipype.workflow INFO:
	 [Node] Finished "_truncate_images0", elapsed time 2.231738s.
240517-17:22:27,472 nipype.workflow INFO:
	 [Node] Setting-up "fmriprep_23_2_wf.sub_pixar003_wf.bold_task_pixar_wf.bold_fit_wf.bold_hmc_wf.normalize_motion" in "/gpfs/milgram/scratch60/turk-browne/aa2842/scratch60/workdir/fmriprep_23_2_wf/sub_pixar003_wf/bold_task_pixar_wf/bold_fit_wf/bold_hmc_wf/normalize_motion".
240517-17:22:27,535 nipype.workflow INFO:
	 [Node] Executing "normalize_motion" <niworkflows.interfaces.confounds.NormalizeMotionParams>
240517-17:22:27,538 nipype.workflow INFO:
	 [Node] Finished "normalize_motion", elapsed time 0.002227s.
240517-17:22:29,293 nipype.workflow INFO:
	 [Node] Setting-up "fmriprep_23_2_wf.sub_pixar003_wf.bold_task_pixar_wf.bold_fit_wf.bold_hmc_wf.fsl2itk" in "/gpfs/milgram/scratch60/turk-browne/aa2842/scratch60/workdir/fmriprep_23_2_wf/sub_pixar003_wf/bold_task_pixar_wf/bold_fit_wf/bold_hmc_wf/fsl2itk".
240517-17:22:29,388 nipype.workflow INFO:
	 [Node] Executing "fsl2itk" <niworkflows.interfaces.itk.MCFLIRT2ITK>
240517-17:22:29,389 nipype.interface WARNING:
	 Multithreading is deprecated. Remove the num_threads input.
240517-17:22:29,500 nipype.workflow INFO:
	 [Node] Finished "fsl2itk", elapsed time 0.11144s.
240517-17:22:31,314 nipype.workflow INFO:
	 [Node] Setting-up "fmriprep_23_2_wf.sub_pixar003_wf.bold_task_pixar_wf.bold_confounds_wf.fdisp" in "/gpfs/milgram/scratch60/turk-browne/aa2842/scratch60/workdir/fmriprep_23_2_wf/sub_pixar003_wf/bold_task_pixar_wf/bold_confounds_wf/fdisp".
240517-17:22:31,603 nipype.workflow INFO:
	 [Node] Executing "fdisp" <nipype.algorithms.confounds.FramewiseDisplacement>
240517-17:22:31,606 nipype.workflow INFO:
	 [Node] Finished "fdisp", elapsed time 0.001829s.
240517-17:22:33,221 nipype.workflow INFO:
	 [Node] Setting-up "_inu_n40" in "/gpfs/milgram/scratch60/turk-browne/aa2842/scratch60/workdir/fmriprep_23_2_wf/sub_pixar003_wf/anat_fit_wf/brain_extraction_wf/inu_n4/mapflow/_inu_n40".
240517-17:22:33,225 nipype.workflow INFO:
	 [Node] Executing "_inu_n40" <nipype.interfaces.ants.segmentation.N4BiasFieldCorrection>
240517-17:22:40,80 nipype.workflow INFO:
	 [Node] Finished "init_aff", elapsed time 20.733472s.
240517-17:22:41,197 nipype.workflow INFO:
	 [Node] Setting-up "fmriprep_23_2_wf.sub_pixar003_wf.bold_task_pixar_wf.bold_fit_wf.enhance_and_skullstrip_bold_wf.norm" in "/gpfs/milgram/scratch60/turk-browne/aa2842/scratch60/workdir/fmriprep_23_2_wf/sub_pixar003_wf/bold_task_pixar_wf/bold_fit_wf/enhance_and_skullstrip_bold_wf/norm".
240517-17:22:41,202 nipype.workflow INFO:
	 [Node] Executing "norm" <niworkflows.interfaces.fixes.FixHeaderRegistration>
240517-17:22:41,646 nipype.workflow INFO:
	 [Node] Finished "norm", elapsed time 0.442497s.
240517-17:22:43,217 nipype.workflow INFO:
	 [Node] Setting-up "fmriprep_23_2_wf.sub_pixar003_wf.bold_task_pixar_wf.bold_fit_wf.enhance_and_skullstrip_bold_wf.map_brainmask" in "/gpfs/milgram/scratch60/turk-browne/aa2842/scratch60/workdir/fmriprep_23_2_wf/sub_pixar003_wf/bold_task_pixar_wf/bold_fit_wf/enhance_and_skullstrip_bold_wf/map_brainmask".
240517-17:22:43,222 nipype.workflow INFO:
	 [Node] Executing "map_brainmask" <niworkflows.interfaces.fixes.FixHeaderApplyTransforms>
240517-17:22:43,697 nipype.workflow INFO:
	 [Node] Finished "map_brainmask", elapsed time 0.331314s.
240517-17:22:47,64 nipype.workflow INFO:
	 [Node] Finished "_inu_n40", elapsed time 13.730295s.
240517-17:22:47,199 nipype.workflow INFO:
	 [Node] Setting-up "fmriprep_23_2_wf.sub_pixar003_wf.anat_fit_wf.brain_extraction_wf.lap_target" in "/gpfs/milgram/scratch60/turk-browne/aa2842/scratch60/workdir/fmriprep_23_2_wf/sub_pixar003_wf/anat_fit_wf/brain_extraction_wf/lap_target".
240517-17:22:47,202 nipype.workflow INFO:
	 [Node] Setting-up "fmriprep_23_2_wf.sub_pixar003_wf.anat_fit_wf.brain_extraction_wf.res_target" in "/gpfs/milgram/scratch60/turk-browne/aa2842/scratch60/workdir/fmriprep_23_2_wf/sub_pixar003_wf/anat_fit_wf/brain_extraction_wf/res_target".
240517-17:22:47,203 nipype.workflow INFO:
	 [Node] Executing "lap_target" <nipype.interfaces.ants.utils.ImageMath>
240517-17:22:47,223 nipype.workflow INFO:
	 [Node] Executing "res_target" <niworkflows.interfaces.nibabel.RegridToZooms>
240517-17:22:47,261 nipype.workflow INFO:
	 [Node] Setting-up "fmriprep_23_2_wf.sub_pixar003_wf.bold_task_pixar_wf.bold_fit_wf.enhance_and_skullstrip_bold_wf.n4_correct" in "/gpfs/milgram/scratch60/turk-browne/aa2842/scratch60/workdir/fmriprep_23_2_wf/sub_pixar003_wf/bold_task_pixar_wf/bold_fit_wf/enhance_and_skullstrip_bold_wf/n4_correct".
240517-17:22:47,267 nipype.workflow INFO:
	 [Node] Executing "n4_correct" <niworkflows.interfaces.fixes.FixN4BiasFieldCorrection>
240517-17:22:47,803 nipype.workflow INFO:
	 [Node] Finished "res_target", elapsed time 0.579768s.
240517-17:22:48,349 nipype.workflow INFO:
	 [Node] Finished "n4_correct", elapsed time 0.974591s.
240517-17:22:49,202 nipype.workflow INFO:
	 [Node] Setting-up "fmriprep_23_2_wf.sub_pixar003_wf.bold_task_pixar_wf.bold_fit_wf.enhance_and_skullstrip_bold_wf.skullstrip_first_pass" in "/gpfs/milgram/scratch60/turk-browne/aa2842/scratch60/workdir/fmriprep_23_2_wf/sub_pixar003_wf/bold_task_pixar_wf/bold_fit_wf/enhance_and_skullstrip_bold_wf/skullstrip_first_pass".
240517-17:22:49,207 nipype.workflow INFO:
	 [Node] Executing "skullstrip_first_pass" <nipype.interfaces.fsl.preprocess.BET>
240517-17:22:49,217 nipype.interface WARNING:
	 Changing /gpfs/milgram/scratch60/turk-browne/aa2842/scratch60/derivatives/sub-pixar003/func/sub-pixar003_task-pixar_desc-coreg_boldref.nii.gz dtype from int16 to float32
240517-17:22:49,362 nipype.workflow INFO:
	 [Node] Setting-up "fmriprep_23_2_wf.sub_pixar003_wf.anat_fit_wf.brain_extraction_wf.init_aff" in "/gpfs/milgram/scratch60/turk-browne/aa2842/scratch60/workdir/fmriprep_23_2_wf/sub_pixar003_wf/anat_fit_wf/brain_extraction_wf/init_aff".
240517-17:22:49,370 nipype.workflow INFO:
	 [Node] Executing "init_aff" <nipype.interfaces.ants.utils.AI>
240517-17:22:50,292 nipype.workflow INFO:
	 [Node] Finished "skullstrip_first_pass", elapsed time 1.084468s.
240517-17:22:51,211 nipype.workflow INFO:
	 [Node] Setting-up "fmriprep_23_2_wf.sub_pixar003_wf.bold_task_pixar_wf.bold_fit_wf.ds_boldreg_wf.raw_sources" in "/gpfs/milgram/scratch60/turk-browne/aa2842/scratch60/workdir/fmriprep_23_2_wf/sub_pixar003_wf/bold_task_pixar_wf/bold_fit_wf/ds_boldreg_wf/raw_sources".
240517-17:22:51,215 nipype.workflow INFO:
	 [Node] Setting-up "fmriprep_23_2_wf.sub_pixar003_wf.bold_task_pixar_wf.bold_fit_wf.enhance_and_skullstrip_bold_wf.first_dilate" in "/gpfs/milgram/scratch60/turk-browne/aa2842/scratch60/workdir/fmriprep_23_2_wf/sub_pixar003_wf/bold_task_pixar_wf/bold_fit_wf/enhance_and_skullstrip_bold_wf/first_dilate".
240517-17:22:51,218 nipype.workflow INFO:
	 [Node] Setting-up "fmriprep_23_2_wf.sub_pixar003_wf.bold_task_pixar_wf.bold_std_wf.gen_ref" in "/gpfs/milgram/scratch60/turk-browne/aa2842/scratch60/workdir/fmriprep_23_2_wf/sub_pixar003_wf/bold_task_pixar_wf/bold_std_wf/_in_tuple_MNI152Lin.resnative/gen_ref".
240517-17:22:51,222 nipype.workflow INFO:
	 [Node] Executing "raw_sources" <nipype.interfaces.utility.wrappers.Function>
240517-17:22:51,223 nipype.workflow INFO:
	 [Node] Finished "raw_sources", elapsed time 0.000356s.
240517-17:22:51,272 nipype.workflow INFO:
	 [Node] Executing "first_dilate" <niworkflows.interfaces.nibabel.BinaryDilation>
240517-17:22:51,318 nipype.workflow INFO:
	 [Node] Finished "lap_target", elapsed time 4.114232s.
240517-17:22:51,587 nipype.workflow INFO:
	 [Node] Finished "first_dilate", elapsed time 0.314285s.
240517-17:22:51,837 nipype.workflow INFO:
	 [Node] Executing "gen_ref" <niworkflows.interfaces.nibabel.GenerateSamplingReference>
240517-17:22:53,216 nipype.workflow INFO:
	 [Node] Setting-up "fmriprep_23_2_wf.sub_pixar003_wf.anat_fit_wf.brain_extraction_wf.mrg_target" in "/gpfs/milgram/scratch60/turk-browne/aa2842/scratch60/workdir/fmriprep_23_2_wf/sub_pixar003_wf/anat_fit_wf/brain_extraction_wf/mrg_target".
240517-17:22:53,218 nipype.workflow INFO:
	 [Node] Setting-up "fmriprep_23_2_wf.sub_pixar003_wf.bold_task_pixar_wf.bold_fit_wf.enhance_and_skullstrip_bold_wf.first_mask" in "/gpfs/milgram/scratch60/turk-browne/aa2842/scratch60/workdir/fmriprep_23_2_wf/sub_pixar003_wf/bold_task_pixar_wf/bold_fit_wf/enhance_and_skullstrip_bold_wf/first_mask".
240517-17:22:53,220 nipype.workflow INFO:
	 [Node] Executing "mrg_target" <nipype.interfaces.utility.base.Merge>
240517-17:22:53,221 nipype.workflow INFO:
	 [Node] Finished "mrg_target", elapsed time 0.000153s.
240517-17:22:53,268 nipype.workflow INFO:
	 [Node] Executing "first_mask" <niworkflows.interfaces.nibabel.ApplyMask>
240517-17:22:53,288 nipype.workflow INFO:
	 [Node] Finished "first_mask", elapsed time 0.019075s.
240517-17:22:53,394 nipype.workflow INFO:
	 [Node] Finished "gen_ref", elapsed time 1.556215s.
240517-17:22:56,34 nipype.workflow INFO:
	 [Node] Setting-up "fmriprep_23_2_wf.sub_pixar003_wf.bold_task_pixar_wf.bold_native_wf.boldref_bold" in "/gpfs/milgram/scratch60/turk-browne/aa2842/scratch60/workdir/fmriprep_23_2_wf/sub_pixar003_wf/bold_task_pixar_wf/bold_native_wf/boldref_bold".
240517-17:22:56,41 nipype.workflow INFO:
	 [Node] Executing "boldref_bold" <fmriprep.interfaces.resampling.ResampleSeries>
240517-17:23:00,328 nipype.workflow INFO:
	 [Node] Finished "boldref_bold", elapsed time 4.285784s.
240517-17:23:01,249 nipype.workflow INFO:
	 [Node] Setting-up "fmriprep_23_2_wf.sub_pixar003_wf.bold_task_pixar_wf.bold_fit_wf.enhance_and_skullstrip_bold_wf.unifize" in "/gpfs/milgram/scratch60/turk-browne/aa2842/scratch60/workdir/fmriprep_23_2_wf/sub_pixar003_wf/bold_task_pixar_wf/bold_fit_wf/enhance_and_skullstrip_bold_wf/unifize".
240517-17:23:01,256 nipype.workflow INFO:
	 [Node] Executing "unifize" <nipype.interfaces.afni.utils.Unifize>
240517-17:23:02,415 nipype.workflow INFO:
	 [Node] Finished "init_aff", elapsed time 12.927963s.
240517-17:23:03,216 nipype.workflow INFO:
	 [Node] Setting-up "fmriprep_23_2_wf.sub_pixar003_wf.anat_fit_wf.brain_extraction_wf.norm" in "/gpfs/milgram/scratch60/turk-browne/aa2842/scratch60/workdir/fmriprep_23_2_wf/sub_pixar003_wf/anat_fit_wf/brain_extraction_wf/norm".
240517-17:23:03,223 nipype.workflow INFO:
	 [Node] Executing "norm" <niworkflows.interfaces.fixes.FixHeaderRegistration>
240517-17:24:11,294 nipype.workflow INFO:
	 [Node] Finished "unifize", elapsed time 70.037476s.
240517-17:24:13,286 nipype.workflow INFO:
	 [Node] Setting-up "fmriprep_23_2_wf.sub_pixar003_wf.bold_task_pixar_wf.bold_fit_wf.enhance_and_skullstrip_bold_wf.fixhdr_unifize" in "/gpfs/milgram/scratch60/turk-browne/aa2842/scratch60/workdir/fmriprep_23_2_wf/sub_pixar003_wf/bold_task_pixar_wf/bold_fit_wf/enhance_and_skullstrip_bold_wf/fixhdr_unifize".
240517-17:24:13,319 nipype.workflow INFO:
	 [Node] Executing "fixhdr_unifize" <niworkflows.interfaces.header.CopyXForm>
240517-17:24:13,342 nipype.workflow INFO:
	 [Node] Finished "fixhdr_unifize", elapsed time 0.022615s.
240517-17:24:15,307 nipype.workflow INFO:
	 [Node] Setting-up "fmriprep_23_2_wf.sub_pixar003_wf.bold_task_pixar_wf.bold_fit_wf.enhance_and_skullstrip_bold_wf.skullstrip_second_pass" in "/gpfs/milgram/scratch60/turk-browne/aa2842/scratch60/workdir/fmriprep_23_2_wf/sub_pixar003_wf/bold_task_pixar_wf/bold_fit_wf/enhance_and_skullstrip_bold_wf/skullstrip_second_pass".
240517-17:24:15,367 nipype.workflow INFO:
	 [Node] Executing "skullstrip_second_pass" <nipype.interfaces.afni.preprocess.Automask>
240517-17:24:15,532 nipype.workflow INFO:
	 [Node] Finished "skullstrip_second_pass", elapsed time 0.164167s.
240517-17:24:17,283 nipype.workflow INFO:
	 [Node] Setting-up "fmriprep_23_2_wf.sub_pixar003_wf.bold_task_pixar_wf.bold_fit_wf.enhance_and_skullstrip_bold_wf.fixhdr_skullstrip2" in "/gpfs/milgram/scratch60/turk-browne/aa2842/scratch60/workdir/fmriprep_23_2_wf/sub_pixar003_wf/bold_task_pixar_wf/bold_fit_wf/enhance_and_skullstrip_bold_wf/fixhdr_skullstrip2".
240517-17:24:17,315 nipype.workflow INFO:
	 [Node] Executing "fixhdr_skullstrip2" <niworkflows.interfaces.header.CopyXForm>
240517-17:24:17,326 nipype.workflow INFO:
	 [Node] Finished "fixhdr_skullstrip2", elapsed time 0.010375s.
240517-17:24:19,325 nipype.workflow INFO:
	 [Node] Setting-up "fmriprep_23_2_wf.sub_pixar003_wf.bold_task_pixar_wf.bold_fit_wf.enhance_and_skullstrip_bold_wf.combine_masks" in "/gpfs/milgram/scratch60/turk-browne/aa2842/scratch60/workdir/fmriprep_23_2_wf/sub_pixar003_wf/bold_task_pixar_wf/bold_fit_wf/enhance_and_skullstrip_bold_wf/combine_masks".
240517-17:24:19,332 nipype.workflow INFO:
	 [Node] Executing "combine_masks" <nipype.interfaces.fsl.maths.BinaryMaths>
240517-17:24:19,405 nipype.workflow INFO:
	 [Node] Finished "combine_masks", elapsed time 0.07209s.
240517-17:24:21,283 nipype.workflow INFO:
	 [Node] Setting-up "fmriprep_23_2_wf.sub_pixar003_wf.bold_task_pixar_wf.bold_fit_wf.enhance_and_skullstrip_bold_wf.apply_mask" in "/gpfs/milgram/scratch60/turk-browne/aa2842/scratch60/workdir/fmriprep_23_2_wf/sub_pixar003_wf/bold_task_pixar_wf/bold_fit_wf/enhance_and_skullstrip_bold_wf/apply_mask".
240517-17:24:21,288 nipype.workflow INFO:
	 [Node] Setting-up "fmriprep_23_2_wf.sub_pixar003_wf.bold_task_pixar_wf.bold_confounds_wf.dvars" in "/gpfs/milgram/scratch60/turk-browne/aa2842/scratch60/workdir/fmriprep_23_2_wf/sub_pixar003_wf/bold_task_pixar_wf/bold_confounds_wf/dvars".
240517-17:24:21,292 nipype.workflow INFO:
	 [Node] Setting-up "fmriprep_23_2_wf.sub_pixar003_wf.bold_task_pixar_wf.bold_confounds_wf.tcompcor" in "/gpfs/milgram/scratch60/turk-browne/aa2842/scratch60/workdir/fmriprep_23_2_wf/sub_pixar003_wf/bold_task_pixar_wf/bold_confounds_wf/tcompcor".
240517-17:24:21,298 nipype.workflow INFO:
	 [Node] Executing "tcompcor" <niworkflows.interfaces.patches.RobustTCompCor>
240517-17:24:21,303 nipype.workflow INFO:
	 [Node] Executing "apply_mask" <niworkflows.interfaces.nibabel.ApplyMask>
240517-17:24:21,340 nipype.workflow INFO:
	 [Node] Finished "apply_mask", elapsed time 0.035847s.
240517-17:24:21,416 nipype.workflow INFO:
	 [Node] Executing "dvars" <nipype.algorithms.confounds.ComputeDVARS>
240517-17:24:22,428 nipype.workflow INFO:
	 [Node] Finished "tcompcor", elapsed time 1.12946s.
240517-17:24:24,780 nipype.workflow INFO:
	 [Node] Setting-up "fmriprep_23_2_wf.sub_pixar003_wf.bold_task_pixar_wf.bold_confounds_wf.tcc_metadata_filter" in "/gpfs/milgram/scratch60/turk-browne/aa2842/scratch60/workdir/fmriprep_23_2_wf/sub_pixar003_wf/bold_task_pixar_wf/bold_confounds_wf/tcc_metadata_filter".
240517-17:24:24,788 nipype.workflow INFO:
	 [Node] Executing "tcc_metadata_filter" <fmriprep.interfaces.confounds.FilterDropped>
240517-17:24:24,813 nipype.workflow INFO:
	 [Node] Finished "tcc_metadata_filter", elapsed time 0.025031s.
240517-17:24:25,284 nipype.workflow INFO:
	 [Node] Setting-up "fmriprep_23_2_wf.sub_pixar003_wf.bold_task_pixar_wf.bold_confounds_wf.tcc_metadata_fmt" in "/gpfs/milgram/scratch60/turk-browne/aa2842/scratch60/workdir/fmriprep_23_2_wf/sub_pixar003_wf/bold_task_pixar_wf/bold_confounds_wf/tcc_metadata_fmt".
240517-17:24:26,359 nipype.workflow INFO:
	 [Node] Finished "dvars", elapsed time 4.942553s.
240517-17:24:26,762 nipype.workflow INFO:
	 [Node] Executing "tcc_metadata_fmt" <niworkflows.interfaces.utility.TSV2JSON>
240517-17:24:26,767 nipype.workflow INFO:
	 [Node] Finished "tcc_metadata_fmt", elapsed time 0.004287s.
240517-17:28:12,195 nipype.workflow INFO:
	 [Node] Finished "norm", elapsed time 308.859459s.
240517-17:28:13,520 nipype.workflow INFO:
	 [Node] Setting-up "fmriprep_23_2_wf.sub_pixar003_wf.anat_fit_wf.brain_extraction_wf.map_brainmask" in "/gpfs/milgram/scratch60/turk-browne/aa2842/scratch60/workdir/fmriprep_23_2_wf/sub_pixar003_wf/anat_fit_wf/brain_extraction_wf/map_brainmask".
240517-17:28:13,520 nipype.workflow INFO:
	 [Node] Setting-up "fmriprep_23_2_wf.sub_pixar003_wf.anat_fit_wf.brain_extraction_wf.map_wmmask" in "/gpfs/milgram/scratch60/turk-browne/aa2842/scratch60/workdir/fmriprep_23_2_wf/sub_pixar003_wf/anat_fit_wf/brain_extraction_wf/map_wmmask".
240517-17:28:13,526 nipype.workflow INFO:
	 [Node] Executing "map_brainmask" <niworkflows.interfaces.fixes.FixHeaderApplyTransforms>
240517-17:28:13,526 nipype.workflow INFO:
	 [Node] Executing "map_wmmask" <niworkflows.interfaces.fixes.FixHeaderApplyTransforms>
240517-17:28:22,838 nipype.workflow INFO:
	 [Node] Finished "map_brainmask", elapsed time 9.311789s.
240517-17:28:23,52 nipype.workflow INFO:
	 [Node] Finished "map_wmmask", elapsed time 9.524834s.
240517-17:28:23,525 nipype.workflow INFO:
	 [Node] Setting-up "_inu_n4_final0" in "/gpfs/milgram/scratch60/turk-browne/aa2842/scratch60/workdir/fmriprep_23_2_wf/sub_pixar003_wf/anat_fit_wf/brain_extraction_wf/inu_n4_final/mapflow/_inu_n4_final0".
240517-17:28:23,528 nipype.workflow INFO:
	 [Node] Executing "_inu_n4_final0" <nipype.interfaces.ants.segmentation.N4BiasFieldCorrection>
240517-17:28:23,537 nipype.workflow INFO:
	 [Node] Setting-up "fmriprep_23_2_wf.sub_pixar003_wf.anat_fit_wf.brain_extraction_wf.thr_brainmask" in "/gpfs/milgram/scratch60/turk-browne/aa2842/scratch60/workdir/fmriprep_23_2_wf/sub_pixar003_wf/anat_fit_wf/brain_extraction_wf/thr_brainmask".
240517-17:28:23,541 nipype.workflow INFO:
	 [Node] Executing "thr_brainmask" <nipype.interfaces.ants.utils.ThresholdImage>
240517-17:28:24,205 nipype.workflow INFO:
	 [Node] Finished "thr_brainmask", elapsed time 0.52875s.
240517-17:28:25,517 nipype.workflow INFO:
	 [Node] Setting-up "fmriprep_23_2_wf.sub_pixar003_wf.anat_fit_wf.brain_extraction_wf.atropos_wf.dil_brainmask" in "/gpfs/milgram/scratch60/turk-browne/aa2842/scratch60/workdir/fmriprep_23_2_wf/sub_pixar003_wf/anat_fit_wf/brain_extraction_wf/atropos_wf/dil_brainmask".
240517-17:28:25,518 nipype.workflow INFO:
	 [Node] Setting-up "fmriprep_23_2_wf.sub_pixar003_wf.anat_fit_wf.brain_extraction_wf.atropos_wf.03_pad_mask" in "/gpfs/milgram/scratch60/turk-browne/aa2842/scratch60/workdir/fmriprep_23_2_wf/sub_pixar003_wf/anat_fit_wf/brain_extraction_wf/atropos_wf/03_pad_mask".
240517-17:28:25,522 nipype.workflow INFO:
	 [Node] Executing "dil_brainmask" <nipype.interfaces.ants.utils.ImageMath>
240517-17:28:25,522 nipype.workflow INFO:
	 [Node] Executing "03_pad_mask" <nipype.interfaces.ants.utils.ImageMath>
240517-17:28:26,146 nipype.workflow INFO:
	 [Node] Finished "03_pad_mask", elapsed time 0.418815s.
240517-17:28:26,190 nipype.workflow INFO:
	 [Node] Finished "dil_brainmask", elapsed time 0.667085s.
240517-17:28:27,527 nipype.workflow INFO:
	 [Node] Setting-up "fmriprep_23_2_wf.sub_pixar003_wf.anat_fit_wf.brain_extraction_wf.atropos_wf.get_brainmask" in "/gpfs/milgram/scratch60/turk-browne/aa2842/scratch60/workdir/fmriprep_23_2_wf/sub_pixar003_wf/anat_fit_wf/brain_extraction_wf/atropos_wf/get_brainmask".
240517-17:28:27,530 nipype.workflow INFO:
	 [Node] Executing "get_brainmask" <nipype.interfaces.ants.utils.ImageMath>
240517-17:28:28,139 nipype.workflow INFO:
	 [Node] Finished "get_brainmask", elapsed time 0.60757s.
240517-17:28:30,967 nipype.workflow INFO:
	 [Node] Finished "_inu_n4_final0", elapsed time 7.438395s.
240517-17:28:31,535 nipype.workflow INFO:
	 [Node] Setting-up "fmriprep_23_2_wf.sub_pixar003_wf.anat_fit_wf.brain_extraction_wf.atropos_wf.01_atropos" in "/gpfs/milgram/scratch60/turk-browne/aa2842/scratch60/workdir/fmriprep_23_2_wf/sub_pixar003_wf/anat_fit_wf/brain_extraction_wf/atropos_wf/01_atropos".
240517-17:28:31,540 nipype.workflow INFO:
	 [Node] Setting-up "_apply_mask0" in "/gpfs/milgram/scratch60/turk-browne/aa2842/scratch60/workdir/fmriprep_23_2_wf/sub_pixar003_wf/anat_fit_wf/brain_extraction_wf/apply_mask/mapflow/_apply_mask0".
240517-17:28:31,540 nipype.workflow INFO:
	 [Node] Executing "01_atropos" <nipype.interfaces.ants.segmentation.Atropos>
240517-17:28:31,542 nipype.workflow INFO:
	 [Node] Executing "_apply_mask0" <niworkflows.interfaces.nibabel.ApplyMask>
240517-17:28:31,915 nipype.workflow INFO:
	 [Node] Finished "_apply_mask0", elapsed time 0.371883s.
240517-17:28:46,912 nipype.workflow INFO:
	 [Node] Finished "01_atropos", elapsed time 15.37161s.
240517-17:28:47,549 nipype.workflow INFO:
	 [Node] Setting-up "fmriprep_23_2_wf.sub_pixar003_wf.anat_fit_wf.brain_extraction_wf.atropos_wf.02_pad_segm" in "/gpfs/milgram/scratch60/turk-browne/aa2842/scratch60/workdir/fmriprep_23_2_wf/sub_pixar003_wf/anat_fit_wf/brain_extraction_wf/atropos_wf/02_pad_segm".
240517-17:28:47,553 nipype.workflow INFO:
	 [Node] Executing "02_pad_segm" <nipype.interfaces.ants.utils.ImageMath>
240517-17:28:48,9 nipype.workflow INFO:
	 [Node] Finished "02_pad_segm", elapsed time 0.456056s.
240517-17:28:49,543 nipype.workflow INFO:
	 [Node] Setting-up "fmriprep_23_2_wf.sub_pixar003_wf.anat_fit_wf.brain_extraction_wf.atropos_wf.04_sel_labels" in "/gpfs/milgram/scratch60/turk-browne/aa2842/scratch60/workdir/fmriprep_23_2_wf/sub_pixar003_wf/anat_fit_wf/brain_extraction_wf/atropos_wf/04_sel_labels".
240517-17:28:49,547 nipype.workflow INFO:
	 [Node] Executing "04_sel_labels" <nipype.interfaces.utility.wrappers.Function>
240517-17:28:49,719 nipype.workflow INFO:
	 [Node] Finished "04_sel_labels", elapsed time 0.171804s.
240517-17:28:51,536 nipype.workflow INFO:
	 [Node] Setting-up "fmriprep_23_2_wf.sub_pixar003_wf.anat_fit_wf.brain_extraction_wf.atropos_wf.05_get_wm" in "/gpfs/milgram/scratch60/turk-browne/aa2842/scratch60/workdir/fmriprep_23_2_wf/sub_pixar003_wf/anat_fit_wf/brain_extraction_wf/atropos_wf/05_get_wm".
240517-17:28:51,536 nipype.workflow INFO:
	 [Node] Setting-up "fmriprep_23_2_wf.sub_pixar003_wf.anat_fit_wf.brain_extraction_wf.atropos_wf.06_get_gm" in "/gpfs/milgram/scratch60/turk-browne/aa2842/scratch60/workdir/fmriprep_23_2_wf/sub_pixar003_wf/anat_fit_wf/brain_extraction_wf/atropos_wf/06_get_gm".
240517-17:28:51,537 nipype.workflow INFO:
	 [Node] Setting-up "fmriprep_23_2_wf.sub_pixar003_wf.anat_fit_wf.brain_extraction_wf.atropos_wf.10_me_csf" in "/gpfs/milgram/scratch60/turk-browne/aa2842/scratch60/workdir/fmriprep_23_2_wf/sub_pixar003_wf/anat_fit_wf/brain_extraction_wf/atropos_wf/10_me_csf".
240517-17:28:51,537 nipype.workflow INFO:
	 [Node] Setting-up "fmriprep_23_2_wf.sub_pixar003_wf.anat_fit_wf.brain_extraction_wf.atropos_wf.27_depad_csf" in "/gpfs/milgram/scratch60/turk-browne/aa2842/scratch60/workdir/fmriprep_23_2_wf/sub_pixar003_wf/anat_fit_wf/brain_extraction_wf/atropos_wf/27_depad_csf".
240517-17:28:51,539 nipype.workflow INFO:
	 [Node] Executing "05_get_wm" <nipype.interfaces.ants.utils.ImageMath>
240517-17:28:51,540 nipype.workflow INFO:
	 [Node] Executing "06_get_gm" <nipype.interfaces.ants.utils.ImageMath>
240517-17:28:51,540 nipype.workflow INFO:
	 [Node] Executing "27_depad_csf" <nipype.interfaces.ants.utils.ImageMath>
240517-17:28:51,540 nipype.workflow INFO:
	 [Node] Executing "10_me_csf" <nipype.interfaces.ants.utils.ImageMath>
240517-17:28:51,870 nipype.workflow INFO:
	 [Node] Finished "27_depad_csf", elapsed time 0.329166s.
240517-17:28:52,284 nipype.workflow INFO:
	 [Node] Finished "05_get_wm", elapsed time 0.743688s.
240517-17:28:52,344 nipype.workflow INFO:
	 [Node] Finished "06_get_gm", elapsed time 0.803417s.
240517-17:28:53,475 nipype.workflow INFO:
	 [Node] Finished "10_me_csf", elapsed time 1.933725s.
240517-17:28:53,552 nipype.workflow INFO:
	 [Node] Setting-up "fmriprep_23_2_wf.sub_pixar003_wf.anat_fit_wf.brain_extraction_wf.atropos_wf.09_relabel_wm" in "/gpfs/milgram/scratch60/turk-browne/aa2842/scratch60/workdir/fmriprep_23_2_wf/sub_pixar003_wf/anat_fit_wf/brain_extraction_wf/atropos_wf/09_relabel_wm".
240517-17:28:53,552 nipype.workflow INFO:
	 [Node] Setting-up "fmriprep_23_2_wf.sub_pixar003_wf.anat_fit_wf.brain_extraction_wf.atropos_wf.07_fill_gm" in "/gpfs/milgram/scratch60/turk-browne/aa2842/scratch60/workdir/fmriprep_23_2_wf/sub_pixar003_wf/anat_fit_wf/brain_extraction_wf/atropos_wf/07_fill_gm".
240517-17:28:53,555 nipype.workflow INFO:
	 [Node] Executing "09_relabel_wm" <nipype.interfaces.ants.utils.MultiplyImages>
240517-17:28:53,556 nipype.workflow INFO:
	 [Node] Executing "07_fill_gm" <nipype.interfaces.ants.utils.ImageMath>
240517-17:28:53,997 nipype.workflow INFO:
	 [Node] Finished "09_relabel_wm", elapsed time 0.441357s.
240517-17:28:55,550 nipype.workflow INFO:
	 [Node] Setting-up "fmriprep_23_2_wf.sub_pixar003_wf.anat_fit_wf.brain_extraction_wf.atropos_wf.26_depad_wm" in "/gpfs/milgram/scratch60/turk-browne/aa2842/scratch60/workdir/fmriprep_23_2_wf/sub_pixar003_wf/anat_fit_wf/brain_extraction_wf/atropos_wf/26_depad_wm".
240517-17:28:55,550 nipype.workflow INFO:
	 [Node] Setting-up "fmriprep_23_2_wf.sub_pixar003_wf.anat_fit_wf.brain_extraction_wf.atropos_wf.apply_wm_prior" in "/gpfs/milgram/scratch60/turk-browne/aa2842/scratch60/workdir/fmriprep_23_2_wf/sub_pixar003_wf/anat_fit_wf/brain_extraction_wf/atropos_wf/apply_wm_prior".
240517-17:28:55,554 nipype.workflow INFO:
	 [Node] Executing "26_depad_wm" <nipype.interfaces.ants.utils.ImageMath>
240517-17:28:55,559 nipype.workflow INFO:
	 [Node] Executing "apply_wm_prior" <nipype.interfaces.utility.wrappers.Function>
240517-17:28:56,0 nipype.workflow INFO:
	 [Node] Finished "26_depad_wm", elapsed time 0.445616s.
240517-17:28:56,14 nipype.workflow INFO:
	 [Node] Finished "apply_wm_prior", elapsed time 0.454698s.
240517-17:28:57,560 nipype.workflow INFO:
	 [Node] Setting-up "_inu_n4_final0" in "/gpfs/milgram/scratch60/turk-browne/aa2842/scratch60/workdir/fmriprep_23_2_wf/sub_pixar003_wf/anat_fit_wf/brain_extraction_wf/atropos_wf/inu_n4_final/mapflow/_inu_n4_final0".
240517-17:28:57,563 nipype.workflow INFO:
	 [Node] Executing "_inu_n4_final0" <nipype.interfaces.ants.segmentation.N4BiasFieldCorrection>
240517-17:28:59,117 nipype.workflow INFO:
	 [Node] Finished "07_fill_gm", elapsed time 5.560964s.
240517-17:28:59,551 nipype.workflow INFO:
	 [Node] Setting-up "fmriprep_23_2_wf.sub_pixar003_wf.anat_fit_wf.brain_extraction_wf.atropos_wf.08_mult_gm" in "/gpfs/milgram/scratch60/turk-browne/aa2842/scratch60/workdir/fmriprep_23_2_wf/sub_pixar003_wf/anat_fit_wf/brain_extraction_wf/atropos_wf/08_mult_gm".
240517-17:28:59,555 nipype.workflow INFO:
	 [Node] Executing "08_mult_gm" <nipype.interfaces.ants.utils.MultiplyImages>
240517-17:29:00,17 nipype.workflow INFO:
	 [Node] Finished "08_mult_gm", elapsed time 0.461759s.
240517-17:29:01,543 nipype.workflow INFO:
	 [Node] Setting-up "fmriprep_23_2_wf.sub_pixar003_wf.anat_fit_wf.brain_extraction_wf.atropos_wf.11_add_gm" in "/gpfs/milgram/scratch60/turk-browne/aa2842/scratch60/workdir/fmriprep_23_2_wf/sub_pixar003_wf/anat_fit_wf/brain_extraction_wf/atropos_wf/11_add_gm".
240517-17:29:01,547 nipype.workflow INFO:
	 [Node] Executing "11_add_gm" <nipype.interfaces.ants.utils.ImageMath>
240517-17:29:02,334 nipype.workflow INFO:
	 [Node] Finished "11_add_gm", elapsed time 0.785944s.
240517-17:29:03,561 nipype.workflow INFO:
	 [Node] Setting-up "fmriprep_23_2_wf.sub_pixar003_wf.anat_fit_wf.brain_extraction_wf.atropos_wf.12_relabel_gm" in "/gpfs/milgram/scratch60/turk-browne/aa2842/scratch60/workdir/fmriprep_23_2_wf/sub_pixar003_wf/anat_fit_wf/brain_extraction_wf/atropos_wf/12_relabel_gm".
240517-17:29:03,565 nipype.workflow INFO:
	 [Node] Executing "12_relabel_gm" <nipype.interfaces.ants.utils.MultiplyImages>
240517-17:29:03,956 nipype.workflow INFO:
	 [Node] Finished "12_relabel_gm", elapsed time 0.390047s.
240517-17:29:05,131 nipype.workflow INFO:
	 [Node] Finished "_inu_n4_final0", elapsed time 7.567401s.
240517-17:29:05,555 nipype.workflow INFO:
	 [Node] Setting-up "fmriprep_23_2_wf.sub_pixar003_wf.anat_fit_wf.brain_extraction_wf.atropos_wf.13_add_gm_wm" in "/gpfs/milgram/scratch60/turk-browne/aa2842/scratch60/workdir/fmriprep_23_2_wf/sub_pixar003_wf/anat_fit_wf/brain_extraction_wf/atropos_wf/13_add_gm_wm".
240517-17:29:05,555 nipype.workflow INFO:
	 [Node] Setting-up "fmriprep_23_2_wf.sub_pixar003_wf.anat_fit_wf.brain_extraction_wf.atropos_wf.25_depad_gm" in "/gpfs/milgram/scratch60/turk-browne/aa2842/scratch60/workdir/fmriprep_23_2_wf/sub_pixar003_wf/anat_fit_wf/brain_extraction_wf/atropos_wf/25_depad_gm".
240517-17:29:05,560 nipype.workflow INFO:
	 [Node] Executing "13_add_gm_wm" <nipype.interfaces.ants.utils.ImageMath>
240517-17:29:05,561 nipype.workflow INFO:
	 [Node] Executing "25_depad_gm" <nipype.interfaces.ants.utils.ImageMath>
240517-17:29:06,6 nipype.workflow INFO:
	 [Node] Finished "25_depad_gm", elapsed time 0.444567s.
240517-17:29:06,432 nipype.workflow INFO:
	 [Node] Finished "13_add_gm_wm", elapsed time 0.870684s.
240517-17:29:07,549 nipype.workflow INFO:
	 [Node] Setting-up "fmriprep_23_2_wf.sub_pixar003_wf.anat_fit_wf.brain_extraction_wf.atropos_wf.14_sel_labels2" in "/gpfs/milgram/scratch60/turk-browne/aa2842/scratch60/workdir/fmriprep_23_2_wf/sub_pixar003_wf/anat_fit_wf/brain_extraction_wf/atropos_wf/14_sel_labels2".
240517-17:29:07,550 nipype.workflow INFO:
	 [Node] Setting-up "fmriprep_23_2_wf.sub_pixar003_wf.anat_fit_wf.brain_extraction_wf.atropos_wf.24_depad_segm" in "/gpfs/milgram/scratch60/turk-browne/aa2842/scratch60/workdir/fmriprep_23_2_wf/sub_pixar003_wf/anat_fit_wf/brain_extraction_wf/atropos_wf/24_depad_segm".
240517-17:29:07,550 nipype.workflow INFO:
	 [Node] Setting-up "fmriprep_23_2_wf.sub_pixar003_wf.anat_fit_wf.brain_extraction_wf.atropos_wf.merge_tpms" in "/gpfs/milgram/scratch60/turk-browne/aa2842/scratch60/workdir/fmriprep_23_2_wf/sub_pixar003_wf/anat_fit_wf/brain_extraction_wf/atropos_wf/merge_tpms".
240517-17:29:07,553 nipype.workflow INFO:
	 [Node] Executing "14_sel_labels2" <nipype.interfaces.utility.wrappers.Function>
240517-17:29:07,553 nipype.workflow INFO:
	 [Node] Executing "24_depad_segm" <nipype.interfaces.ants.utils.ImageMath>
240517-17:29:07,554 nipype.workflow INFO:
	 [Node] Executing "merge_tpms" <nipype.interfaces.utility.base.Merge>
240517-17:29:07,555 nipype.workflow INFO:
	 [Node] Finished "merge_tpms", elapsed time 0.000148s.
240517-17:29:07,652 nipype.workflow INFO:
	 [Node] Finished "14_sel_labels2", elapsed time 0.098204s.
240517-17:29:08,6 nipype.workflow INFO:
	 [Node] Finished "24_depad_segm", elapsed time 0.451732s.
240517-17:29:09,565 nipype.workflow INFO:
	 [Node] Setting-up "fmriprep_23_2_wf.sub_pixar003_wf.anat_fit_wf.brain_extraction_wf.atropos_wf.15_add_7" in "/gpfs/milgram/scratch60/turk-browne/aa2842/scratch60/workdir/fmriprep_23_2_wf/sub_pixar003_wf/anat_fit_wf/brain_extraction_wf/atropos_wf/15_add_7".
240517-17:29:09,569 nipype.workflow INFO:
	 [Node] Executing "15_add_7" <nipype.interfaces.ants.utils.ImageMath>
240517-17:29:10,229 nipype.workflow INFO:
	 [Node] Finished "15_add_7", elapsed time 0.659768s.
240517-17:29:11,555 nipype.workflow INFO:
	 [Node] Setting-up "fmriprep_23_2_wf.sub_pixar003_wf.anat_fit_wf.brain_extraction_wf.atropos_wf.16_me_7" in "/gpfs/milgram/scratch60/turk-browne/aa2842/scratch60/workdir/fmriprep_23_2_wf/sub_pixar003_wf/anat_fit_wf/brain_extraction_wf/atropos_wf/16_me_7".
240517-17:29:11,559 nipype.workflow INFO:
	 [Node] Executing "16_me_7" <nipype.interfaces.ants.utils.ImageMath>
240517-17:29:12,901 nipype.workflow INFO:
	 [Node] Finished "16_me_7", elapsed time 1.341939s.
240517-17:29:13,566 nipype.workflow INFO:
	 [Node] Setting-up "fmriprep_23_2_wf.sub_pixar003_wf.anat_fit_wf.brain_extraction_wf.atropos_wf.17_comp_7" in "/gpfs/milgram/scratch60/turk-browne/aa2842/scratch60/workdir/fmriprep_23_2_wf/sub_pixar003_wf/anat_fit_wf/brain_extraction_wf/atropos_wf/17_comp_7".
240517-17:29:13,570 nipype.workflow INFO:
	 [Node] Executing "17_comp_7" <nipype.interfaces.ants.utils.ImageMath>
240517-17:29:14,309 nipype.workflow INFO:
	 [Node] Finished "17_comp_7", elapsed time 0.738939s.
240517-17:29:15,564 nipype.workflow INFO:
	 [Node] Setting-up "fmriprep_23_2_wf.sub_pixar003_wf.anat_fit_wf.brain_extraction_wf.atropos_wf.18_md_7" in "/gpfs/milgram/scratch60/turk-browne/aa2842/scratch60/workdir/fmriprep_23_2_wf/sub_pixar003_wf/anat_fit_wf/brain_extraction_wf/atropos_wf/18_md_7".
240517-17:29:15,568 nipype.workflow INFO:
	 [Node] Executing "18_md_7" <nipype.interfaces.ants.utils.ImageMath>
240517-17:29:16,365 nipype.workflow INFO:
	 [Node] Finished "18_md_7", elapsed time 0.796515s.
240517-17:29:17,581 nipype.workflow INFO:
	 [Node] Setting-up "fmriprep_23_2_wf.sub_pixar003_wf.anat_fit_wf.brain_extraction_wf.atropos_wf.19_fill_7" in "/gpfs/milgram/scratch60/turk-browne/aa2842/scratch60/workdir/fmriprep_23_2_wf/sub_pixar003_wf/anat_fit_wf/brain_extraction_wf/atropos_wf/19_fill_7".
240517-17:29:17,584 nipype.workflow INFO:
	 [Node] Executing "19_fill_7" <nipype.interfaces.ants.utils.ImageMath>
240517-17:29:22,806 nipype.workflow INFO:
	 [Node] Finished "19_fill_7", elapsed time 5.221163s.
240517-17:29:23,561 nipype.workflow INFO:
	 [Node] Setting-up "fmriprep_23_2_wf.sub_pixar003_wf.anat_fit_wf.brain_extraction_wf.atropos_wf.20_add_7_2" in "/gpfs/milgram/scratch60/turk-browne/aa2842/scratch60/workdir/fmriprep_23_2_wf/sub_pixar003_wf/anat_fit_wf/brain_extraction_wf/atropos_wf/20_add_7_2".
240517-17:29:23,565 nipype.workflow INFO:
	 [Node] Executing "20_add_7_2" <nipype.interfaces.ants.utils.ImageMath>
240517-17:29:24,294 nipype.workflow INFO:
	 [Node] Finished "20_add_7_2", elapsed time 0.728614s.
240517-17:29:25,563 nipype.workflow INFO:
	 [Node] Setting-up "fmriprep_23_2_wf.sub_pixar003_wf.anat_fit_wf.brain_extraction_wf.atropos_wf.21_md_7_2" in "/gpfs/milgram/scratch60/turk-browne/aa2842/scratch60/workdir/fmriprep_23_2_wf/sub_pixar003_wf/anat_fit_wf/brain_extraction_wf/atropos_wf/21_md_7_2".
240517-17:29:25,567 nipype.workflow INFO:
	 [Node] Executing "21_md_7_2" <nipype.interfaces.ants.utils.ImageMath>
240517-17:29:26,371 nipype.workflow INFO:
	 [Node] Finished "21_md_7_2", elapsed time 0.803805s.
240517-17:29:27,565 nipype.workflow INFO:
	 [Node] Setting-up "fmriprep_23_2_wf.sub_pixar003_wf.anat_fit_wf.brain_extraction_wf.atropos_wf.22_me_7_2" in "/gpfs/milgram/scratch60/turk-browne/aa2842/scratch60/workdir/fmriprep_23_2_wf/sub_pixar003_wf/anat_fit_wf/brain_extraction_wf/atropos_wf/22_me_7_2".
240517-17:29:27,569 nipype.workflow INFO:
	 [Node] Executing "22_me_7_2" <nipype.interfaces.ants.utils.ImageMath>
240517-17:29:28,904 nipype.workflow INFO:
	 [Node] Finished "22_me_7_2", elapsed time 1.33518s.
240517-17:29:29,599 nipype.workflow INFO:
	 [Node] Setting-up "fmriprep_23_2_wf.sub_pixar003_wf.anat_fit_wf.brain_extraction_wf.atropos_wf.23_depad_mask" in "/gpfs/milgram/scratch60/turk-browne/aa2842/scratch60/workdir/fmriprep_23_2_wf/sub_pixar003_wf/anat_fit_wf/brain_extraction_wf/atropos_wf/23_depad_mask".
240517-17:29:29,602 nipype.workflow INFO:
	 [Node] Executing "23_depad_mask" <nipype.interfaces.ants.utils.ImageMath>
240517-17:29:29,982 nipype.workflow INFO:
	 [Node] Finished "23_depad_mask", elapsed time 0.379577s.
240517-17:29:31,569 nipype.workflow INFO:
	 [Node] Setting-up "fmriprep_23_2_wf.sub_pixar003_wf.anat_fit_wf.brain_extraction_wf.atropos_wf.msk_conform" in "/gpfs/milgram/scratch60/turk-browne/aa2842/scratch60/workdir/fmriprep_23_2_wf/sub_pixar003_wf/anat_fit_wf/brain_extraction_wf/atropos_wf/msk_conform".
240517-17:29:31,573 nipype.workflow INFO:
	 [Node] Executing "msk_conform" <nipype.interfaces.utility.wrappers.Function>
240517-17:29:31,699 nipype.workflow INFO:
	 [Node] Finished "msk_conform", elapsed time 0.125482s.
240517-17:29:36,660 nipype.workflow INFO:
	 [Node] Setting-up "_apply_mask0" in "/gpfs/milgram/scratch60/turk-browne/aa2842/scratch60/workdir/fmriprep_23_2_wf/sub_pixar003_wf/anat_fit_wf/brain_extraction_wf/atropos_wf/apply_mask/mapflow/_apply_mask0".
240517-17:29:36,663 nipype.workflow INFO:
	 [Node] Executing "_apply_mask0" <niworkflows.interfaces.nibabel.ApplyMask>
240517-17:29:37,48 nipype.workflow INFO:
	 [Node] Finished "_apply_mask0", elapsed time 0.384835s.
240517-17:29:38,551 nipype.interface WARNING:
	 Changing /gpfs/milgram/scratch60/turk-browne/aa2842/scratch60/derivatives/sub-pixar003/anat/sub-pixar003_desc-brain_mask.nii.gz dtype from int16 to uint8
240517-17:29:39,89 nipype.workflow INFO:
	 [Node] Setting-up "fmriprep_23_2_wf.sub_pixar003_wf.anat_fit_wf.register_template_wf.trunc_mov" in "/gpfs/milgram/scratch60/turk-browne/aa2842/scratch60/workdir/fmriprep_23_2_wf/sub_pixar003_wf/anat_fit_wf/register_template_wf/_template_MNI152Lin/trunc_mov".
240517-17:29:39,89 nipype.workflow INFO:
	 [Node] Setting-up "fmriprep_23_2_wf.sub_pixar003_wf.anat_fit_wf.register_template_wf.trunc_mov" in "/gpfs/milgram/scratch60/turk-browne/aa2842/scratch60/workdir/fmriprep_23_2_wf/sub_pixar003_wf/anat_fit_wf/register_template_wf/_template_MNI152NLin2009cAsym/trunc_mov".
240517-17:29:39,90 nipype.workflow INFO:
	 [Node] Setting-up "fmriprep_23_2_wf.sub_pixar003_wf.ds_std_volumes_wf.mask_t1w" in "/gpfs/milgram/scratch60/turk-browne/aa2842/scratch60/workdir/fmriprep_23_2_wf/sub_pixar003_wf/ds_std_volumes_wf/mask_t1w".
240517-17:29:39,91 nipype.workflow INFO:
	 [Node] Setting-up "fmriprep_23_2_wf.sub_pixar003_wf.bold_task_pixar_wf.bold_fit_wf.bold_reg_wf.fsl_bbr_wf.mask_t1w_brain" in "/gpfs/milgram/scratch60/turk-browne/aa2842/scratch60/workdir/fmriprep_23_2_wf/sub_pixar003_wf/bold_task_pixar_wf/bold_fit_wf/bold_reg_wf/fsl_bbr_wf/mask_t1w_brain".
240517-17:29:39,91 nipype.workflow INFO:
	 [Node] Setting-up "fmriprep_23_2_wf.sub_pixar003_wf.bold_task_pixar_wf.bold_anat_wf.gen_ref" in "/gpfs/milgram/scratch60/turk-browne/aa2842/scratch60/workdir/fmriprep_23_2_wf/sub_pixar003_wf/bold_task_pixar_wf/bold_anat_wf/gen_ref".
240517-17:29:39,93 nipype.workflow INFO:
	 [Node] Setting-up "fmriprep_23_2_wf.sub_pixar003_wf.ds_std_volumes_wf.gen_ref" in "/gpfs/milgram/scratch60/turk-browne/aa2842/scratch60/workdir/fmriprep_23_2_wf/sub_pixar003_wf/ds_std_volumes_wf/_in_tuple_MNI152Lin.resnative/gen_ref".
240517-17:29:39,94 nipype.workflow INFO:
	 [Node] Executing "trunc_mov" <nipype.interfaces.ants.utils.ImageMath>
240517-17:29:39,107 nipype.workflow INFO:
	 [Node] Executing "trunc_mov" <nipype.interfaces.ants.utils.ImageMath>
240517-17:29:39,109 nipype.workflow INFO:
	 [Node] Executing "mask_t1w" <niworkflows.interfaces.nibabel.ApplyMask>
240517-17:29:39,110 nipype.workflow INFO:
	 [Node] Executing "gen_ref" <niworkflows.interfaces.nibabel.GenerateSamplingReference>
240517-17:29:39,110 nipype.workflow INFO:
	 [Node] Executing "gen_ref" <niworkflows.interfaces.nibabel.GenerateSamplingReference>
240517-17:29:39,137 nipype.workflow INFO:
	 [Node] Setting-up "fmriprep_23_2_wf.sub_pixar003_wf.anat_fit_wf.fast" in "/gpfs/milgram/scratch60/turk-browne/aa2842/scratch60/workdir/fmriprep_23_2_wf/sub_pixar003_wf/anat_fit_wf/fast".
240517-17:29:39,145 nipype.workflow INFO:
	 [Node] Executing "fast" <nipype.interfaces.fsl.preprocess.FAST>
240517-17:29:39,536 nipype.workflow INFO:
	 [Node] Finished "mask_t1w", elapsed time 0.426269s.
240517-17:29:39,735 nipype.workflow INFO:
	 [Node] Executing "mask_t1w_brain" <niworkflows.interfaces.nibabel.ApplyMask>
240517-17:29:40,143 nipype.workflow INFO:
	 [Node] Finished "mask_t1w_brain", elapsed time 0.407114s.
240517-17:29:40,230 nipype.workflow INFO:
	 [Node] Finished "gen_ref", elapsed time 1.119734s.
240517-17:29:40,677 nipype.workflow INFO:
	 [Node] Finished "gen_ref", elapsed time 1.566718s.
240517-17:29:41,142 nipype.workflow INFO:
	 [Node] Setting-up "fmriprep_23_2_wf.sub_pixar003_wf.bold_task_pixar_wf.bold_fit_wf.bold_reg_wf.fsl_bbr_wf.mri_coreg" in "/gpfs/milgram/scratch60/turk-browne/aa2842/scratch60/workdir/fmriprep_23_2_wf/sub_pixar003_wf/bold_task_pixar_wf/bold_fit_wf/bold_reg_wf/fsl_bbr_wf/mri_coreg".
240517-17:29:41,147 nipype.workflow INFO:
	 [Node] Executing "mri_coreg" <nipype.interfaces.freesurfer.registration.MRICoreg>
240517-17:29:41,292 nipype.workflow INFO:
	 [Node] Finished "trunc_mov", elapsed time 2.197558s.
240517-17:29:41,302 nipype.workflow INFO:
	 [Node] Finished "trunc_mov", elapsed time 2.194237s.
240517-17:29:54,958 nipype.workflow INFO:
	 [Node] Finished "mri_coreg", elapsed time 13.809697s.
240517-17:29:55,117 nipype.workflow INFO:
	 [Node] Setting-up "fmriprep_23_2_wf.sub_pixar003_wf.anat_fit_wf.register_template_wf.registration" in "/gpfs/milgram/scratch60/turk-browne/aa2842/scratch60/workdir/fmriprep_23_2_wf/sub_pixar003_wf/anat_fit_wf/register_template_wf/_template_MNI152Lin/registration".
exception calling callback for <Future at 0x14e735efae60 state=finished raised FileNotFoundError>
concurrent.futures.process._RemoteTraceback: 
"""
Traceback (most recent call last):
  File "/opt/conda/envs/fmriprep/lib/python3.10/site-packages/nipype/interfaces/base/traits_extension.py", line 129, in validate
    value = Path(value)  # Use pathlib's validation
  File "/opt/conda/envs/fmriprep/lib/python3.10/pathlib.py", line 960, in __new__
    self = cls._from_parts(args)
  File "/opt/conda/envs/fmriprep/lib/python3.10/pathlib.py", line 594, in _from_parts
    drv, root, parts = self._parse_args(args)
  File "/opt/conda/envs/fmriprep/lib/python3.10/pathlib.py", line 578, in _parse_args
    a = os.fspath(a)
TypeError: expected str, bytes or os.PathLike object, not list

During handling of the above exception, another exception occurred:

Traceback (most recent call last):
  File "/opt/conda/envs/fmriprep/lib/python3.10/site-packages/nipype/pipeline/plugins/multiproc.py", line 67, in run_node
    result["result"] = node.run(updatehash=updatehash)
  File "/opt/conda/envs/fmriprep/lib/python3.10/site-packages/nipype/pipeline/engine/nodes.py", line 497, in run
    self._get_hashval()
  File "/opt/conda/envs/fmriprep/lib/python3.10/site-packages/nipype/pipeline/engine/nodes.py", line 548, in _get_hashval
    self._get_inputs()
  File "/opt/conda/envs/fmriprep/lib/python3.10/site-packages/nipype/pipeline/engine/nodes.py", line 619, in _get_inputs
    self.set_input(key, deepcopy(output_value))
  File "/opt/conda/envs/fmriprep/lib/python3.10/site-packages/nipype/pipeline/engine/nodes.py", line 312, in set_input
    setattr(self.inputs, parameter, deepcopy(val))
  File "/opt/conda/envs/fmriprep/lib/python3.10/site-packages/nipype/interfaces/base/traits_extension.py", line 330, in validate
    value = super(File, self).validate(objekt, name, value, return_pathlike=True)
  File "/opt/conda/envs/fmriprep/lib/python3.10/site-packages/nipype/interfaces/base/traits_extension.py", line 131, in validate
    self.error(objekt, name, str(value))
  File "/opt/conda/envs/fmriprep/lib/python3.10/site-packages/traits/base_trait_handler.py", line 74, in error
    raise TraitError(
traits.trait_errors.TraitError: The 'lesion_mask' trait of a _SpatialNormalizationInputSpec instance must be a pathlike object or string representing an existing file, but a value of "['/gpfs/milgram/data/PartlyCloudy/preprocessed/fmriprep/sub-pixar003/anat/sub-pixar003_T1w_label-aparcaseg_roi.nii.gz', '/gpfs/milgram/data/PartlyCloudy/preprocessed/fmriprep/sub-pixar003/anat/sub-pixar003_T1w_label-aseg_roi.nii.gz', '/gpfs/milgram/data/PartlyCloudy/preprocessed_data/fmriprep/sub-pixar003/anat/sub-pixar003_T1w_label-aparcaseg_roi.nii.gz', '/gpfs/milgram/data/PartlyCloudy/preprocessed_data/fmriprep/sub-pixar003/anat/sub-pixar003_T1w_label-aseg_roi.nii.gz']" <class 'str'> was specified.

Error setting node input:
Node: registration
input: lesion_mask
results_file: /gpfs/milgram/scratch60/turk-browne/aa2842/scratch60/workdir/fmriprep_23_2_wf/sub_pixar003_wf/bidssrc/result_bidssrc.pklz
value: ['/gpfs/milgram/data/PartlyCloudy/preprocessed/fmriprep/sub-pixar003/anat/sub-pixar003_T1w_label-aparcaseg_roi.nii.gz', '/gpfs/milgram/data/PartlyCloudy/preprocessed/fmriprep/sub-pixar003/anat/sub-pixar003_T1w_label-aseg_roi.nii.gz', '/gpfs/milgram/data/PartlyCloudy/preprocessed_data/fmriprep/sub-pixar003/anat/sub-pixar003_T1w_label-aparcaseg_roi.nii.gz', '/gpfs/milgram/data/PartlyCloudy/preprocessed_data/fmriprep/sub-pixar003/anat/sub-pixar003_T1w_label-aseg_roi.nii.gz']

During handling of the above exception, another exception occurred:

Traceback (most recent call last):
  File "/opt/conda/envs/fmriprep/lib/python3.10/concurrent/futures/process.py", line 246, in _process_worker
    r = call_item.fn(*call_item.args, **call_item.kwargs)
  File "/opt/conda/envs/fmriprep/lib/python3.10/site-packages/nipype/pipeline/plugins/multiproc.py", line 70, in run_node
    result["result"] = node.result
  File "/opt/conda/envs/fmriprep/lib/python3.10/site-packages/nipype/pipeline/engine/nodes.py", line 223, in result
    return _load_resultfile(
  File "/opt/conda/envs/fmriprep/lib/python3.10/site-packages/nipype/pipeline/engine/utils.py", line 291, in load_resultfile
    raise FileNotFoundError(results_file)
FileNotFoundError: /gpfs/milgram/scratch60/turk-browne/aa2842/scratch60/workdir/fmriprep_23_2_wf/sub_pixar003_wf/anat_fit_wf/register_template_wf/_template_MNI152Lin/registration/result_registration.pklz
"""

The above exception was the direct cause of the following exception:

Traceback (most recent call last):
  File "/opt/conda/envs/fmriprep/lib/python3.10/concurrent/futures/_base.py", line 342, in _invoke_callbacks
    callback(self)
  File "/opt/conda/envs/fmriprep/lib/python3.10/site-packages/nipype/pipeline/plugins/multiproc.py", line 159, in _async_callback
    result = args.result()
  File "/opt/conda/envs/fmriprep/lib/python3.10/concurrent/futures/_base.py", line 451, in result
    return self.__get_result()
  File "/opt/conda/envs/fmriprep/lib/python3.10/concurrent/futures/_base.py", line 403, in __get_result
    raise self._exception
FileNotFoundError: /gpfs/milgram/scratch60/turk-browne/aa2842/scratch60/workdir/fmriprep_23_2_wf/sub_pixar003_wf/anat_fit_wf/register_template_wf/_template_MNI152Lin/registration/result_registration.pklz
240517-17:29:55,706 nipype.workflow INFO:
	 [Node] Setting-up "fmriprep_23_2_wf.sub_pixar003_wf.bold_task_pixar_wf.bold_fit_wf.bold_reg_wf.fsl_bbr_wf.lta_to_fsl" in "/gpfs/milgram/scratch60/turk-browne/aa2842/scratch60/workdir/fmriprep_23_2_wf/sub_pixar003_wf/bold_task_pixar_wf/bold_fit_wf/bold_reg_wf/fsl_bbr_wf/lta_to_fsl".
240517-17:29:55,709 nipype.workflow INFO:
	 [Node] Executing "lta_to_fsl" <niworkflows.interfaces.freesurfer.PatchedLTAConvert>
240517-17:29:55,918 nipype.workflow INFO:
	 [Node] Finished "lta_to_fsl", elapsed time 0.208205s.
240517-17:30:35,311 nipype.workflow INFO:
	 [Node] Finished "fast", elapsed time 56.165031s.
240517-17:30:37,157 nipype.workflow INFO:
	 [Node] Setting-up "fmriprep_23_2_wf.sub_pixar003_wf.anat_fit_wf.register_template_wf.registration" in "/gpfs/milgram/scratch60/turk-browne/aa2842/scratch60/workdir/fmriprep_23_2_wf/sub_pixar003_wf/anat_fit_wf/register_template_wf/_template_MNI152NLin2009cAsym/registration".
exception calling callback for <Future at 0x14e735efb5e0 state=finished raised FileNotFoundError>
concurrent.futures.process._RemoteTraceback: 
"""
Traceback (most recent call last):
  File "/opt/conda/envs/fmriprep/lib/python3.10/site-packages/nipype/interfaces/base/traits_extension.py", line 129, in validate
    value = Path(value)  # Use pathlib's validation
  File "/opt/conda/envs/fmriprep/lib/python3.10/pathlib.py", line 960, in __new__
    self = cls._from_parts(args)
  File "/opt/conda/envs/fmriprep/lib/python3.10/pathlib.py", line 594, in _from_parts
    drv, root, parts = self._parse_args(args)
  File "/opt/conda/envs/fmriprep/lib/python3.10/pathlib.py", line 578, in _parse_args
    a = os.fspath(a)
TypeError: expected str, bytes or os.PathLike object, not list

During handling of the above exception, another exception occurred:

Traceback (most recent call last):
  File "/opt/conda/envs/fmriprep/lib/python3.10/site-packages/nipype/pipeline/plugins/multiproc.py", line 67, in run_node
    result["result"] = node.run(updatehash=updatehash)
  File "/opt/conda/envs/fmriprep/lib/python3.10/site-packages/nipype/pipeline/engine/nodes.py", line 497, in run
    self._get_hashval()
  File "/opt/conda/envs/fmriprep/lib/python3.10/site-packages/nipype/pipeline/engine/nodes.py", line 548, in _get_hashval
    self._get_inputs()
  File "/opt/conda/envs/fmriprep/lib/python3.10/site-packages/nipype/pipeline/engine/nodes.py", line 619, in _get_inputs
    self.set_input(key, deepcopy(output_value))
  File "/opt/conda/envs/fmriprep/lib/python3.10/site-packages/nipype/pipeline/engine/nodes.py", line 312, in set_input
    setattr(self.inputs, parameter, deepcopy(val))
  File "/opt/conda/envs/fmriprep/lib/python3.10/site-packages/nipype/interfaces/base/traits_extension.py", line 330, in validate
    value = super(File, self).validate(objekt, name, value, return_pathlike=True)
  File "/opt/conda/envs/fmriprep/lib/python3.10/site-packages/nipype/interfaces/base/traits_extension.py", line 131, in validate
    self.error(objekt, name, str(value))
  File "/opt/conda/envs/fmriprep/lib/python3.10/site-packages/traits/base_trait_handler.py", line 74, in error
    raise TraitError(
traits.trait_errors.TraitError: The 'lesion_mask' trait of a _SpatialNormalizationInputSpec instance must be a pathlike object or string representing an existing file, but a value of "['/gpfs/milgram/data/PartlyCloudy/preprocessed/fmriprep/sub-pixar003/anat/sub-pixar003_T1w_label-aparcaseg_roi.nii.gz', '/gpfs/milgram/data/PartlyCloudy/preprocessed/fmriprep/sub-pixar003/anat/sub-pixar003_T1w_label-aseg_roi.nii.gz', '/gpfs/milgram/data/PartlyCloudy/preprocessed_data/fmriprep/sub-pixar003/anat/sub-pixar003_T1w_label-aparcaseg_roi.nii.gz', '/gpfs/milgram/data/PartlyCloudy/preprocessed_data/fmriprep/sub-pixar003/anat/sub-pixar003_T1w_label-aseg_roi.nii.gz']" <class 'str'> was specified.

Error setting node input:
Node: registration
input: lesion_mask
results_file: /gpfs/milgram/scratch60/turk-browne/aa2842/scratch60/workdir/fmriprep_23_2_wf/sub_pixar003_wf/bidssrc/result_bidssrc.pklz
value: ['/gpfs/milgram/data/PartlyCloudy/preprocessed/fmriprep/sub-pixar003/anat/sub-pixar003_T1w_label-aparcaseg_roi.nii.gz', '/gpfs/milgram/data/PartlyCloudy/preprocessed/fmriprep/sub-pixar003/anat/sub-pixar003_T1w_label-aseg_roi.nii.gz', '/gpfs/milgram/data/PartlyCloudy/preprocessed_data/fmriprep/sub-pixar003/anat/sub-pixar003_T1w_label-aparcaseg_roi.nii.gz', '/gpfs/milgram/data/PartlyCloudy/preprocessed_data/fmriprep/sub-pixar003/anat/sub-pixar003_T1w_label-aseg_roi.nii.gz']

During handling of the above exception, another exception occurred:

Traceback (most recent call last):
  File "/opt/conda/envs/fmriprep/lib/python3.10/concurrent/futures/process.py", line 246, in _process_worker
    r = call_item.fn(*call_item.args, **call_item.kwargs)
  File "/opt/conda/envs/fmriprep/lib/python3.10/site-packages/nipype/pipeline/plugins/multiproc.py", line 70, in run_node
    result["result"] = node.result
  File "/opt/conda/envs/fmriprep/lib/python3.10/site-packages/nipype/pipeline/engine/nodes.py", line 223, in result
    return _load_resultfile(
  File "/opt/conda/envs/fmriprep/lib/python3.10/site-packages/nipype/pipeline/engine/utils.py", line 291, in load_resultfile
    raise FileNotFoundError(results_file)
FileNotFoundError: /gpfs/milgram/scratch60/turk-browne/aa2842/scratch60/workdir/fmriprep_23_2_wf/sub_pixar003_wf/anat_fit_wf/register_template_wf/_template_MNI152NLin2009cAsym/registration/result_registration.pklz
"""

The above exception was the direct cause of the following exception:

Traceback (most recent call last):
  File "/opt/conda/envs/fmriprep/lib/python3.10/concurrent/futures/_base.py", line 342, in _invoke_callbacks
    callback(self)
  File "/opt/conda/envs/fmriprep/lib/python3.10/site-packages/nipype/pipeline/plugins/multiproc.py", line 159, in _async_callback
    result = args.result()
  File "/opt/conda/envs/fmriprep/lib/python3.10/concurrent/futures/_base.py", line 451, in result
    return self.__get_result()
  File "/opt/conda/envs/fmriprep/lib/python3.10/concurrent/futures/_base.py", line 403, in __get_result
    raise self._exception
FileNotFoundError: /gpfs/milgram/scratch60/turk-browne/aa2842/scratch60/workdir/fmriprep_23_2_wf/sub_pixar003_wf/anat_fit_wf/register_template_wf/_template_MNI152NLin2009cAsym/registration/result_registration.pklz
slurmstepd: error: *** JOB 26953450 ON r811u32n01 CANCELLED AT 2024-05-20T15:30:35 ***
